<?xml version="1.0" encoding="UTF-8"?>
<testsuites name="NACAC" time="1554.567" tests="16" failures="2" errors="0">
   <testsuite name="NACAC" tests="16" failures="2" errors="0" time="1554.567" timestamp="2020-10-12 04:19:35" hostname="DELL - 192.168.1.4" id="Test Suites/NACAC">
      <properties>
         <property name="deviceName" value=""/>
         <property name="devicePlatform" value=""/>
         <property name="logFolder" value="E:\\CopyOfVisitDaysTests\\Reports\\20201012_041931\\NACAC\\20201012_041931"/>
         <property name="logFiles" value="E:\\CopyOfVisitDaysTests\\Reports\\20201012_041931\\NACAC\\20201012_041931\\execution0.log"/>
         <property name="attachments" value="E:\\CopyOfVisitDaysTests\\Reports\\20201012_041931\\NACAC\\20201012_041931\\1602491006603.png, E:\\CopyOfVisitDaysTests\\Reports\\20201012_041931\\NACAC\\20201012_041931\\1602491040301.png, E:\CopyOfVisitDaysTests\Reports\20201012_041931\NACAC\20201012_041931/videos\test_4.mov, E:\\CopyOfVisitDaysTests\\Reports\\20201012_041931\\NACAC\\20201012_041931\\1602491121634.png, E:\\CopyOfVisitDaysTests\\Reports\\20201012_041931\\NACAC\\20201012_041931\\1602491128310.png, E:\\CopyOfVisitDaysTests\\Reports\\20201012_041931\\NACAC\\20201012_041931\\1602491172845.png, E:\\CopyOfVisitDaysTests\\Reports\\20201012_041931\\NACAC\\20201012_041931\\1602491232775.png, E:\\CopyOfVisitDaysTests\\Reports\\20201012_041931\\NACAC\\20201012_041931\\1602491239468.png, E:\\CopyOfVisitDaysTests\\Reports\\20201012_041931\\NACAC\\20201012_041931\\1602491352185.png, E:\\CopyOfVisitDaysTests\\Reports\\20201012_041931\\NACAC\\20201012_041931\\1602491359029.png, E:\\CopyOfVisitDaysTests\\Reports\\20201012_041931\\NACAC\\20201012_041931\\1602491410762.png, E:\\CopyOfVisitDaysTests\\Reports\\20201012_041931\\NACAC\\20201012_041931\\1602491469147.png, E:\\CopyOfVisitDaysTests\\Reports\\20201012_041931\\NACAC\\20201012_041931\\1602491475918.png, E:\\CopyOfVisitDaysTests\\Reports\\20201012_041931\\NACAC\\20201012_041931\\1602491559399.png, E:\\CopyOfVisitDaysTests\\Reports\\20201012_041931\\NACAC\\20201012_041931\\1602491623666.png, E:\\CopyOfVisitDaysTests\\Reports\\20201012_041931\\NACAC\\20201012_041931\\1602491630562.png, E:\\CopyOfVisitDaysTests\\Reports\\20201012_041931\\NACAC\\20201012_041931\\1602491746442.png, E:\\CopyOfVisitDaysTests\\Reports\\20201012_041931\\NACAC\\20201012_041931\\1602491752981.png, E:\\CopyOfVisitDaysTests\\Reports\\20201012_041931\\NACAC\\20201012_041931\\1602491860343.png, E:\\CopyOfVisitDaysTests\\Reports\\20201012_041931\\NACAC\\20201012_041931\\1602491867101.png, E:\\CopyOfVisitDaysTests\\Reports\\20201012_041931\\NACAC\\20201012_041931\\1602491978590.png, E:\\CopyOfVisitDaysTests\\Reports\\20201012_041931\\NACAC\\20201012_041931\\1602491985173.png, E:\\CopyOfVisitDaysTests\\Reports\\20201012_041931\\NACAC\\20201012_041931\\1602492090894.png, E:\\CopyOfVisitDaysTests\\Reports\\20201012_041931\\NACAC\\20201012_041931\\1602492097678.png, E:\\CopyOfVisitDaysTests\\Reports\\20201012_041931\\NACAC\\20201012_041931\\1602492137477.png, E:\\CopyOfVisitDaysTests\\Reports\\20201012_041931\\NACAC\\20201012_041931\\1602492206745.png, E:\\CopyOfVisitDaysTests\\Reports\\20201012_041931\\NACAC\\20201012_041931\\1602492239644.png, E:\\CopyOfVisitDaysTests\\Reports\\20201012_041931\\NACAC\\20201012_041931\\1602492271203.png, E:\CopyOfVisitDaysTests\Reports\20201012_041931\NACAC\20201012_041931/videos\test_15.mov"/>
         <property name="hostName" value="DELL - 192.168.1.4"/>
         <property name="os" value="Windows 10 64bit"/>
         <property name="katalonVersion" value="7.7.2.205"/>
         <property name="browser" value="Chrome 86.0.4240.75"/>
         <property name="hostAddress" value="192.168.1.4"/>
         <property name="sessionId" value="cf586ebb1b7afc00eec24fef51204a0f"/>
         <property name="seleniumVersion" value="3.141.59"/>
         <property name="proxyInformation" value="ProxyInformation { proxyOption=NO_PROXY, proxyServerType=HTTP, username=, password=********, proxyServerAddress=, proxyServerPort=0, executionList=&quot;&quot;, isApplyToDesiredCapabilities=true }"/>
         <property name="platform" value="Windows 10"/>
      </properties>
      <testcase name="Test Cases/Login and Logout/LoginAsSchoolAdmin" time="25.316" classname="Test Cases/Login and Logout/LoginAsSchoolAdmin" status="PASSED">
         <system-out><![CDATA[2020-10-12 04:19:35 - [TEST_CASE][PASSED] - Test Cases/Login and Logout/LoginAsSchoolAdmin: Test Cases/Login and Logout/LoginAsSchoolAdmin

2020-10-12 04:19:36 - [TEST_STEP][PASSED] - com.CommonUtilities.LoginAsDifferentUserPermissions.LoginAsSchoolAdmin(): com.CommonUtilities.LoginAsDifferentUserPermissions.LoginAsSchoolAdmin is PASSED

2020-10-12 04:19:36 - [MESSAGE][INFO] - Starting 'Chrome' driver

2020-10-12 04:19:36 - [MESSAGE][INFO] - Action delay is set to 0 milliseconds

2020-10-12 04:19:42 - [MESSAGE][PASSED] - Browser is opened with url: ''

2020-10-12 04:19:44 - [MESSAGE][PASSED] - Current window maximized

2020-10-12 04:19:47 - [MESSAGE][PASSED] - Navigate to 'https://charizard-admin.visitdays.com/' successfully

2020-10-12 04:19:50 - [MESSAGE][PASSED] - Keys 'test.user1@qualitlabs.com' sent to object: 'Object Repository/LoginPage/EmailTextBox'

2020-10-12 04:19:52 - [MESSAGE][PASSED] - Keys 'Kishore1234' sent to object: 'Object Repository/LoginPage/PasswordTextBox'

2020-10-12 04:19:52 - [MESSAGE][PASSED] - Object: 'Object Repository/LoginPage/SignInButton' is clicked on

2020-10-12 04:19:52 - [MESSAGE][WARNING] - Timeout '0' is invalid. Using default page load timeout: '30'

2020-10-12 04:19:58 - [MESSAGE][PASSED] - Object 'Object Repository/HomePageElements/ProfileAvatar' is present

2020-10-12 04:19:58 - [MESSAGE][PASSED] - Object: 'Object Repository/HomePageElements/SchoolProdoutNav' is clicked on

2020-10-12 04:19:58 - [MESSAGE][PASSED] - com.CommonUtilities.LoginAsDifferentUserPermissions.LoginAsSchoolAdmin is PASSED]]></system-out>
         <system-err><![CDATA[]]></system-err>
      </testcase>
      <testcase name="Test Cases/Conventions/Create new Convention" time="138.182" classname="Test Cases/Conventions/Create new Convention" status="PASSED">
         <system-out><![CDATA[2020-10-12 04:20:00 - [TEST_CASE][PASSED] - Test Cases/Conventions/Create new Convention: Test Cases/Conventions/Create new Convention

2020-10-12 04:20:00 - [TEST_STEP][PASSED] - com.CommonUtilities.GetInstitutionName.getInstitutionNameFromAdminApp(): com.CommonUtilities.GetInstitutionName.getInstitutionNameFromAdminApp is PASSED

2020-10-12 04:20:01 - [MESSAGE][PASSED] - Navigate to 'https://charizard-admin.visitdays.com/' successfully

2020-10-12 04:20:02 - [MESSAGE][WARNING] - Timeout '0' is invalid. Using default page load timeout: '30'

2020-10-12 04:20:02 - [MESSAGE][PASSED] - Wait for page load successfully

2020-10-12 04:20:05 - [MESSAGE][PASSED] - Text of object 'Object Repository/ConventionsPageAdmin/SelectInstitutionName' is: 'BB Testing
swap_horiz'

2020-10-12 04:20:05 - [MESSAGE][PASSED] - com.CommonUtilities.GetInstitutionName.getInstitutionNameFromAdminApp is PASSED

2020-10-12 04:20:05 - [TEST_STEP][PASSED] - click(findTestObject("Object Repository/HomePageElements/PersonIcon")): Object: 'Object Repository/HomePageElements/PersonIcon' is clicked on

2020-10-12 04:20:05 - [MESSAGE][PASSED] - Object: 'Object Repository/HomePageElements/PersonIcon' is clicked on

2020-10-12 04:20:05 - [TEST_STEP][PASSED] - click(findTestObject("Object Repository/HomePageElements/NacacConventionslink")): Object: 'Object Repository/HomePageElements/NacacConventionslink' is clicked on

2020-10-12 04:20:06 - [MESSAGE][PASSED] - Object: 'Object Repository/HomePageElements/NacacConventionslink' is clicked on

2020-10-12 04:20:06 - [TEST_STEP][PASSED] - click(findTestObject("Object Repository/ConventionsPageAdmin/Conventionsleftnav")): Object: 'Object Repository/ConventionsPageAdmin/Conventionsleftnav' is clicked on

2020-10-12 04:20:13 - [MESSAGE][PASSED] - Object: 'Object Repository/ConventionsPageAdmin/Conventionsleftnav' is clicked on

2020-10-12 04:20:13 - [TEST_STEP][PASSED] - click(findTestObject("Object Repository/ConventionsPageAdmin/CreateButtonInLiveSessions")): Object: 'Object Repository/ConventionsPageAdmin/CreateButtonInLiveSessions' is clicked on

2020-10-12 04:20:14 - [MESSAGE][PASSED] - Object: 'Object Repository/ConventionsPageAdmin/CreateButtonInLiveSessions' is clicked on

2020-10-12 04:20:14 - [TEST_STEP][PASSED] - waitForPageLoad(5): Wait for page load successfully

2020-10-12 04:20:14 - [MESSAGE][PASSED] - Wait for page load successfully

2020-10-12 04:20:14 - [TEST_STEP][PASSED] - if (verifyElementPresent(findTestObject("Object Repository/ConventionsPageAdmin/ConventionCardInLiveSessioncreation"), 0, OPTIONAL)): null

2020-10-12 04:20:14 - [MESSAGE][WARNING] - Timeout '0' is invalid. Using default page load timeout: '30'

2020-10-12 04:20:16 - [MESSAGE][PASSED] - Object 'Object Repository/ConventionsPageAdmin/ConventionCardInLiveSessioncreation' is present

2020-10-12 04:20:16 - [TEST_STEP][PASSED] - ConventionName = getText(findTestObject("Object Repository/ConventionsPageAdmin/getNameOfFirstConvention")): Text of object 'Object Repository/ConventionsPageAdmin/getNameOfFirstConvention' is: 'June In Progress Demo'

2020-10-12 04:20:16 - [MESSAGE][PASSED] - Text of object 'Object Repository/ConventionsPageAdmin/getNameOfFirstConvention' is: 'June In Progress Demo'

2020-10-12 04:20:16 - [TEST_STEP][PASSED] - navigateToUrl(SelfServeUrl): Navigate to 'http://vd-api-staging-charizard.herokuapp.com/web/' successfully

2020-10-12 04:20:19 - [MESSAGE][PASSED] - Navigate to 'http://vd-api-staging-charizard.herokuapp.com/web/' successfully

2020-10-12 04:20:19 - [TEST_STEP][PASSED] - waitForPageLoad(0): Wait for page load successfully

2020-10-12 04:20:19 - [MESSAGE][WARNING] - Timeout '0' is invalid. Using default page load timeout: '30'

2020-10-12 04:20:19 - [MESSAGE][PASSED] - Wait for page load successfully

2020-10-12 04:20:19 - [TEST_STEP][PASSED] - sendKeys(findTestObject("Object Repository/Self serve objects/EmailTextBox"), "test.user1@qualitlabs.com"): Keys 'test.user1@qualitlabs.com' sent to object: 'Object Repository/Self serve objects/EmailTextBox'

2020-10-12 04:20:40 - [MESSAGE][PASSED] - Keys 'test.user1@qualitlabs.com' sent to object: 'Object Repository/Self serve objects/EmailTextBox'

2020-10-12 04:20:40 - [TEST_STEP][PASSED] - setEncryptedText(findTestObject("Object Repository/Self serve objects/PasswordTextField"), "vGm4WD5Mwh5DcgtLXIeBlg=="): Text ****** has been set on object 'Object Repository/Self serve objects/PasswordTextField'

2020-10-12 04:20:40 - [MESSAGE][PASSED] - Text ****** has been set on object 'Object Repository/Self serve objects/PasswordTextField'

2020-10-12 04:20:40 - [TEST_STEP][PASSED] - click(findTestObject("Object Repository/Self serve objects/LoginButton")): Object: 'Object Repository/Self serve objects/LoginButton' is clicked on

2020-10-12 04:21:08 - [MESSAGE][PASSED] - Object: 'Object Repository/Self serve objects/LoginButton' is clicked on

2020-10-12 04:21:08 - [TEST_STEP][PASSED] - waitForElementPresent(findTestObject("Object Repository/Self serve objects/HomeInTopNav"), 0): Object 'Object Repository/Self serve objects/HomeInTopNav' is present

2020-10-12 04:21:08 - [MESSAGE][WARNING] - Timeout '0' is invalid. Using default page load timeout: '30'

2020-10-12 04:21:08 - [MESSAGE][PASSED] - Object 'Object Repository/Self serve objects/HomeInTopNav' is present

2020-10-12 04:21:08 - [TEST_STEP][PASSED] - navigateToUrl(SelfServeUrl + "convention_providers"): Navigate to 'http://vd-api-staging-charizard.herokuapp.com/web/convention_providers' successfully

2020-10-12 04:21:22 - [MESSAGE][PASSED] - Navigate to 'http://vd-api-staging-charizard.herokuapp.com/web/convention_providers' successfully

2020-10-12 04:21:22 - [TEST_STEP][PASSED] - click(findTestObject("Object Repository/Self serve objects/ShowDetailsOfConventionsProvider", ["StudentUrlCheck":StudentUrlCheck])): Object: 'Object Repository/Self serve objects/ShowDetailsOfConventionsProvider' is clicked on

2020-10-12 04:21:29 - [MESSAGE][PASSED] - Object: 'Object Repository/Self serve objects/ShowDetailsOfConventionsProvider' is clicked on

2020-10-12 04:21:29 - [TEST_STEP][PASSED] - waitForElementPresent(findTestObject("Object Repository/Self serve objects/ConventionsButtonOnTopNav"), 0): Object 'Object Repository/Self serve objects/ConventionsButtonOnTopNav' is present

2020-10-12 04:21:29 - [MESSAGE][WARNING] - Timeout '0' is invalid. Using default page load timeout: '30'

2020-10-12 04:21:30 - [MESSAGE][PASSED] - Object 'Object Repository/Self serve objects/ConventionsButtonOnTopNav' is present

2020-10-12 04:21:30 - [TEST_STEP][PASSED] - click(findTestObject("Object Repository/Self serve objects/ConventionsButtonOnTopNav")): Object: 'Object Repository/Self serve objects/ConventionsButtonOnTopNav' is clicked on

2020-10-12 04:21:42 - [MESSAGE][PASSED] - Object: 'Object Repository/Self serve objects/ConventionsButtonOnTopNav' is clicked on

2020-10-12 04:21:42 - [TEST_STEP][PASSED] - waitForElementPresent(findTestObject("Object Repository/Self serve objects/ConventionsButtonOnTopNav"), 0): Object 'Object Repository/Self serve objects/ConventionsButtonOnTopNav' is present

2020-10-12 04:21:42 - [MESSAGE][WARNING] - Timeout '0' is invalid. Using default page load timeout: '30'

2020-10-12 04:21:43 - [MESSAGE][PASSED] - Object 'Object Repository/Self serve objects/ConventionsButtonOnTopNav' is present

2020-10-12 04:21:43 - [TEST_STEP][PASSED] - click(findTestObject("Object Repository/Self serve objects/ConventionsButtonOnTopNav")): Object: 'Object Repository/Self serve objects/ConventionsButtonOnTopNav' is clicked on

2020-10-12 04:21:47 - [MESSAGE][PASSED] - Object: 'Object Repository/Self serve objects/ConventionsButtonOnTopNav' is clicked on

2020-10-12 04:21:47 - [TEST_STEP][PASSED] - click(findTestObject("Object Repository/Self serve objects/EditConventionButtonInConventionspage", ["ConventionName":ConventionName])): Object: 'Object Repository/Self serve objects/EditConventionButtonInConventionspage' is clicked on

2020-10-12 04:22:07 - [MESSAGE][PASSED] - Object: 'Object Repository/Self serve objects/EditConventionButtonInConventionspage' is clicked on

2020-10-12 04:22:07 - [TEST_STEP][PASSED] - click(findTestObject("Object Repository/Self serve objects/ClickEndYear")): Object: 'Object Repository/Self serve objects/ClickEndYear' is clicked on

2020-10-12 04:22:08 - [MESSAGE][PASSED] - Object: 'Object Repository/Self serve objects/ClickEndYear' is clicked on

2020-10-12 04:22:08 - [TEST_STEP][PASSED] - yearstring = getText(findTestObject("Object Repository/Self serve objects/GetYearFromEndYearDropdown")): Text of object 'Object Repository/Self serve objects/GetYearFromEndYearDropdown' is: '2022'

2020-10-12 04:22:08 - [MESSAGE][PASSED] - Text of object 'Object Repository/Self serve objects/GetYearFromEndYearDropdown' is: '2022'

2020-10-12 04:22:08 - [TEST_STEP][PASSED] - year = Integer.parseInt(yearstring): null

2020-10-12 04:22:08 - [TEST_STEP][PASSED] - nextYear = year + 1: null

2020-10-12 04:22:08 - [TEST_STEP][PASSED] - click(findTestObject("Object Repository/Self serve objects/SelectEndyear", ["EndYear":nextYear])): Object: 'Object Repository/Self serve objects/SelectEndyear' is clicked on

2020-10-12 04:22:09 - [MESSAGE][PASSED] - Object: 'Object Repository/Self serve objects/SelectEndyear' is clicked on

2020-10-12 04:22:09 - [TEST_STEP][PASSED] - sendKeys(findTestObject("Object Repository/Self serve objects/MaxSessionsInput"), "1000"): Keys '1000' sent to object: 'Object Repository/Self serve objects/MaxSessionsInput'

2020-10-12 04:22:09 - [MESSAGE][PASSED] - Keys '1000' sent to object: 'Object Repository/Self serve objects/MaxSessionsInput'

2020-10-12 04:22:09 - [TEST_STEP][PASSED] - sendKeys(findTestObject("Object Repository/Self serve objects/SessionDurationMinutes"), Keys.chord(CONTROL, "a")): Keys 'CONTROL + a' sent to object: 'Object Repository/Self serve objects/SessionDurationMinutes'

2020-10-12 04:22:10 - [MESSAGE][PASSED] - Keys 'CONTROL + a' sent to object: 'Object Repository/Self serve objects/SessionDurationMinutes'

2020-10-12 04:22:10 - [TEST_STEP][PASSED] - sendKeys(findTestObject("Object Repository/Self serve objects/SessionDurationMinutes"), Keys.chord(BACK_SPACE)): Keys 'BACK_SPACE + ' sent to object: 'Object Repository/Self serve objects/SessionDurationMinutes'

2020-10-12 04:22:10 - [MESSAGE][PASSED] - Keys 'BACK_SPACE + ' sent to object: 'Object Repository/Self serve objects/SessionDurationMinutes'

2020-10-12 04:22:10 - [TEST_STEP][PASSED] - click(findTestObject("Object Repository/Self serve objects/UpdateConvention")): Object: 'Object Repository/Self serve objects/UpdateConvention' is clicked on

2020-10-12 04:22:11 - [MESSAGE][PASSED] - Object: 'Object Repository/Self serve objects/UpdateConvention' is clicked on

2020-10-12 04:22:11 - [TEST_STEP][PASSED] - delay(5): Delayed 5 second(s)

2020-10-12 04:22:16 - [MESSAGE][PASSED] - Delayed 5 second(s)]]></system-out>
         <system-err><![CDATA[]]></system-err>
      </testcase>
      <testcase name="Test Cases/Conventions/Login to Nacac sstudent app" time="12.875" classname="Test Cases/Conventions/Login to Nacac sstudent app" status="PASSED">
         <system-out><![CDATA[2020-10-12 04:22:18 - [TEST_CASE][PASSED] - Test Cases/Conventions/Login to Nacac sstudent app: Test Cases/Conventions/Login to Nacac sstudent app

2020-10-12 04:22:19 - [TEST_STEP][PASSED] - com.CommonUtilities.LoginAsDifferentUserPermissions.LoginToNacacStudentAppAsStudent(): com.CommonUtilities.LoginAsDifferentUserPermissions.LoginToNacacStudentAppAsStudent is PASSED

2020-10-12 04:22:20 - [MESSAGE][PASSED] - Navigate to 'https://nacac-charizard.visitdays.vercel.app/login/' successfully

2020-10-12 04:22:23 - [MESSAGE][PASSED] - Keys 'gowtham.test1@qualitlabs.com' sent to object: 'Object Repository/NacacStudentApp/SignUpPage/EmailTextField'

2020-10-12 04:22:24 - [MESSAGE][PASSED] - Keys 'Gowtham143.' sent to object: 'Object Repository/NacacStudentApp/SignUpPage/PasswordTextField'

2020-10-12 04:22:24 - [MESSAGE][PASSED] - Object: 'Object Repository/NacacStudentApp/HomePageElements/LoginButton' is clicked on

2020-10-12 04:22:24 - [MESSAGE][PASSED] - Wait for page load successfully

2020-10-12 04:22:29 - [MESSAGE][PASSED] - Delayed 5 second(s)

2020-10-12 04:22:29 - [MESSAGE][PASSED] - com.CommonUtilities.LoginAsDifferentUserPermissions.LoginToNacacStudentAppAsStudent is PASSED]]></system-out>
         <system-err><![CDATA[]]></system-err>
      </testcase>
      <testcase name="Test Cases/Conventions/AddVideoInAdminAndVerifyInStudentApp" time="91.604" classname="Test Cases/Conventions/AddVideoInAdminAndVerifyInStudentApp" status="FAILED">
         <failure type="FAILED" message="Test Cases/Conventions/AddVideoInAdminAndVerifyInStudentApp FAILED.
Reason:
com.kms.katalon.core.exception.StepFailedException: Unable to scroll to object 'Object Repository/NacacStudentApp/HomePageElements/VideosInExhibitorspage'
	at com.kms.katalon.core.webui.keyword.internal.WebUIKeywordMain.stepFailed(WebUIKeywordMain.groovy:64)
	at com.kms.katalon.core.webui.keyword.internal.WebUIKeywordMain.runKeyword(WebUIKeywordMain.groovy:26)
	at com.kms.katalon.core.webui.keyword.builtin.ScrollToElementKeyword.scrollToElement(ScrollToElementKeyword.groovy:88)
	at com.kms.katalon.core.webui.keyword.builtin.ScrollToElementKeyword.execute(ScrollToElementKeyword.groovy:68)
	at com.kms.katalon.core.keyword.internal.KeywordExecutor.executeKeywordForPlatform(KeywordExecutor.groovy:73)
	at com.kms.katalon.core.webui.keyword.WebUiBuiltInKeywords.scrollToElement(WebUiBuiltInKeywords.groovy:3432)
	at com.kms.katalon.core.webui.keyword.WebUiBuiltInKeywords$scrollToElement$12.call(Unknown Source)
	at AddVideoInAdminAndVerifyInStudentApp.run(AddVideoInAdminAndVerifyInStudentApp:52)
	at com.kms.katalon.core.main.ScriptEngine.run(ScriptEngine.java:194)
	at com.kms.katalon.core.main.ScriptEngine.runScriptAsRawText(ScriptEngine.java:119)
	at com.kms.katalon.core.main.TestCaseExecutor.runScript(TestCaseExecutor.java:339)
	at com.kms.katalon.core.main.TestCaseExecutor.doExecute(TestCaseExecutor.java:330)
	at com.kms.katalon.core.main.TestCaseExecutor.processExecutionPhase(TestCaseExecutor.java:309)
	at com.kms.katalon.core.main.TestCaseExecutor.accessMainPhase(TestCaseExecutor.java:301)
	at com.kms.katalon.core.main.TestCaseExecutor.execute(TestCaseExecutor.java:235)
	at com.kms.katalon.core.main.TestSuiteExecutor.accessTestCaseMainPhase(TestSuiteExecutor.java:191)
	at com.kms.katalon.core.main.TestSuiteExecutor.accessTestSuiteMainPhase(TestSuiteExecutor.java:141)
	at com.kms.katalon.core.main.TestSuiteExecutor.execute(TestSuiteExecutor.java:90)
	at com.kms.katalon.core.main.TestCaseMain.startTestSuite(TestCaseMain.java:157)
	at com.kms.katalon.core.main.TestCaseMain$startTestSuite$0.call(Unknown Source)
	at TempTestSuite1602490771550.run(TempTestSuite1602490771550.groovy:39)
Caused by: com.kms.katalon.core.webui.exception.WebElementNotFoundException: Web element with id: 'Object Repository/NacacStudentApp/HomePageElements/VideosInExhibitorspage' located by '//div[text()=&quot;video401&quot;]' not found
	at com.kms.katalon.core.webui.common.WebUiCommonHelper.findWebElement(WebUiCommonHelper.java:1368)
	at com.kms.katalon.core.webui.keyword.internal.WebUIAbstractKeyword.findWebElement(WebUIAbstractKeyword.groovy:27)
	at com.kms.katalon.core.webui.keyword.internal.WebUIAbstractKeyword.findWebElement(WebUIAbstractKeyword.groovy:26)
	at com.kms.katalon.core.webui.keyword.builtin.ScrollToElementKeyword$_scrollToElement_closure1.doCall(ScrollToElementKeyword.groovy:79)
	at com.kms.katalon.core.webui.keyword.builtin.ScrollToElementKeyword$_scrollToElement_closure1.call(ScrollToElementKeyword.groovy)
	at com.kms.katalon.core.webui.keyword.internal.WebUIKeywordMain.runKeyword(WebUIKeywordMain.groovy:20)
	... 19 more
"/>
         <system-out><![CDATA[2020-10-12 04:22:31 - [TEST_CASE][FAILED] - Test Cases/Conventions/AddVideoInAdminAndVerifyInStudentApp: Test Cases/Conventions/AddVideoInAdminAndVerifyInStudentApp FAILED.
Reason:
com.kms.katalon.core.exception.StepFailedException: Unable to scroll to object 'Object Repository/NacacStudentApp/HomePageElements/VideosInExhibitorspage'
	at com.kms.katalon.core.webui.keyword.internal.WebUIKeywordMain.stepFailed(WebUIKeywordMain.groovy:64)
	at com.kms.katalon.core.webui.keyword.internal.WebUIKeywordMain.runKeyword(WebUIKeywordMain.groovy:26)
	at com.kms.katalon.core.webui.keyword.builtin.ScrollToElementKeyword.scrollToElement(ScrollToElementKeyword.groovy:88)
	at com.kms.katalon.core.webui.keyword.builtin.ScrollToElementKeyword.execute(ScrollToElementKeyword.groovy:68)
	at com.kms.katalon.core.keyword.internal.KeywordExecutor.executeKeywordForPlatform(KeywordExecutor.groovy:73)
	at com.kms.katalon.core.webui.keyword.WebUiBuiltInKeywords.scrollToElement(WebUiBuiltInKeywords.groovy:3432)
	at com.kms.katalon.core.webui.keyword.WebUiBuiltInKeywords$scrollToElement$12.call(Unknown Source)
	at AddVideoInAdminAndVerifyInStudentApp.run(AddVideoInAdminAndVerifyInStudentApp:52)
	at com.kms.katalon.core.main.ScriptEngine.run(ScriptEngine.java:194)
	at com.kms.katalon.core.main.ScriptEngine.runScriptAsRawText(ScriptEngine.java:119)
	at com.kms.katalon.core.main.TestCaseExecutor.runScript(TestCaseExecutor.java:339)
	at com.kms.katalon.core.main.TestCaseExecutor.doExecute(TestCaseExecutor.java:330)
	at com.kms.katalon.core.main.TestCaseExecutor.processExecutionPhase(TestCaseExecutor.java:309)
	at com.kms.katalon.core.main.TestCaseExecutor.accessMainPhase(TestCaseExecutor.java:301)
	at com.kms.katalon.core.main.TestCaseExecutor.execute(TestCaseExecutor.java:235)
	at com.kms.katalon.core.main.TestSuiteExecutor.accessTestCaseMainPhase(TestSuiteExecutor.java:191)
	at com.kms.katalon.core.main.TestSuiteExecutor.accessTestSuiteMainPhase(TestSuiteExecutor.java:141)
	at com.kms.katalon.core.main.TestSuiteExecutor.execute(TestSuiteExecutor.java:90)
	at com.kms.katalon.core.main.TestCaseMain.startTestSuite(TestCaseMain.java:157)
	at com.kms.katalon.core.main.TestCaseMain$startTestSuite$0.call(Unknown Source)
	at TempTestSuite1602490771550.run(TempTestSuite1602490771550.groovy:39)
Caused by: com.kms.katalon.core.webui.exception.WebElementNotFoundException: Web element with id: 'Object Repository/NacacStudentApp/HomePageElements/VideosInExhibitorspage' located by '//div[text()="video401"]' not found
	at com.kms.katalon.core.webui.common.WebUiCommonHelper.findWebElement(WebUiCommonHelper.java:1368)
	at com.kms.katalon.core.webui.keyword.internal.WebUIAbstractKeyword.findWebElement(WebUIAbstractKeyword.groovy:27)
	at com.kms.katalon.core.webui.keyword.internal.WebUIAbstractKeyword.findWebElement(WebUIAbstractKeyword.groovy:26)
	at com.kms.katalon.core.webui.keyword.builtin.ScrollToElementKeyword$_scrollToElement_closure1.doCall(ScrollToElementKeyword.groovy:79)
	at com.kms.katalon.core.webui.keyword.builtin.ScrollToElementKeyword$_scrollToElement_closure1.call(ScrollToElementKeyword.groovy)
	at com.kms.katalon.core.webui.keyword.internal.WebUIKeywordMain.runKeyword(WebUIKeywordMain.groovy:20)
	... 19 more


2020-10-12 04:22:32 - [TEST_STEP][PASSED] - com.CommonUtilities.LoginAsDifferentUserPermissions.NavigateToHomePage(): com.CommonUtilities.LoginAsDifferentUserPermissions.NavigateToHomePage is PASSED

2020-10-12 04:22:33 - [MESSAGE][PASSED] - Navigate to 'https://charizard-admin.visitdays.com/' successfully

2020-10-12 04:22:33 - [MESSAGE][WARNING] - Timeout '0' is invalid. Using default page load timeout: '30'

2020-10-12 04:22:37 - [MESSAGE][PASSED] - Object 'Object Repository/HomePageElements/ProfileAvatar' is present

2020-10-12 04:22:37 - [MESSAGE][WARNING] - Timeout '0' is invalid. Using default page load timeout: '30'

2020-10-12 04:22:37 - [MESSAGE][PASSED] - Object 'Object Repository/HomePageElements/SchoolProdoutNav' is present

2020-10-12 04:22:37 - [MESSAGE][PASSED] - Object: 'Object Repository/HomePageElements/SchoolProdoutNav' is clicked on

2020-10-12 04:22:37 - [MESSAGE][PASSED] - com.CommonUtilities.LoginAsDifferentUserPermissions.NavigateToHomePage is PASSED

2020-10-12 04:22:37 - [TEST_STEP][PASSED] - conventionName = com.CommonUtilities.CreateMeeting.getConvention(): com.CommonUtilities.CreateMeeting.getConvention is PASSED

2020-10-12 04:22:39 - [MESSAGE][PASSED] - Object: 'Object Repository/HomePageElements/PersonIcon' is clicked on

2020-10-12 04:22:40 - [MESSAGE][PASSED] - Object: 'Object Repository/HomePageElements/NacacConventionslink' is clicked on

2020-10-12 04:22:48 - [MESSAGE][PASSED] - Object: 'Object Repository/ConventionsPageAdmin/Conventionsleftnav' is clicked on

2020-10-12 04:22:49 - [MESSAGE][PASSED] - Object: 'Object Repository/ConventionsPageAdmin/LiveSessionleftNavInSubMenu' is clicked on

2020-10-12 04:22:49 - [MESSAGE][PASSED] - Object: 'Object Repository/ConventionsPageAdmin/CreateButtonInLiveSessions' is clicked on

2020-10-12 04:22:49 - [MESSAGE][PASSED] - Wait for page load successfully

2020-10-12 04:22:51 - [MESSAGE][PASSED] - Text of object 'Object Repository/ConventionsPageAdmin/getNameOfFirstConvention' is: 'June In Progress Demo'

2020-10-12 04:22:51 - [MESSAGE][PASSED] - com.CommonUtilities.CreateMeeting.getConvention is PASSED

2020-10-12 04:22:51 - [TEST_STEP][PASSED] - videoName = com.CommonUtilities.VideoLibrary.addVideoToVideoLibrary(): com.CommonUtilities.VideoLibrary.addVideoToVideoLibrary is PASSED

2020-10-12 04:22:51 - [MESSAGE][PASSED] - Object: 'Object Repository/HomePageElements/PersonIcon' is clicked on

2020-10-12 04:22:52 - [MESSAGE][PASSED] - Object: 'Object Repository/HomePageElements/NacacConventionslink' is clicked on

2020-10-12 04:22:58 - [MESSAGE][PASSED] - Object: 'Object Repository/ConventionsPageAdmin/Conventionsleftnav' is clicked on

2020-10-12 04:22:59 - [MESSAGE][PASSED] - Object: 'Object Repository/ConventionsPageAdmin/VideoLibraryLeftnav' is clicked on

2020-10-12 04:23:02 - [MESSAGE][PASSED] - Object: 'Object Repository/ConventionsPageAdmin/AddButtonInVideoLibraryPage' is clicked on

2020-10-12 04:23:02 - [MESSAGE][WARNING] - Timeout '0' is invalid. Using default page load timeout: '30'

2020-10-12 04:23:04 - [MESSAGE][PASSED] - Object 'Object Repository/ConventionsPageAdmin/VideoName' is present

2020-10-12 04:23:05 - [MESSAGE][PASSED] - Text 'video401' is set on object 'Object Repository/ConventionsPageAdmin/VideoName'

2020-10-12 04:23:06 - [MESSAGE][PASSED] - Text 'https://youtu.be/tVlz6lYxGX8' is set on object 'Object Repository/ConventionsPageAdmin/YoutubetextField'

2020-10-12 04:23:06 - [MESSAGE][PASSED] - Object: 'Object Repository/ConventionsPageAdmin/saveButtonInVideo' is clicked on

2020-10-12 04:23:06 - [MESSAGE][PASSED] - com.CommonUtilities.VideoLibrary.addVideoToVideoLibrary is PASSED

2020-10-12 04:23:06 - [TEST_STEP][PASSED] - institutionName = com.CommonUtilities.GetInstitutionName.getInstitutionNameFromAdminApp(): com.CommonUtilities.GetInstitutionName.getInstitutionNameFromAdminApp is PASSED

2020-10-12 04:23:07 - [MESSAGE][PASSED] - Navigate to 'https://charizard-admin.visitdays.com/' successfully

2020-10-12 04:23:07 - [MESSAGE][WARNING] - Timeout '0' is invalid. Using default page load timeout: '30'

2020-10-12 04:23:07 - [MESSAGE][PASSED] - Wait for page load successfully

2020-10-12 04:23:10 - [MESSAGE][PASSED] - Text of object 'Object Repository/ConventionsPageAdmin/SelectInstitutionName' is: 'BB Testing
swap_horiz'

2020-10-12 04:23:10 - [MESSAGE][PASSED] - com.CommonUtilities.GetInstitutionName.getInstitutionNameFromAdminApp is PASSED

2020-10-12 04:23:10 - [TEST_STEP][PASSED] - com.CommonUtilities.LoginAsDifferentUserPermissions.NavigateToNacacHomePage(): com.CommonUtilities.LoginAsDifferentUserPermissions.NavigateToNacacHomePage is PASSED

2020-10-12 04:23:12 - [MESSAGE][PASSED] - Navigate to 'https://nacac-charizard.visitdays.vercel.app/events' successfully

2020-10-12 04:23:12 - [MESSAGE][WARNING] - Timeout '0' is invalid. Using default page load timeout: '30'

2020-10-12 04:23:14 - [MESSAGE][PASSED] - Object 'Object Repository/NacacStudentApp/HomePageElements/UpcomingOptionInHomePage' is present

2020-10-12 04:23:14 - [MESSAGE][PASSED] - com.CommonUtilities.LoginAsDifferentUserPermissions.NavigateToNacacHomePage is PASSED

2020-10-12 04:23:14 - [TEST_STEP][PASSED] - click(findTestObject("NacacStudentApp/HomePageElements/SelectConventionInHomePage", ["Name":conventionName])): Object: 'Object Repository/NacacStudentApp/HomePageElements/SelectConventionInHomePage' is clicked on

2020-10-12 04:23:15 - [MESSAGE][PASSED] - Object: 'Object Repository/NacacStudentApp/HomePageElements/SelectConventionInHomePage' is clicked on

2020-10-12 04:23:15 - [TEST_STEP][PASSED] - delay(5): Delayed 5 second(s)

2020-10-12 04:23:20 - [MESSAGE][PASSED] - Delayed 5 second(s)

2020-10-12 04:23:20 - [TEST_STEP][PASSED] - element = findWebElement(findTestObject("NacacStudentApp/HomePageElements/CollegesTabInExhibitorsPage"), 0): Timeout '0' is invalid. Using default page load timeout: '30'

2020-10-12 04:23:20 - [MESSAGE][WARNING] - Timeout '0' is invalid. Using default page load timeout: '30'

2020-10-12 04:23:20 - [TEST_STEP][PASSED] - executeJavaScript("arguments[0].click()", Arrays.asList(element)): Execute JavaScript 'arguments[0].click()' successfully

2020-10-12 04:23:20 - [MESSAGE][PASSED] - Execute JavaScript 'arguments[0].click()' successfully

2020-10-12 04:23:20 - [TEST_STEP][PASSED] - if (verifyElementPresent(findTestObject("Object Repository/NacacStudentApp/HomePageElements/LoadMoreButton"), 5, OPTIONAL)): com.kms.katalon.core.webui.exception.WebElementNotFoundException: Web element with id: 'Object Repository/NacacStudentApp/HomePageElements/LoadMoreButton' located by '//button//span[text()="Load More"]' not found (Root cause: com.kms.katalon.core.exception.StepFailedException: com.kms.katalon.core.webui.exception.WebElementNotFoundException: Web element with id: 'Object Repository/NacacStudentApp/HomePageElements/LoadMoreButton' located by '//button//span[text()="Load More"]' not found
	at com.kms.katalon.core.webui.keyword.internal.WebUIKeywordMain.stepFailed(WebUIKeywordMain.groovy:64)
	at com.kms.katalon.core.webui.keyword.builtin.VerifyElementPresentKeyword$_verifyElementPresent_closure1.doCall(VerifyElementPresentKeyword.groovy:85)
	at com.kms.katalon.core.webui.keyword.builtin.VerifyElementPresentKeyword$_verifyElementPresent_closure1.call(VerifyElementPresentKeyword.groovy)
	at com.kms.katalon.core.webui.keyword.internal.WebUIKeywordMain.runKeyword(WebUIKeywordMain.groovy:20)
	at com.kms.katalon.core.webui.keyword.builtin.VerifyElementPresentKeyword.verifyElementPresent(VerifyElementPresentKeyword.groovy:92)
	at com.kms.katalon.core.webui.keyword.builtin.VerifyElementPresentKeyword.execute(VerifyElementPresentKeyword.groovy:68)
	at com.kms.katalon.core.keyword.internal.KeywordExecutor.executeKeywordForPlatform(KeywordExecutor.groovy:73)
	at com.kms.katalon.core.webui.keyword.WebUiBuiltInKeywords.verifyElementPresent(WebUiBuiltInKeywords.groovy:1445)
	at com.kms.katalon.core.webui.keyword.WebUiBuiltInKeywords$verifyElementPresent$7.call(Unknown Source)
	at AddVideoInAdminAndVerifyInStudentApp.run(AddVideoInAdminAndVerifyInStudentApp:41)
	at com.kms.katalon.core.main.ScriptEngine.run(ScriptEngine.java:194)
	at com.kms.katalon.core.main.ScriptEngine.runScriptAsRawText(ScriptEngine.java:119)
	at com.kms.katalon.core.main.TestCaseExecutor.runScript(TestCaseExecutor.java:339)
	at com.kms.katalon.core.main.TestCaseExecutor.doExecute(TestCaseExecutor.java:330)
	at com.kms.katalon.core.main.TestCaseExecutor.processExecutionPhase(TestCaseExecutor.java:309)
	at com.kms.katalon.core.main.TestCaseExecutor.accessMainPhase(TestCaseExecutor.java:301)
	at com.kms.katalon.core.main.TestCaseExecutor.execute(TestCaseExecutor.java:235)
	at com.kms.katalon.core.main.TestSuiteExecutor.accessTestCaseMainPhase(TestSuiteExecutor.java:191)
	at com.kms.katalon.core.main.TestSuiteExecutor.accessTestSuiteMainPhase(TestSuiteExecutor.java:141)
	at com.kms.katalon.core.main.TestSuiteExecutor.execute(TestSuiteExecutor.java:90)
	at com.kms.katalon.core.main.TestCaseMain.startTestSuite(TestCaseMain.java:157)
	at com.kms.katalon.core.main.TestCaseMain$startTestSuite$0.call(Unknown Source)
	at TempTestSuite1602490771550.run(TempTestSuite1602490771550.groovy:39)
)

2020-10-12 04:23:26 - [MESSAGE][INFO] - Unable to find the element located by 'By.xpath: //button//span[text()="Load More"]'. Please recheck the objects properties to make sure the desired element is located. 

2020-10-12 04:23:27 - [MESSAGE][WARNING] - com.kms.katalon.core.webui.exception.WebElementNotFoundException: Web element with id: 'Object Repository/NacacStudentApp/HomePageElements/LoadMoreButton' located by '//button//span[text()="Load More"]' not found (Root cause: com.kms.katalon.core.exception.StepFailedException: com.kms.katalon.core.webui.exception.WebElementNotFoundException: Web element with id: 'Object Repository/NacacStudentApp/HomePageElements/LoadMoreButton' located by '//button//span[text()="Load More"]' not found
	at com.kms.katalon.core.webui.keyword.internal.WebUIKeywordMain.stepFailed(WebUIKeywordMain.groovy:64)
	at com.kms.katalon.core.webui.keyword.builtin.VerifyElementPresentKeyword$_verifyElementPresent_closure1.doCall(VerifyElementPresentKeyword.groovy:85)
	at com.kms.katalon.core.webui.keyword.builtin.VerifyElementPresentKeyword$_verifyElementPresent_closure1.call(VerifyElementPresentKeyword.groovy)
	at com.kms.katalon.core.webui.keyword.internal.WebUIKeywordMain.runKeyword(WebUIKeywordMain.groovy:20)
	at com.kms.katalon.core.webui.keyword.builtin.VerifyElementPresentKeyword.verifyElementPresent(VerifyElementPresentKeyword.groovy:92)
	at com.kms.katalon.core.webui.keyword.builtin.VerifyElementPresentKeyword.execute(VerifyElementPresentKeyword.groovy:68)
	at com.kms.katalon.core.keyword.internal.KeywordExecutor.executeKeywordForPlatform(KeywordExecutor.groovy:73)
	at com.kms.katalon.core.webui.keyword.WebUiBuiltInKeywords.verifyElementPresent(WebUiBuiltInKeywords.groovy:1445)
	at com.kms.katalon.core.webui.keyword.WebUiBuiltInKeywords$verifyElementPresent$7.call(Unknown Source)
	at AddVideoInAdminAndVerifyInStudentApp.run(AddVideoInAdminAndVerifyInStudentApp:41)
	at com.kms.katalon.core.main.ScriptEngine.run(ScriptEngine.java:194)
	at com.kms.katalon.core.main.ScriptEngine.runScriptAsRawText(ScriptEngine.java:119)
	at com.kms.katalon.core.main.TestCaseExecutor.runScript(TestCaseExecutor.java:339)
	at com.kms.katalon.core.main.TestCaseExecutor.doExecute(TestCaseExecutor.java:330)
	at com.kms.katalon.core.main.TestCaseExecutor.processExecutionPhase(TestCaseExecutor.java:309)
	at com.kms.katalon.core.main.TestCaseExecutor.accessMainPhase(TestCaseExecutor.java:301)
	at com.kms.katalon.core.main.TestCaseExecutor.execute(TestCaseExecutor.java:235)
	at com.kms.katalon.core.main.TestSuiteExecutor.accessTestCaseMainPhase(TestSuiteExecutor.java:191)
	at com.kms.katalon.core.main.TestSuiteExecutor.accessTestSuiteMainPhase(TestSuiteExecutor.java:141)
	at com.kms.katalon.core.main.TestSuiteExecutor.execute(TestSuiteExecutor.java:90)
	at com.kms.katalon.core.main.TestCaseMain.startTestSuite(TestCaseMain.java:157)
	at com.kms.katalon.core.main.TestCaseMain$startTestSuite$0.call(Unknown Source)
	at TempTestSuite1602490771550.run(TempTestSuite1602490771550.groovy:39)
)
[[ATTACHMENT|E:\\CopyOfVisitDaysTests\\Reports\\20201012_041931\\NACAC\\20201012_041931\\1602491006603.png]]

2020-10-12 04:23:27 - [TEST_STEP][PASSED] - waitForElementPresent(findTestObject("NacacStudentApp/HomePageElements/CollegeName", ["Exhibitor":institutionName]), 0): Object 'Object Repository/NacacStudentApp/HomePageElements/CollegeName' is present

2020-10-12 04:23:27 - [MESSAGE][WARNING] - Timeout '0' is invalid. Using default page load timeout: '30'

2020-10-12 04:23:27 - [MESSAGE][PASSED] - Object 'Object Repository/NacacStudentApp/HomePageElements/CollegeName' is present

2020-10-12 04:23:27 - [TEST_STEP][PASSED] - click(findTestObject("NacacStudentApp/HomePageElements/CollegeName", ["Exhibitor":institutionName])): Object: 'Object Repository/NacacStudentApp/HomePageElements/CollegeName' is clicked on

2020-10-12 04:23:28 - [MESSAGE][PASSED] - Object: 'Object Repository/NacacStudentApp/HomePageElements/CollegeName' is clicked on

2020-10-12 04:23:28 - [TEST_STEP][PASSED] - click(findTestObject("Object Repository/ConventionsPageAdmin/VideosTabInExhibitorsPage")): Object: 'Object Repository/ConventionsPageAdmin/VideosTabInExhibitorsPage' is clicked on

2020-10-12 04:23:29 - [MESSAGE][PASSED] - Object: 'Object Repository/ConventionsPageAdmin/VideosTabInExhibitorsPage' is clicked on

2020-10-12 04:23:29 - [TEST_STEP][FAILED] - scrollToElement(findTestObject("Object Repository/NacacStudentApp/HomePageElements/VideosInExhibitorspage", ["Video":videoName]), 0): Unable to scroll to object 'Object Repository/NacacStudentApp/HomePageElements/VideosInExhibitorspage' (Root cause: com.kms.katalon.core.exception.StepFailedException: Unable to scroll to object 'Object Repository/NacacStudentApp/HomePageElements/VideosInExhibitorspage'
	at com.kms.katalon.core.webui.keyword.internal.WebUIKeywordMain.stepFailed(WebUIKeywordMain.groovy:64)
	at com.kms.katalon.core.webui.keyword.internal.WebUIKeywordMain.runKeyword(WebUIKeywordMain.groovy:26)
	at com.kms.katalon.core.webui.keyword.builtin.ScrollToElementKeyword.scrollToElement(ScrollToElementKeyword.groovy:88)
	at com.kms.katalon.core.webui.keyword.builtin.ScrollToElementKeyword.execute(ScrollToElementKeyword.groovy:68)
	at com.kms.katalon.core.keyword.internal.KeywordExecutor.executeKeywordForPlatform(KeywordExecutor.groovy:73)
	at com.kms.katalon.core.webui.keyword.WebUiBuiltInKeywords.scrollToElement(WebUiBuiltInKeywords.groovy:3432)
	at com.kms.katalon.core.webui.keyword.WebUiBuiltInKeywords$scrollToElement$12.call(Unknown Source)
	at AddVideoInAdminAndVerifyInStudentApp.run(AddVideoInAdminAndVerifyInStudentApp:52)
	at com.kms.katalon.core.main.ScriptEngine.run(ScriptEngine.java:194)
	at com.kms.katalon.core.main.ScriptEngine.runScriptAsRawText(ScriptEngine.java:119)
	at com.kms.katalon.core.main.TestCaseExecutor.runScript(TestCaseExecutor.java:339)
	at com.kms.katalon.core.main.TestCaseExecutor.doExecute(TestCaseExecutor.java:330)
	at com.kms.katalon.core.main.TestCaseExecutor.processExecutionPhase(TestCaseExecutor.java:309)
	at com.kms.katalon.core.main.TestCaseExecutor.accessMainPhase(TestCaseExecutor.java:301)
	at com.kms.katalon.core.main.TestCaseExecutor.execute(TestCaseExecutor.java:235)
	at com.kms.katalon.core.main.TestSuiteExecutor.accessTestCaseMainPhase(TestSuiteExecutor.java:191)
	at com.kms.katalon.core.main.TestSuiteExecutor.accessTestSuiteMainPhase(TestSuiteExecutor.java:141)
	at com.kms.katalon.core.main.TestSuiteExecutor.execute(TestSuiteExecutor.java:90)
	at com.kms.katalon.core.main.TestCaseMain.startTestSuite(TestCaseMain.java:157)
	at com.kms.katalon.core.main.TestCaseMain$startTestSuite$0.call(Unknown Source)
	at TempTestSuite1602490771550.run(TempTestSuite1602490771550.groovy:39)
Caused by: com.kms.katalon.core.webui.exception.WebElementNotFoundException: Web element with id: 'Object Repository/NacacStudentApp/HomePageElements/VideosInExhibitorspage' located by '//div[text()="video401"]' not found
	at com.kms.katalon.core.webui.common.WebUiCommonHelper.findWebElement(WebUiCommonHelper.java:1368)
	at com.kms.katalon.core.webui.keyword.internal.WebUIAbstractKeyword.findWebElement(WebUIAbstractKeyword.groovy:27)
	at com.kms.katalon.core.webui.keyword.internal.WebUIAbstractKeyword.findWebElement(WebUIAbstractKeyword.groovy:26)
	at com.kms.katalon.core.webui.keyword.builtin.ScrollToElementKeyword$_scrollToElement_closure1.doCall(ScrollToElementKeyword.groovy:79)
	at com.kms.katalon.core.webui.keyword.builtin.ScrollToElementKeyword$_scrollToElement_closure1.call(ScrollToElementKeyword.groovy)
	at com.kms.katalon.core.webui.keyword.internal.WebUIKeywordMain.runKeyword(WebUIKeywordMain.groovy:20)
	at com.kms.katalon.core.webui.keyword.builtin.ScrollToElementKeyword.scrollToElement(ScrollToElementKeyword.groovy:88)
	at com.kms.katalon.core.webui.keyword.builtin.ScrollToElementKeyword.execute(ScrollToElementKeyword.groovy:68)
	at com.kms.katalon.core.keyword.internal.KeywordExecutor.executeKeywordForPlatform(KeywordExecutor.groovy:73)
	at com.kms.katalon.core.webui.keyword.WebUiBuiltInKeywords.scrollToElement(WebUiBuiltInKeywords.groovy:3432)
	at com.kms.katalon.core.webui.keyword.WebUiBuiltInKeywords$scrollToElement$12.call(Unknown Source)
	at Script1599221627373.run(Script1599221627373.groovy:52)
	... 13 more
)

2020-10-12 04:23:29 - [MESSAGE][WARNING] - Timeout '0' is invalid. Using default page load timeout: '30'

2020-10-12 04:24:00 - [MESSAGE][INFO] - Unable to find the element located by 'By.xpath: //div[text()="video401"]'. Please recheck the objects properties to make sure the desired element is located. 

2020-10-12 04:24:01 - [MESSAGE][FAILED] - Unable to scroll to object 'Object Repository/NacacStudentApp/HomePageElements/VideosInExhibitorspage' (Root cause: com.kms.katalon.core.exception.StepFailedException: Unable to scroll to object 'Object Repository/NacacStudentApp/HomePageElements/VideosInExhibitorspage'
	at com.kms.katalon.core.webui.keyword.internal.WebUIKeywordMain.stepFailed(WebUIKeywordMain.groovy:64)
	at com.kms.katalon.core.webui.keyword.internal.WebUIKeywordMain.runKeyword(WebUIKeywordMain.groovy:26)
	at com.kms.katalon.core.webui.keyword.builtin.ScrollToElementKeyword.scrollToElement(ScrollToElementKeyword.groovy:88)
	at com.kms.katalon.core.webui.keyword.builtin.ScrollToElementKeyword.execute(ScrollToElementKeyword.groovy:68)
	at com.kms.katalon.core.keyword.internal.KeywordExecutor.executeKeywordForPlatform(KeywordExecutor.groovy:73)
	at com.kms.katalon.core.webui.keyword.WebUiBuiltInKeywords.scrollToElement(WebUiBuiltInKeywords.groovy:3432)
	at com.kms.katalon.core.webui.keyword.WebUiBuiltInKeywords$scrollToElement$12.call(Unknown Source)
	at AddVideoInAdminAndVerifyInStudentApp.run(AddVideoInAdminAndVerifyInStudentApp:52)
	at com.kms.katalon.core.main.ScriptEngine.run(ScriptEngine.java:194)
	at com.kms.katalon.core.main.ScriptEngine.runScriptAsRawText(ScriptEngine.java:119)
	at com.kms.katalon.core.main.TestCaseExecutor.runScript(TestCaseExecutor.java:339)
	at com.kms.katalon.core.main.TestCaseExecutor.doExecute(TestCaseExecutor.java:330)
	at com.kms.katalon.core.main.TestCaseExecutor.processExecutionPhase(TestCaseExecutor.java:309)
	at com.kms.katalon.core.main.TestCaseExecutor.accessMainPhase(TestCaseExecutor.java:301)
	at com.kms.katalon.core.main.TestCaseExecutor.execute(TestCaseExecutor.java:235)
	at com.kms.katalon.core.main.TestSuiteExecutor.accessTestCaseMainPhase(TestSuiteExecutor.java:191)
	at com.kms.katalon.core.main.TestSuiteExecutor.accessTestSuiteMainPhase(TestSuiteExecutor.java:141)
	at com.kms.katalon.core.main.TestSuiteExecutor.execute(TestSuiteExecutor.java:90)
	at com.kms.katalon.core.main.TestCaseMain.startTestSuite(TestCaseMain.java:157)
	at com.kms.katalon.core.main.TestCaseMain$startTestSuite$0.call(Unknown Source)
	at TempTestSuite1602490771550.run(TempTestSuite1602490771550.groovy:39)
Caused by: com.kms.katalon.core.webui.exception.WebElementNotFoundException: Web element with id: 'Object Repository/NacacStudentApp/HomePageElements/VideosInExhibitorspage' located by '//div[text()="video401"]' not found
	at com.kms.katalon.core.webui.common.WebUiCommonHelper.findWebElement(WebUiCommonHelper.java:1368)
	at com.kms.katalon.core.webui.keyword.internal.WebUIAbstractKeyword.findWebElement(WebUIAbstractKeyword.groovy:27)
	at com.kms.katalon.core.webui.keyword.internal.WebUIAbstractKeyword.findWebElement(WebUIAbstractKeyword.groovy:26)
	at com.kms.katalon.core.webui.keyword.builtin.ScrollToElementKeyword$_scrollToElement_closure1.doCall(ScrollToElementKeyword.groovy:79)
	at com.kms.katalon.core.webui.keyword.builtin.ScrollToElementKeyword$_scrollToElement_closure1.call(ScrollToElementKeyword.groovy)
	at com.kms.katalon.core.webui.keyword.internal.WebUIKeywordMain.runKeyword(WebUIKeywordMain.groovy:20)
	at com.kms.katalon.core.webui.keyword.builtin.ScrollToElementKeyword.scrollToElement(ScrollToElementKeyword.groovy:88)
	at com.kms.katalon.core.webui.keyword.builtin.ScrollToElementKeyword.execute(ScrollToElementKeyword.groovy:68)
	at com.kms.katalon.core.keyword.internal.KeywordExecutor.executeKeywordForPlatform(KeywordExecutor.groovy:73)
	at com.kms.katalon.core.webui.keyword.WebUiBuiltInKeywords.scrollToElement(WebUiBuiltInKeywords.groovy:3432)
	at com.kms.katalon.core.webui.keyword.WebUiBuiltInKeywords$scrollToElement$12.call(Unknown Source)
	at Script1599221627373.run(Script1599221627373.groovy:52)
	... 13 more
)
[[ATTACHMENT|E:\\CopyOfVisitDaysTests\\Reports\\20201012_041931\\NACAC\\20201012_041931\\1602491040301.png]]

2020-10-12 04:24:03 - [TEST_STEP][PASSED] - Video: Video recording for test case 'Test Cases/Conventions/AddVideoInAdminAndVerifyInStudentApp' .

2020-10-12 04:24:03 - [MESSAGE][INFO] - Video recording for test case 'Test Cases/Conventions/AddVideoInAdminAndVerifyInStudentApp' .
[[ATTACHMENT|E:\CopyOfVisitDaysTests\Reports\20201012_041931\NACAC\20201012_041931/videos\test_4.mov]]]]></system-out>
         <system-err><![CDATA[2020-10-12 04:22:31 - [TEST_CASE][FAILED] - Test Cases/Conventions/AddVideoInAdminAndVerifyInStudentApp: Test Cases/Conventions/AddVideoInAdminAndVerifyInStudentApp FAILED.
Reason:
com.kms.katalon.core.exception.StepFailedException: Unable to scroll to object 'Object Repository/NacacStudentApp/HomePageElements/VideosInExhibitorspage'
	at com.kms.katalon.core.webui.keyword.internal.WebUIKeywordMain.stepFailed(WebUIKeywordMain.groovy:64)
	at com.kms.katalon.core.webui.keyword.internal.WebUIKeywordMain.runKeyword(WebUIKeywordMain.groovy:26)
	at com.kms.katalon.core.webui.keyword.builtin.ScrollToElementKeyword.scrollToElement(ScrollToElementKeyword.groovy:88)
	at com.kms.katalon.core.webui.keyword.builtin.ScrollToElementKeyword.execute(ScrollToElementKeyword.groovy:68)
	at com.kms.katalon.core.keyword.internal.KeywordExecutor.executeKeywordForPlatform(KeywordExecutor.groovy:73)
	at com.kms.katalon.core.webui.keyword.WebUiBuiltInKeywords.scrollToElement(WebUiBuiltInKeywords.groovy:3432)
	at com.kms.katalon.core.webui.keyword.WebUiBuiltInKeywords$scrollToElement$12.call(Unknown Source)
	at AddVideoInAdminAndVerifyInStudentApp.run(AddVideoInAdminAndVerifyInStudentApp:52)
	at com.kms.katalon.core.main.ScriptEngine.run(ScriptEngine.java:194)
	at com.kms.katalon.core.main.ScriptEngine.runScriptAsRawText(ScriptEngine.java:119)
	at com.kms.katalon.core.main.TestCaseExecutor.runScript(TestCaseExecutor.java:339)
	at com.kms.katalon.core.main.TestCaseExecutor.doExecute(TestCaseExecutor.java:330)
	at com.kms.katalon.core.main.TestCaseExecutor.processExecutionPhase(TestCaseExecutor.java:309)
	at com.kms.katalon.core.main.TestCaseExecutor.accessMainPhase(TestCaseExecutor.java:301)
	at com.kms.katalon.core.main.TestCaseExecutor.execute(TestCaseExecutor.java:235)
	at com.kms.katalon.core.main.TestSuiteExecutor.accessTestCaseMainPhase(TestSuiteExecutor.java:191)
	at com.kms.katalon.core.main.TestSuiteExecutor.accessTestSuiteMainPhase(TestSuiteExecutor.java:141)
	at com.kms.katalon.core.main.TestSuiteExecutor.execute(TestSuiteExecutor.java:90)
	at com.kms.katalon.core.main.TestCaseMain.startTestSuite(TestCaseMain.java:157)
	at com.kms.katalon.core.main.TestCaseMain$startTestSuite$0.call(Unknown Source)
	at TempTestSuite1602490771550.run(TempTestSuite1602490771550.groovy:39)
Caused by: com.kms.katalon.core.webui.exception.WebElementNotFoundException: Web element with id: 'Object Repository/NacacStudentApp/HomePageElements/VideosInExhibitorspage' located by '//div[text()="video401"]' not found
	at com.kms.katalon.core.webui.common.WebUiCommonHelper.findWebElement(WebUiCommonHelper.java:1368)
	at com.kms.katalon.core.webui.keyword.internal.WebUIAbstractKeyword.findWebElement(WebUIAbstractKeyword.groovy:27)
	at com.kms.katalon.core.webui.keyword.internal.WebUIAbstractKeyword.findWebElement(WebUIAbstractKeyword.groovy:26)
	at com.kms.katalon.core.webui.keyword.builtin.ScrollToElementKeyword$_scrollToElement_closure1.doCall(ScrollToElementKeyword.groovy:79)
	at com.kms.katalon.core.webui.keyword.builtin.ScrollToElementKeyword$_scrollToElement_closure1.call(ScrollToElementKeyword.groovy)
	at com.kms.katalon.core.webui.keyword.internal.WebUIKeywordMain.runKeyword(WebUIKeywordMain.groovy:20)
	... 19 more]]></system-err>
      </testcase>
      <testcase name="Test Cases/Conventions/CreateLiveSessionAndVerifyInStudentApp" time="87.837" classname="Test Cases/Conventions/CreateLiveSessionAndVerifyInStudentApp" status="PASSED">
         <system-out><![CDATA[2020-10-12 04:24:03 - [TEST_CASE][PASSED] - Test Cases/Conventions/CreateLiveSessionAndVerifyInStudentApp: Test Cases/Conventions/CreateLiveSessionAndVerifyInStudentApp

2020-10-12 04:24:03 - [TEST_STEP][PASSED] - com.CommonUtilities.LoginAsDifferentUserPermissions.NavigateToHomePage(): com.CommonUtilities.LoginAsDifferentUserPermissions.NavigateToHomePage is PASSED

2020-10-12 04:24:04 - [MESSAGE][PASSED] - Navigate to 'https://charizard-admin.visitdays.com/' successfully

2020-10-12 04:24:04 - [MESSAGE][WARNING] - Timeout '0' is invalid. Using default page load timeout: '30'

2020-10-12 04:24:07 - [MESSAGE][PASSED] - Object 'Object Repository/HomePageElements/ProfileAvatar' is present

2020-10-12 04:24:08 - [MESSAGE][WARNING] - Timeout '0' is invalid. Using default page load timeout: '30'

2020-10-12 04:24:08 - [MESSAGE][PASSED] - Object 'Object Repository/HomePageElements/SchoolProdoutNav' is present

2020-10-12 04:24:08 - [MESSAGE][PASSED] - Object: 'Object Repository/HomePageElements/SchoolProdoutNav' is clicked on

2020-10-12 04:24:08 - [MESSAGE][PASSED] - com.CommonUtilities.LoginAsDifferentUserPermissions.NavigateToHomePage is PASSED

2020-10-12 04:24:08 - [TEST_STEP][PASSED] - conventionName = com.CommonUtilities.CreateLiveSession.selectConvention(): com.CommonUtilities.CreateLiveSession.selectConvention is PASSED

2020-10-12 04:24:09 - [MESSAGE][PASSED] - Object: 'Object Repository/HomePageElements/PersonIcon' is clicked on

2020-10-12 04:24:10 - [MESSAGE][PASSED] - Object: 'Object Repository/HomePageElements/NacacConventionslink' is clicked on

2020-10-12 04:24:19 - [MESSAGE][PASSED] - Object: 'Object Repository/ConventionsPageAdmin/Conventionsleftnav' is clicked on

2020-10-12 04:24:19 - [MESSAGE][PASSED] - Object: 'Object Repository/ConventionsPageAdmin/CreateButtonInLiveSessions' is clicked on

2020-10-12 04:24:19 - [MESSAGE][PASSED] - Wait for page load successfully

2020-10-12 04:24:21 - [MESSAGE][PASSED] - Text of object 'Object Repository/ConventionsPageAdmin/getNameOfFirstConvention' is: 'June In Progress Demo'

2020-10-12 04:24:21 - [MESSAGE][PASSED] - Object: 'Object Repository/ConventionsPageAdmin/ClickFirstConventionInCreatingLiveSessions' is clicked on

2020-10-12 04:24:21 - [MESSAGE][PASSED] - com.CommonUtilities.CreateLiveSession.selectConvention is PASSED

2020-10-12 04:24:21 - [TEST_STEP][PASSED] - meetname = com.CommonUtilities.CreateLiveSession.enterLiveSessionDetailsAndTime(): com.CommonUtilities.CreateLiveSession.enterLiveSessionDetailsAndTime is PASSED

2020-10-12 04:24:22 - [MESSAGE][PASSED] - Text 'TestSession46081' is set on object 'Object Repository/ConventionsPageAdmin/Name field'

2020-10-12 04:24:23 - [MESSAGE][PASSED] - Keys 'this is test description' sent to object: 'Object Repository/ConventionsPageAdmin/Descriptionfield'

2020-10-12 04:24:23 - [MESSAGE][PASSED] - Keys '10/12/2020' sent to object: 'Object Repository/ConventionsPageAdmin/dateFieldAtStartTime'

2020-10-12 04:24:24 - [MESSAGE][PASSED] - Object: 'Object Repository/ConventionsPageAdmin/TimeFieldAtStartTime' is clicked on

2020-10-12 04:24:24 - [MESSAGE][PASSED] - Keys '12' sent to object: 'Object Repository/ConventionsPageAdmin/TimeFieldAtStartTime'

2020-10-12 04:24:24 - [MESSAGE][PASSED] - Keys '00' sent to object: 'Object Repository/ConventionsPageAdmin/TimeFieldAtStartTime'

2020-10-12 04:24:25 - [MESSAGE][PASSED] - Keys 'a' sent to object: 'Object Repository/ConventionsPageAdmin/TimeFieldAtStartTime'

2020-10-12 04:24:25 - [MESSAGE][PASSED] - Keys '10/12/2020' sent to object: 'Object Repository/ConventionsPageAdmin/DateFieldAtEndTime'

2020-10-12 04:24:26 - [MESSAGE][PASSED] - Object: 'Object Repository/ConventionsPageAdmin/TimeFieldAtEndTime' is clicked on

2020-10-12 04:24:26 - [MESSAGE][PASSED] - Keys '11' sent to object: 'Object Repository/ConventionsPageAdmin/TimeFieldAtEndTime'

2020-10-12 04:24:26 - [MESSAGE][PASSED] - Keys '45' sent to object: 'Object Repository/ConventionsPageAdmin/TimeFieldAtEndTime'

2020-10-12 04:24:27 - [MESSAGE][PASSED] - Keys 'p' sent to object: 'Object Repository/ConventionsPageAdmin/TimeFieldAtEndTime'

2020-10-12 04:24:27 - [MESSAGE][PASSED] - com.CommonUtilities.CreateLiveSession.enterLiveSessionDetailsAndTime is PASSED

2020-10-12 04:24:27 - [TEST_STEP][PASSED] - ZoomId = com.CommonUtilities.CreateLiveSession.enterZoomIdAndAddAssigne(): com.CommonUtilities.CreateLiveSession.enterZoomIdAndAddAssigne is PASSED

2020-10-12 04:24:28 - [MESSAGE][PASSED] - Text 'https://zoom.us/j/12345678' is set on object 'Object Repository/ConventionsPageAdmin/ZoomMeetingField'

2020-10-12 04:24:28 - [MESSAGE][PASSED] - Keys '5' sent to object: 'Object Repository/ConventionsPageAdmin/CapacityField'

2020-10-12 04:24:29 - [MESSAGE][PASSED] - Object: 'Object Repository/ConventionsPageAdmin/AssigneesDropDown' is clicked on

2020-10-12 04:24:34 - [MESSAGE][PASSED] - Delayed 5 second(s)

2020-10-12 04:24:34 - [MESSAGE][WARNING] - Timeout '0' is invalid. Using default page load timeout: '30'

2020-10-12 04:24:35 - [MESSAGE][PASSED] - Text of object 'Object Repository/ConventionsPageAdmin/selectDropSessions' is: 'T0
Test 0'

2020-10-12 04:24:35 - [MESSAGE][PASSED] - Object: 'Object Repository/ConventionsPageAdmin/selectDropSessions' is clicked on

2020-10-12 04:24:36 - [MESSAGE][PASSED] - Object: 'Object Repository/ConventionsPageAdmin/Add button of add assigne' is clicked on

2020-10-12 04:24:36 - [MESSAGE][PASSED] - Object: 'Object Repository/ConventionsPageAdmin/upload photo' is clicked on

2020-10-12 04:24:37 - [MESSAGE][PASSED] - File 'E:\CopyOfVisitDaysTests\studentimg.jpg' sent to object: 'Object Repository/ConventionsPageAdmin/BrowsePhotoAddress'

2020-10-12 04:24:38 - [MESSAGE][PASSED] - Object: 'Object Repository/ConventionsPageAdmin/ApplybuttoninPhotoUpload' is clicked on

2020-10-12 04:24:38 - [MESSAGE][PASSED] - Object: 'Object Repository/ConventionsPageAdmin/SaveButton' is clicked on

2020-10-12 04:24:43 - [MESSAGE][PASSED] - Delayed 5 second(s)

2020-10-12 04:24:43 - [MESSAGE][PASSED] - com.CommonUtilities.CreateLiveSession.enterZoomIdAndAddAssigne is PASSED

2020-10-12 04:24:43 - [TEST_STEP][PASSED] - com.CommonUtilities.LoginAsDifferentUserPermissions.NavigateToNacacHomePage(): com.CommonUtilities.LoginAsDifferentUserPermissions.NavigateToNacacHomePage is PASSED

2020-10-12 04:24:45 - [MESSAGE][PASSED] - Navigate to 'https://nacac-charizard.visitdays.vercel.app/events' successfully

2020-10-12 04:24:46 - [MESSAGE][WARNING] - Timeout '0' is invalid. Using default page load timeout: '30'

2020-10-12 04:24:47 - [MESSAGE][PASSED] - Object 'Object Repository/NacacStudentApp/HomePageElements/UpcomingOptionInHomePage' is present

2020-10-12 04:24:47 - [MESSAGE][PASSED] - com.CommonUtilities.LoginAsDifferentUserPermissions.NavigateToNacacHomePage is PASSED

2020-10-12 04:24:47 - [TEST_STEP][PASSED] - click(findTestObject("NacacStudentApp/HomePageElements/SelectConventionInHomePage", ["Name":conventionName])): Object: 'Object Repository/NacacStudentApp/HomePageElements/SelectConventionInHomePage' is clicked on

2020-10-12 04:24:48 - [MESSAGE][PASSED] - Object: 'Object Repository/NacacStudentApp/HomePageElements/SelectConventionInHomePage' is clicked on

2020-10-12 04:24:48 - [TEST_STEP][PASSED] - waitForElementClickable(findTestObject("Object Repository/NacacStudentApp/HomePageElements/LiveSessionsTab"), 0): Object 'Object Repository/NacacStudentApp/HomePageElements/LiveSessionsTab' is clickable

2020-10-12 04:24:48 - [MESSAGE][WARNING] - Timeout '0' is invalid. Using default page load timeout: '30'

2020-10-12 04:24:49 - [MESSAGE][PASSED] - Object 'Object Repository/NacacStudentApp/HomePageElements/LiveSessionsTab' is clickable

2020-10-12 04:24:49 - [TEST_STEP][PASSED] - element = findWebElement(findTestObject("Object Repository/NacacStudentApp/HomePageElements/LiveSessionsTab"), 0): Timeout '0' is invalid. Using default page load timeout: '30'

2020-10-12 04:24:49 - [MESSAGE][WARNING] - Timeout '0' is invalid. Using default page load timeout: '30'

2020-10-12 04:24:50 - [TEST_STEP][PASSED] - executeJavaScript("arguments[0].click()", Arrays.asList(element)): Execute JavaScript 'arguments[0].click()' successfully

2020-10-12 04:24:50 - [MESSAGE][PASSED] - Execute JavaScript 'arguments[0].click()' successfully

2020-10-12 04:24:50 - [TEST_STEP][PASSED] - waitForPageLoad(0): Wait for page load successfully

2020-10-12 04:24:50 - [MESSAGE][WARNING] - Timeout '0' is invalid. Using default page load timeout: '30'

2020-10-12 04:24:50 - [MESSAGE][PASSED] - Wait for page load successfully

2020-10-12 04:24:50 - [TEST_STEP][PASSED] - scrollToElement(findTestObject("Object Repository/NacacStudentApp/HomePageElements/LoadMoreButton"), 5, OPTIONAL): Unable to scroll to object 'Object Repository/NacacStudentApp/HomePageElements/LoadMoreButton' (Root cause: com.kms.katalon.core.exception.StepFailedException: Unable to scroll to object 'Object Repository/NacacStudentApp/HomePageElements/LoadMoreButton'
	at com.kms.katalon.core.webui.keyword.internal.WebUIKeywordMain.stepFailed(WebUIKeywordMain.groovy:64)
	at com.kms.katalon.core.webui.keyword.internal.WebUIKeywordMain.runKeyword(WebUIKeywordMain.groovy:26)
	at com.kms.katalon.core.webui.keyword.builtin.ScrollToElementKeyword.scrollToElement(ScrollToElementKeyword.groovy:88)
	at com.kms.katalon.core.webui.keyword.builtin.ScrollToElementKeyword.execute(ScrollToElementKeyword.groovy:68)
	at com.kms.katalon.core.keyword.internal.KeywordExecutor.executeKeywordForPlatform(KeywordExecutor.groovy:73)
	at com.kms.katalon.core.webui.keyword.WebUiBuiltInKeywords.scrollToElement(WebUiBuiltInKeywords.groovy:3418)
	at com.kms.katalon.core.webui.keyword.WebUiBuiltInKeywords$scrollToElement$15.call(Unknown Source)
	at CreateLiveSessionAndVerifyInStudentApp.run(CreateLiveSessionAndVerifyInStudentApp:49)
	at com.kms.katalon.core.main.ScriptEngine.run(ScriptEngine.java:194)
	at com.kms.katalon.core.main.ScriptEngine.runScriptAsRawText(ScriptEngine.java:119)
	at com.kms.katalon.core.main.TestCaseExecutor.runScript(TestCaseExecutor.java:339)
	at com.kms.katalon.core.main.TestCaseExecutor.doExecute(TestCaseExecutor.java:330)
	at com.kms.katalon.core.main.TestCaseExecutor.processExecutionPhase(TestCaseExecutor.java:309)
	at com.kms.katalon.core.main.TestCaseExecutor.accessMainPhase(TestCaseExecutor.java:301)
	at com.kms.katalon.core.main.TestCaseExecutor.execute(TestCaseExecutor.java:235)
	at com.kms.katalon.core.main.TestSuiteExecutor.accessTestCaseMainPhase(TestSuiteExecutor.java:191)
	at com.kms.katalon.core.main.TestSuiteExecutor.accessTestSuiteMainPhase(TestSuiteExecutor.java:141)
	at com.kms.katalon.core.main.TestSuiteExecutor.execute(TestSuiteExecutor.java:90)
	at com.kms.katalon.core.main.TestCaseMain.startTestSuite(TestCaseMain.java:157)
	at com.kms.katalon.core.main.TestCaseMain$startTestSuite$0.call(Unknown Source)
	at TempTestSuite1602490771550.run(TempTestSuite1602490771550.groovy:39)
Caused by: com.kms.katalon.core.webui.exception.WebElementNotFoundException: Web element with id: 'Object Repository/NacacStudentApp/HomePageElements/LoadMoreButton' located by '//button//span[text()="Load More"]' not found
	at com.kms.katalon.core.webui.common.WebUiCommonHelper.findWebElement(WebUiCommonHelper.java:1368)
	at com.kms.katalon.core.webui.keyword.internal.WebUIAbstractKeyword.findWebElement(WebUIAbstractKeyword.groovy:27)
	at com.kms.katalon.core.webui.keyword.internal.WebUIAbstractKeyword.findWebElement(WebUIAbstractKeyword.groovy:26)
	at com.kms.katalon.core.webui.keyword.builtin.ScrollToElementKeyword$_scrollToElement_closure1.doCall(ScrollToElementKeyword.groovy:79)
	at com.kms.katalon.core.webui.keyword.builtin.ScrollToElementKeyword$_scrollToElement_closure1.call(ScrollToElementKeyword.groovy)
	at com.kms.katalon.core.webui.keyword.internal.WebUIKeywordMain.runKeyword(WebUIKeywordMain.groovy:20)
	at com.kms.katalon.core.webui.keyword.builtin.ScrollToElementKeyword.scrollToElement(ScrollToElementKeyword.groovy:88)
	at com.kms.katalon.core.webui.keyword.builtin.ScrollToElementKeyword.execute(ScrollToElementKeyword.groovy:68)
	at com.kms.katalon.core.keyword.internal.KeywordExecutor.executeKeywordForPlatform(KeywordExecutor.groovy:73)
	at com.kms.katalon.core.webui.keyword.WebUiBuiltInKeywords.scrollToElement(WebUiBuiltInKeywords.groovy:3418)
	at com.kms.katalon.core.webui.keyword.WebUiBuiltInKeywords$scrollToElement$15.call(Unknown Source)
	at Script1598510046309.run(Script1598510046309.groovy:49)
	... 13 more
)

2020-10-12 04:25:21 - [MESSAGE][INFO] - Unable to find the element located by 'By.xpath: //button//span[text()="Load More"]'. Please recheck the objects properties to make sure the desired element is located. 

2020-10-12 04:25:22 - [MESSAGE][WARNING] - Unable to scroll to object 'Object Repository/NacacStudentApp/HomePageElements/LoadMoreButton' (Root cause: com.kms.katalon.core.exception.StepFailedException: Unable to scroll to object 'Object Repository/NacacStudentApp/HomePageElements/LoadMoreButton'
	at com.kms.katalon.core.webui.keyword.internal.WebUIKeywordMain.stepFailed(WebUIKeywordMain.groovy:64)
	at com.kms.katalon.core.webui.keyword.internal.WebUIKeywordMain.runKeyword(WebUIKeywordMain.groovy:26)
	at com.kms.katalon.core.webui.keyword.builtin.ScrollToElementKeyword.scrollToElement(ScrollToElementKeyword.groovy:88)
	at com.kms.katalon.core.webui.keyword.builtin.ScrollToElementKeyword.execute(ScrollToElementKeyword.groovy:68)
	at com.kms.katalon.core.keyword.internal.KeywordExecutor.executeKeywordForPlatform(KeywordExecutor.groovy:73)
	at com.kms.katalon.core.webui.keyword.WebUiBuiltInKeywords.scrollToElement(WebUiBuiltInKeywords.groovy:3418)
	at com.kms.katalon.core.webui.keyword.WebUiBuiltInKeywords$scrollToElement$15.call(Unknown Source)
	at CreateLiveSessionAndVerifyInStudentApp.run(CreateLiveSessionAndVerifyInStudentApp:49)
	at com.kms.katalon.core.main.ScriptEngine.run(ScriptEngine.java:194)
	at com.kms.katalon.core.main.ScriptEngine.runScriptAsRawText(ScriptEngine.java:119)
	at com.kms.katalon.core.main.TestCaseExecutor.runScript(TestCaseExecutor.java:339)
	at com.kms.katalon.core.main.TestCaseExecutor.doExecute(TestCaseExecutor.java:330)
	at com.kms.katalon.core.main.TestCaseExecutor.processExecutionPhase(TestCaseExecutor.java:309)
	at com.kms.katalon.core.main.TestCaseExecutor.accessMainPhase(TestCaseExecutor.java:301)
	at com.kms.katalon.core.main.TestCaseExecutor.execute(TestCaseExecutor.java:235)
	at com.kms.katalon.core.main.TestSuiteExecutor.accessTestCaseMainPhase(TestSuiteExecutor.java:191)
	at com.kms.katalon.core.main.TestSuiteExecutor.accessTestSuiteMainPhase(TestSuiteExecutor.java:141)
	at com.kms.katalon.core.main.TestSuiteExecutor.execute(TestSuiteExecutor.java:90)
	at com.kms.katalon.core.main.TestCaseMain.startTestSuite(TestCaseMain.java:157)
	at com.kms.katalon.core.main.TestCaseMain$startTestSuite$0.call(Unknown Source)
	at TempTestSuite1602490771550.run(TempTestSuite1602490771550.groovy:39)
Caused by: com.kms.katalon.core.webui.exception.WebElementNotFoundException: Web element with id: 'Object Repository/NacacStudentApp/HomePageElements/LoadMoreButton' located by '//button//span[text()="Load More"]' not found
	at com.kms.katalon.core.webui.common.WebUiCommonHelper.findWebElement(WebUiCommonHelper.java:1368)
	at com.kms.katalon.core.webui.keyword.internal.WebUIAbstractKeyword.findWebElement(WebUIAbstractKeyword.groovy:27)
	at com.kms.katalon.core.webui.keyword.internal.WebUIAbstractKeyword.findWebElement(WebUIAbstractKeyword.groovy:26)
	at com.kms.katalon.core.webui.keyword.builtin.ScrollToElementKeyword$_scrollToElement_closure1.doCall(ScrollToElementKeyword.groovy:79)
	at com.kms.katalon.core.webui.keyword.builtin.ScrollToElementKeyword$_scrollToElement_closure1.call(ScrollToElementKeyword.groovy)
	at com.kms.katalon.core.webui.keyword.internal.WebUIKeywordMain.runKeyword(WebUIKeywordMain.groovy:20)
	at com.kms.katalon.core.webui.keyword.builtin.ScrollToElementKeyword.scrollToElement(ScrollToElementKeyword.groovy:88)
	at com.kms.katalon.core.webui.keyword.builtin.ScrollToElementKeyword.execute(ScrollToElementKeyword.groovy:68)
	at com.kms.katalon.core.keyword.internal.KeywordExecutor.executeKeywordForPlatform(KeywordExecutor.groovy:73)
	at com.kms.katalon.core.webui.keyword.WebUiBuiltInKeywords.scrollToElement(WebUiBuiltInKeywords.groovy:3418)
	at com.kms.katalon.core.webui.keyword.WebUiBuiltInKeywords$scrollToElement$15.call(Unknown Source)
	at Script1598510046309.run(Script1598510046309.groovy:49)
	... 13 more
)
[[ATTACHMENT|E:\\CopyOfVisitDaysTests\\Reports\\20201012_041931\\NACAC\\20201012_041931\\1602491121634.png]]

2020-10-12 04:25:22 - [TEST_STEP][PASSED] - if (verifyElementPresent(findTestObject("Object Repository/NacacStudentApp/HomePageElements/LoadMoreButton"), 5, OPTIONAL)): com.kms.katalon.core.webui.exception.WebElementNotFoundException: Web element with id: 'Object Repository/NacacStudentApp/HomePageElements/LoadMoreButton' located by '//button//span[text()="Load More"]' not found (Root cause: com.kms.katalon.core.exception.StepFailedException: com.kms.katalon.core.webui.exception.WebElementNotFoundException: Web element with id: 'Object Repository/NacacStudentApp/HomePageElements/LoadMoreButton' located by '//button//span[text()="Load More"]' not found
	at com.kms.katalon.core.webui.keyword.internal.WebUIKeywordMain.stepFailed(WebUIKeywordMain.groovy:64)
	at com.kms.katalon.core.webui.keyword.builtin.VerifyElementPresentKeyword$_verifyElementPresent_closure1.doCall(VerifyElementPresentKeyword.groovy:85)
	at com.kms.katalon.core.webui.keyword.builtin.VerifyElementPresentKeyword$_verifyElementPresent_closure1.call(VerifyElementPresentKeyword.groovy)
	at com.kms.katalon.core.webui.keyword.internal.WebUIKeywordMain.runKeyword(WebUIKeywordMain.groovy:20)
	at com.kms.katalon.core.webui.keyword.builtin.VerifyElementPresentKeyword.verifyElementPresent(VerifyElementPresentKeyword.groovy:92)
	at com.kms.katalon.core.webui.keyword.builtin.VerifyElementPresentKeyword.execute(VerifyElementPresentKeyword.groovy:68)
	at com.kms.katalon.core.keyword.internal.KeywordExecutor.executeKeywordForPlatform(KeywordExecutor.groovy:73)
	at com.kms.katalon.core.webui.keyword.WebUiBuiltInKeywords.verifyElementPresent(WebUiBuiltInKeywords.groovy:1445)
	at com.kms.katalon.core.webui.keyword.WebUiBuiltInKeywords$verifyElementPresent$7.call(Unknown Source)
	at CreateLiveSessionAndVerifyInStudentApp.run(CreateLiveSessionAndVerifyInStudentApp:51)
	at com.kms.katalon.core.main.ScriptEngine.run(ScriptEngine.java:194)
	at com.kms.katalon.core.main.ScriptEngine.runScriptAsRawText(ScriptEngine.java:119)
	at com.kms.katalon.core.main.TestCaseExecutor.runScript(TestCaseExecutor.java:339)
	at com.kms.katalon.core.main.TestCaseExecutor.doExecute(TestCaseExecutor.java:330)
	at com.kms.katalon.core.main.TestCaseExecutor.processExecutionPhase(TestCaseExecutor.java:309)
	at com.kms.katalon.core.main.TestCaseExecutor.accessMainPhase(TestCaseExecutor.java:301)
	at com.kms.katalon.core.main.TestCaseExecutor.execute(TestCaseExecutor.java:235)
	at com.kms.katalon.core.main.TestSuiteExecutor.accessTestCaseMainPhase(TestSuiteExecutor.java:191)
	at com.kms.katalon.core.main.TestSuiteExecutor.accessTestSuiteMainPhase(TestSuiteExecutor.java:141)
	at com.kms.katalon.core.main.TestSuiteExecutor.execute(TestSuiteExecutor.java:90)
	at com.kms.katalon.core.main.TestCaseMain.startTestSuite(TestCaseMain.java:157)
	at com.kms.katalon.core.main.TestCaseMain$startTestSuite$0.call(Unknown Source)
	at TempTestSuite1602490771550.run(TempTestSuite1602490771550.groovy:39)
)

2020-10-12 04:25:28 - [MESSAGE][INFO] - Unable to find the element located by 'By.xpath: //button//span[text()="Load More"]'. Please recheck the objects properties to make sure the desired element is located. 

2020-10-12 04:25:28 - [MESSAGE][WARNING] - com.kms.katalon.core.webui.exception.WebElementNotFoundException: Web element with id: 'Object Repository/NacacStudentApp/HomePageElements/LoadMoreButton' located by '//button//span[text()="Load More"]' not found (Root cause: com.kms.katalon.core.exception.StepFailedException: com.kms.katalon.core.webui.exception.WebElementNotFoundException: Web element with id: 'Object Repository/NacacStudentApp/HomePageElements/LoadMoreButton' located by '//button//span[text()="Load More"]' not found
	at com.kms.katalon.core.webui.keyword.internal.WebUIKeywordMain.stepFailed(WebUIKeywordMain.groovy:64)
	at com.kms.katalon.core.webui.keyword.builtin.VerifyElementPresentKeyword$_verifyElementPresent_closure1.doCall(VerifyElementPresentKeyword.groovy:85)
	at com.kms.katalon.core.webui.keyword.builtin.VerifyElementPresentKeyword$_verifyElementPresent_closure1.call(VerifyElementPresentKeyword.groovy)
	at com.kms.katalon.core.webui.keyword.internal.WebUIKeywordMain.runKeyword(WebUIKeywordMain.groovy:20)
	at com.kms.katalon.core.webui.keyword.builtin.VerifyElementPresentKeyword.verifyElementPresent(VerifyElementPresentKeyword.groovy:92)
	at com.kms.katalon.core.webui.keyword.builtin.VerifyElementPresentKeyword.execute(VerifyElementPresentKeyword.groovy:68)
	at com.kms.katalon.core.keyword.internal.KeywordExecutor.executeKeywordForPlatform(KeywordExecutor.groovy:73)
	at com.kms.katalon.core.webui.keyword.WebUiBuiltInKeywords.verifyElementPresent(WebUiBuiltInKeywords.groovy:1445)
	at com.kms.katalon.core.webui.keyword.WebUiBuiltInKeywords$verifyElementPresent$7.call(Unknown Source)
	at CreateLiveSessionAndVerifyInStudentApp.run(CreateLiveSessionAndVerifyInStudentApp:51)
	at com.kms.katalon.core.main.ScriptEngine.run(ScriptEngine.java:194)
	at com.kms.katalon.core.main.ScriptEngine.runScriptAsRawText(ScriptEngine.java:119)
	at com.kms.katalon.core.main.TestCaseExecutor.runScript(TestCaseExecutor.java:339)
	at com.kms.katalon.core.main.TestCaseExecutor.doExecute(TestCaseExecutor.java:330)
	at com.kms.katalon.core.main.TestCaseExecutor.processExecutionPhase(TestCaseExecutor.java:309)
	at com.kms.katalon.core.main.TestCaseExecutor.accessMainPhase(TestCaseExecutor.java:301)
	at com.kms.katalon.core.main.TestCaseExecutor.execute(TestCaseExecutor.java:235)
	at com.kms.katalon.core.main.TestSuiteExecutor.accessTestCaseMainPhase(TestSuiteExecutor.java:191)
	at com.kms.katalon.core.main.TestSuiteExecutor.accessTestSuiteMainPhase(TestSuiteExecutor.java:141)
	at com.kms.katalon.core.main.TestSuiteExecutor.execute(TestSuiteExecutor.java:90)
	at com.kms.katalon.core.main.TestCaseMain.startTestSuite(TestCaseMain.java:157)
	at com.kms.katalon.core.main.TestCaseMain$startTestSuite$0.call(Unknown Source)
	at TempTestSuite1602490771550.run(TempTestSuite1602490771550.groovy:39)
)
[[ATTACHMENT|E:\\CopyOfVisitDaysTests\\Reports\\20201012_041931\\NACAC\\20201012_041931\\1602491128310.png]]

2020-10-12 04:25:28 - [TEST_STEP][PASSED] - if (!(verifyElementPresent(findTestObject("Object Repository/NacacStudentApp/HomePageElements/LiveSessionInStudentApp", ["createdSession":meetname]), 10, OPTIONAL))): Object 'Object Repository/NacacStudentApp/HomePageElements/LiveSessionInStudentApp' is present

2020-10-12 04:25:29 - [MESSAGE][PASSED] - Object 'Object Repository/NacacStudentApp/HomePageElements/LiveSessionInStudentApp' is present]]></system-out>
         <system-err><![CDATA[]]></system-err>
      </testcase>
      <testcase name="Test Cases/Conventions/CreateMeetingAndVerifyInStudentApp" time="137.325" classname="Test Cases/Conventions/CreateMeetingAndVerifyInStudentApp" status="PASSED">
         <system-out><![CDATA[2020-10-12 04:25:31 - [TEST_CASE][PASSED] - Test Cases/Conventions/CreateMeetingAndVerifyInStudentApp: Test Cases/Conventions/CreateMeetingAndVerifyInStudentApp

2020-10-12 04:25:31 - [TEST_STEP][PASSED] - com.CommonUtilities.LoginAsDifferentUserPermissions.NavigateToHomePage(): com.CommonUtilities.LoginAsDifferentUserPermissions.NavigateToHomePage is PASSED

2020-10-12 04:25:33 - [MESSAGE][PASSED] - Navigate to 'https://charizard-admin.visitdays.com/' successfully

2020-10-12 04:25:33 - [MESSAGE][WARNING] - Timeout '0' is invalid. Using default page load timeout: '30'

2020-10-12 04:25:36 - [MESSAGE][PASSED] - Object 'Object Repository/HomePageElements/ProfileAvatar' is present

2020-10-12 04:25:36 - [MESSAGE][WARNING] - Timeout '0' is invalid. Using default page load timeout: '30'

2020-10-12 04:25:36 - [MESSAGE][PASSED] - Object 'Object Repository/HomePageElements/SchoolProdoutNav' is present

2020-10-12 04:25:36 - [MESSAGE][PASSED] - Object: 'Object Repository/HomePageElements/SchoolProdoutNav' is clicked on

2020-10-12 04:25:36 - [MESSAGE][PASSED] - com.CommonUtilities.LoginAsDifferentUserPermissions.NavigateToHomePage is PASSED

2020-10-12 04:25:36 - [TEST_STEP][PASSED] - institutionName = com.CommonUtilities.GetInstitutionName.getInstitutionNameFromAdminApp(): com.CommonUtilities.GetInstitutionName.getInstitutionNameFromAdminApp is PASSED

2020-10-12 04:25:38 - [MESSAGE][PASSED] - Navigate to 'https://charizard-admin.visitdays.com/' successfully

2020-10-12 04:25:38 - [MESSAGE][WARNING] - Timeout '0' is invalid. Using default page load timeout: '30'

2020-10-12 04:25:38 - [MESSAGE][PASSED] - Wait for page load successfully

2020-10-12 04:25:41 - [MESSAGE][PASSED] - Text of object 'Object Repository/ConventionsPageAdmin/SelectInstitutionName' is: 'BB Testing
swap_horiz'

2020-10-12 04:25:41 - [MESSAGE][PASSED] - com.CommonUtilities.GetInstitutionName.getInstitutionNameFromAdminApp is PASSED

2020-10-12 04:25:41 - [TEST_STEP][PASSED] - conventionName = com.CommonUtilities.CreateMeeting.getConvention(): com.CommonUtilities.CreateMeeting.getConvention is PASSED

2020-10-12 04:25:44 - [MESSAGE][PASSED] - Object: 'Object Repository/HomePageElements/PersonIcon' is clicked on

2020-10-12 04:25:44 - [MESSAGE][PASSED] - Object: 'Object Repository/HomePageElements/NacacConventionslink' is clicked on

2020-10-12 04:25:51 - [MESSAGE][PASSED] - Object: 'Object Repository/ConventionsPageAdmin/Conventionsleftnav' is clicked on

2020-10-12 04:25:52 - [MESSAGE][PASSED] - Object: 'Object Repository/ConventionsPageAdmin/LiveSessionleftNavInSubMenu' is clicked on

2020-10-12 04:25:53 - [MESSAGE][PASSED] - Object: 'Object Repository/ConventionsPageAdmin/CreateButtonInLiveSessions' is clicked on

2020-10-12 04:25:53 - [MESSAGE][PASSED] - Wait for page load successfully

2020-10-12 04:25:54 - [MESSAGE][PASSED] - Text of object 'Object Repository/ConventionsPageAdmin/getNameOfFirstConvention' is: 'June In Progress Demo'

2020-10-12 04:25:54 - [MESSAGE][PASSED] - com.CommonUtilities.CreateMeeting.getConvention is PASSED

2020-10-12 04:25:54 - [TEST_STEP][PASSED] - assigneeName = com.CommonUtilities.CreateMeeting.enterMeetingDetailsAndTime(): com.CommonUtilities.CreateMeeting.enterMeetingDetailsAndTime is PASSED

2020-10-12 04:25:54 - [MESSAGE][PASSED] - Object: 'Object Repository/ConventionsPageAdmin/MeetingsLeftNav' is clicked on

2020-10-12 04:25:54 - [MESSAGE][PASSED] - Wait for page load successfully

2020-10-12 04:25:59 - [MESSAGE][PASSED] - Object: 'Object Repository/ConventionsPageAdmin/AddAvailabilityButton' is clicked on

2020-10-12 04:26:00 - [MESSAGE][PASSED] - Object: 'Object Repository/ConventionsPageAdmin/AssigneeDropDownButtonInMeetings' is clicked on

2020-10-12 04:26:00 - [MESSAGE][WARNING] - Timeout '0' is invalid. Using default page load timeout: '30'

2020-10-12 04:26:01 - [MESSAGE][PASSED] - Text of object 'Object Repository/ConventionsPageAdmin/selectdrop' is: 'T2
T 23'

2020-10-12 04:26:12 - [MESSAGE][INFO] - Unable to find the element located by 'By.xpath: (//li[@role="option"]//span[@class="conventions-meeting-availability-form__assign-relationship-item"])[5]//img'. Please recheck the objects properties to make sure the desired element is located. 

2020-10-12 04:26:13 - [MESSAGE][WARNING] - com.kms.katalon.core.webui.exception.WebElementNotFoundException: Web element with id: 'Object Repository/ConventionsPageAdmin/SelectDropImg' located by '(//li[@role="option"]//span[@class="conventions-meeting-availability-form__assign-relationship-item"])[5]//img' not found (Root cause: com.kms.katalon.core.exception.StepFailedException: com.kms.katalon.core.webui.exception.WebElementNotFoundException: Web element with id: 'Object Repository/ConventionsPageAdmin/SelectDropImg' located by '(//li[@role="option"]//span[@class="conventions-meeting-availability-form__assign-relationship-item"])[5]//img' not found
	at com.kms.katalon.core.webui.keyword.internal.WebUIKeywordMain.stepFailed(WebUIKeywordMain.groovy:64)
	at com.kms.katalon.core.webui.keyword.builtin.VerifyElementPresentKeyword$_verifyElementPresent_closure1.doCall(VerifyElementPresentKeyword.groovy:85)
	at com.kms.katalon.core.webui.keyword.builtin.VerifyElementPresentKeyword$_verifyElementPresent_closure1.call(VerifyElementPresentKeyword.groovy)
	at com.kms.katalon.core.webui.keyword.internal.WebUIKeywordMain.runKeyword(WebUIKeywordMain.groovy:20)
	at com.kms.katalon.core.webui.keyword.builtin.VerifyElementPresentKeyword.verifyElementPresent(VerifyElementPresentKeyword.groovy:92)
	at com.kms.katalon.core.webui.keyword.builtin.VerifyElementPresentKeyword.execute(VerifyElementPresentKeyword.groovy:68)
	at com.kms.katalon.core.keyword.internal.KeywordExecutor.executeKeywordForPlatform(KeywordExecutor.groovy:73)
	at com.kms.katalon.core.webui.keyword.WebUiBuiltInKeywords.verifyElementPresent(WebUiBuiltInKeywords.groovy:1445)
	at com.kms.katalon.core.webui.keyword.WebUiBuiltInKeywords$verifyElementPresent$7.call(Unknown Source)
	at com.CommonUtilities.CreateMeeting.enterMeetingDetailsAndTime(CreateMeeting.groovy:110)
	at com.CommonUtilities.CreateMeeting.invokeMethod(CreateMeeting.groovy)
	at com.kms.katalon.core.main.CustomKeywordDelegatingMetaClass.invokeStaticMethod(CustomKeywordDelegatingMetaClass.java:50)
	at CreateMeetingAndVerifyInStudentApp.run(CreateMeetingAndVerifyInStudentApp:28)
	at com.kms.katalon.core.main.ScriptEngine.run(ScriptEngine.java:194)
	at com.kms.katalon.core.main.ScriptEngine.runScriptAsRawText(ScriptEngine.java:119)
	at com.kms.katalon.core.main.TestCaseExecutor.runScript(TestCaseExecutor.java:339)
	at com.kms.katalon.core.main.TestCaseExecutor.doExecute(TestCaseExecutor.java:330)
	at com.kms.katalon.core.main.TestCaseExecutor.processExecutionPhase(TestCaseExecutor.java:309)
	at com.kms.katalon.core.main.TestCaseExecutor.accessMainPhase(TestCaseExecutor.java:301)
	at com.kms.katalon.core.main.TestCaseExecutor.execute(TestCaseExecutor.java:235)
	at com.kms.katalon.core.main.TestSuiteExecutor.accessTestCaseMainPhase(TestSuiteExecutor.java:191)
	at com.kms.katalon.core.main.TestSuiteExecutor.accessTestSuiteMainPhase(TestSuiteExecutor.java:141)
	at com.kms.katalon.core.main.TestSuiteExecutor.execute(TestSuiteExecutor.java:90)
	at com.kms.katalon.core.main.TestCaseMain.startTestSuite(TestCaseMain.java:157)
	at com.kms.katalon.core.main.TestCaseMain$startTestSuite$0.call(Unknown Source)
	at TempTestSuite1602490771550.run(TempTestSuite1602490771550.groovy:39)
)
[[ATTACHMENT|E:\\CopyOfVisitDaysTests\\Reports\\20201012_041931\\NACAC\\20201012_041931\\1602491172845.png]]

2020-10-12 04:26:13 - [MESSAGE][PASSED] - Object: 'Object Repository/ConventionsPageAdmin/selectdrop' is clicked on

2020-10-12 04:26:19 - [MESSAGE][PASSED] - Delayed 6 second(s)

2020-10-12 04:26:20 - [MESSAGE][PASSED] - Keys '10/12/2020' sent to object: 'Object Repository/ConventionsPageAdmin/MeetingDateTextField'

2020-10-12 04:26:20 - [MESSAGE][PASSED] - Object: 'Object Repository/ConventionsPageAdmin/StartTimeInMeetings' is clicked on

2020-10-12 04:26:20 - [MESSAGE][PASSED] - Keys '11' sent to object: 'Object Repository/ConventionsPageAdmin/StartTimeInMeetings'

2020-10-12 04:26:21 - [MESSAGE][PASSED] - Keys '15' sent to object: 'Object Repository/ConventionsPageAdmin/StartTimeInMeetings'

2020-10-12 04:26:21 - [MESSAGE][PASSED] - Keys 'p' sent to object: 'Object Repository/ConventionsPageAdmin/StartTimeInMeetings'

2020-10-12 04:26:22 - [MESSAGE][PASSED] - Object: 'Object Repository/ConventionsPageAdmin/EndTimeInMeetings' is clicked on

2020-10-12 04:26:22 - [MESSAGE][PASSED] - Keys '11' sent to object: 'Object Repository/ConventionsPageAdmin/EndTimeInMeetings'

2020-10-12 04:26:22 - [MESSAGE][PASSED] - Keys '45' sent to object: 'Object Repository/ConventionsPageAdmin/EndTimeInMeetings'

2020-10-12 04:26:23 - [MESSAGE][PASSED] - Keys 'p' sent to object: 'Object Repository/ConventionsPageAdmin/EndTimeInMeetings'

2020-10-12 04:26:23 - [MESSAGE][PASSED] - com.CommonUtilities.CreateMeeting.enterMeetingDetailsAndTime is PASSED

2020-10-12 04:26:23 - [TEST_STEP][PASSED] - zoomId = com.CommonUtilities.CreateMeeting.enterZoomId(): com.CommonUtilities.CreateMeeting.enterZoomId is PASSED

2020-10-12 04:26:23 - [MESSAGE][PASSED] - Keys 'https://zoom.us/j/12345678' sent to object: 'Object Repository/ConventionsPageAdmin/ZoomInputFieldInMeetings'

2020-10-12 04:26:24 - [MESSAGE][PASSED] - Object: 'Object Repository/ConventionsPageAdmin/SaveButtonInMeetings' is clicked on

2020-10-12 04:26:31 - [MESSAGE][PASSED] - Delayed 7 second(s)

2020-10-12 04:26:31 - [MESSAGE][PASSED] - com.CommonUtilities.CreateMeeting.enterZoomId is PASSED

2020-10-12 04:26:31 - [TEST_STEP][PASSED] - dateDropDown = com.CommonUtilities.CreateMeeting.selectDateDropDownFormat(): com.CommonUtilities.CreateMeeting.selectDateDropDownFormat is PASSED

2020-10-12 04:26:31 - [MESSAGE][PASSED] - com.CommonUtilities.CreateMeeting.selectDateDropDownFormat is PASSED

2020-10-12 04:26:31 - [TEST_STEP][PASSED] - com.CommonUtilities.LoginAsDifferentUserPermissions.NavigateToNacacHomePage(): com.CommonUtilities.LoginAsDifferentUserPermissions.NavigateToNacacHomePage is PASSED

2020-10-12 04:26:33 - [MESSAGE][PASSED] - Navigate to 'https://nacac-charizard.visitdays.vercel.app/events' successfully

2020-10-12 04:26:33 - [MESSAGE][WARNING] - Timeout '0' is invalid. Using default page load timeout: '30'

2020-10-12 04:26:35 - [MESSAGE][PASSED] - Object 'Object Repository/NacacStudentApp/HomePageElements/UpcomingOptionInHomePage' is present

2020-10-12 04:26:35 - [MESSAGE][PASSED] - com.CommonUtilities.LoginAsDifferentUserPermissions.NavigateToNacacHomePage is PASSED

2020-10-12 04:26:35 - [TEST_STEP][PASSED] - click(findTestObject("NacacStudentApp/HomePageElements/SelectConventionInHomePage", ["Name":conventionName])): Object: 'Object Repository/NacacStudentApp/HomePageElements/SelectConventionInHomePage' is clicked on

2020-10-12 04:26:36 - [MESSAGE][PASSED] - Object: 'Object Repository/NacacStudentApp/HomePageElements/SelectConventionInHomePage' is clicked on

2020-10-12 04:26:36 - [TEST_STEP][PASSED] - delay(5): Delayed 5 second(s)

2020-10-12 04:26:41 - [MESSAGE][PASSED] - Delayed 5 second(s)

2020-10-12 04:26:41 - [TEST_STEP][PASSED] - element = findWebElement(findTestObject("NacacStudentApp/HomePageElements/CollegesTabInExhibitorsPage"), 0): Timeout '0' is invalid. Using default page load timeout: '30'

2020-10-12 04:26:41 - [MESSAGE][WARNING] - Timeout '0' is invalid. Using default page load timeout: '30'

2020-10-12 04:26:41 - [TEST_STEP][PASSED] - executeJavaScript("arguments[0].click()", Arrays.asList(element)): Execute JavaScript 'arguments[0].click()' successfully

2020-10-12 04:26:41 - [MESSAGE][PASSED] - Execute JavaScript 'arguments[0].click()' successfully

2020-10-12 04:26:41 - [TEST_STEP][PASSED] - scrollToElement(findTestObject("Object Repository/NacacStudentApp/HomePageElements/LoadMoreButton"), 5, OPTIONAL): Unable to scroll to object 'Object Repository/NacacStudentApp/HomePageElements/LoadMoreButton' (Root cause: com.kms.katalon.core.exception.StepFailedException: Unable to scroll to object 'Object Repository/NacacStudentApp/HomePageElements/LoadMoreButton'
	at com.kms.katalon.core.webui.keyword.internal.WebUIKeywordMain.stepFailed(WebUIKeywordMain.groovy:64)
	at com.kms.katalon.core.webui.keyword.internal.WebUIKeywordMain.runKeyword(WebUIKeywordMain.groovy:26)
	at com.kms.katalon.core.webui.keyword.builtin.ScrollToElementKeyword.scrollToElement(ScrollToElementKeyword.groovy:88)
	at com.kms.katalon.core.webui.keyword.builtin.ScrollToElementKeyword.execute(ScrollToElementKeyword.groovy:68)
	at com.kms.katalon.core.keyword.internal.KeywordExecutor.executeKeywordForPlatform(KeywordExecutor.groovy:73)
	at com.kms.katalon.core.webui.keyword.WebUiBuiltInKeywords.scrollToElement(WebUiBuiltInKeywords.groovy:3418)
	at com.kms.katalon.core.webui.keyword.WebUiBuiltInKeywords$scrollToElement$15.call(Unknown Source)
	at CreateMeetingAndVerifyInStudentApp.run(CreateMeetingAndVerifyInStudentApp:45)
	at com.kms.katalon.core.main.ScriptEngine.run(ScriptEngine.java:194)
	at com.kms.katalon.core.main.ScriptEngine.runScriptAsRawText(ScriptEngine.java:119)
	at com.kms.katalon.core.main.TestCaseExecutor.runScript(TestCaseExecutor.java:339)
	at com.kms.katalon.core.main.TestCaseExecutor.doExecute(TestCaseExecutor.java:330)
	at com.kms.katalon.core.main.TestCaseExecutor.processExecutionPhase(TestCaseExecutor.java:309)
	at com.kms.katalon.core.main.TestCaseExecutor.accessMainPhase(TestCaseExecutor.java:301)
	at com.kms.katalon.core.main.TestCaseExecutor.execute(TestCaseExecutor.java:235)
	at com.kms.katalon.core.main.TestSuiteExecutor.accessTestCaseMainPhase(TestSuiteExecutor.java:191)
	at com.kms.katalon.core.main.TestSuiteExecutor.accessTestSuiteMainPhase(TestSuiteExecutor.java:141)
	at com.kms.katalon.core.main.TestSuiteExecutor.execute(TestSuiteExecutor.java:90)
	at com.kms.katalon.core.main.TestCaseMain.startTestSuite(TestCaseMain.java:157)
	at com.kms.katalon.core.main.TestCaseMain$startTestSuite$0.call(Unknown Source)
	at TempTestSuite1602490771550.run(TempTestSuite1602490771550.groovy:39)
Caused by: com.kms.katalon.core.webui.exception.WebElementNotFoundException: Web element with id: 'Object Repository/NacacStudentApp/HomePageElements/LoadMoreButton' located by '//button//span[text()="Load More"]' not found
	at com.kms.katalon.core.webui.common.WebUiCommonHelper.findWebElement(WebUiCommonHelper.java:1368)
	at com.kms.katalon.core.webui.keyword.internal.WebUIAbstractKeyword.findWebElement(WebUIAbstractKeyword.groovy:27)
	at com.kms.katalon.core.webui.keyword.internal.WebUIAbstractKeyword.findWebElement(WebUIAbstractKeyword.groovy:26)
	at com.kms.katalon.core.webui.keyword.builtin.ScrollToElementKeyword$_scrollToElement_closure1.doCall(ScrollToElementKeyword.groovy:79)
	at com.kms.katalon.core.webui.keyword.builtin.ScrollToElementKeyword$_scrollToElement_closure1.call(ScrollToElementKeyword.groovy)
	at com.kms.katalon.core.webui.keyword.internal.WebUIKeywordMain.runKeyword(WebUIKeywordMain.groovy:20)
	at com.kms.katalon.core.webui.keyword.builtin.ScrollToElementKeyword.scrollToElement(ScrollToElementKeyword.groovy:88)
	at com.kms.katalon.core.webui.keyword.builtin.ScrollToElementKeyword.execute(ScrollToElementKeyword.groovy:68)
	at com.kms.katalon.core.keyword.internal.KeywordExecutor.executeKeywordForPlatform(KeywordExecutor.groovy:73)
	at com.kms.katalon.core.webui.keyword.WebUiBuiltInKeywords.scrollToElement(WebUiBuiltInKeywords.groovy:3418)
	at com.kms.katalon.core.webui.keyword.WebUiBuiltInKeywords$scrollToElement$15.call(Unknown Source)
	at Script1598863471122.run(Script1598863471122.groovy:45)
	... 13 more
)

2020-10-12 04:27:12 - [MESSAGE][INFO] - Unable to find the element located by 'By.xpath: //button//span[text()="Load More"]'. Please recheck the objects properties to make sure the desired element is located. 

2020-10-12 04:27:13 - [MESSAGE][WARNING] - Unable to scroll to object 'Object Repository/NacacStudentApp/HomePageElements/LoadMoreButton' (Root cause: com.kms.katalon.core.exception.StepFailedException: Unable to scroll to object 'Object Repository/NacacStudentApp/HomePageElements/LoadMoreButton'
	at com.kms.katalon.core.webui.keyword.internal.WebUIKeywordMain.stepFailed(WebUIKeywordMain.groovy:64)
	at com.kms.katalon.core.webui.keyword.internal.WebUIKeywordMain.runKeyword(WebUIKeywordMain.groovy:26)
	at com.kms.katalon.core.webui.keyword.builtin.ScrollToElementKeyword.scrollToElement(ScrollToElementKeyword.groovy:88)
	at com.kms.katalon.core.webui.keyword.builtin.ScrollToElementKeyword.execute(ScrollToElementKeyword.groovy:68)
	at com.kms.katalon.core.keyword.internal.KeywordExecutor.executeKeywordForPlatform(KeywordExecutor.groovy:73)
	at com.kms.katalon.core.webui.keyword.WebUiBuiltInKeywords.scrollToElement(WebUiBuiltInKeywords.groovy:3418)
	at com.kms.katalon.core.webui.keyword.WebUiBuiltInKeywords$scrollToElement$15.call(Unknown Source)
	at CreateMeetingAndVerifyInStudentApp.run(CreateMeetingAndVerifyInStudentApp:45)
	at com.kms.katalon.core.main.ScriptEngine.run(ScriptEngine.java:194)
	at com.kms.katalon.core.main.ScriptEngine.runScriptAsRawText(ScriptEngine.java:119)
	at com.kms.katalon.core.main.TestCaseExecutor.runScript(TestCaseExecutor.java:339)
	at com.kms.katalon.core.main.TestCaseExecutor.doExecute(TestCaseExecutor.java:330)
	at com.kms.katalon.core.main.TestCaseExecutor.processExecutionPhase(TestCaseExecutor.java:309)
	at com.kms.katalon.core.main.TestCaseExecutor.accessMainPhase(TestCaseExecutor.java:301)
	at com.kms.katalon.core.main.TestCaseExecutor.execute(TestCaseExecutor.java:235)
	at com.kms.katalon.core.main.TestSuiteExecutor.accessTestCaseMainPhase(TestSuiteExecutor.java:191)
	at com.kms.katalon.core.main.TestSuiteExecutor.accessTestSuiteMainPhase(TestSuiteExecutor.java:141)
	at com.kms.katalon.core.main.TestSuiteExecutor.execute(TestSuiteExecutor.java:90)
	at com.kms.katalon.core.main.TestCaseMain.startTestSuite(TestCaseMain.java:157)
	at com.kms.katalon.core.main.TestCaseMain$startTestSuite$0.call(Unknown Source)
	at TempTestSuite1602490771550.run(TempTestSuite1602490771550.groovy:39)
Caused by: com.kms.katalon.core.webui.exception.WebElementNotFoundException: Web element with id: 'Object Repository/NacacStudentApp/HomePageElements/LoadMoreButton' located by '//button//span[text()="Load More"]' not found
	at com.kms.katalon.core.webui.common.WebUiCommonHelper.findWebElement(WebUiCommonHelper.java:1368)
	at com.kms.katalon.core.webui.keyword.internal.WebUIAbstractKeyword.findWebElement(WebUIAbstractKeyword.groovy:27)
	at com.kms.katalon.core.webui.keyword.internal.WebUIAbstractKeyword.findWebElement(WebUIAbstractKeyword.groovy:26)
	at com.kms.katalon.core.webui.keyword.builtin.ScrollToElementKeyword$_scrollToElement_closure1.doCall(ScrollToElementKeyword.groovy:79)
	at com.kms.katalon.core.webui.keyword.builtin.ScrollToElementKeyword$_scrollToElement_closure1.call(ScrollToElementKeyword.groovy)
	at com.kms.katalon.core.webui.keyword.internal.WebUIKeywordMain.runKeyword(WebUIKeywordMain.groovy:20)
	at com.kms.katalon.core.webui.keyword.builtin.ScrollToElementKeyword.scrollToElement(ScrollToElementKeyword.groovy:88)
	at com.kms.katalon.core.webui.keyword.builtin.ScrollToElementKeyword.execute(ScrollToElementKeyword.groovy:68)
	at com.kms.katalon.core.keyword.internal.KeywordExecutor.executeKeywordForPlatform(KeywordExecutor.groovy:73)
	at com.kms.katalon.core.webui.keyword.WebUiBuiltInKeywords.scrollToElement(WebUiBuiltInKeywords.groovy:3418)
	at com.kms.katalon.core.webui.keyword.WebUiBuiltInKeywords$scrollToElement$15.call(Unknown Source)
	at Script1598863471122.run(Script1598863471122.groovy:45)
	... 13 more
)
[[ATTACHMENT|E:\\CopyOfVisitDaysTests\\Reports\\20201012_041931\\NACAC\\20201012_041931\\1602491232775.png]]

2020-10-12 04:27:13 - [TEST_STEP][PASSED] - if (verifyElementPresent(findTestObject("Object Repository/NacacStudentApp/HomePageElements/LoadMoreButton"), 5, OPTIONAL)): com.kms.katalon.core.webui.exception.WebElementNotFoundException: Web element with id: 'Object Repository/NacacStudentApp/HomePageElements/LoadMoreButton' located by '//button//span[text()="Load More"]' not found (Root cause: com.kms.katalon.core.exception.StepFailedException: com.kms.katalon.core.webui.exception.WebElementNotFoundException: Web element with id: 'Object Repository/NacacStudentApp/HomePageElements/LoadMoreButton' located by '//button//span[text()="Load More"]' not found
	at com.kms.katalon.core.webui.keyword.internal.WebUIKeywordMain.stepFailed(WebUIKeywordMain.groovy:64)
	at com.kms.katalon.core.webui.keyword.builtin.VerifyElementPresentKeyword$_verifyElementPresent_closure1.doCall(VerifyElementPresentKeyword.groovy:85)
	at com.kms.katalon.core.webui.keyword.builtin.VerifyElementPresentKeyword$_verifyElementPresent_closure1.call(VerifyElementPresentKeyword.groovy)
	at com.kms.katalon.core.webui.keyword.internal.WebUIKeywordMain.runKeyword(WebUIKeywordMain.groovy:20)
	at com.kms.katalon.core.webui.keyword.builtin.VerifyElementPresentKeyword.verifyElementPresent(VerifyElementPresentKeyword.groovy:92)
	at com.kms.katalon.core.webui.keyword.builtin.VerifyElementPresentKeyword.execute(VerifyElementPresentKeyword.groovy:68)
	at com.kms.katalon.core.keyword.internal.KeywordExecutor.executeKeywordForPlatform(KeywordExecutor.groovy:73)
	at com.kms.katalon.core.webui.keyword.WebUiBuiltInKeywords.verifyElementPresent(WebUiBuiltInKeywords.groovy:1445)
	at com.kms.katalon.core.webui.keyword.WebUiBuiltInKeywords$verifyElementPresent$7.call(Unknown Source)
	at CreateMeetingAndVerifyInStudentApp.run(CreateMeetingAndVerifyInStudentApp:47)
	at com.kms.katalon.core.main.ScriptEngine.run(ScriptEngine.java:194)
	at com.kms.katalon.core.main.ScriptEngine.runScriptAsRawText(ScriptEngine.java:119)
	at com.kms.katalon.core.main.TestCaseExecutor.runScript(TestCaseExecutor.java:339)
	at com.kms.katalon.core.main.TestCaseExecutor.doExecute(TestCaseExecutor.java:330)
	at com.kms.katalon.core.main.TestCaseExecutor.processExecutionPhase(TestCaseExecutor.java:309)
	at com.kms.katalon.core.main.TestCaseExecutor.accessMainPhase(TestCaseExecutor.java:301)
	at com.kms.katalon.core.main.TestCaseExecutor.execute(TestCaseExecutor.java:235)
	at com.kms.katalon.core.main.TestSuiteExecutor.accessTestCaseMainPhase(TestSuiteExecutor.java:191)
	at com.kms.katalon.core.main.TestSuiteExecutor.accessTestSuiteMainPhase(TestSuiteExecutor.java:141)
	at com.kms.katalon.core.main.TestSuiteExecutor.execute(TestSuiteExecutor.java:90)
	at com.kms.katalon.core.main.TestCaseMain.startTestSuite(TestCaseMain.java:157)
	at com.kms.katalon.core.main.TestCaseMain$startTestSuite$0.call(Unknown Source)
	at TempTestSuite1602490771550.run(TempTestSuite1602490771550.groovy:39)
)

2020-10-12 04:27:19 - [MESSAGE][INFO] - Unable to find the element located by 'By.xpath: //button//span[text()="Load More"]'. Please recheck the objects properties to make sure the desired element is located. 

2020-10-12 04:27:20 - [MESSAGE][WARNING] - com.kms.katalon.core.webui.exception.WebElementNotFoundException: Web element with id: 'Object Repository/NacacStudentApp/HomePageElements/LoadMoreButton' located by '//button//span[text()="Load More"]' not found (Root cause: com.kms.katalon.core.exception.StepFailedException: com.kms.katalon.core.webui.exception.WebElementNotFoundException: Web element with id: 'Object Repository/NacacStudentApp/HomePageElements/LoadMoreButton' located by '//button//span[text()="Load More"]' not found
	at com.kms.katalon.core.webui.keyword.internal.WebUIKeywordMain.stepFailed(WebUIKeywordMain.groovy:64)
	at com.kms.katalon.core.webui.keyword.builtin.VerifyElementPresentKeyword$_verifyElementPresent_closure1.doCall(VerifyElementPresentKeyword.groovy:85)
	at com.kms.katalon.core.webui.keyword.builtin.VerifyElementPresentKeyword$_verifyElementPresent_closure1.call(VerifyElementPresentKeyword.groovy)
	at com.kms.katalon.core.webui.keyword.internal.WebUIKeywordMain.runKeyword(WebUIKeywordMain.groovy:20)
	at com.kms.katalon.core.webui.keyword.builtin.VerifyElementPresentKeyword.verifyElementPresent(VerifyElementPresentKeyword.groovy:92)
	at com.kms.katalon.core.webui.keyword.builtin.VerifyElementPresentKeyword.execute(VerifyElementPresentKeyword.groovy:68)
	at com.kms.katalon.core.keyword.internal.KeywordExecutor.executeKeywordForPlatform(KeywordExecutor.groovy:73)
	at com.kms.katalon.core.webui.keyword.WebUiBuiltInKeywords.verifyElementPresent(WebUiBuiltInKeywords.groovy:1445)
	at com.kms.katalon.core.webui.keyword.WebUiBuiltInKeywords$verifyElementPresent$7.call(Unknown Source)
	at CreateMeetingAndVerifyInStudentApp.run(CreateMeetingAndVerifyInStudentApp:47)
	at com.kms.katalon.core.main.ScriptEngine.run(ScriptEngine.java:194)
	at com.kms.katalon.core.main.ScriptEngine.runScriptAsRawText(ScriptEngine.java:119)
	at com.kms.katalon.core.main.TestCaseExecutor.runScript(TestCaseExecutor.java:339)
	at com.kms.katalon.core.main.TestCaseExecutor.doExecute(TestCaseExecutor.java:330)
	at com.kms.katalon.core.main.TestCaseExecutor.processExecutionPhase(TestCaseExecutor.java:309)
	at com.kms.katalon.core.main.TestCaseExecutor.accessMainPhase(TestCaseExecutor.java:301)
	at com.kms.katalon.core.main.TestCaseExecutor.execute(TestCaseExecutor.java:235)
	at com.kms.katalon.core.main.TestSuiteExecutor.accessTestCaseMainPhase(TestSuiteExecutor.java:191)
	at com.kms.katalon.core.main.TestSuiteExecutor.accessTestSuiteMainPhase(TestSuiteExecutor.java:141)
	at com.kms.katalon.core.main.TestSuiteExecutor.execute(TestSuiteExecutor.java:90)
	at com.kms.katalon.core.main.TestCaseMain.startTestSuite(TestCaseMain.java:157)
	at com.kms.katalon.core.main.TestCaseMain$startTestSuite$0.call(Unknown Source)
	at TempTestSuite1602490771550.run(TempTestSuite1602490771550.groovy:39)
)
[[ATTACHMENT|E:\\CopyOfVisitDaysTests\\Reports\\20201012_041931\\NACAC\\20201012_041931\\1602491239468.png]]

2020-10-12 04:27:20 - [TEST_STEP][PASSED] - waitForElementPresent(findTestObject("NacacStudentApp/HomePageElements/CollegeName", ["Exhibitor":institutionName]), 0): Object 'Object Repository/NacacStudentApp/HomePageElements/CollegeName' is present

2020-10-12 04:27:20 - [MESSAGE][WARNING] - Timeout '0' is invalid. Using default page load timeout: '30'

2020-10-12 04:27:20 - [MESSAGE][PASSED] - Object 'Object Repository/NacacStudentApp/HomePageElements/CollegeName' is present

2020-10-12 04:27:20 - [TEST_STEP][PASSED] - click(findTestObject("NacacStudentApp/HomePageElements/CollegeName", ["Exhibitor":institutionName])): Object: 'Object Repository/NacacStudentApp/HomePageElements/CollegeName' is clicked on

2020-10-12 04:27:20 - [MESSAGE][PASSED] - Object: 'Object Repository/NacacStudentApp/HomePageElements/CollegeName' is clicked on

2020-10-12 04:27:20 - [TEST_STEP][PASSED] - click(findTestObject("Object Repository/NacacStudentApp/HomePageElements/Schedule A Meeting Button")): Object: 'Object Repository/NacacStudentApp/HomePageElements/Schedule A Meeting Button' is clicked on

2020-10-12 04:27:23 - [MESSAGE][PASSED] - Object: 'Object Repository/NacacStudentApp/HomePageElements/Schedule A Meeting Button' is clicked on

2020-10-12 04:27:23 - [TEST_STEP][PASSED] - waitForElementPresent(findTestObject("Object Repository/NacacStudentApp/HomePageElements/SelectDateInSchedulemeeting"), 0): Object 'Object Repository/NacacStudentApp/HomePageElements/SelectDateInSchedulemeeting' is present

2020-10-12 04:27:24 - [MESSAGE][WARNING] - Timeout '0' is invalid. Using default page load timeout: '30'

2020-10-12 04:27:26 - [MESSAGE][PASSED] - Object 'Object Repository/NacacStudentApp/HomePageElements/SelectDateInSchedulemeeting' is present

2020-10-12 04:27:26 - [TEST_STEP][PASSED] - click(findTestObject("Object Repository/NacacStudentApp/HomePageElements/SelectDateInSchedulemeeting")): Object: 'Object Repository/NacacStudentApp/HomePageElements/SelectDateInSchedulemeeting' is clicked on

2020-10-12 04:27:26 - [MESSAGE][PASSED] - Object: 'Object Repository/NacacStudentApp/HomePageElements/SelectDateInSchedulemeeting' is clicked on

2020-10-12 04:27:26 - [TEST_STEP][PASSED] - click(findTestObject("Object Repository/NacacStudentApp/HomePageElements/SelectFirstOPtionInDateDropDownMeetings", ["Date":dateDropDown])): Object: 'Object Repository/NacacStudentApp/HomePageElements/SelectFirstOPtionInDateDropDownMeetings' is clicked on

2020-10-12 04:27:27 - [MESSAGE][PASSED] - Object: 'Object Repository/NacacStudentApp/HomePageElements/SelectFirstOPtionInDateDropDownMeetings' is clicked on

2020-10-12 04:27:27 - [TEST_STEP][PASSED] - waitForElementPresent(findTestObject("Object Repository/NacacStudentApp/HomePageElements/SelectTimeInSchedulemeeting"), 0): Object 'Object Repository/NacacStudentApp/HomePageElements/SelectTimeInSchedulemeeting' is present

2020-10-12 04:27:27 - [MESSAGE][WARNING] - Timeout '0' is invalid. Using default page load timeout: '30'

2020-10-12 04:27:27 - [MESSAGE][PASSED] - Object 'Object Repository/NacacStudentApp/HomePageElements/SelectTimeInSchedulemeeting' is present

2020-10-12 04:27:27 - [TEST_STEP][PASSED] - click(findTestObject("Object Repository/NacacStudentApp/HomePageElements/SelectTimeInScheduleMeeting")): Object: 'Object Repository/NacacStudentApp/HomePageElements/SelectTimeInScheduleMeeting' is clicked on

2020-10-12 04:27:28 - [MESSAGE][PASSED] - Object: 'Object Repository/NacacStudentApp/HomePageElements/SelectTimeInScheduleMeeting' is clicked on

2020-10-12 04:27:28 - [TEST_STEP][PASSED] - scrollToElement(findTestObject("Object Repository/NacacStudentApp/HomePageElements/SelectFirstOptionInTimeDropTime", ["value":assigneeName]), 0, OPTIONAL): Scroll to object 'Object Repository/NacacStudentApp/HomePageElements/SelectFirstOptionInTimeDropTime' successfully

2020-10-12 04:27:28 - [MESSAGE][WARNING] - Timeout '0' is invalid. Using default page load timeout: '30'

2020-10-12 04:27:28 - [MESSAGE][PASSED] - Scroll to object 'Object Repository/NacacStudentApp/HomePageElements/SelectFirstOptionInTimeDropTime' successfully

2020-10-12 04:27:28 - [TEST_STEP][PASSED] - click(findTestObject("Object Repository/NacacStudentApp/HomePageElements/SelectFirstOptionInTimeDropTime", ["value":assigneeName])): Object: 'Object Repository/NacacStudentApp/HomePageElements/SelectFirstOptionInTimeDropTime' is clicked on

2020-10-12 04:27:29 - [MESSAGE][PASSED] - Object: 'Object Repository/NacacStudentApp/HomePageElements/SelectFirstOptionInTimeDropTime' is clicked on

2020-10-12 04:27:29 - [TEST_STEP][PASSED] - click(findTestObject("Object Repository/NacacStudentApp/HomePageElements/ScheduleNow Button")): Object: 'Object Repository/NacacStudentApp/HomePageElements/ScheduleNow Button' is clicked on

2020-10-12 04:27:29 - [MESSAGE][PASSED] - Object: 'Object Repository/NacacStudentApp/HomePageElements/ScheduleNow Button' is clicked on

2020-10-12 04:27:29 - [TEST_STEP][PASSED] - delay(5): Delayed 5 second(s)

2020-10-12 04:27:35 - [MESSAGE][PASSED] - Delayed 5 second(s)

2020-10-12 04:27:35 - [TEST_STEP][PASSED] - verifyElementPresent(findTestObject("Object Repository/NacacStudentApp/HomePageElements/ItinenariesOption"), 0, OPTIONAL): Object 'Object Repository/NacacStudentApp/HomePageElements/ItinenariesOption' is present

2020-10-12 04:27:35 - [MESSAGE][WARNING] - Timeout '0' is invalid. Using default page load timeout: '30'

2020-10-12 04:27:35 - [MESSAGE][PASSED] - Object 'Object Repository/NacacStudentApp/HomePageElements/ItinenariesOption' is present

2020-10-12 04:27:35 - [TEST_STEP][PASSED] - click(findTestObject("Object Repository/NacacStudentApp/HomePageElements/ItinenariesOption")): Object: 'Object Repository/NacacStudentApp/HomePageElements/ItinenariesOption' is clicked on

2020-10-12 04:27:35 - [MESSAGE][PASSED] - Object: 'Object Repository/NacacStudentApp/HomePageElements/ItinenariesOption' is clicked on

2020-10-12 04:27:35 - [TEST_STEP][PASSED] - refresh(): Refresh successfully

2020-10-12 04:27:39 - [MESSAGE][PASSED] - Refresh successfully

2020-10-12 04:27:39 - [TEST_STEP][PASSED] - click(findTestObject("Object Repository/NacacStudentApp/HomePageElements/MyMeetingsOptionInItinenariesPage")): Object: 'Object Repository/NacacStudentApp/HomePageElements/MyMeetingsOptionInItinenariesPage' is clicked on

2020-10-12 04:27:41 - [MESSAGE][PASSED] - Object: 'Object Repository/NacacStudentApp/HomePageElements/MyMeetingsOptionInItinenariesPage' is clicked on

2020-10-12 04:27:41 - [TEST_STEP][PASSED] - if (!(verifyElementPresent(findTestObject("Object Repository/NacacStudentApp/HomePageElements/VerifyMeetingnameInMyMeetingsPage", ["Names":assigneeName]), 0, OPTIONAL))): Object 'Object Repository/NacacStudentApp/HomePageElements/VerifyMeetingnameInMyMeetingsPage' is present

2020-10-12 04:27:41 - [MESSAGE][WARNING] - Timeout '0' is invalid. Using default page load timeout: '30'

2020-10-12 04:27:46 - [MESSAGE][PASSED] - Object 'Object Repository/NacacStudentApp/HomePageElements/VerifyMeetingnameInMyMeetingsPage' is present]]></system-out>
         <system-err><![CDATA[]]></system-err>
      </testcase>
      <testcase name="Test Cases/Conventions/RemindUpcomingLiveSessions" time="105.532" classname="Test Cases/Conventions/RemindUpcomingLiveSessions" status="PASSED">
         <system-out><![CDATA[2020-10-12 04:27:48 - [TEST_CASE][PASSED] - Test Cases/Conventions/RemindUpcomingLiveSessions: Test Cases/Conventions/RemindUpcomingLiveSessions

2020-10-12 04:27:48 - [TEST_STEP][PASSED] - com.CommonUtilities.LoginAsDifferentUserPermissions.NavigateToHomePage(): com.CommonUtilities.LoginAsDifferentUserPermissions.NavigateToHomePage is PASSED

2020-10-12 04:27:49 - [MESSAGE][PASSED] - Navigate to 'https://charizard-admin.visitdays.com/' successfully

2020-10-12 04:27:50 - [MESSAGE][WARNING] - Timeout '0' is invalid. Using default page load timeout: '30'

2020-10-12 04:27:53 - [MESSAGE][PASSED] - Object 'Object Repository/HomePageElements/ProfileAvatar' is present

2020-10-12 04:27:53 - [MESSAGE][WARNING] - Timeout '0' is invalid. Using default page load timeout: '30'

2020-10-12 04:27:53 - [MESSAGE][PASSED] - Object 'Object Repository/HomePageElements/SchoolProdoutNav' is present

2020-10-12 04:27:53 - [MESSAGE][PASSED] - Object: 'Object Repository/HomePageElements/SchoolProdoutNav' is clicked on

2020-10-12 04:27:53 - [MESSAGE][PASSED] - com.CommonUtilities.LoginAsDifferentUserPermissions.NavigateToHomePage is PASSED

2020-10-12 04:27:53 - [TEST_STEP][PASSED] - conventionName = com.CommonUtilities.CreateLiveSession.selectConvention(): com.CommonUtilities.CreateLiveSession.selectConvention is PASSED

2020-10-12 04:27:54 - [MESSAGE][PASSED] - Object: 'Object Repository/HomePageElements/PersonIcon' is clicked on

2020-10-12 04:27:55 - [MESSAGE][PASSED] - Object: 'Object Repository/HomePageElements/NacacConventionslink' is clicked on

2020-10-12 04:28:01 - [MESSAGE][PASSED] - Object: 'Object Repository/ConventionsPageAdmin/Conventionsleftnav' is clicked on

2020-10-12 04:28:02 - [MESSAGE][PASSED] - Object: 'Object Repository/ConventionsPageAdmin/CreateButtonInLiveSessions' is clicked on

2020-10-12 04:28:02 - [MESSAGE][PASSED] - Wait for page load successfully

2020-10-12 04:28:04 - [MESSAGE][PASSED] - Text of object 'Object Repository/ConventionsPageAdmin/getNameOfFirstConvention' is: 'June In Progress Demo'

2020-10-12 04:28:04 - [MESSAGE][PASSED] - Object: 'Object Repository/ConventionsPageAdmin/ClickFirstConventionInCreatingLiveSessions' is clicked on

2020-10-12 04:28:04 - [MESSAGE][PASSED] - com.CommonUtilities.CreateLiveSession.selectConvention is PASSED

2020-10-12 04:28:04 - [TEST_STEP][PASSED] - sessionName = com.CommonUtilities.CreateLiveSession.enterLiveSessionDetailsAndFutureTime(): com.CommonUtilities.CreateLiveSession.enterLiveSessionDetailsAndFutureTime is PASSED

2020-10-12 04:28:05 - [MESSAGE][PASSED] - Text 'TestSession99337' is set on object 'Object Repository/ConventionsPageAdmin/Name field'

2020-10-12 04:28:06 - [MESSAGE][PASSED] - Keys 'this is test description' sent to object: 'Object Repository/ConventionsPageAdmin/Descriptionfield'

2020-10-12 04:28:06 - [MESSAGE][PASSED] - Keys '10/13/2020' sent to object: 'Object Repository/ConventionsPageAdmin/dateFieldAtStartTime'

2020-10-12 04:28:07 - [MESSAGE][PASSED] - Object: 'Object Repository/ConventionsPageAdmin/TimeFieldAtStartTime' is clicked on

2020-10-12 04:28:07 - [MESSAGE][PASSED] - Keys '12' sent to object: 'Object Repository/ConventionsPageAdmin/TimeFieldAtStartTime'

2020-10-12 04:28:07 - [MESSAGE][PASSED] - Keys '00' sent to object: 'Object Repository/ConventionsPageAdmin/TimeFieldAtStartTime'

2020-10-12 04:28:08 - [MESSAGE][PASSED] - Keys 'a' sent to object: 'Object Repository/ConventionsPageAdmin/TimeFieldAtStartTime'

2020-10-12 04:28:08 - [MESSAGE][PASSED] - Keys '10/13/2020' sent to object: 'Object Repository/ConventionsPageAdmin/DateFieldAtEndTime'

2020-10-12 04:28:09 - [MESSAGE][PASSED] - Object: 'Object Repository/ConventionsPageAdmin/TimeFieldAtEndTime' is clicked on

2020-10-12 04:28:09 - [MESSAGE][PASSED] - Keys '11' sent to object: 'Object Repository/ConventionsPageAdmin/TimeFieldAtEndTime'

2020-10-12 04:28:09 - [MESSAGE][PASSED] - Keys '45' sent to object: 'Object Repository/ConventionsPageAdmin/TimeFieldAtEndTime'

2020-10-12 04:28:10 - [MESSAGE][PASSED] - Keys 'p' sent to object: 'Object Repository/ConventionsPageAdmin/TimeFieldAtEndTime'

2020-10-12 04:28:10 - [MESSAGE][PASSED] - com.CommonUtilities.CreateLiveSession.enterLiveSessionDetailsAndFutureTime is PASSED

2020-10-12 04:28:10 - [TEST_STEP][PASSED] - zoomId = com.CommonUtilities.CreateLiveSession.enterZoomIdAndAddAssigne(): com.CommonUtilities.CreateLiveSession.enterZoomIdAndAddAssigne is PASSED

2020-10-12 04:28:11 - [MESSAGE][PASSED] - Text 'https://zoom.us/j/12345678' is set on object 'Object Repository/ConventionsPageAdmin/ZoomMeetingField'

2020-10-12 04:28:11 - [MESSAGE][PASSED] - Keys '5' sent to object: 'Object Repository/ConventionsPageAdmin/CapacityField'

2020-10-12 04:28:12 - [MESSAGE][PASSED] - Object: 'Object Repository/ConventionsPageAdmin/AssigneesDropDown' is clicked on

2020-10-12 04:28:17 - [MESSAGE][PASSED] - Delayed 5 second(s)

2020-10-12 04:28:17 - [MESSAGE][WARNING] - Timeout '0' is invalid. Using default page load timeout: '30'

2020-10-12 04:28:17 - [MESSAGE][PASSED] - Text of object 'Object Repository/ConventionsPageAdmin/selectDropSessions' is: 'TT
test test'

2020-10-12 04:28:18 - [MESSAGE][PASSED] - Object: 'Object Repository/ConventionsPageAdmin/selectDropSessions' is clicked on

2020-10-12 04:28:19 - [MESSAGE][PASSED] - Object: 'Object Repository/ConventionsPageAdmin/Add button of add assigne' is clicked on

2020-10-12 04:28:19 - [MESSAGE][PASSED] - Object: 'Object Repository/ConventionsPageAdmin/upload photo' is clicked on

2020-10-12 04:28:20 - [MESSAGE][PASSED] - File 'E:\CopyOfVisitDaysTests\studentimg.jpg' sent to object: 'Object Repository/ConventionsPageAdmin/BrowsePhotoAddress'

2020-10-12 04:28:20 - [MESSAGE][PASSED] - Object: 'Object Repository/ConventionsPageAdmin/ApplybuttoninPhotoUpload' is clicked on

2020-10-12 04:28:21 - [MESSAGE][PASSED] - Object: 'Object Repository/ConventionsPageAdmin/SaveButton' is clicked on

2020-10-12 04:28:26 - [MESSAGE][PASSED] - Delayed 5 second(s)

2020-10-12 04:28:26 - [MESSAGE][PASSED] - com.CommonUtilities.CreateLiveSession.enterZoomIdAndAddAssigne is PASSED

2020-10-12 04:28:26 - [TEST_STEP][PASSED] - com.CommonUtilities.LoginAsDifferentUserPermissions.NavigateToNacacHomePage(): com.CommonUtilities.LoginAsDifferentUserPermissions.NavigateToNacacHomePage is PASSED

2020-10-12 04:28:30 - [MESSAGE][PASSED] - Navigate to 'https://nacac-charizard.visitdays.vercel.app/events' successfully

2020-10-12 04:28:30 - [MESSAGE][WARNING] - Timeout '0' is invalid. Using default page load timeout: '30'

2020-10-12 04:28:30 - [MESSAGE][PASSED] - Object 'Object Repository/NacacStudentApp/HomePageElements/UpcomingOptionInHomePage' is present

2020-10-12 04:28:30 - [MESSAGE][PASSED] - com.CommonUtilities.LoginAsDifferentUserPermissions.NavigateToNacacHomePage is PASSED

2020-10-12 04:28:30 - [TEST_STEP][PASSED] - click(findTestObject("Object Repository/NacacStudentApp/HomePageElements/PersonIconAccountBasics")): Object: 'Object Repository/NacacStudentApp/HomePageElements/PersonIconAccountBasics' is clicked on

2020-10-12 04:28:32 - [MESSAGE][PASSED] - Object: 'Object Repository/NacacStudentApp/HomePageElements/PersonIconAccountBasics' is clicked on

2020-10-12 04:28:32 - [TEST_STEP][PASSED] - emailOfStudent = getText(findTestObject("Object Repository/NacacStudentApp/HomePageElements/GetEmaildetailsFromAccountBasicsPage")): Text of object 'Object Repository/NacacStudentApp/HomePageElements/GetEmaildetailsFromAccountBasicsPage' is: 'gowtham.test1@qualitlabs.com'

2020-10-12 04:28:32 - [MESSAGE][PASSED] - Text of object 'Object Repository/NacacStudentApp/HomePageElements/GetEmaildetailsFromAccountBasicsPage' is: 'gowtham.test1@qualitlabs.com'

2020-10-12 04:28:32 - [TEST_STEP][PASSED] - println(emailOfStudent): null

2020-10-12 04:28:32 - [TEST_STEP][PASSED] - click(findTestObject("Object Repository/NacacStudentApp/HomePageElements/EventsHomePage")): Object: 'Object Repository/NacacStudentApp/HomePageElements/EventsHomePage' is clicked on

2020-10-12 04:28:33 - [MESSAGE][PASSED] - Object: 'Object Repository/NacacStudentApp/HomePageElements/EventsHomePage' is clicked on

2020-10-12 04:28:33 - [TEST_STEP][PASSED] - click(findTestObject("NacacStudentApp/HomePageElements/SelectConventionInHomePage", ["Name":conventionName])): Object: 'Object Repository/NacacStudentApp/HomePageElements/SelectConventionInHomePage' is clicked on

2020-10-12 04:28:34 - [MESSAGE][PASSED] - Object: 'Object Repository/NacacStudentApp/HomePageElements/SelectConventionInHomePage' is clicked on

2020-10-12 04:28:34 - [TEST_STEP][PASSED] - waitForPageLoad(0): Wait for page load successfully

2020-10-12 04:28:34 - [MESSAGE][WARNING] - Timeout '0' is invalid. Using default page load timeout: '30'

2020-10-12 04:28:35 - [MESSAGE][PASSED] - Wait for page load successfully

2020-10-12 04:28:35 - [TEST_STEP][PASSED] - element = findWebElement(findTestObject("Object Repository/NacacStudentApp/HomePageElements/LiveSessionsTab"), 0): Timeout '0' is invalid. Using default page load timeout: '30'

2020-10-12 04:28:35 - [MESSAGE][WARNING] - Timeout '0' is invalid. Using default page load timeout: '30'

2020-10-12 04:28:35 - [TEST_STEP][PASSED] - executeJavaScript("arguments[0].click()", Arrays.asList(element)): Execute JavaScript 'arguments[0].click()' successfully

2020-10-12 04:28:35 - [MESSAGE][PASSED] - Execute JavaScript 'arguments[0].click()' successfully

2020-10-12 04:28:35 - [TEST_STEP][PASSED] - delay(5): Delayed 5 second(s)

2020-10-12 04:28:40 - [MESSAGE][PASSED] - Delayed 5 second(s)

2020-10-12 04:28:40 - [TEST_STEP][PASSED] - scrollToElement(findTestObject("Object Repository/NacacStudentApp/HomePageElements/LoadMoreButton"), 5, OPTIONAL): Unable to scroll to object 'Object Repository/NacacStudentApp/HomePageElements/LoadMoreButton' (Root cause: com.kms.katalon.core.exception.StepFailedException: Unable to scroll to object 'Object Repository/NacacStudentApp/HomePageElements/LoadMoreButton'
	at com.kms.katalon.core.webui.keyword.internal.WebUIKeywordMain.stepFailed(WebUIKeywordMain.groovy:64)
	at com.kms.katalon.core.webui.keyword.internal.WebUIKeywordMain.runKeyword(WebUIKeywordMain.groovy:26)
	at com.kms.katalon.core.webui.keyword.builtin.ScrollToElementKeyword.scrollToElement(ScrollToElementKeyword.groovy:88)
	at com.kms.katalon.core.webui.keyword.builtin.ScrollToElementKeyword.execute(ScrollToElementKeyword.groovy:68)
	at com.kms.katalon.core.keyword.internal.KeywordExecutor.executeKeywordForPlatform(KeywordExecutor.groovy:73)
	at com.kms.katalon.core.webui.keyword.WebUiBuiltInKeywords.scrollToElement(WebUiBuiltInKeywords.groovy:3418)
	at com.kms.katalon.core.webui.keyword.WebUiBuiltInKeywords$scrollToElement$15.call(Unknown Source)
	at RemindUpcomingLiveSessions.run(RemindUpcomingLiveSessions:51)
	at com.kms.katalon.core.main.ScriptEngine.run(ScriptEngine.java:194)
	at com.kms.katalon.core.main.ScriptEngine.runScriptAsRawText(ScriptEngine.java:119)
	at com.kms.katalon.core.main.TestCaseExecutor.runScript(TestCaseExecutor.java:339)
	at com.kms.katalon.core.main.TestCaseExecutor.doExecute(TestCaseExecutor.java:330)
	at com.kms.katalon.core.main.TestCaseExecutor.processExecutionPhase(TestCaseExecutor.java:309)
	at com.kms.katalon.core.main.TestCaseExecutor.accessMainPhase(TestCaseExecutor.java:301)
	at com.kms.katalon.core.main.TestCaseExecutor.execute(TestCaseExecutor.java:235)
	at com.kms.katalon.core.main.TestSuiteExecutor.accessTestCaseMainPhase(TestSuiteExecutor.java:191)
	at com.kms.katalon.core.main.TestSuiteExecutor.accessTestSuiteMainPhase(TestSuiteExecutor.java:141)
	at com.kms.katalon.core.main.TestSuiteExecutor.execute(TestSuiteExecutor.java:90)
	at com.kms.katalon.core.main.TestCaseMain.startTestSuite(TestCaseMain.java:157)
	at com.kms.katalon.core.main.TestCaseMain$startTestSuite$0.call(Unknown Source)
	at TempTestSuite1602490771550.run(TempTestSuite1602490771550.groovy:39)
Caused by: com.kms.katalon.core.webui.exception.WebElementNotFoundException: Web element with id: 'Object Repository/NacacStudentApp/HomePageElements/LoadMoreButton' located by '//button//span[text()="Load More"]' not found
	at com.kms.katalon.core.webui.common.WebUiCommonHelper.findWebElement(WebUiCommonHelper.java:1368)
	at com.kms.katalon.core.webui.keyword.internal.WebUIAbstractKeyword.findWebElement(WebUIAbstractKeyword.groovy:27)
	at com.kms.katalon.core.webui.keyword.internal.WebUIAbstractKeyword.findWebElement(WebUIAbstractKeyword.groovy:26)
	at com.kms.katalon.core.webui.keyword.builtin.ScrollToElementKeyword$_scrollToElement_closure1.doCall(ScrollToElementKeyword.groovy:79)
	at com.kms.katalon.core.webui.keyword.builtin.ScrollToElementKeyword$_scrollToElement_closure1.call(ScrollToElementKeyword.groovy)
	at com.kms.katalon.core.webui.keyword.internal.WebUIKeywordMain.runKeyword(WebUIKeywordMain.groovy:20)
	at com.kms.katalon.core.webui.keyword.builtin.ScrollToElementKeyword.scrollToElement(ScrollToElementKeyword.groovy:88)
	at com.kms.katalon.core.webui.keyword.builtin.ScrollToElementKeyword.execute(ScrollToElementKeyword.groovy:68)
	at com.kms.katalon.core.keyword.internal.KeywordExecutor.executeKeywordForPlatform(KeywordExecutor.groovy:73)
	at com.kms.katalon.core.webui.keyword.WebUiBuiltInKeywords.scrollToElement(WebUiBuiltInKeywords.groovy:3418)
	at com.kms.katalon.core.webui.keyword.WebUiBuiltInKeywords$scrollToElement$15.call(Unknown Source)
	at Script1599129081692.run(Script1599129081692.groovy:51)
	... 13 more
)

2020-10-12 04:29:12 - [MESSAGE][INFO] - Unable to find the element located by 'By.xpath: //button//span[text()="Load More"]'. Please recheck the objects properties to make sure the desired element is located. 

2020-10-12 04:29:12 - [MESSAGE][WARNING] - Unable to scroll to object 'Object Repository/NacacStudentApp/HomePageElements/LoadMoreButton' (Root cause: com.kms.katalon.core.exception.StepFailedException: Unable to scroll to object 'Object Repository/NacacStudentApp/HomePageElements/LoadMoreButton'
	at com.kms.katalon.core.webui.keyword.internal.WebUIKeywordMain.stepFailed(WebUIKeywordMain.groovy:64)
	at com.kms.katalon.core.webui.keyword.internal.WebUIKeywordMain.runKeyword(WebUIKeywordMain.groovy:26)
	at com.kms.katalon.core.webui.keyword.builtin.ScrollToElementKeyword.scrollToElement(ScrollToElementKeyword.groovy:88)
	at com.kms.katalon.core.webui.keyword.builtin.ScrollToElementKeyword.execute(ScrollToElementKeyword.groovy:68)
	at com.kms.katalon.core.keyword.internal.KeywordExecutor.executeKeywordForPlatform(KeywordExecutor.groovy:73)
	at com.kms.katalon.core.webui.keyword.WebUiBuiltInKeywords.scrollToElement(WebUiBuiltInKeywords.groovy:3418)
	at com.kms.katalon.core.webui.keyword.WebUiBuiltInKeywords$scrollToElement$15.call(Unknown Source)
	at RemindUpcomingLiveSessions.run(RemindUpcomingLiveSessions:51)
	at com.kms.katalon.core.main.ScriptEngine.run(ScriptEngine.java:194)
	at com.kms.katalon.core.main.ScriptEngine.runScriptAsRawText(ScriptEngine.java:119)
	at com.kms.katalon.core.main.TestCaseExecutor.runScript(TestCaseExecutor.java:339)
	at com.kms.katalon.core.main.TestCaseExecutor.doExecute(TestCaseExecutor.java:330)
	at com.kms.katalon.core.main.TestCaseExecutor.processExecutionPhase(TestCaseExecutor.java:309)
	at com.kms.katalon.core.main.TestCaseExecutor.accessMainPhase(TestCaseExecutor.java:301)
	at com.kms.katalon.core.main.TestCaseExecutor.execute(TestCaseExecutor.java:235)
	at com.kms.katalon.core.main.TestSuiteExecutor.accessTestCaseMainPhase(TestSuiteExecutor.java:191)
	at com.kms.katalon.core.main.TestSuiteExecutor.accessTestSuiteMainPhase(TestSuiteExecutor.java:141)
	at com.kms.katalon.core.main.TestSuiteExecutor.execute(TestSuiteExecutor.java:90)
	at com.kms.katalon.core.main.TestCaseMain.startTestSuite(TestCaseMain.java:157)
	at com.kms.katalon.core.main.TestCaseMain$startTestSuite$0.call(Unknown Source)
	at TempTestSuite1602490771550.run(TempTestSuite1602490771550.groovy:39)
Caused by: com.kms.katalon.core.webui.exception.WebElementNotFoundException: Web element with id: 'Object Repository/NacacStudentApp/HomePageElements/LoadMoreButton' located by '//button//span[text()="Load More"]' not found
	at com.kms.katalon.core.webui.common.WebUiCommonHelper.findWebElement(WebUiCommonHelper.java:1368)
	at com.kms.katalon.core.webui.keyword.internal.WebUIAbstractKeyword.findWebElement(WebUIAbstractKeyword.groovy:27)
	at com.kms.katalon.core.webui.keyword.internal.WebUIAbstractKeyword.findWebElement(WebUIAbstractKeyword.groovy:26)
	at com.kms.katalon.core.webui.keyword.builtin.ScrollToElementKeyword$_scrollToElement_closure1.doCall(ScrollToElementKeyword.groovy:79)
	at com.kms.katalon.core.webui.keyword.builtin.ScrollToElementKeyword$_scrollToElement_closure1.call(ScrollToElementKeyword.groovy)
	at com.kms.katalon.core.webui.keyword.internal.WebUIKeywordMain.runKeyword(WebUIKeywordMain.groovy:20)
	at com.kms.katalon.core.webui.keyword.builtin.ScrollToElementKeyword.scrollToElement(ScrollToElementKeyword.groovy:88)
	at com.kms.katalon.core.webui.keyword.builtin.ScrollToElementKeyword.execute(ScrollToElementKeyword.groovy:68)
	at com.kms.katalon.core.keyword.internal.KeywordExecutor.executeKeywordForPlatform(KeywordExecutor.groovy:73)
	at com.kms.katalon.core.webui.keyword.WebUiBuiltInKeywords.scrollToElement(WebUiBuiltInKeywords.groovy:3418)
	at com.kms.katalon.core.webui.keyword.WebUiBuiltInKeywords$scrollToElement$15.call(Unknown Source)
	at Script1599129081692.run(Script1599129081692.groovy:51)
	... 13 more
)
[[ATTACHMENT|E:\\CopyOfVisitDaysTests\\Reports\\20201012_041931\\NACAC\\20201012_041931\\1602491352185.png]]

2020-10-12 04:29:12 - [TEST_STEP][PASSED] - if (verifyElementPresent(findTestObject("Object Repository/NacacStudentApp/HomePageElements/LoadMoreButton"), 5, OPTIONAL)): com.kms.katalon.core.webui.exception.WebElementNotFoundException: Web element with id: 'Object Repository/NacacStudentApp/HomePageElements/LoadMoreButton' located by '//button//span[text()="Load More"]' not found (Root cause: com.kms.katalon.core.exception.StepFailedException: com.kms.katalon.core.webui.exception.WebElementNotFoundException: Web element with id: 'Object Repository/NacacStudentApp/HomePageElements/LoadMoreButton' located by '//button//span[text()="Load More"]' not found
	at com.kms.katalon.core.webui.keyword.internal.WebUIKeywordMain.stepFailed(WebUIKeywordMain.groovy:64)
	at com.kms.katalon.core.webui.keyword.builtin.VerifyElementPresentKeyword$_verifyElementPresent_closure1.doCall(VerifyElementPresentKeyword.groovy:85)
	at com.kms.katalon.core.webui.keyword.builtin.VerifyElementPresentKeyword$_verifyElementPresent_closure1.call(VerifyElementPresentKeyword.groovy)
	at com.kms.katalon.core.webui.keyword.internal.WebUIKeywordMain.runKeyword(WebUIKeywordMain.groovy:20)
	at com.kms.katalon.core.webui.keyword.builtin.VerifyElementPresentKeyword.verifyElementPresent(VerifyElementPresentKeyword.groovy:92)
	at com.kms.katalon.core.webui.keyword.builtin.VerifyElementPresentKeyword.execute(VerifyElementPresentKeyword.groovy:68)
	at com.kms.katalon.core.keyword.internal.KeywordExecutor.executeKeywordForPlatform(KeywordExecutor.groovy:73)
	at com.kms.katalon.core.webui.keyword.WebUiBuiltInKeywords.verifyElementPresent(WebUiBuiltInKeywords.groovy:1445)
	at com.kms.katalon.core.webui.keyword.WebUiBuiltInKeywords$verifyElementPresent$7.call(Unknown Source)
	at RemindUpcomingLiveSessions.run(RemindUpcomingLiveSessions:53)
	at com.kms.katalon.core.main.ScriptEngine.run(ScriptEngine.java:194)
	at com.kms.katalon.core.main.ScriptEngine.runScriptAsRawText(ScriptEngine.java:119)
	at com.kms.katalon.core.main.TestCaseExecutor.runScript(TestCaseExecutor.java:339)
	at com.kms.katalon.core.main.TestCaseExecutor.doExecute(TestCaseExecutor.java:330)
	at com.kms.katalon.core.main.TestCaseExecutor.processExecutionPhase(TestCaseExecutor.java:309)
	at com.kms.katalon.core.main.TestCaseExecutor.accessMainPhase(TestCaseExecutor.java:301)
	at com.kms.katalon.core.main.TestCaseExecutor.execute(TestCaseExecutor.java:235)
	at com.kms.katalon.core.main.TestSuiteExecutor.accessTestCaseMainPhase(TestSuiteExecutor.java:191)
	at com.kms.katalon.core.main.TestSuiteExecutor.accessTestSuiteMainPhase(TestSuiteExecutor.java:141)
	at com.kms.katalon.core.main.TestSuiteExecutor.execute(TestSuiteExecutor.java:90)
	at com.kms.katalon.core.main.TestCaseMain.startTestSuite(TestCaseMain.java:157)
	at com.kms.katalon.core.main.TestCaseMain$startTestSuite$0.call(Unknown Source)
	at TempTestSuite1602490771550.run(TempTestSuite1602490771550.groovy:39)
)

2020-10-12 04:29:19 - [MESSAGE][INFO] - Unable to find the element located by 'By.xpath: //button//span[text()="Load More"]'. Please recheck the objects properties to make sure the desired element is located. 

2020-10-12 04:29:19 - [MESSAGE][WARNING] - com.kms.katalon.core.webui.exception.WebElementNotFoundException: Web element with id: 'Object Repository/NacacStudentApp/HomePageElements/LoadMoreButton' located by '//button//span[text()="Load More"]' not found (Root cause: com.kms.katalon.core.exception.StepFailedException: com.kms.katalon.core.webui.exception.WebElementNotFoundException: Web element with id: 'Object Repository/NacacStudentApp/HomePageElements/LoadMoreButton' located by '//button//span[text()="Load More"]' not found
	at com.kms.katalon.core.webui.keyword.internal.WebUIKeywordMain.stepFailed(WebUIKeywordMain.groovy:64)
	at com.kms.katalon.core.webui.keyword.builtin.VerifyElementPresentKeyword$_verifyElementPresent_closure1.doCall(VerifyElementPresentKeyword.groovy:85)
	at com.kms.katalon.core.webui.keyword.builtin.VerifyElementPresentKeyword$_verifyElementPresent_closure1.call(VerifyElementPresentKeyword.groovy)
	at com.kms.katalon.core.webui.keyword.internal.WebUIKeywordMain.runKeyword(WebUIKeywordMain.groovy:20)
	at com.kms.katalon.core.webui.keyword.builtin.VerifyElementPresentKeyword.verifyElementPresent(VerifyElementPresentKeyword.groovy:92)
	at com.kms.katalon.core.webui.keyword.builtin.VerifyElementPresentKeyword.execute(VerifyElementPresentKeyword.groovy:68)
	at com.kms.katalon.core.keyword.internal.KeywordExecutor.executeKeywordForPlatform(KeywordExecutor.groovy:73)
	at com.kms.katalon.core.webui.keyword.WebUiBuiltInKeywords.verifyElementPresent(WebUiBuiltInKeywords.groovy:1445)
	at com.kms.katalon.core.webui.keyword.WebUiBuiltInKeywords$verifyElementPresent$7.call(Unknown Source)
	at RemindUpcomingLiveSessions.run(RemindUpcomingLiveSessions:53)
	at com.kms.katalon.core.main.ScriptEngine.run(ScriptEngine.java:194)
	at com.kms.katalon.core.main.ScriptEngine.runScriptAsRawText(ScriptEngine.java:119)
	at com.kms.katalon.core.main.TestCaseExecutor.runScript(TestCaseExecutor.java:339)
	at com.kms.katalon.core.main.TestCaseExecutor.doExecute(TestCaseExecutor.java:330)
	at com.kms.katalon.core.main.TestCaseExecutor.processExecutionPhase(TestCaseExecutor.java:309)
	at com.kms.katalon.core.main.TestCaseExecutor.accessMainPhase(TestCaseExecutor.java:301)
	at com.kms.katalon.core.main.TestCaseExecutor.execute(TestCaseExecutor.java:235)
	at com.kms.katalon.core.main.TestSuiteExecutor.accessTestCaseMainPhase(TestSuiteExecutor.java:191)
	at com.kms.katalon.core.main.TestSuiteExecutor.accessTestSuiteMainPhase(TestSuiteExecutor.java:141)
	at com.kms.katalon.core.main.TestSuiteExecutor.execute(TestSuiteExecutor.java:90)
	at com.kms.katalon.core.main.TestCaseMain.startTestSuite(TestCaseMain.java:157)
	at com.kms.katalon.core.main.TestCaseMain$startTestSuite$0.call(Unknown Source)
	at TempTestSuite1602490771550.run(TempTestSuite1602490771550.groovy:39)
)
[[ATTACHMENT|E:\\CopyOfVisitDaysTests\\Reports\\20201012_041931\\NACAC\\20201012_041931\\1602491359029.png]]

2020-10-12 04:29:19 - [TEST_STEP][PASSED] - waitForPageLoad(0): Wait for page load successfully

2020-10-12 04:29:19 - [MESSAGE][WARNING] - Timeout '0' is invalid. Using default page load timeout: '30'

2020-10-12 04:29:19 - [MESSAGE][PASSED] - Wait for page load successfully

2020-10-12 04:29:19 - [TEST_STEP][PASSED] - scrollToElement(findTestObject("Object Repository/NacacStudentApp/HomePageElements/LiveSessionInStudentApp", ["createdSession":sessionName]), 0): Scroll to object 'Object Repository/NacacStudentApp/HomePageElements/LiveSessionInStudentApp' successfully

2020-10-12 04:29:19 - [MESSAGE][WARNING] - Timeout '0' is invalid. Using default page load timeout: '30'

2020-10-12 04:29:19 - [MESSAGE][PASSED] - Scroll to object 'Object Repository/NacacStudentApp/HomePageElements/LiveSessionInStudentApp' successfully

2020-10-12 04:29:19 - [TEST_STEP][PASSED] - if (!(verifyElementPresent(findTestObject("Object Repository/NacacStudentApp/HomePageElements/LiveSessionInStudentApp", ["createdSession":sessionName]), 10, OPTIONAL))): Object 'Object Repository/NacacStudentApp/HomePageElements/LiveSessionInStudentApp' is present

2020-10-12 04:29:20 - [MESSAGE][PASSED] - Object 'Object Repository/NacacStudentApp/HomePageElements/LiveSessionInStudentApp' is present

2020-10-12 04:29:20 - [TEST_STEP][PASSED] - if (!(verifyElementPresent(findTestObject("Object Repository/NacacStudentApp/HomePageElements/RemindMeButton", ["createdSession":sessionName]), 0, OPTIONAL))): Object 'Object Repository/NacacStudentApp/HomePageElements/RemindMeButton' is present

2020-10-12 04:29:20 - [MESSAGE][WARNING] - Timeout '0' is invalid. Using default page load timeout: '30'

2020-10-12 04:29:20 - [MESSAGE][PASSED] - Object 'Object Repository/NacacStudentApp/HomePageElements/RemindMeButton' is present

2020-10-12 04:29:20 - [TEST_STEP][PASSED] - click(findTestObject("Object Repository/NacacStudentApp/HomePageElements/RemindMeButton", ["createdSession":sessionName])): Object: 'Object Repository/NacacStudentApp/HomePageElements/RemindMeButton' is clicked on

2020-10-12 04:29:21 - [MESSAGE][PASSED] - Object: 'Object Repository/NacacStudentApp/HomePageElements/RemindMeButton' is clicked on

2020-10-12 04:29:21 - [TEST_STEP][PASSED] - scrollToElement(findTestObject("Object Repository/NacacStudentApp/HomePageElements/ItinenariesOption"), 0, OPTIONAL): Scroll to object 'Object Repository/NacacStudentApp/HomePageElements/ItinenariesOption' successfully

2020-10-12 04:29:21 - [MESSAGE][WARNING] - Timeout '0' is invalid. Using default page load timeout: '30'

2020-10-12 04:29:21 - [MESSAGE][PASSED] - Scroll to object 'Object Repository/NacacStudentApp/HomePageElements/ItinenariesOption' successfully

2020-10-12 04:29:21 - [TEST_STEP][PASSED] - click(findTestObject("Object Repository/NacacStudentApp/HomePageElements/ItinenariesOption")): Object: 'Object Repository/NacacStudentApp/HomePageElements/ItinenariesOption' is clicked on

2020-10-12 04:29:22 - [MESSAGE][PASSED] - Object: 'Object Repository/NacacStudentApp/HomePageElements/ItinenariesOption' is clicked on

2020-10-12 04:29:22 - [TEST_STEP][PASSED] - delay(4): Delayed 4 second(s)

2020-10-12 04:29:26 - [MESSAGE][PASSED] - Delayed 4 second(s)

2020-10-12 04:29:26 - [TEST_STEP][PASSED] - refresh(): Refresh successfully

2020-10-12 04:29:26 - [MESSAGE][PASSED] - Refresh successfully

2020-10-12 04:29:26 - [TEST_STEP][PASSED] - if (!(verifyElementPresent(findTestObject("Object Repository/NacacStudentApp/HomePageElements/VersifySessionInMyEventsPage", ["SName":sessionName]), 0, OPTIONAL))): Object 'Object Repository/NacacStudentApp/HomePageElements/VersifySessionInMyEventsPage' is present

2020-10-12 04:29:26 - [MESSAGE][WARNING] - Timeout '0' is invalid. Using default page load timeout: '30'

2020-10-12 04:29:32 - [MESSAGE][PASSED] - Object 'Object Repository/NacacStudentApp/HomePageElements/VersifySessionInMyEventsPage' is present]]></system-out>
         <system-err><![CDATA[]]></system-err>
      </testcase>
      <testcase name="Test Cases/Conventions/ScheduleAMeetingAndVerifyInAdminApp" time="145.378" classname="Test Cases/Conventions/ScheduleAMeetingAndVerifyInAdminApp" status="PASSED">
         <system-out><![CDATA[2020-10-12 04:29:34 - [TEST_CASE][PASSED] - Test Cases/Conventions/ScheduleAMeetingAndVerifyInAdminApp: Test Cases/Conventions/ScheduleAMeetingAndVerifyInAdminApp

2020-10-12 04:29:34 - [TEST_STEP][PASSED] - com.CommonUtilities.LoginAsDifferentUserPermissions.NavigateToHomePage(): com.CommonUtilities.LoginAsDifferentUserPermissions.NavigateToHomePage is PASSED

2020-10-12 04:29:35 - [MESSAGE][PASSED] - Navigate to 'https://charizard-admin.visitdays.com/' successfully

2020-10-12 04:29:35 - [MESSAGE][WARNING] - Timeout '0' is invalid. Using default page load timeout: '30'

2020-10-12 04:29:39 - [MESSAGE][PASSED] - Object 'Object Repository/HomePageElements/ProfileAvatar' is present

2020-10-12 04:29:39 - [MESSAGE][WARNING] - Timeout '0' is invalid. Using default page load timeout: '30'

2020-10-12 04:29:39 - [MESSAGE][PASSED] - Object 'Object Repository/HomePageElements/SchoolProdoutNav' is present

2020-10-12 04:29:40 - [MESSAGE][PASSED] - Object: 'Object Repository/HomePageElements/SchoolProdoutNav' is clicked on

2020-10-12 04:29:40 - [MESSAGE][PASSED] - com.CommonUtilities.LoginAsDifferentUserPermissions.NavigateToHomePage is PASSED

2020-10-12 04:29:40 - [TEST_STEP][PASSED] - conventionName = com.CommonUtilities.CreateMeeting.getConvention(): com.CommonUtilities.CreateMeeting.getConvention is PASSED

2020-10-12 04:29:41 - [MESSAGE][PASSED] - Object: 'Object Repository/HomePageElements/PersonIcon' is clicked on

2020-10-12 04:29:42 - [MESSAGE][PASSED] - Object: 'Object Repository/HomePageElements/NacacConventionslink' is clicked on

2020-10-12 04:29:48 - [MESSAGE][PASSED] - Object: 'Object Repository/ConventionsPageAdmin/Conventionsleftnav' is clicked on

2020-10-12 04:29:49 - [MESSAGE][PASSED] - Object: 'Object Repository/ConventionsPageAdmin/LiveSessionleftNavInSubMenu' is clicked on

2020-10-12 04:29:50 - [MESSAGE][PASSED] - Object: 'Object Repository/ConventionsPageAdmin/CreateButtonInLiveSessions' is clicked on

2020-10-12 04:29:50 - [MESSAGE][PASSED] - Wait for page load successfully

2020-10-12 04:29:51 - [MESSAGE][PASSED] - Text of object 'Object Repository/ConventionsPageAdmin/getNameOfFirstConvention' is: 'June In Progress Demo'

2020-10-12 04:29:51 - [MESSAGE][PASSED] - com.CommonUtilities.CreateMeeting.getConvention is PASSED

2020-10-12 04:29:51 - [TEST_STEP][PASSED] - institutionName = com.CommonUtilities.CreateMeeting.getInstitutionName(): com.CommonUtilities.CreateMeeting.getInstitutionName is PASSED

2020-10-12 04:29:52 - [MESSAGE][PASSED] - Object: 'Object Repository/ConventionsPageAdmin/MeetingsLeftNav' is clicked on

2020-10-12 04:29:52 - [MESSAGE][WARNING] - Timeout '0' is invalid. Using default page load timeout: '30'

2020-10-12 04:29:52 - [MESSAGE][PASSED] - Wait for page load successfully

2020-10-12 04:29:54 - [MESSAGE][PASSED] - Text of object 'Object Repository/ConventionsPageAdmin/SelectInstitutionName' is: 'BB Testing
swap_horiz'

2020-10-12 04:29:54 - [MESSAGE][PASSED] - com.CommonUtilities.CreateMeeting.getInstitutionName is PASSED

2020-10-12 04:29:54 - [TEST_STEP][PASSED] - assigneeName = com.CommonUtilities.CreateMeeting.enterMeetingDetailsAndTime(): com.CommonUtilities.CreateMeeting.enterMeetingDetailsAndTime is PASSED

2020-10-12 04:29:55 - [MESSAGE][PASSED] - Object: 'Object Repository/ConventionsPageAdmin/MeetingsLeftNav' is clicked on

2020-10-12 04:29:55 - [MESSAGE][PASSED] - Wait for page load successfully

2020-10-12 04:29:56 - [MESSAGE][PASSED] - Object: 'Object Repository/ConventionsPageAdmin/AddAvailabilityButton' is clicked on

2020-10-12 04:29:58 - [MESSAGE][PASSED] - Object: 'Object Repository/ConventionsPageAdmin/AssigneeDropDownButtonInMeetings' is clicked on

2020-10-12 04:29:58 - [MESSAGE][WARNING] - Timeout '0' is invalid. Using default page load timeout: '30'

2020-10-12 04:29:59 - [MESSAGE][PASSED] - Text of object 'Object Repository/ConventionsPageAdmin/selectdrop' is: 'T8
Test 8'

2020-10-12 04:30:10 - [MESSAGE][INFO] - Unable to find the element located by 'By.xpath: (//li[@role="option"]//span[@class="conventions-meeting-availability-form__assign-relationship-item"])[87]//img'. Please recheck the objects properties to make sure the desired element is located. 

2020-10-12 04:30:11 - [MESSAGE][WARNING] - com.kms.katalon.core.webui.exception.WebElementNotFoundException: Web element with id: 'Object Repository/ConventionsPageAdmin/SelectDropImg' located by '(//li[@role="option"]//span[@class="conventions-meeting-availability-form__assign-relationship-item"])[87]//img' not found (Root cause: com.kms.katalon.core.exception.StepFailedException: com.kms.katalon.core.webui.exception.WebElementNotFoundException: Web element with id: 'Object Repository/ConventionsPageAdmin/SelectDropImg' located by '(//li[@role="option"]//span[@class="conventions-meeting-availability-form__assign-relationship-item"])[87]//img' not found
	at com.kms.katalon.core.webui.keyword.internal.WebUIKeywordMain.stepFailed(WebUIKeywordMain.groovy:64)
	at com.kms.katalon.core.webui.keyword.builtin.VerifyElementPresentKeyword$_verifyElementPresent_closure1.doCall(VerifyElementPresentKeyword.groovy:85)
	at com.kms.katalon.core.webui.keyword.builtin.VerifyElementPresentKeyword$_verifyElementPresent_closure1.call(VerifyElementPresentKeyword.groovy)
	at com.kms.katalon.core.webui.keyword.internal.WebUIKeywordMain.runKeyword(WebUIKeywordMain.groovy:20)
	at com.kms.katalon.core.webui.keyword.builtin.VerifyElementPresentKeyword.verifyElementPresent(VerifyElementPresentKeyword.groovy:92)
	at com.kms.katalon.core.webui.keyword.builtin.VerifyElementPresentKeyword.execute(VerifyElementPresentKeyword.groovy:68)
	at com.kms.katalon.core.keyword.internal.KeywordExecutor.executeKeywordForPlatform(KeywordExecutor.groovy:73)
	at com.kms.katalon.core.webui.keyword.WebUiBuiltInKeywords.verifyElementPresent(WebUiBuiltInKeywords.groovy:1445)
	at com.kms.katalon.core.webui.keyword.WebUiBuiltInKeywords$verifyElementPresent$7.call(Unknown Source)
	at com.CommonUtilities.CreateMeeting.enterMeetingDetailsAndTime(CreateMeeting.groovy:110)
	at com.CommonUtilities.CreateMeeting.invokeMethod(CreateMeeting.groovy)
	at com.kms.katalon.core.main.CustomKeywordDelegatingMetaClass.invokeStaticMethod(CustomKeywordDelegatingMetaClass.java:50)
	at ScheduleAMeetingAndVerifyInAdminApp.run(ScheduleAMeetingAndVerifyInAdminApp:28)
	at com.kms.katalon.core.main.ScriptEngine.run(ScriptEngine.java:194)
	at com.kms.katalon.core.main.ScriptEngine.runScriptAsRawText(ScriptEngine.java:119)
	at com.kms.katalon.core.main.TestCaseExecutor.runScript(TestCaseExecutor.java:339)
	at com.kms.katalon.core.main.TestCaseExecutor.doExecute(TestCaseExecutor.java:330)
	at com.kms.katalon.core.main.TestCaseExecutor.processExecutionPhase(TestCaseExecutor.java:309)
	at com.kms.katalon.core.main.TestCaseExecutor.accessMainPhase(TestCaseExecutor.java:301)
	at com.kms.katalon.core.main.TestCaseExecutor.execute(TestCaseExecutor.java:235)
	at com.kms.katalon.core.main.TestSuiteExecutor.accessTestCaseMainPhase(TestSuiteExecutor.java:191)
	at com.kms.katalon.core.main.TestSuiteExecutor.accessTestSuiteMainPhase(TestSuiteExecutor.java:141)
	at com.kms.katalon.core.main.TestSuiteExecutor.execute(TestSuiteExecutor.java:90)
	at com.kms.katalon.core.main.TestCaseMain.startTestSuite(TestCaseMain.java:157)
	at com.kms.katalon.core.main.TestCaseMain$startTestSuite$0.call(Unknown Source)
	at TempTestSuite1602490771550.run(TempTestSuite1602490771550.groovy:39)
)
[[ATTACHMENT|E:\\CopyOfVisitDaysTests\\Reports\\20201012_041931\\NACAC\\20201012_041931\\1602491410762.png]]

2020-10-12 04:30:11 - [MESSAGE][PASSED] - Object: 'Object Repository/ConventionsPageAdmin/selectdrop' is clicked on

2020-10-12 04:30:17 - [MESSAGE][PASSED] - Delayed 6 second(s)

2020-10-12 04:30:18 - [MESSAGE][PASSED] - Keys '10/12/2020' sent to object: 'Object Repository/ConventionsPageAdmin/MeetingDateTextField'

2020-10-12 04:30:18 - [MESSAGE][PASSED] - Object: 'Object Repository/ConventionsPageAdmin/StartTimeInMeetings' is clicked on

2020-10-12 04:30:18 - [MESSAGE][PASSED] - Keys '11' sent to object: 'Object Repository/ConventionsPageAdmin/StartTimeInMeetings'

2020-10-12 04:30:19 - [MESSAGE][PASSED] - Keys '15' sent to object: 'Object Repository/ConventionsPageAdmin/StartTimeInMeetings'

2020-10-12 04:30:19 - [MESSAGE][PASSED] - Keys 'p' sent to object: 'Object Repository/ConventionsPageAdmin/StartTimeInMeetings'

2020-10-12 04:30:19 - [MESSAGE][PASSED] - Object: 'Object Repository/ConventionsPageAdmin/EndTimeInMeetings' is clicked on

2020-10-12 04:30:20 - [MESSAGE][PASSED] - Keys '11' sent to object: 'Object Repository/ConventionsPageAdmin/EndTimeInMeetings'

2020-10-12 04:30:20 - [MESSAGE][PASSED] - Keys '45' sent to object: 'Object Repository/ConventionsPageAdmin/EndTimeInMeetings'

2020-10-12 04:30:21 - [MESSAGE][PASSED] - Keys 'p' sent to object: 'Object Repository/ConventionsPageAdmin/EndTimeInMeetings'

2020-10-12 04:30:21 - [MESSAGE][PASSED] - com.CommonUtilities.CreateMeeting.enterMeetingDetailsAndTime is PASSED

2020-10-12 04:30:21 - [TEST_STEP][PASSED] - zoomId = com.CommonUtilities.CreateMeeting.enterZoomId(): com.CommonUtilities.CreateMeeting.enterZoomId is PASSED

2020-10-12 04:30:21 - [MESSAGE][PASSED] - Keys 'https://zoom.us/j/12345678' sent to object: 'Object Repository/ConventionsPageAdmin/ZoomInputFieldInMeetings'

2020-10-12 04:30:21 - [MESSAGE][PASSED] - Object: 'Object Repository/ConventionsPageAdmin/SaveButtonInMeetings' is clicked on

2020-10-12 04:30:28 - [MESSAGE][PASSED] - Delayed 7 second(s)

2020-10-12 04:30:28 - [MESSAGE][PASSED] - com.CommonUtilities.CreateMeeting.enterZoomId is PASSED

2020-10-12 04:30:28 - [TEST_STEP][PASSED] - dateDropDown = com.CommonUtilities.CreateMeeting.selectDateDropDownFormat(): com.CommonUtilities.CreateMeeting.selectDateDropDownFormat is PASSED

2020-10-12 04:30:28 - [MESSAGE][PASSED] - com.CommonUtilities.CreateMeeting.selectDateDropDownFormat is PASSED

2020-10-12 04:30:28 - [TEST_STEP][PASSED] - com.CommonUtilities.LoginAsDifferentUserPermissions.NavigateToNacacHomePage(): com.CommonUtilities.LoginAsDifferentUserPermissions.NavigateToNacacHomePage is PASSED

2020-10-12 04:30:31 - [MESSAGE][PASSED] - Navigate to 'https://nacac-charizard.visitdays.vercel.app/events' successfully

2020-10-12 04:30:31 - [MESSAGE][WARNING] - Timeout '0' is invalid. Using default page load timeout: '30'

2020-10-12 04:30:32 - [MESSAGE][PASSED] - Object 'Object Repository/NacacStudentApp/HomePageElements/UpcomingOptionInHomePage' is present

2020-10-12 04:30:32 - [MESSAGE][PASSED] - com.CommonUtilities.LoginAsDifferentUserPermissions.NavigateToNacacHomePage is PASSED

2020-10-12 04:30:32 - [TEST_STEP][PASSED] - click(findTestObject("Object Repository/NacacStudentApp/HomePageElements/PersonIconAccountBasics")): Object: 'Object Repository/NacacStudentApp/HomePageElements/PersonIconAccountBasics' is clicked on

2020-10-12 04:30:33 - [MESSAGE][PASSED] - Object: 'Object Repository/NacacStudentApp/HomePageElements/PersonIconAccountBasics' is clicked on

2020-10-12 04:30:33 - [TEST_STEP][PASSED] - emailOfStudent = getText(findTestObject("Object Repository/NacacStudentApp/HomePageElements/GetEmaildetailsFromAccountBasicsPage")): Text of object 'Object Repository/NacacStudentApp/HomePageElements/GetEmaildetailsFromAccountBasicsPage' is: 'gowtham.test1@qualitlabs.com'

2020-10-12 04:30:34 - [MESSAGE][PASSED] - Text of object 'Object Repository/NacacStudentApp/HomePageElements/GetEmaildetailsFromAccountBasicsPage' is: 'gowtham.test1@qualitlabs.com'

2020-10-12 04:30:34 - [TEST_STEP][PASSED] - println(emailOfStudent): null

2020-10-12 04:30:34 - [TEST_STEP][PASSED] - click(findTestObject("Object Repository/NacacStudentApp/HomePageElements/EventsHomePage")): Object: 'Object Repository/NacacStudentApp/HomePageElements/EventsHomePage' is clicked on

2020-10-12 04:30:35 - [MESSAGE][PASSED] - Object: 'Object Repository/NacacStudentApp/HomePageElements/EventsHomePage' is clicked on

2020-10-12 04:30:35 - [TEST_STEP][PASSED] - click(findTestObject("NacacStudentApp/HomePageElements/SelectConventionInHomePage", ["Name":conventionName])): Object: 'Object Repository/NacacStudentApp/HomePageElements/SelectConventionInHomePage' is clicked on

2020-10-12 04:30:36 - [MESSAGE][PASSED] - Object: 'Object Repository/NacacStudentApp/HomePageElements/SelectConventionInHomePage' is clicked on

2020-10-12 04:30:36 - [TEST_STEP][PASSED] - element = findWebElement(findTestObject("NacacStudentApp/HomePageElements/CollegesTabInExhibitorsPage"), 10): null

2020-10-12 04:30:37 - [TEST_STEP][PASSED] - executeJavaScript("arguments[0].click()", Arrays.asList(element)): Execute JavaScript 'arguments[0].click()' successfully

2020-10-12 04:30:37 - [MESSAGE][PASSED] - Execute JavaScript 'arguments[0].click()' successfully

2020-10-12 04:30:37 - [TEST_STEP][PASSED] - scrollToElement(findTestObject("Object Repository/NacacStudentApp/HomePageElements/LoadMoreButton"), 5, OPTIONAL): Unable to scroll to object 'Object Repository/NacacStudentApp/HomePageElements/LoadMoreButton' (Root cause: com.kms.katalon.core.exception.StepFailedException: Unable to scroll to object 'Object Repository/NacacStudentApp/HomePageElements/LoadMoreButton'
	at com.kms.katalon.core.webui.keyword.internal.WebUIKeywordMain.stepFailed(WebUIKeywordMain.groovy:64)
	at com.kms.katalon.core.webui.keyword.internal.WebUIKeywordMain.runKeyword(WebUIKeywordMain.groovy:26)
	at com.kms.katalon.core.webui.keyword.builtin.ScrollToElementKeyword.scrollToElement(ScrollToElementKeyword.groovy:88)
	at com.kms.katalon.core.webui.keyword.builtin.ScrollToElementKeyword.execute(ScrollToElementKeyword.groovy:68)
	at com.kms.katalon.core.keyword.internal.KeywordExecutor.executeKeywordForPlatform(KeywordExecutor.groovy:73)
	at com.kms.katalon.core.webui.keyword.WebUiBuiltInKeywords.scrollToElement(WebUiBuiltInKeywords.groovy:3418)
	at com.kms.katalon.core.webui.keyword.WebUiBuiltInKeywords$scrollToElement$15.call(Unknown Source)
	at ScheduleAMeetingAndVerifyInAdminApp.run(ScheduleAMeetingAndVerifyInAdminApp:51)
	at com.kms.katalon.core.main.ScriptEngine.run(ScriptEngine.java:194)
	at com.kms.katalon.core.main.ScriptEngine.runScriptAsRawText(ScriptEngine.java:119)
	at com.kms.katalon.core.main.TestCaseExecutor.runScript(TestCaseExecutor.java:339)
	at com.kms.katalon.core.main.TestCaseExecutor.doExecute(TestCaseExecutor.java:330)
	at com.kms.katalon.core.main.TestCaseExecutor.processExecutionPhase(TestCaseExecutor.java:309)
	at com.kms.katalon.core.main.TestCaseExecutor.accessMainPhase(TestCaseExecutor.java:301)
	at com.kms.katalon.core.main.TestCaseExecutor.execute(TestCaseExecutor.java:235)
	at com.kms.katalon.core.main.TestSuiteExecutor.accessTestCaseMainPhase(TestSuiteExecutor.java:191)
	at com.kms.katalon.core.main.TestSuiteExecutor.accessTestSuiteMainPhase(TestSuiteExecutor.java:141)
	at com.kms.katalon.core.main.TestSuiteExecutor.execute(TestSuiteExecutor.java:90)
	at com.kms.katalon.core.main.TestCaseMain.startTestSuite(TestCaseMain.java:157)
	at com.kms.katalon.core.main.TestCaseMain$startTestSuite$0.call(Unknown Source)
	at TempTestSuite1602490771550.run(TempTestSuite1602490771550.groovy:39)
Caused by: com.kms.katalon.core.webui.exception.WebElementNotFoundException: Web element with id: 'Object Repository/NacacStudentApp/HomePageElements/LoadMoreButton' located by '//button//span[text()="Load More"]' not found
	at com.kms.katalon.core.webui.common.WebUiCommonHelper.findWebElement(WebUiCommonHelper.java:1368)
	at com.kms.katalon.core.webui.keyword.internal.WebUIAbstractKeyword.findWebElement(WebUIAbstractKeyword.groovy:27)
	at com.kms.katalon.core.webui.keyword.internal.WebUIAbstractKeyword.findWebElement(WebUIAbstractKeyword.groovy:26)
	at com.kms.katalon.core.webui.keyword.builtin.ScrollToElementKeyword$_scrollToElement_closure1.doCall(ScrollToElementKeyword.groovy:79)
	at com.kms.katalon.core.webui.keyword.builtin.ScrollToElementKeyword$_scrollToElement_closure1.call(ScrollToElementKeyword.groovy)
	at com.kms.katalon.core.webui.keyword.internal.WebUIKeywordMain.runKeyword(WebUIKeywordMain.groovy:20)
	at com.kms.katalon.core.webui.keyword.builtin.ScrollToElementKeyword.scrollToElement(ScrollToElementKeyword.groovy:88)
	at com.kms.katalon.core.webui.keyword.builtin.ScrollToElementKeyword.execute(ScrollToElementKeyword.groovy:68)
	at com.kms.katalon.core.keyword.internal.KeywordExecutor.executeKeywordForPlatform(KeywordExecutor.groovy:73)
	at com.kms.katalon.core.webui.keyword.WebUiBuiltInKeywords.scrollToElement(WebUiBuiltInKeywords.groovy:3418)
	at com.kms.katalon.core.webui.keyword.WebUiBuiltInKeywords$scrollToElement$15.call(Unknown Source)
	at Script1599121194904.run(Script1599121194904.groovy:51)
	... 13 more
)

2020-10-12 04:31:09 - [MESSAGE][INFO] - Unable to find the element located by 'By.xpath: //button//span[text()="Load More"]'. Please recheck the objects properties to make sure the desired element is located. 

2020-10-12 04:31:09 - [MESSAGE][WARNING] - Unable to scroll to object 'Object Repository/NacacStudentApp/HomePageElements/LoadMoreButton' (Root cause: com.kms.katalon.core.exception.StepFailedException: Unable to scroll to object 'Object Repository/NacacStudentApp/HomePageElements/LoadMoreButton'
	at com.kms.katalon.core.webui.keyword.internal.WebUIKeywordMain.stepFailed(WebUIKeywordMain.groovy:64)
	at com.kms.katalon.core.webui.keyword.internal.WebUIKeywordMain.runKeyword(WebUIKeywordMain.groovy:26)
	at com.kms.katalon.core.webui.keyword.builtin.ScrollToElementKeyword.scrollToElement(ScrollToElementKeyword.groovy:88)
	at com.kms.katalon.core.webui.keyword.builtin.ScrollToElementKeyword.execute(ScrollToElementKeyword.groovy:68)
	at com.kms.katalon.core.keyword.internal.KeywordExecutor.executeKeywordForPlatform(KeywordExecutor.groovy:73)
	at com.kms.katalon.core.webui.keyword.WebUiBuiltInKeywords.scrollToElement(WebUiBuiltInKeywords.groovy:3418)
	at com.kms.katalon.core.webui.keyword.WebUiBuiltInKeywords$scrollToElement$15.call(Unknown Source)
	at ScheduleAMeetingAndVerifyInAdminApp.run(ScheduleAMeetingAndVerifyInAdminApp:51)
	at com.kms.katalon.core.main.ScriptEngine.run(ScriptEngine.java:194)
	at com.kms.katalon.core.main.ScriptEngine.runScriptAsRawText(ScriptEngine.java:119)
	at com.kms.katalon.core.main.TestCaseExecutor.runScript(TestCaseExecutor.java:339)
	at com.kms.katalon.core.main.TestCaseExecutor.doExecute(TestCaseExecutor.java:330)
	at com.kms.katalon.core.main.TestCaseExecutor.processExecutionPhase(TestCaseExecutor.java:309)
	at com.kms.katalon.core.main.TestCaseExecutor.accessMainPhase(TestCaseExecutor.java:301)
	at com.kms.katalon.core.main.TestCaseExecutor.execute(TestCaseExecutor.java:235)
	at com.kms.katalon.core.main.TestSuiteExecutor.accessTestCaseMainPhase(TestSuiteExecutor.java:191)
	at com.kms.katalon.core.main.TestSuiteExecutor.accessTestSuiteMainPhase(TestSuiteExecutor.java:141)
	at com.kms.katalon.core.main.TestSuiteExecutor.execute(TestSuiteExecutor.java:90)
	at com.kms.katalon.core.main.TestCaseMain.startTestSuite(TestCaseMain.java:157)
	at com.kms.katalon.core.main.TestCaseMain$startTestSuite$0.call(Unknown Source)
	at TempTestSuite1602490771550.run(TempTestSuite1602490771550.groovy:39)
Caused by: com.kms.katalon.core.webui.exception.WebElementNotFoundException: Web element with id: 'Object Repository/NacacStudentApp/HomePageElements/LoadMoreButton' located by '//button//span[text()="Load More"]' not found
	at com.kms.katalon.core.webui.common.WebUiCommonHelper.findWebElement(WebUiCommonHelper.java:1368)
	at com.kms.katalon.core.webui.keyword.internal.WebUIAbstractKeyword.findWebElement(WebUIAbstractKeyword.groovy:27)
	at com.kms.katalon.core.webui.keyword.internal.WebUIAbstractKeyword.findWebElement(WebUIAbstractKeyword.groovy:26)
	at com.kms.katalon.core.webui.keyword.builtin.ScrollToElementKeyword$_scrollToElement_closure1.doCall(ScrollToElementKeyword.groovy:79)
	at com.kms.katalon.core.webui.keyword.builtin.ScrollToElementKeyword$_scrollToElement_closure1.call(ScrollToElementKeyword.groovy)
	at com.kms.katalon.core.webui.keyword.internal.WebUIKeywordMain.runKeyword(WebUIKeywordMain.groovy:20)
	at com.kms.katalon.core.webui.keyword.builtin.ScrollToElementKeyword.scrollToElement(ScrollToElementKeyword.groovy:88)
	at com.kms.katalon.core.webui.keyword.builtin.ScrollToElementKeyword.execute(ScrollToElementKeyword.groovy:68)
	at com.kms.katalon.core.keyword.internal.KeywordExecutor.executeKeywordForPlatform(KeywordExecutor.groovy:73)
	at com.kms.katalon.core.webui.keyword.WebUiBuiltInKeywords.scrollToElement(WebUiBuiltInKeywords.groovy:3418)
	at com.kms.katalon.core.webui.keyword.WebUiBuiltInKeywords$scrollToElement$15.call(Unknown Source)
	at Script1599121194904.run(Script1599121194904.groovy:51)
	... 13 more
)
[[ATTACHMENT|E:\\CopyOfVisitDaysTests\\Reports\\20201012_041931\\NACAC\\20201012_041931\\1602491469147.png]]

2020-10-12 04:31:09 - [TEST_STEP][PASSED] - if (verifyElementPresent(findTestObject("Object Repository/NacacStudentApp/HomePageElements/LoadMoreButton"), 5, OPTIONAL)): com.kms.katalon.core.webui.exception.WebElementNotFoundException: Web element with id: 'Object Repository/NacacStudentApp/HomePageElements/LoadMoreButton' located by '//button//span[text()="Load More"]' not found (Root cause: com.kms.katalon.core.exception.StepFailedException: com.kms.katalon.core.webui.exception.WebElementNotFoundException: Web element with id: 'Object Repository/NacacStudentApp/HomePageElements/LoadMoreButton' located by '//button//span[text()="Load More"]' not found
	at com.kms.katalon.core.webui.keyword.internal.WebUIKeywordMain.stepFailed(WebUIKeywordMain.groovy:64)
	at com.kms.katalon.core.webui.keyword.builtin.VerifyElementPresentKeyword$_verifyElementPresent_closure1.doCall(VerifyElementPresentKeyword.groovy:85)
	at com.kms.katalon.core.webui.keyword.builtin.VerifyElementPresentKeyword$_verifyElementPresent_closure1.call(VerifyElementPresentKeyword.groovy)
	at com.kms.katalon.core.webui.keyword.internal.WebUIKeywordMain.runKeyword(WebUIKeywordMain.groovy:20)
	at com.kms.katalon.core.webui.keyword.builtin.VerifyElementPresentKeyword.verifyElementPresent(VerifyElementPresentKeyword.groovy:92)
	at com.kms.katalon.core.webui.keyword.builtin.VerifyElementPresentKeyword.execute(VerifyElementPresentKeyword.groovy:68)
	at com.kms.katalon.core.keyword.internal.KeywordExecutor.executeKeywordForPlatform(KeywordExecutor.groovy:73)
	at com.kms.katalon.core.webui.keyword.WebUiBuiltInKeywords.verifyElementPresent(WebUiBuiltInKeywords.groovy:1445)
	at com.kms.katalon.core.webui.keyword.WebUiBuiltInKeywords$verifyElementPresent$7.call(Unknown Source)
	at ScheduleAMeetingAndVerifyInAdminApp.run(ScheduleAMeetingAndVerifyInAdminApp:53)
	at com.kms.katalon.core.main.ScriptEngine.run(ScriptEngine.java:194)
	at com.kms.katalon.core.main.ScriptEngine.runScriptAsRawText(ScriptEngine.java:119)
	at com.kms.katalon.core.main.TestCaseExecutor.runScript(TestCaseExecutor.java:339)
	at com.kms.katalon.core.main.TestCaseExecutor.doExecute(TestCaseExecutor.java:330)
	at com.kms.katalon.core.main.TestCaseExecutor.processExecutionPhase(TestCaseExecutor.java:309)
	at com.kms.katalon.core.main.TestCaseExecutor.accessMainPhase(TestCaseExecutor.java:301)
	at com.kms.katalon.core.main.TestCaseExecutor.execute(TestCaseExecutor.java:235)
	at com.kms.katalon.core.main.TestSuiteExecutor.accessTestCaseMainPhase(TestSuiteExecutor.java:191)
	at com.kms.katalon.core.main.TestSuiteExecutor.accessTestSuiteMainPhase(TestSuiteExecutor.java:141)
	at com.kms.katalon.core.main.TestSuiteExecutor.execute(TestSuiteExecutor.java:90)
	at com.kms.katalon.core.main.TestCaseMain.startTestSuite(TestCaseMain.java:157)
	at com.kms.katalon.core.main.TestCaseMain$startTestSuite$0.call(Unknown Source)
	at TempTestSuite1602490771550.run(TempTestSuite1602490771550.groovy:39)
)

2020-10-12 04:31:15 - [MESSAGE][INFO] - Unable to find the element located by 'By.xpath: //button//span[text()="Load More"]'. Please recheck the objects properties to make sure the desired element is located. 

2020-10-12 04:31:16 - [MESSAGE][WARNING] - com.kms.katalon.core.webui.exception.WebElementNotFoundException: Web element with id: 'Object Repository/NacacStudentApp/HomePageElements/LoadMoreButton' located by '//button//span[text()="Load More"]' not found (Root cause: com.kms.katalon.core.exception.StepFailedException: com.kms.katalon.core.webui.exception.WebElementNotFoundException: Web element with id: 'Object Repository/NacacStudentApp/HomePageElements/LoadMoreButton' located by '//button//span[text()="Load More"]' not found
	at com.kms.katalon.core.webui.keyword.internal.WebUIKeywordMain.stepFailed(WebUIKeywordMain.groovy:64)
	at com.kms.katalon.core.webui.keyword.builtin.VerifyElementPresentKeyword$_verifyElementPresent_closure1.doCall(VerifyElementPresentKeyword.groovy:85)
	at com.kms.katalon.core.webui.keyword.builtin.VerifyElementPresentKeyword$_verifyElementPresent_closure1.call(VerifyElementPresentKeyword.groovy)
	at com.kms.katalon.core.webui.keyword.internal.WebUIKeywordMain.runKeyword(WebUIKeywordMain.groovy:20)
	at com.kms.katalon.core.webui.keyword.builtin.VerifyElementPresentKeyword.verifyElementPresent(VerifyElementPresentKeyword.groovy:92)
	at com.kms.katalon.core.webui.keyword.builtin.VerifyElementPresentKeyword.execute(VerifyElementPresentKeyword.groovy:68)
	at com.kms.katalon.core.keyword.internal.KeywordExecutor.executeKeywordForPlatform(KeywordExecutor.groovy:73)
	at com.kms.katalon.core.webui.keyword.WebUiBuiltInKeywords.verifyElementPresent(WebUiBuiltInKeywords.groovy:1445)
	at com.kms.katalon.core.webui.keyword.WebUiBuiltInKeywords$verifyElementPresent$7.call(Unknown Source)
	at ScheduleAMeetingAndVerifyInAdminApp.run(ScheduleAMeetingAndVerifyInAdminApp:53)
	at com.kms.katalon.core.main.ScriptEngine.run(ScriptEngine.java:194)
	at com.kms.katalon.core.main.ScriptEngine.runScriptAsRawText(ScriptEngine.java:119)
	at com.kms.katalon.core.main.TestCaseExecutor.runScript(TestCaseExecutor.java:339)
	at com.kms.katalon.core.main.TestCaseExecutor.doExecute(TestCaseExecutor.java:330)
	at com.kms.katalon.core.main.TestCaseExecutor.processExecutionPhase(TestCaseExecutor.java:309)
	at com.kms.katalon.core.main.TestCaseExecutor.accessMainPhase(TestCaseExecutor.java:301)
	at com.kms.katalon.core.main.TestCaseExecutor.execute(TestCaseExecutor.java:235)
	at com.kms.katalon.core.main.TestSuiteExecutor.accessTestCaseMainPhase(TestSuiteExecutor.java:191)
	at com.kms.katalon.core.main.TestSuiteExecutor.accessTestSuiteMainPhase(TestSuiteExecutor.java:141)
	at com.kms.katalon.core.main.TestSuiteExecutor.execute(TestSuiteExecutor.java:90)
	at com.kms.katalon.core.main.TestCaseMain.startTestSuite(TestCaseMain.java:157)
	at com.kms.katalon.core.main.TestCaseMain$startTestSuite$0.call(Unknown Source)
	at TempTestSuite1602490771550.run(TempTestSuite1602490771550.groovy:39)
)
[[ATTACHMENT|E:\\CopyOfVisitDaysTests\\Reports\\20201012_041931\\NACAC\\20201012_041931\\1602491475918.png]]

2020-10-12 04:31:16 - [TEST_STEP][PASSED] - waitForElementPresent(findTestObject("NacacStudentApp/HomePageElements/CollegeName", ["Exhibitor":institutionName]), 0): Object 'Object Repository/NacacStudentApp/HomePageElements/CollegeName' is present

2020-10-12 04:31:16 - [MESSAGE][WARNING] - Timeout '0' is invalid. Using default page load timeout: '30'

2020-10-12 04:31:16 - [MESSAGE][PASSED] - Object 'Object Repository/NacacStudentApp/HomePageElements/CollegeName' is present

2020-10-12 04:31:16 - [TEST_STEP][PASSED] - click(findTestObject("NacacStudentApp/HomePageElements/CollegeName", ["Exhibitor":institutionName])): Object: 'Object Repository/NacacStudentApp/HomePageElements/CollegeName' is clicked on

2020-10-12 04:31:17 - [MESSAGE][PASSED] - Object: 'Object Repository/NacacStudentApp/HomePageElements/CollegeName' is clicked on

2020-10-12 04:31:17 - [TEST_STEP][PASSED] - click(findTestObject("Object Repository/NacacStudentApp/HomePageElements/Schedule A Meeting Button")): Object: 'Object Repository/NacacStudentApp/HomePageElements/Schedule A Meeting Button' is clicked on

2020-10-12 04:31:19 - [MESSAGE][PASSED] - Object: 'Object Repository/NacacStudentApp/HomePageElements/Schedule A Meeting Button' is clicked on

2020-10-12 04:31:19 - [TEST_STEP][PASSED] - waitForElementPresent(findTestObject("Object Repository/NacacStudentApp/HomePageElements/SelectDateInSchedulemeeting"), 0): Object 'Object Repository/NacacStudentApp/HomePageElements/SelectDateInSchedulemeeting' is present

2020-10-12 04:31:19 - [MESSAGE][WARNING] - Timeout '0' is invalid. Using default page load timeout: '30'

2020-10-12 04:31:20 - [MESSAGE][PASSED] - Object 'Object Repository/NacacStudentApp/HomePageElements/SelectDateInSchedulemeeting' is present

2020-10-12 04:31:20 - [TEST_STEP][PASSED] - click(findTestObject("Object Repository/NacacStudentApp/HomePageElements/SelectDateInSchedulemeeting")): Object: 'Object Repository/NacacStudentApp/HomePageElements/SelectDateInSchedulemeeting' is clicked on

2020-10-12 04:31:21 - [MESSAGE][PASSED] - Object: 'Object Repository/NacacStudentApp/HomePageElements/SelectDateInSchedulemeeting' is clicked on

2020-10-12 04:31:21 - [TEST_STEP][PASSED] - click(findTestObject("Object Repository/NacacStudentApp/HomePageElements/SelectFirstOPtionInDateDropDownMeetings", ["Date":dateDropDown])): Object: 'Object Repository/NacacStudentApp/HomePageElements/SelectFirstOPtionInDateDropDownMeetings' is clicked on

2020-10-12 04:31:21 - [MESSAGE][PASSED] - Object: 'Object Repository/NacacStudentApp/HomePageElements/SelectFirstOPtionInDateDropDownMeetings' is clicked on

2020-10-12 04:31:21 - [TEST_STEP][PASSED] - waitForElementPresent(findTestObject("Object Repository/NacacStudentApp/HomePageElements/SelectTimeInSchedulemeeting"), 0): Object 'Object Repository/NacacStudentApp/HomePageElements/SelectTimeInSchedulemeeting' is present

2020-10-12 04:31:21 - [MESSAGE][WARNING] - Timeout '0' is invalid. Using default page load timeout: '30'

2020-10-12 04:31:22 - [MESSAGE][PASSED] - Object 'Object Repository/NacacStudentApp/HomePageElements/SelectTimeInSchedulemeeting' is present

2020-10-12 04:31:22 - [TEST_STEP][PASSED] - click(findTestObject("Object Repository/NacacStudentApp/HomePageElements/SelectTimeInScheduleMeeting")): Object: 'Object Repository/NacacStudentApp/HomePageElements/SelectTimeInScheduleMeeting' is clicked on

2020-10-12 04:31:22 - [MESSAGE][PASSED] - Object: 'Object Repository/NacacStudentApp/HomePageElements/SelectTimeInScheduleMeeting' is clicked on

2020-10-12 04:31:22 - [TEST_STEP][PASSED] - scrollToElement(findTestObject("Object Repository/NacacStudentApp/HomePageElements/SelectFirstOptionInTimeDropTime", ["value":assigneeName]), 0, OPTIONAL): Scroll to object 'Object Repository/NacacStudentApp/HomePageElements/SelectFirstOptionInTimeDropTime' successfully

2020-10-12 04:31:22 - [MESSAGE][WARNING] - Timeout '0' is invalid. Using default page load timeout: '30'

2020-10-12 04:31:23 - [MESSAGE][PASSED] - Scroll to object 'Object Repository/NacacStudentApp/HomePageElements/SelectFirstOptionInTimeDropTime' successfully

2020-10-12 04:31:23 - [TEST_STEP][PASSED] - click(findTestObject("Object Repository/NacacStudentApp/HomePageElements/SelectFirstOptionInTimeDropTime", ["value":assigneeName])): Object: 'Object Repository/NacacStudentApp/HomePageElements/SelectFirstOptionInTimeDropTime' is clicked on

2020-10-12 04:31:23 - [MESSAGE][PASSED] - Object: 'Object Repository/NacacStudentApp/HomePageElements/SelectFirstOptionInTimeDropTime' is clicked on

2020-10-12 04:31:23 - [TEST_STEP][PASSED] - click(findTestObject("Object Repository/NacacStudentApp/HomePageElements/ScheduleNow Button")): Object: 'Object Repository/NacacStudentApp/HomePageElements/ScheduleNow Button' is clicked on

2020-10-12 04:31:24 - [MESSAGE][PASSED] - Object: 'Object Repository/NacacStudentApp/HomePageElements/ScheduleNow Button' is clicked on

2020-10-12 04:31:24 - [TEST_STEP][PASSED] - delay(5): Delayed 5 second(s)

2020-10-12 04:31:29 - [MESSAGE][PASSED] - Delayed 5 second(s)

2020-10-12 04:31:29 - [TEST_STEP][PASSED] - click(findTestObject("Object Repository/NacacStudentApp/HomePageElements/ItinenariesOption")): Object: 'Object Repository/NacacStudentApp/HomePageElements/ItinenariesOption' is clicked on

2020-10-12 04:31:30 - [MESSAGE][PASSED] - Object: 'Object Repository/NacacStudentApp/HomePageElements/ItinenariesOption' is clicked on

2020-10-12 04:31:30 - [TEST_STEP][PASSED] - click(findTestObject("Object Repository/NacacStudentApp/HomePageElements/MyMeetingsOptionInItinenariesPage")): Object: 'Object Repository/NacacStudentApp/HomePageElements/MyMeetingsOptionInItinenariesPage' is clicked on

2020-10-12 04:31:30 - [MESSAGE][PASSED] - Object: 'Object Repository/NacacStudentApp/HomePageElements/MyMeetingsOptionInItinenariesPage' is clicked on

2020-10-12 04:31:30 - [TEST_STEP][PASSED] - if (!(verifyElementPresent(findTestObject("Object Repository/NacacStudentApp/HomePageElements/VerifyMeetingnameInMyMeetingsPage", ["Names":assigneeName]), 0, OPTIONAL))): Object 'Object Repository/NacacStudentApp/HomePageElements/VerifyMeetingnameInMyMeetingsPage' is present

2020-10-12 04:31:30 - [MESSAGE][WARNING] - Timeout '0' is invalid. Using default page load timeout: '30'

2020-10-12 04:31:34 - [MESSAGE][PASSED] - Object 'Object Repository/NacacStudentApp/HomePageElements/VerifyMeetingnameInMyMeetingsPage' is present

2020-10-12 04:31:34 - [TEST_STEP][PASSED] - navigateToUrl(StagingUrl): Navigate to 'https://charizard-admin.visitdays.com/' successfully

2020-10-12 04:31:35 - [MESSAGE][PASSED] - Navigate to 'https://charizard-admin.visitdays.com/' successfully

2020-10-12 04:31:35 - [TEST_STEP][PASSED] - waitForElementPresent(findTestObject("HomePageElements/ProfileAvatar"), 0): Object 'Object Repository/HomePageElements/ProfileAvatar' is present

2020-10-12 04:31:35 - [MESSAGE][WARNING] - Timeout '0' is invalid. Using default page load timeout: '30'

2020-10-12 04:31:41 - [MESSAGE][PASSED] - Object 'Object Repository/HomePageElements/ProfileAvatar' is present

2020-10-12 04:31:41 - [TEST_STEP][PASSED] - click(findTestObject("Object Repository/HomePageElements/PersonIcon")): Object: 'Object Repository/HomePageElements/PersonIcon' is clicked on

2020-10-12 04:31:41 - [MESSAGE][PASSED] - Object: 'Object Repository/HomePageElements/PersonIcon' is clicked on

2020-10-12 04:31:41 - [TEST_STEP][PASSED] - click(findTestObject("Object Repository/HomePageElements/NacacConventionslink")): Object: 'Object Repository/HomePageElements/NacacConventionslink' is clicked on

2020-10-12 04:31:42 - [MESSAGE][PASSED] - Object: 'Object Repository/HomePageElements/NacacConventionslink' is clicked on

2020-10-12 04:31:42 - [TEST_STEP][PASSED] - click(findTestObject("Object Repository/ConventionsPageAdmin/Conventionsleftnav")): Object: 'Object Repository/ConventionsPageAdmin/Conventionsleftnav' is clicked on

2020-10-12 04:31:49 - [MESSAGE][PASSED] - Object: 'Object Repository/ConventionsPageAdmin/Conventionsleftnav' is clicked on

2020-10-12 04:31:49 - [TEST_STEP][PASSED] - click(findTestObject("Object Repository/ConventionsPageAdmin/MeetingsLeftNav")): Object: 'Object Repository/ConventionsPageAdmin/MeetingsLeftNav' is clicked on

2020-10-12 04:31:50 - [MESSAGE][PASSED] - Object: 'Object Repository/ConventionsPageAdmin/MeetingsLeftNav' is clicked on

2020-10-12 04:31:50 - [TEST_STEP][PASSED] - if (!(verifyElementPresent(findTestObject("Object Repository/ConventionsPageAdmin/VerifyLiveMeeting", ["AssigneeName":assigneeName]), 0, OPTIONAL))): Object 'Object Repository/ConventionsPageAdmin/VerifyLiveMeeting' is present

2020-10-12 04:31:50 - [MESSAGE][WARNING] - Timeout '0' is invalid. Using default page load timeout: '30'

2020-10-12 04:31:54 - [MESSAGE][PASSED] - Object 'Object Repository/ConventionsPageAdmin/VerifyLiveMeeting' is present

2020-10-12 04:31:54 - [TEST_STEP][PASSED] - click(findTestObject("Object Repository/ConventionsPageAdmin/ViewMeetingsButtonInMeetingsPage", ["AssigneeName":assigneeName])): Object: 'Object Repository/ConventionsPageAdmin/ViewMeetingsButtonInMeetingsPage' is clicked on

2020-10-12 04:31:54 - [MESSAGE][PASSED] - Object: 'Object Repository/ConventionsPageAdmin/ViewMeetingsButtonInMeetingsPage' is clicked on

2020-10-12 04:31:54 - [TEST_STEP][PASSED] - if (!(verifyElementPresent(findTestObject("Object Repository/ConventionsPageAdmin/VerifyAttendeesListOfScheduledMeeting", ["EMAIL":emailOfStudent]), 10, OPTIONAL))): Object 'Object Repository/ConventionsPageAdmin/VerifyAttendeesListOfScheduledMeeting' is present

2020-10-12 04:31:57 - [MESSAGE][PASSED] - Object 'Object Repository/ConventionsPageAdmin/VerifyAttendeesListOfScheduledMeeting' is present

2020-10-12 04:31:57 - [TEST_STEP][PASSED] - if (!(verifyElementPresent(findTestObject("Object Repository/ConventionsPageAdmin/VerifyAttendeesListOfScheduledMeeting", ["EMAIL":"Registered"]), 10, OPTIONAL))): Object 'Object Repository/ConventionsPageAdmin/VerifyAttendeesListOfScheduledMeeting' is present

2020-10-12 04:31:57 - [MESSAGE][PASSED] - Object 'Object Repository/ConventionsPageAdmin/VerifyAttendeesListOfScheduledMeeting' is present]]></system-out>
         <system-err><![CDATA[]]></system-err>
      </testcase>
      <testcase name="Test Cases/Conventions/VerifyStudentInProspectslistAfterScheduleAMeeting" time="140.71" classname="Test Cases/Conventions/VerifyStudentInProspectslistAfterScheduleAMeeting" status="PASSED">
         <system-out><![CDATA[2020-10-12 04:31:59 - [TEST_CASE][PASSED] - Test Cases/Conventions/VerifyStudentInProspectslistAfterScheduleAMeeting: Test Cases/Conventions/VerifyStudentInProspectslistAfterScheduleAMeeting

2020-10-12 04:31:59 - [TEST_STEP][PASSED] - com.CommonUtilities.LoginAsDifferentUserPermissions.NavigateToHomePage(): com.CommonUtilities.LoginAsDifferentUserPermissions.NavigateToHomePage is PASSED

2020-10-12 04:32:00 - [MESSAGE][PASSED] - Navigate to 'https://charizard-admin.visitdays.com/' successfully

2020-10-12 04:32:00 - [MESSAGE][WARNING] - Timeout '0' is invalid. Using default page load timeout: '30'

2020-10-12 04:32:05 - [MESSAGE][PASSED] - Object 'Object Repository/HomePageElements/ProfileAvatar' is present

2020-10-12 04:32:05 - [MESSAGE][WARNING] - Timeout '0' is invalid. Using default page load timeout: '30'

2020-10-12 04:32:05 - [MESSAGE][PASSED] - Object 'Object Repository/HomePageElements/SchoolProdoutNav' is present

2020-10-12 04:32:06 - [MESSAGE][PASSED] - Object: 'Object Repository/HomePageElements/SchoolProdoutNav' is clicked on

2020-10-12 04:32:06 - [MESSAGE][PASSED] - com.CommonUtilities.LoginAsDifferentUserPermissions.NavigateToHomePage is PASSED

2020-10-12 04:32:06 - [TEST_STEP][PASSED] - conventionName = com.CommonUtilities.CreateMeeting.getConvention(): com.CommonUtilities.CreateMeeting.getConvention is PASSED

2020-10-12 04:32:07 - [MESSAGE][PASSED] - Object: 'Object Repository/HomePageElements/PersonIcon' is clicked on

2020-10-12 04:32:08 - [MESSAGE][PASSED] - Object: 'Object Repository/HomePageElements/NacacConventionslink' is clicked on

2020-10-12 04:32:15 - [MESSAGE][PASSED] - Object: 'Object Repository/ConventionsPageAdmin/Conventionsleftnav' is clicked on

2020-10-12 04:32:16 - [MESSAGE][PASSED] - Object: 'Object Repository/ConventionsPageAdmin/LiveSessionleftNavInSubMenu' is clicked on

2020-10-12 04:32:16 - [MESSAGE][PASSED] - Object: 'Object Repository/ConventionsPageAdmin/CreateButtonInLiveSessions' is clicked on

2020-10-12 04:32:16 - [MESSAGE][PASSED] - Wait for page load successfully

2020-10-12 04:32:20 - [MESSAGE][PASSED] - Text of object 'Object Repository/ConventionsPageAdmin/getNameOfFirstConvention' is: 'June In Progress Demo'

2020-10-12 04:32:20 - [MESSAGE][PASSED] - com.CommonUtilities.CreateMeeting.getConvention is PASSED

2020-10-12 04:32:20 - [TEST_STEP][PASSED] - institutionName = com.CommonUtilities.CreateMeeting.getInstitutionName(): com.CommonUtilities.CreateMeeting.getInstitutionName is PASSED

2020-10-12 04:32:21 - [MESSAGE][PASSED] - Object: 'Object Repository/ConventionsPageAdmin/MeetingsLeftNav' is clicked on

2020-10-12 04:32:21 - [MESSAGE][WARNING] - Timeout '0' is invalid. Using default page load timeout: '30'

2020-10-12 04:32:21 - [MESSAGE][PASSED] - Wait for page load successfully

2020-10-12 04:32:24 - [MESSAGE][PASSED] - Text of object 'Object Repository/ConventionsPageAdmin/SelectInstitutionName' is: 'BB Testing
swap_horiz'

2020-10-12 04:32:24 - [MESSAGE][PASSED] - com.CommonUtilities.CreateMeeting.getInstitutionName is PASSED

2020-10-12 04:32:24 - [TEST_STEP][PASSED] - assigneeName = com.CommonUtilities.CreateMeeting.enterMeetingDetailsAndTime(): com.CommonUtilities.CreateMeeting.enterMeetingDetailsAndTime is PASSED

2020-10-12 04:32:25 - [MESSAGE][PASSED] - Object: 'Object Repository/ConventionsPageAdmin/MeetingsLeftNav' is clicked on

2020-10-12 04:32:25 - [MESSAGE][PASSED] - Wait for page load successfully

2020-10-12 04:32:25 - [MESSAGE][PASSED] - Object: 'Object Repository/ConventionsPageAdmin/AddAvailabilityButton' is clicked on

2020-10-12 04:32:27 - [MESSAGE][PASSED] - Object: 'Object Repository/ConventionsPageAdmin/AssigneeDropDownButtonInMeetings' is clicked on

2020-10-12 04:32:27 - [MESSAGE][WARNING] - Timeout '0' is invalid. Using default page load timeout: '30'

2020-10-12 04:32:28 - [MESSAGE][PASSED] - Text of object 'Object Repository/ConventionsPageAdmin/selectdrop' is: 'T2
Test 28'

2020-10-12 04:32:39 - [MESSAGE][INFO] - Unable to find the element located by 'By.xpath: (//li[@role="option"]//span[@class="conventions-meeting-availability-form__assign-relationship-item"])[67]//img'. Please recheck the objects properties to make sure the desired element is located. 

2020-10-12 04:32:39 - [MESSAGE][WARNING] - com.kms.katalon.core.webui.exception.WebElementNotFoundException: Web element with id: 'Object Repository/ConventionsPageAdmin/SelectDropImg' located by '(//li[@role="option"]//span[@class="conventions-meeting-availability-form__assign-relationship-item"])[67]//img' not found (Root cause: com.kms.katalon.core.exception.StepFailedException: com.kms.katalon.core.webui.exception.WebElementNotFoundException: Web element with id: 'Object Repository/ConventionsPageAdmin/SelectDropImg' located by '(//li[@role="option"]//span[@class="conventions-meeting-availability-form__assign-relationship-item"])[67]//img' not found
	at com.kms.katalon.core.webui.keyword.internal.WebUIKeywordMain.stepFailed(WebUIKeywordMain.groovy:64)
	at com.kms.katalon.core.webui.keyword.builtin.VerifyElementPresentKeyword$_verifyElementPresent_closure1.doCall(VerifyElementPresentKeyword.groovy:85)
	at com.kms.katalon.core.webui.keyword.builtin.VerifyElementPresentKeyword$_verifyElementPresent_closure1.call(VerifyElementPresentKeyword.groovy)
	at com.kms.katalon.core.webui.keyword.internal.WebUIKeywordMain.runKeyword(WebUIKeywordMain.groovy:20)
	at com.kms.katalon.core.webui.keyword.builtin.VerifyElementPresentKeyword.verifyElementPresent(VerifyElementPresentKeyword.groovy:92)
	at com.kms.katalon.core.webui.keyword.builtin.VerifyElementPresentKeyword.execute(VerifyElementPresentKeyword.groovy:68)
	at com.kms.katalon.core.keyword.internal.KeywordExecutor.executeKeywordForPlatform(KeywordExecutor.groovy:73)
	at com.kms.katalon.core.webui.keyword.WebUiBuiltInKeywords.verifyElementPresent(WebUiBuiltInKeywords.groovy:1445)
	at com.kms.katalon.core.webui.keyword.WebUiBuiltInKeywords$verifyElementPresent$7.call(Unknown Source)
	at com.CommonUtilities.CreateMeeting.enterMeetingDetailsAndTime(CreateMeeting.groovy:110)
	at com.CommonUtilities.CreateMeeting.invokeMethod(CreateMeeting.groovy)
	at com.kms.katalon.core.main.CustomKeywordDelegatingMetaClass.invokeStaticMethod(CustomKeywordDelegatingMetaClass.java:50)
	at VerifyStudentInProspectslistAfterScheduleAMeeting.run(VerifyStudentInProspectslistAfterScheduleAMeeting:29)
	at com.kms.katalon.core.main.ScriptEngine.run(ScriptEngine.java:194)
	at com.kms.katalon.core.main.ScriptEngine.runScriptAsRawText(ScriptEngine.java:119)
	at com.kms.katalon.core.main.TestCaseExecutor.runScript(TestCaseExecutor.java:339)
	at com.kms.katalon.core.main.TestCaseExecutor.doExecute(TestCaseExecutor.java:330)
	at com.kms.katalon.core.main.TestCaseExecutor.processExecutionPhase(TestCaseExecutor.java:309)
	at com.kms.katalon.core.main.TestCaseExecutor.accessMainPhase(TestCaseExecutor.java:301)
	at com.kms.katalon.core.main.TestCaseExecutor.execute(TestCaseExecutor.java:235)
	at com.kms.katalon.core.main.TestSuiteExecutor.accessTestCaseMainPhase(TestSuiteExecutor.java:191)
	at com.kms.katalon.core.main.TestSuiteExecutor.accessTestSuiteMainPhase(TestSuiteExecutor.java:141)
	at com.kms.katalon.core.main.TestSuiteExecutor.execute(TestSuiteExecutor.java:90)
	at com.kms.katalon.core.main.TestCaseMain.startTestSuite(TestCaseMain.java:157)
	at com.kms.katalon.core.main.TestCaseMain$startTestSuite$0.call(Unknown Source)
	at TempTestSuite1602490771550.run(TempTestSuite1602490771550.groovy:39)
)
[[ATTACHMENT|E:\\CopyOfVisitDaysTests\\Reports\\20201012_041931\\NACAC\\20201012_041931\\1602491559399.png]]

2020-10-12 04:32:40 - [MESSAGE][PASSED] - Object: 'Object Repository/ConventionsPageAdmin/selectdrop' is clicked on

2020-10-12 04:32:46 - [MESSAGE][PASSED] - Delayed 6 second(s)

2020-10-12 04:32:46 - [MESSAGE][PASSED] - Keys '10/12/2020' sent to object: 'Object Repository/ConventionsPageAdmin/MeetingDateTextField'

2020-10-12 04:32:47 - [MESSAGE][PASSED] - Object: 'Object Repository/ConventionsPageAdmin/StartTimeInMeetings' is clicked on

2020-10-12 04:32:47 - [MESSAGE][PASSED] - Keys '11' sent to object: 'Object Repository/ConventionsPageAdmin/StartTimeInMeetings'

2020-10-12 04:32:47 - [MESSAGE][PASSED] - Keys '15' sent to object: 'Object Repository/ConventionsPageAdmin/StartTimeInMeetings'

2020-10-12 04:32:48 - [MESSAGE][PASSED] - Keys 'p' sent to object: 'Object Repository/ConventionsPageAdmin/StartTimeInMeetings'

2020-10-12 04:32:48 - [MESSAGE][PASSED] - Object: 'Object Repository/ConventionsPageAdmin/EndTimeInMeetings' is clicked on

2020-10-12 04:32:49 - [MESSAGE][PASSED] - Keys '11' sent to object: 'Object Repository/ConventionsPageAdmin/EndTimeInMeetings'

2020-10-12 04:32:49 - [MESSAGE][PASSED] - Keys '45' sent to object: 'Object Repository/ConventionsPageAdmin/EndTimeInMeetings'

2020-10-12 04:32:49 - [MESSAGE][PASSED] - Keys 'p' sent to object: 'Object Repository/ConventionsPageAdmin/EndTimeInMeetings'

2020-10-12 04:32:49 - [MESSAGE][PASSED] - com.CommonUtilities.CreateMeeting.enterMeetingDetailsAndTime is PASSED

2020-10-12 04:32:49 - [TEST_STEP][PASSED] - zoomId = com.CommonUtilities.CreateMeeting.enterZoomId(): com.CommonUtilities.CreateMeeting.enterZoomId is PASSED

2020-10-12 04:32:50 - [MESSAGE][PASSED] - Keys 'https://zoom.us/j/12345678' sent to object: 'Object Repository/ConventionsPageAdmin/ZoomInputFieldInMeetings'

2020-10-12 04:32:50 - [MESSAGE][PASSED] - Object: 'Object Repository/ConventionsPageAdmin/SaveButtonInMeetings' is clicked on

2020-10-12 04:32:57 - [MESSAGE][PASSED] - Delayed 7 second(s)

2020-10-12 04:32:57 - [MESSAGE][PASSED] - com.CommonUtilities.CreateMeeting.enterZoomId is PASSED

2020-10-12 04:32:57 - [TEST_STEP][PASSED] - dateDropDown = com.CommonUtilities.CreateMeeting.selectDateDropDownFormat(): com.CommonUtilities.CreateMeeting.selectDateDropDownFormat is PASSED

2020-10-12 04:32:57 - [MESSAGE][PASSED] - com.CommonUtilities.CreateMeeting.selectDateDropDownFormat is PASSED

2020-10-12 04:32:57 - [TEST_STEP][PASSED] - com.CommonUtilities.LoginAsDifferentUserPermissions.NavigateToNacacHomePage(): com.CommonUtilities.LoginAsDifferentUserPermissions.NavigateToNacacHomePage is PASSED

2020-10-12 04:33:00 - [MESSAGE][PASSED] - Navigate to 'https://nacac-charizard.visitdays.vercel.app/events' successfully

2020-10-12 04:33:00 - [MESSAGE][WARNING] - Timeout '0' is invalid. Using default page load timeout: '30'

2020-10-12 04:33:03 - [MESSAGE][PASSED] - Object 'Object Repository/NacacStudentApp/HomePageElements/UpcomingOptionInHomePage' is present

2020-10-12 04:33:03 - [MESSAGE][PASSED] - com.CommonUtilities.LoginAsDifferentUserPermissions.NavigateToNacacHomePage is PASSED

2020-10-12 04:33:03 - [TEST_STEP][PASSED] - click(findTestObject("Object Repository/NacacStudentApp/HomePageElements/PersonIconAccountBasics")): Object: 'Object Repository/NacacStudentApp/HomePageElements/PersonIconAccountBasics' is clicked on

2020-10-12 04:33:04 - [MESSAGE][PASSED] - Object: 'Object Repository/NacacStudentApp/HomePageElements/PersonIconAccountBasics' is clicked on

2020-10-12 04:33:04 - [TEST_STEP][PASSED] - emailOfStudent = getText(findTestObject("Object Repository/NacacStudentApp/HomePageElements/GetEmaildetailsFromAccountBasicsPage")): Text of object 'Object Repository/NacacStudentApp/HomePageElements/GetEmaildetailsFromAccountBasicsPage' is: 'gowtham.test1@qualitlabs.com'

2020-10-12 04:33:05 - [MESSAGE][PASSED] - Text of object 'Object Repository/NacacStudentApp/HomePageElements/GetEmaildetailsFromAccountBasicsPage' is: 'gowtham.test1@qualitlabs.com'

2020-10-12 04:33:05 - [TEST_STEP][PASSED] - println(emailOfStudent): null

2020-10-12 04:33:05 - [TEST_STEP][PASSED] - click(findTestObject("Object Repository/NacacStudentApp/HomePageElements/EventsHomePage")): Object: 'Object Repository/NacacStudentApp/HomePageElements/EventsHomePage' is clicked on

2020-10-12 04:33:05 - [MESSAGE][PASSED] - Object: 'Object Repository/NacacStudentApp/HomePageElements/EventsHomePage' is clicked on

2020-10-12 04:33:05 - [TEST_STEP][PASSED] - click(findTestObject("NacacStudentApp/HomePageElements/SelectConventionInHomePage", ["Name":conventionName])): Object: 'Object Repository/NacacStudentApp/HomePageElements/SelectConventionInHomePage' is clicked on

2020-10-12 04:33:07 - [MESSAGE][PASSED] - Object: 'Object Repository/NacacStudentApp/HomePageElements/SelectConventionInHomePage' is clicked on

2020-10-12 04:33:07 - [TEST_STEP][PASSED] - delay(5): Delayed 5 second(s)

2020-10-12 04:33:12 - [MESSAGE][PASSED] - Delayed 5 second(s)

2020-10-12 04:33:12 - [TEST_STEP][PASSED] - element = findWebElement(findTestObject("NacacStudentApp/HomePageElements/CollegesTabInExhibitorsPage"), 0): Timeout '0' is invalid. Using default page load timeout: '30'

2020-10-12 04:33:12 - [MESSAGE][WARNING] - Timeout '0' is invalid. Using default page load timeout: '30'

2020-10-12 04:33:12 - [TEST_STEP][PASSED] - executeJavaScript("arguments[0].click()", Arrays.asList(element)): Execute JavaScript 'arguments[0].click()' successfully

2020-10-12 04:33:12 - [MESSAGE][PASSED] - Execute JavaScript 'arguments[0].click()' successfully

2020-10-12 04:33:12 - [TEST_STEP][PASSED] - scrollToElement(findTestObject("Object Repository/NacacStudentApp/HomePageElements/LoadMoreButton"), 5, OPTIONAL): Unable to scroll to object 'Object Repository/NacacStudentApp/HomePageElements/LoadMoreButton' (Root cause: com.kms.katalon.core.exception.StepFailedException: Unable to scroll to object 'Object Repository/NacacStudentApp/HomePageElements/LoadMoreButton'
	at com.kms.katalon.core.webui.keyword.internal.WebUIKeywordMain.stepFailed(WebUIKeywordMain.groovy:64)
	at com.kms.katalon.core.webui.keyword.internal.WebUIKeywordMain.runKeyword(WebUIKeywordMain.groovy:26)
	at com.kms.katalon.core.webui.keyword.builtin.ScrollToElementKeyword.scrollToElement(ScrollToElementKeyword.groovy:88)
	at com.kms.katalon.core.webui.keyword.builtin.ScrollToElementKeyword.execute(ScrollToElementKeyword.groovy:68)
	at com.kms.katalon.core.keyword.internal.KeywordExecutor.executeKeywordForPlatform(KeywordExecutor.groovy:73)
	at com.kms.katalon.core.webui.keyword.WebUiBuiltInKeywords.scrollToElement(WebUiBuiltInKeywords.groovy:3418)
	at com.kms.katalon.core.webui.keyword.WebUiBuiltInKeywords$scrollToElement$15.call(Unknown Source)
	at VerifyStudentInProspectslistAfterScheduleAMeeting.run(VerifyStudentInProspectslistAfterScheduleAMeeting:54)
	at com.kms.katalon.core.main.ScriptEngine.run(ScriptEngine.java:194)
	at com.kms.katalon.core.main.ScriptEngine.runScriptAsRawText(ScriptEngine.java:119)
	at com.kms.katalon.core.main.TestCaseExecutor.runScript(TestCaseExecutor.java:339)
	at com.kms.katalon.core.main.TestCaseExecutor.doExecute(TestCaseExecutor.java:330)
	at com.kms.katalon.core.main.TestCaseExecutor.processExecutionPhase(TestCaseExecutor.java:309)
	at com.kms.katalon.core.main.TestCaseExecutor.accessMainPhase(TestCaseExecutor.java:301)
	at com.kms.katalon.core.main.TestCaseExecutor.execute(TestCaseExecutor.java:235)
	at com.kms.katalon.core.main.TestSuiteExecutor.accessTestCaseMainPhase(TestSuiteExecutor.java:191)
	at com.kms.katalon.core.main.TestSuiteExecutor.accessTestSuiteMainPhase(TestSuiteExecutor.java:141)
	at com.kms.katalon.core.main.TestSuiteExecutor.execute(TestSuiteExecutor.java:90)
	at com.kms.katalon.core.main.TestCaseMain.startTestSuite(TestCaseMain.java:157)
	at com.kms.katalon.core.main.TestCaseMain$startTestSuite$0.call(Unknown Source)
	at TempTestSuite1602490771550.run(TempTestSuite1602490771550.groovy:39)
Caused by: com.kms.katalon.core.webui.exception.WebElementNotFoundException: Web element with id: 'Object Repository/NacacStudentApp/HomePageElements/LoadMoreButton' located by '//button//span[text()="Load More"]' not found
	at com.kms.katalon.core.webui.common.WebUiCommonHelper.findWebElement(WebUiCommonHelper.java:1368)
	at com.kms.katalon.core.webui.keyword.internal.WebUIAbstractKeyword.findWebElement(WebUIAbstractKeyword.groovy:27)
	at com.kms.katalon.core.webui.keyword.internal.WebUIAbstractKeyword.findWebElement(WebUIAbstractKeyword.groovy:26)
	at com.kms.katalon.core.webui.keyword.builtin.ScrollToElementKeyword$_scrollToElement_closure1.doCall(ScrollToElementKeyword.groovy:79)
	at com.kms.katalon.core.webui.keyword.builtin.ScrollToElementKeyword$_scrollToElement_closure1.call(ScrollToElementKeyword.groovy)
	at com.kms.katalon.core.webui.keyword.internal.WebUIKeywordMain.runKeyword(WebUIKeywordMain.groovy:20)
	at com.kms.katalon.core.webui.keyword.builtin.ScrollToElementKeyword.scrollToElement(ScrollToElementKeyword.groovy:88)
	at com.kms.katalon.core.webui.keyword.builtin.ScrollToElementKeyword.execute(ScrollToElementKeyword.groovy:68)
	at com.kms.katalon.core.keyword.internal.KeywordExecutor.executeKeywordForPlatform(KeywordExecutor.groovy:73)
	at com.kms.katalon.core.webui.keyword.WebUiBuiltInKeywords.scrollToElement(WebUiBuiltInKeywords.groovy:3418)
	at com.kms.katalon.core.webui.keyword.WebUiBuiltInKeywords$scrollToElement$15.call(Unknown Source)
	at Script1600687032693.run(Script1600687032693.groovy:54)
	... 13 more
)

2020-10-12 04:33:43 - [MESSAGE][INFO] - Unable to find the element located by 'By.xpath: //button//span[text()="Load More"]'. Please recheck the objects properties to make sure the desired element is located. 

2020-10-12 04:33:44 - [MESSAGE][WARNING] - Unable to scroll to object 'Object Repository/NacacStudentApp/HomePageElements/LoadMoreButton' (Root cause: com.kms.katalon.core.exception.StepFailedException: Unable to scroll to object 'Object Repository/NacacStudentApp/HomePageElements/LoadMoreButton'
	at com.kms.katalon.core.webui.keyword.internal.WebUIKeywordMain.stepFailed(WebUIKeywordMain.groovy:64)
	at com.kms.katalon.core.webui.keyword.internal.WebUIKeywordMain.runKeyword(WebUIKeywordMain.groovy:26)
	at com.kms.katalon.core.webui.keyword.builtin.ScrollToElementKeyword.scrollToElement(ScrollToElementKeyword.groovy:88)
	at com.kms.katalon.core.webui.keyword.builtin.ScrollToElementKeyword.execute(ScrollToElementKeyword.groovy:68)
	at com.kms.katalon.core.keyword.internal.KeywordExecutor.executeKeywordForPlatform(KeywordExecutor.groovy:73)
	at com.kms.katalon.core.webui.keyword.WebUiBuiltInKeywords.scrollToElement(WebUiBuiltInKeywords.groovy:3418)
	at com.kms.katalon.core.webui.keyword.WebUiBuiltInKeywords$scrollToElement$15.call(Unknown Source)
	at VerifyStudentInProspectslistAfterScheduleAMeeting.run(VerifyStudentInProspectslistAfterScheduleAMeeting:54)
	at com.kms.katalon.core.main.ScriptEngine.run(ScriptEngine.java:194)
	at com.kms.katalon.core.main.ScriptEngine.runScriptAsRawText(ScriptEngine.java:119)
	at com.kms.katalon.core.main.TestCaseExecutor.runScript(TestCaseExecutor.java:339)
	at com.kms.katalon.core.main.TestCaseExecutor.doExecute(TestCaseExecutor.java:330)
	at com.kms.katalon.core.main.TestCaseExecutor.processExecutionPhase(TestCaseExecutor.java:309)
	at com.kms.katalon.core.main.TestCaseExecutor.accessMainPhase(TestCaseExecutor.java:301)
	at com.kms.katalon.core.main.TestCaseExecutor.execute(TestCaseExecutor.java:235)
	at com.kms.katalon.core.main.TestSuiteExecutor.accessTestCaseMainPhase(TestSuiteExecutor.java:191)
	at com.kms.katalon.core.main.TestSuiteExecutor.accessTestSuiteMainPhase(TestSuiteExecutor.java:141)
	at com.kms.katalon.core.main.TestSuiteExecutor.execute(TestSuiteExecutor.java:90)
	at com.kms.katalon.core.main.TestCaseMain.startTestSuite(TestCaseMain.java:157)
	at com.kms.katalon.core.main.TestCaseMain$startTestSuite$0.call(Unknown Source)
	at TempTestSuite1602490771550.run(TempTestSuite1602490771550.groovy:39)
Caused by: com.kms.katalon.core.webui.exception.WebElementNotFoundException: Web element with id: 'Object Repository/NacacStudentApp/HomePageElements/LoadMoreButton' located by '//button//span[text()="Load More"]' not found
	at com.kms.katalon.core.webui.common.WebUiCommonHelper.findWebElement(WebUiCommonHelper.java:1368)
	at com.kms.katalon.core.webui.keyword.internal.WebUIAbstractKeyword.findWebElement(WebUIAbstractKeyword.groovy:27)
	at com.kms.katalon.core.webui.keyword.internal.WebUIAbstractKeyword.findWebElement(WebUIAbstractKeyword.groovy:26)
	at com.kms.katalon.core.webui.keyword.builtin.ScrollToElementKeyword$_scrollToElement_closure1.doCall(ScrollToElementKeyword.groovy:79)
	at com.kms.katalon.core.webui.keyword.builtin.ScrollToElementKeyword$_scrollToElement_closure1.call(ScrollToElementKeyword.groovy)
	at com.kms.katalon.core.webui.keyword.internal.WebUIKeywordMain.runKeyword(WebUIKeywordMain.groovy:20)
	at com.kms.katalon.core.webui.keyword.builtin.ScrollToElementKeyword.scrollToElement(ScrollToElementKeyword.groovy:88)
	at com.kms.katalon.core.webui.keyword.builtin.ScrollToElementKeyword.execute(ScrollToElementKeyword.groovy:68)
	at com.kms.katalon.core.keyword.internal.KeywordExecutor.executeKeywordForPlatform(KeywordExecutor.groovy:73)
	at com.kms.katalon.core.webui.keyword.WebUiBuiltInKeywords.scrollToElement(WebUiBuiltInKeywords.groovy:3418)
	at com.kms.katalon.core.webui.keyword.WebUiBuiltInKeywords$scrollToElement$15.call(Unknown Source)
	at Script1600687032693.run(Script1600687032693.groovy:54)
	... 13 more
)
[[ATTACHMENT|E:\\CopyOfVisitDaysTests\\Reports\\20201012_041931\\NACAC\\20201012_041931\\1602491623666.png]]

2020-10-12 04:33:44 - [TEST_STEP][PASSED] - if (verifyElementPresent(findTestObject("Object Repository/NacacStudentApp/HomePageElements/LoadMoreButton"), 5, OPTIONAL)): com.kms.katalon.core.webui.exception.WebElementNotFoundException: Web element with id: 'Object Repository/NacacStudentApp/HomePageElements/LoadMoreButton' located by '//button//span[text()="Load More"]' not found (Root cause: com.kms.katalon.core.exception.StepFailedException: com.kms.katalon.core.webui.exception.WebElementNotFoundException: Web element with id: 'Object Repository/NacacStudentApp/HomePageElements/LoadMoreButton' located by '//button//span[text()="Load More"]' not found
	at com.kms.katalon.core.webui.keyword.internal.WebUIKeywordMain.stepFailed(WebUIKeywordMain.groovy:64)
	at com.kms.katalon.core.webui.keyword.builtin.VerifyElementPresentKeyword$_verifyElementPresent_closure1.doCall(VerifyElementPresentKeyword.groovy:85)
	at com.kms.katalon.core.webui.keyword.builtin.VerifyElementPresentKeyword$_verifyElementPresent_closure1.call(VerifyElementPresentKeyword.groovy)
	at com.kms.katalon.core.webui.keyword.internal.WebUIKeywordMain.runKeyword(WebUIKeywordMain.groovy:20)
	at com.kms.katalon.core.webui.keyword.builtin.VerifyElementPresentKeyword.verifyElementPresent(VerifyElementPresentKeyword.groovy:92)
	at com.kms.katalon.core.webui.keyword.builtin.VerifyElementPresentKeyword.execute(VerifyElementPresentKeyword.groovy:68)
	at com.kms.katalon.core.keyword.internal.KeywordExecutor.executeKeywordForPlatform(KeywordExecutor.groovy:73)
	at com.kms.katalon.core.webui.keyword.WebUiBuiltInKeywords.verifyElementPresent(WebUiBuiltInKeywords.groovy:1445)
	at com.kms.katalon.core.webui.keyword.WebUiBuiltInKeywords$verifyElementPresent$7.call(Unknown Source)
	at VerifyStudentInProspectslistAfterScheduleAMeeting.run(VerifyStudentInProspectslistAfterScheduleAMeeting:56)
	at com.kms.katalon.core.main.ScriptEngine.run(ScriptEngine.java:194)
	at com.kms.katalon.core.main.ScriptEngine.runScriptAsRawText(ScriptEngine.java:119)
	at com.kms.katalon.core.main.TestCaseExecutor.runScript(TestCaseExecutor.java:339)
	at com.kms.katalon.core.main.TestCaseExecutor.doExecute(TestCaseExecutor.java:330)
	at com.kms.katalon.core.main.TestCaseExecutor.processExecutionPhase(TestCaseExecutor.java:309)
	at com.kms.katalon.core.main.TestCaseExecutor.accessMainPhase(TestCaseExecutor.java:301)
	at com.kms.katalon.core.main.TestCaseExecutor.execute(TestCaseExecutor.java:235)
	at com.kms.katalon.core.main.TestSuiteExecutor.accessTestCaseMainPhase(TestSuiteExecutor.java:191)
	at com.kms.katalon.core.main.TestSuiteExecutor.accessTestSuiteMainPhase(TestSuiteExecutor.java:141)
	at com.kms.katalon.core.main.TestSuiteExecutor.execute(TestSuiteExecutor.java:90)
	at com.kms.katalon.core.main.TestCaseMain.startTestSuite(TestCaseMain.java:157)
	at com.kms.katalon.core.main.TestCaseMain$startTestSuite$0.call(Unknown Source)
	at TempTestSuite1602490771550.run(TempTestSuite1602490771550.groovy:39)
)

2020-10-12 04:33:50 - [MESSAGE][INFO] - Unable to find the element located by 'By.xpath: //button//span[text()="Load More"]'. Please recheck the objects properties to make sure the desired element is located. 

2020-10-12 04:33:51 - [MESSAGE][WARNING] - com.kms.katalon.core.webui.exception.WebElementNotFoundException: Web element with id: 'Object Repository/NacacStudentApp/HomePageElements/LoadMoreButton' located by '//button//span[text()="Load More"]' not found (Root cause: com.kms.katalon.core.exception.StepFailedException: com.kms.katalon.core.webui.exception.WebElementNotFoundException: Web element with id: 'Object Repository/NacacStudentApp/HomePageElements/LoadMoreButton' located by '//button//span[text()="Load More"]' not found
	at com.kms.katalon.core.webui.keyword.internal.WebUIKeywordMain.stepFailed(WebUIKeywordMain.groovy:64)
	at com.kms.katalon.core.webui.keyword.builtin.VerifyElementPresentKeyword$_verifyElementPresent_closure1.doCall(VerifyElementPresentKeyword.groovy:85)
	at com.kms.katalon.core.webui.keyword.builtin.VerifyElementPresentKeyword$_verifyElementPresent_closure1.call(VerifyElementPresentKeyword.groovy)
	at com.kms.katalon.core.webui.keyword.internal.WebUIKeywordMain.runKeyword(WebUIKeywordMain.groovy:20)
	at com.kms.katalon.core.webui.keyword.builtin.VerifyElementPresentKeyword.verifyElementPresent(VerifyElementPresentKeyword.groovy:92)
	at com.kms.katalon.core.webui.keyword.builtin.VerifyElementPresentKeyword.execute(VerifyElementPresentKeyword.groovy:68)
	at com.kms.katalon.core.keyword.internal.KeywordExecutor.executeKeywordForPlatform(KeywordExecutor.groovy:73)
	at com.kms.katalon.core.webui.keyword.WebUiBuiltInKeywords.verifyElementPresent(WebUiBuiltInKeywords.groovy:1445)
	at com.kms.katalon.core.webui.keyword.WebUiBuiltInKeywords$verifyElementPresent$7.call(Unknown Source)
	at VerifyStudentInProspectslistAfterScheduleAMeeting.run(VerifyStudentInProspectslistAfterScheduleAMeeting:56)
	at com.kms.katalon.core.main.ScriptEngine.run(ScriptEngine.java:194)
	at com.kms.katalon.core.main.ScriptEngine.runScriptAsRawText(ScriptEngine.java:119)
	at com.kms.katalon.core.main.TestCaseExecutor.runScript(TestCaseExecutor.java:339)
	at com.kms.katalon.core.main.TestCaseExecutor.doExecute(TestCaseExecutor.java:330)
	at com.kms.katalon.core.main.TestCaseExecutor.processExecutionPhase(TestCaseExecutor.java:309)
	at com.kms.katalon.core.main.TestCaseExecutor.accessMainPhase(TestCaseExecutor.java:301)
	at com.kms.katalon.core.main.TestCaseExecutor.execute(TestCaseExecutor.java:235)
	at com.kms.katalon.core.main.TestSuiteExecutor.accessTestCaseMainPhase(TestSuiteExecutor.java:191)
	at com.kms.katalon.core.main.TestSuiteExecutor.accessTestSuiteMainPhase(TestSuiteExecutor.java:141)
	at com.kms.katalon.core.main.TestSuiteExecutor.execute(TestSuiteExecutor.java:90)
	at com.kms.katalon.core.main.TestCaseMain.startTestSuite(TestCaseMain.java:157)
	at com.kms.katalon.core.main.TestCaseMain$startTestSuite$0.call(Unknown Source)
	at TempTestSuite1602490771550.run(TempTestSuite1602490771550.groovy:39)
)
[[ATTACHMENT|E:\\CopyOfVisitDaysTests\\Reports\\20201012_041931\\NACAC\\20201012_041931\\1602491630562.png]]

2020-10-12 04:33:51 - [TEST_STEP][PASSED] - waitForElementPresent(findTestObject("NacacStudentApp/HomePageElements/CollegeName", ["Exhibitor":institutionName]), 0): Object 'Object Repository/NacacStudentApp/HomePageElements/CollegeName' is present

2020-10-12 04:33:51 - [MESSAGE][WARNING] - Timeout '0' is invalid. Using default page load timeout: '30'

2020-10-12 04:33:51 - [MESSAGE][PASSED] - Object 'Object Repository/NacacStudentApp/HomePageElements/CollegeName' is present

2020-10-12 04:33:51 - [TEST_STEP][PASSED] - click(findTestObject("NacacStudentApp/HomePageElements/CollegeName", ["Exhibitor":institutionName])): Object: 'Object Repository/NacacStudentApp/HomePageElements/CollegeName' is clicked on

2020-10-12 04:33:51 - [MESSAGE][PASSED] - Object: 'Object Repository/NacacStudentApp/HomePageElements/CollegeName' is clicked on

2020-10-12 04:33:51 - [TEST_STEP][PASSED] - click(findTestObject("Object Repository/NacacStudentApp/HomePageElements/Schedule A Meeting Button")): Object: 'Object Repository/NacacStudentApp/HomePageElements/Schedule A Meeting Button' is clicked on

2020-10-12 04:33:53 - [MESSAGE][PASSED] - Object: 'Object Repository/NacacStudentApp/HomePageElements/Schedule A Meeting Button' is clicked on

2020-10-12 04:33:53 - [TEST_STEP][PASSED] - waitForElementPresent(findTestObject("Object Repository/NacacStudentApp/HomePageElements/SelectDateInSchedulemeeting"), 0): Object 'Object Repository/NacacStudentApp/HomePageElements/SelectDateInSchedulemeeting' is present

2020-10-12 04:33:53 - [MESSAGE][WARNING] - Timeout '0' is invalid. Using default page load timeout: '30'

2020-10-12 04:33:55 - [MESSAGE][PASSED] - Object 'Object Repository/NacacStudentApp/HomePageElements/SelectDateInSchedulemeeting' is present

2020-10-12 04:33:55 - [TEST_STEP][PASSED] - click(findTestObject("Object Repository/NacacStudentApp/HomePageElements/SelectDateInSchedulemeeting")): Object: 'Object Repository/NacacStudentApp/HomePageElements/SelectDateInSchedulemeeting' is clicked on

2020-10-12 04:33:56 - [MESSAGE][PASSED] - Object: 'Object Repository/NacacStudentApp/HomePageElements/SelectDateInSchedulemeeting' is clicked on

2020-10-12 04:33:56 - [TEST_STEP][PASSED] - click(findTestObject("Object Repository/NacacStudentApp/HomePageElements/SelectFirstOPtionInDateDropDownMeetings", ["Date":dateDropDown])): Object: 'Object Repository/NacacStudentApp/HomePageElements/SelectFirstOPtionInDateDropDownMeetings' is clicked on

2020-10-12 04:33:56 - [MESSAGE][PASSED] - Object: 'Object Repository/NacacStudentApp/HomePageElements/SelectFirstOPtionInDateDropDownMeetings' is clicked on

2020-10-12 04:33:56 - [TEST_STEP][PASSED] - waitForElementPresent(findTestObject("Object Repository/NacacStudentApp/HomePageElements/SelectTimeInSchedulemeeting"), 0): Object 'Object Repository/NacacStudentApp/HomePageElements/SelectTimeInSchedulemeeting' is present

2020-10-12 04:33:56 - [MESSAGE][WARNING] - Timeout '0' is invalid. Using default page load timeout: '30'

2020-10-12 04:33:57 - [MESSAGE][PASSED] - Object 'Object Repository/NacacStudentApp/HomePageElements/SelectTimeInSchedulemeeting' is present

2020-10-12 04:33:57 - [TEST_STEP][PASSED] - click(findTestObject("Object Repository/NacacStudentApp/HomePageElements/SelectTimeInScheduleMeeting")): Object: 'Object Repository/NacacStudentApp/HomePageElements/SelectTimeInScheduleMeeting' is clicked on

2020-10-12 04:33:57 - [MESSAGE][PASSED] - Object: 'Object Repository/NacacStudentApp/HomePageElements/SelectTimeInScheduleMeeting' is clicked on

2020-10-12 04:33:57 - [TEST_STEP][PASSED] - scrollToElement(findTestObject("Object Repository/NacacStudentApp/HomePageElements/SelectFirstOptionInTimeDropTime", ["value":assigneeName]), 0, OPTIONAL): Scroll to object 'Object Repository/NacacStudentApp/HomePageElements/SelectFirstOptionInTimeDropTime' successfully

2020-10-12 04:33:57 - [MESSAGE][WARNING] - Timeout '0' is invalid. Using default page load timeout: '30'

2020-10-12 04:33:58 - [MESSAGE][PASSED] - Scroll to object 'Object Repository/NacacStudentApp/HomePageElements/SelectFirstOptionInTimeDropTime' successfully

2020-10-12 04:33:58 - [TEST_STEP][PASSED] - click(findTestObject("Object Repository/NacacStudentApp/HomePageElements/SelectFirstOptionInTimeDropTime", ["value":assigneeName])): Object: 'Object Repository/NacacStudentApp/HomePageElements/SelectFirstOptionInTimeDropTime' is clicked on

2020-10-12 04:33:58 - [MESSAGE][PASSED] - Object: 'Object Repository/NacacStudentApp/HomePageElements/SelectFirstOptionInTimeDropTime' is clicked on

2020-10-12 04:33:58 - [TEST_STEP][PASSED] - click(findTestObject("Object Repository/NacacStudentApp/HomePageElements/ScheduleNow Button")): Object: 'Object Repository/NacacStudentApp/HomePageElements/ScheduleNow Button' is clicked on

2020-10-12 04:33:59 - [MESSAGE][PASSED] - Object: 'Object Repository/NacacStudentApp/HomePageElements/ScheduleNow Button' is clicked on

2020-10-12 04:33:59 - [TEST_STEP][PASSED] - navigateToUrl(StagingUrl): Navigate to 'https://charizard-admin.visitdays.com/' successfully

2020-10-12 04:34:01 - [MESSAGE][PASSED] - Navigate to 'https://charizard-admin.visitdays.com/' successfully

2020-10-12 04:34:01 - [TEST_STEP][PASSED] - waitForElementPresent(findTestObject("HomePageElements/ProfileAvatar"), 0): Object 'Object Repository/HomePageElements/ProfileAvatar' is present

2020-10-12 04:34:01 - [MESSAGE][WARNING] - Timeout '0' is invalid. Using default page load timeout: '30'

2020-10-12 04:34:05 - [MESSAGE][PASSED] - Object 'Object Repository/HomePageElements/ProfileAvatar' is present

2020-10-12 04:34:05 - [TEST_STEP][PASSED] - click(findTestObject("Object Repository/HomePageElements/PersonIcon")): Object: 'Object Repository/HomePageElements/PersonIcon' is clicked on

2020-10-12 04:34:06 - [MESSAGE][PASSED] - Object: 'Object Repository/HomePageElements/PersonIcon' is clicked on

2020-10-12 04:34:06 - [TEST_STEP][PASSED] - click(findTestObject("Object Repository/HomePageElements/NacacConventionslink")): Object: 'Object Repository/HomePageElements/NacacConventionslink' is clicked on

2020-10-12 04:34:07 - [MESSAGE][PASSED] - Object: 'Object Repository/HomePageElements/NacacConventionslink' is clicked on

2020-10-12 04:34:07 - [TEST_STEP][PASSED] - click(findTestObject("Object Repository/ConventionsPageAdmin/ProspectsLeftnav")): Object: 'Object Repository/ConventionsPageAdmin/ProspectsLeftnav' is clicked on

2020-10-12 04:34:16 - [MESSAGE][PASSED] - Object: 'Object Repository/ConventionsPageAdmin/ProspectsLeftnav' is clicked on

2020-10-12 04:34:16 - [TEST_STEP][PASSED] - if (!(verifyElementPresent(findTestObject("Object Repository/ConventionsPageAdmin/VerifyAttendeesListOfLiveSession", ["EMAIL":emailOfStudent]), 10, OPTIONAL))): Object 'Object Repository/ConventionsPageAdmin/VerifyAttendeesListOfLiveSession' is present

2020-10-12 04:34:18 - [MESSAGE][PASSED] - Object 'Object Repository/ConventionsPageAdmin/VerifyAttendeesListOfLiveSession' is present]]></system-out>
         <system-err><![CDATA[]]></system-err>
      </testcase>
      <testcase name="Test Cases/Conventions/VerifyLiveSessionAttendiesInAdminApp" time="122.532" classname="Test Cases/Conventions/VerifyLiveSessionAttendiesInAdminApp" status="PASSED">
         <system-out><![CDATA[2020-10-12 04:34:20 - [TEST_CASE][PASSED] - Test Cases/Conventions/VerifyLiveSessionAttendiesInAdminApp: Test Cases/Conventions/VerifyLiveSessionAttendiesInAdminApp

2020-10-12 04:34:20 - [TEST_STEP][PASSED] - com.CommonUtilities.LoginAsDifferentUserPermissions.NavigateToHomePage(): com.CommonUtilities.LoginAsDifferentUserPermissions.NavigateToHomePage is PASSED

2020-10-12 04:34:22 - [MESSAGE][PASSED] - Navigate to 'https://charizard-admin.visitdays.com/' successfully

2020-10-12 04:34:22 - [MESSAGE][WARNING] - Timeout '0' is invalid. Using default page load timeout: '30'

2020-10-12 04:34:26 - [MESSAGE][PASSED] - Object 'Object Repository/HomePageElements/ProfileAvatar' is present

2020-10-12 04:34:26 - [MESSAGE][WARNING] - Timeout '0' is invalid. Using default page load timeout: '30'

2020-10-12 04:34:26 - [MESSAGE][PASSED] - Object 'Object Repository/HomePageElements/SchoolProdoutNav' is present

2020-10-12 04:34:26 - [MESSAGE][PASSED] - Object: 'Object Repository/HomePageElements/SchoolProdoutNav' is clicked on

2020-10-12 04:34:26 - [MESSAGE][PASSED] - com.CommonUtilities.LoginAsDifferentUserPermissions.NavigateToHomePage is PASSED

2020-10-12 04:34:26 - [TEST_STEP][PASSED] - ConventionName = com.CommonUtilities.CreateLiveSession.selectConvention(): com.CommonUtilities.CreateLiveSession.selectConvention is PASSED

2020-10-12 04:34:30 - [MESSAGE][PASSED] - Object: 'Object Repository/HomePageElements/PersonIcon' is clicked on

2020-10-12 04:34:31 - [MESSAGE][PASSED] - Object: 'Object Repository/HomePageElements/NacacConventionslink' is clicked on

2020-10-12 04:34:38 - [MESSAGE][PASSED] - Object: 'Object Repository/ConventionsPageAdmin/Conventionsleftnav' is clicked on

2020-10-12 04:34:38 - [MESSAGE][PASSED] - Object: 'Object Repository/ConventionsPageAdmin/CreateButtonInLiveSessions' is clicked on

2020-10-12 04:34:38 - [MESSAGE][PASSED] - Wait for page load successfully

2020-10-12 04:34:41 - [MESSAGE][PASSED] - Text of object 'Object Repository/ConventionsPageAdmin/getNameOfFirstConvention' is: 'June In Progress Demo'

2020-10-12 04:34:41 - [MESSAGE][PASSED] - Object: 'Object Repository/ConventionsPageAdmin/ClickFirstConventionInCreatingLiveSessions' is clicked on

2020-10-12 04:34:41 - [MESSAGE][PASSED] - com.CommonUtilities.CreateLiveSession.selectConvention is PASSED

2020-10-12 04:34:41 - [TEST_STEP][PASSED] - meetname = com.CommonUtilities.CreateLiveSession.enterLiveSessionDetailsAndTime(): com.CommonUtilities.CreateLiveSession.enterLiveSessionDetailsAndTime is PASSED

2020-10-12 04:34:42 - [MESSAGE][PASSED] - Text 'TestSession3752' is set on object 'Object Repository/ConventionsPageAdmin/Name field'

2020-10-12 04:34:43 - [MESSAGE][PASSED] - Keys 'this is test description' sent to object: 'Object Repository/ConventionsPageAdmin/Descriptionfield'

2020-10-12 04:34:43 - [MESSAGE][PASSED] - Keys '10/12/2020' sent to object: 'Object Repository/ConventionsPageAdmin/dateFieldAtStartTime'

2020-10-12 04:34:44 - [MESSAGE][PASSED] - Object: 'Object Repository/ConventionsPageAdmin/TimeFieldAtStartTime' is clicked on

2020-10-12 04:34:44 - [MESSAGE][PASSED] - Keys '12' sent to object: 'Object Repository/ConventionsPageAdmin/TimeFieldAtStartTime'

2020-10-12 04:34:44 - [MESSAGE][PASSED] - Keys '00' sent to object: 'Object Repository/ConventionsPageAdmin/TimeFieldAtStartTime'

2020-10-12 04:34:45 - [MESSAGE][PASSED] - Keys 'a' sent to object: 'Object Repository/ConventionsPageAdmin/TimeFieldAtStartTime'

2020-10-12 04:34:45 - [MESSAGE][PASSED] - Keys '10/12/2020' sent to object: 'Object Repository/ConventionsPageAdmin/DateFieldAtEndTime'

2020-10-12 04:34:46 - [MESSAGE][PASSED] - Object: 'Object Repository/ConventionsPageAdmin/TimeFieldAtEndTime' is clicked on

2020-10-12 04:34:46 - [MESSAGE][PASSED] - Keys '11' sent to object: 'Object Repository/ConventionsPageAdmin/TimeFieldAtEndTime'

2020-10-12 04:34:46 - [MESSAGE][PASSED] - Keys '45' sent to object: 'Object Repository/ConventionsPageAdmin/TimeFieldAtEndTime'

2020-10-12 04:34:47 - [MESSAGE][PASSED] - Keys 'p' sent to object: 'Object Repository/ConventionsPageAdmin/TimeFieldAtEndTime'

2020-10-12 04:34:47 - [MESSAGE][PASSED] - com.CommonUtilities.CreateLiveSession.enterLiveSessionDetailsAndTime is PASSED

2020-10-12 04:34:47 - [TEST_STEP][PASSED] - ZoomId = com.CommonUtilities.CreateLiveSession.enterZoomIdAndAddAssigne(): com.CommonUtilities.CreateLiveSession.enterZoomIdAndAddAssigne is PASSED

2020-10-12 04:34:47 - [MESSAGE][PASSED] - Text 'https://zoom.us/j/12345678' is set on object 'Object Repository/ConventionsPageAdmin/ZoomMeetingField'

2020-10-12 04:34:48 - [MESSAGE][PASSED] - Keys '5' sent to object: 'Object Repository/ConventionsPageAdmin/CapacityField'

2020-10-12 04:34:49 - [MESSAGE][PASSED] - Object: 'Object Repository/ConventionsPageAdmin/AssigneesDropDown' is clicked on

2020-10-12 04:34:54 - [MESSAGE][PASSED] - Delayed 5 second(s)

2020-10-12 04:34:54 - [MESSAGE][WARNING] - Timeout '0' is invalid. Using default page load timeout: '30'

2020-10-12 04:34:54 - [MESSAGE][PASSED] - Text of object 'Object Repository/ConventionsPageAdmin/selectDropSessions' is: 'T6
Test 60'

2020-10-12 04:34:55 - [MESSAGE][PASSED] - Object: 'Object Repository/ConventionsPageAdmin/selectDropSessions' is clicked on

2020-10-12 04:34:55 - [MESSAGE][PASSED] - Object: 'Object Repository/ConventionsPageAdmin/Add button of add assigne' is clicked on

2020-10-12 04:34:56 - [MESSAGE][PASSED] - Object: 'Object Repository/ConventionsPageAdmin/upload photo' is clicked on

2020-10-12 04:34:56 - [MESSAGE][PASSED] - File 'E:\CopyOfVisitDaysTests\studentimg.jpg' sent to object: 'Object Repository/ConventionsPageAdmin/BrowsePhotoAddress'

2020-10-12 04:34:57 - [MESSAGE][PASSED] - Object: 'Object Repository/ConventionsPageAdmin/ApplybuttoninPhotoUpload' is clicked on

2020-10-12 04:34:58 - [MESSAGE][PASSED] - Object: 'Object Repository/ConventionsPageAdmin/SaveButton' is clicked on

2020-10-12 04:35:03 - [MESSAGE][PASSED] - Delayed 5 second(s)

2020-10-12 04:35:03 - [MESSAGE][PASSED] - com.CommonUtilities.CreateLiveSession.enterZoomIdAndAddAssigne is PASSED

2020-10-12 04:35:03 - [TEST_STEP][PASSED] - com.CommonUtilities.LoginAsDifferentUserPermissions.NavigateToNacacHomePage(): com.CommonUtilities.LoginAsDifferentUserPermissions.NavigateToNacacHomePage is PASSED

2020-10-12 04:35:07 - [MESSAGE][PASSED] - Navigate to 'https://nacac-charizard.visitdays.vercel.app/events' successfully

2020-10-12 04:35:07 - [MESSAGE][WARNING] - Timeout '0' is invalid. Using default page load timeout: '30'

2020-10-12 04:35:10 - [MESSAGE][PASSED] - Object 'Object Repository/NacacStudentApp/HomePageElements/UpcomingOptionInHomePage' is present

2020-10-12 04:35:10 - [MESSAGE][PASSED] - com.CommonUtilities.LoginAsDifferentUserPermissions.NavigateToNacacHomePage is PASSED

2020-10-12 04:35:10 - [TEST_STEP][PASSED] - click(findTestObject("Object Repository/NacacStudentApp/HomePageElements/PersonIconAccountBasics")): Object: 'Object Repository/NacacStudentApp/HomePageElements/PersonIconAccountBasics' is clicked on

2020-10-12 04:35:11 - [MESSAGE][PASSED] - Object: 'Object Repository/NacacStudentApp/HomePageElements/PersonIconAccountBasics' is clicked on

2020-10-12 04:35:11 - [TEST_STEP][PASSED] - emailOfStudent = getText(findTestObject("Object Repository/NacacStudentApp/HomePageElements/GetEmaildetailsFromAccountBasicsPage")): Text of object 'Object Repository/NacacStudentApp/HomePageElements/GetEmaildetailsFromAccountBasicsPage' is: 'gowtham.test1@qualitlabs.com'

2020-10-12 04:35:12 - [MESSAGE][PASSED] - Text of object 'Object Repository/NacacStudentApp/HomePageElements/GetEmaildetailsFromAccountBasicsPage' is: 'gowtham.test1@qualitlabs.com'

2020-10-12 04:35:12 - [TEST_STEP][PASSED] - println(emailOfStudent): null

2020-10-12 04:35:12 - [TEST_STEP][PASSED] - click(findTestObject("Object Repository/NacacStudentApp/HomePageElements/EventsHomePage")): Object: 'Object Repository/NacacStudentApp/HomePageElements/EventsHomePage' is clicked on

2020-10-12 04:35:12 - [MESSAGE][PASSED] - Object: 'Object Repository/NacacStudentApp/HomePageElements/EventsHomePage' is clicked on

2020-10-12 04:35:12 - [TEST_STEP][PASSED] - click(findTestObject("NacacStudentApp/HomePageElements/SelectConventionInHomePage", ["Name":ConventionName])): Object: 'Object Repository/NacacStudentApp/HomePageElements/SelectConventionInHomePage' is clicked on

2020-10-12 04:35:13 - [MESSAGE][PASSED] - Object: 'Object Repository/NacacStudentApp/HomePageElements/SelectConventionInHomePage' is clicked on

2020-10-12 04:35:13 - [TEST_STEP][PASSED] - waitForPageLoad(0): Wait for page load successfully

2020-10-12 04:35:13 - [MESSAGE][WARNING] - Timeout '0' is invalid. Using default page load timeout: '30'

2020-10-12 04:35:13 - [MESSAGE][PASSED] - Wait for page load successfully

2020-10-12 04:35:13 - [TEST_STEP][PASSED] - element = findWebElement(findTestObject("Object Repository/NacacStudentApp/HomePageElements/LiveSessionsTab"), 0): Timeout '0' is invalid. Using default page load timeout: '30'

2020-10-12 04:35:13 - [MESSAGE][WARNING] - Timeout '0' is invalid. Using default page load timeout: '30'

2020-10-12 04:35:15 - [TEST_STEP][PASSED] - executeJavaScript("arguments[0].click()", Arrays.asList(element)): Execute JavaScript 'arguments[0].click()' successfully

2020-10-12 04:35:15 - [MESSAGE][PASSED] - Execute JavaScript 'arguments[0].click()' successfully

2020-10-12 04:35:15 - [TEST_STEP][PASSED] - scrollToElement(findTestObject("Object Repository/NacacStudentApp/HomePageElements/LoadMoreButton"), 5, OPTIONAL): Unable to scroll to object 'Object Repository/NacacStudentApp/HomePageElements/LoadMoreButton' (Root cause: com.kms.katalon.core.exception.StepFailedException: Unable to scroll to object 'Object Repository/NacacStudentApp/HomePageElements/LoadMoreButton'
	at com.kms.katalon.core.webui.keyword.internal.WebUIKeywordMain.stepFailed(WebUIKeywordMain.groovy:64)
	at com.kms.katalon.core.webui.keyword.internal.WebUIKeywordMain.runKeyword(WebUIKeywordMain.groovy:26)
	at com.kms.katalon.core.webui.keyword.builtin.ScrollToElementKeyword.scrollToElement(ScrollToElementKeyword.groovy:88)
	at com.kms.katalon.core.webui.keyword.builtin.ScrollToElementKeyword.execute(ScrollToElementKeyword.groovy:68)
	at com.kms.katalon.core.keyword.internal.KeywordExecutor.executeKeywordForPlatform(KeywordExecutor.groovy:73)
	at com.kms.katalon.core.webui.keyword.WebUiBuiltInKeywords.scrollToElement(WebUiBuiltInKeywords.groovy:3418)
	at com.kms.katalon.core.webui.keyword.WebUiBuiltInKeywords$scrollToElement$15.call(Unknown Source)
	at VerifyLiveSessionAttendiesInAdminApp.run(VerifyLiveSessionAttendiesInAdminApp:50)
	at com.kms.katalon.core.main.ScriptEngine.run(ScriptEngine.java:194)
	at com.kms.katalon.core.main.ScriptEngine.runScriptAsRawText(ScriptEngine.java:119)
	at com.kms.katalon.core.main.TestCaseExecutor.runScript(TestCaseExecutor.java:339)
	at com.kms.katalon.core.main.TestCaseExecutor.doExecute(TestCaseExecutor.java:330)
	at com.kms.katalon.core.main.TestCaseExecutor.processExecutionPhase(TestCaseExecutor.java:309)
	at com.kms.katalon.core.main.TestCaseExecutor.accessMainPhase(TestCaseExecutor.java:301)
	at com.kms.katalon.core.main.TestCaseExecutor.execute(TestCaseExecutor.java:235)
	at com.kms.katalon.core.main.TestSuiteExecutor.accessTestCaseMainPhase(TestSuiteExecutor.java:191)
	at com.kms.katalon.core.main.TestSuiteExecutor.accessTestSuiteMainPhase(TestSuiteExecutor.java:141)
	at com.kms.katalon.core.main.TestSuiteExecutor.execute(TestSuiteExecutor.java:90)
	at com.kms.katalon.core.main.TestCaseMain.startTestSuite(TestCaseMain.java:157)
	at com.kms.katalon.core.main.TestCaseMain$startTestSuite$0.call(Unknown Source)
	at TempTestSuite1602490771550.run(TempTestSuite1602490771550.groovy:39)
Caused by: com.kms.katalon.core.webui.exception.WebElementNotFoundException: Web element with id: 'Object Repository/NacacStudentApp/HomePageElements/LoadMoreButton' located by '//button//span[text()="Load More"]' not found
	at com.kms.katalon.core.webui.common.WebUiCommonHelper.findWebElement(WebUiCommonHelper.java:1368)
	at com.kms.katalon.core.webui.keyword.internal.WebUIAbstractKeyword.findWebElement(WebUIAbstractKeyword.groovy:27)
	at com.kms.katalon.core.webui.keyword.internal.WebUIAbstractKeyword.findWebElement(WebUIAbstractKeyword.groovy:26)
	at com.kms.katalon.core.webui.keyword.builtin.ScrollToElementKeyword$_scrollToElement_closure1.doCall(ScrollToElementKeyword.groovy:79)
	at com.kms.katalon.core.webui.keyword.builtin.ScrollToElementKeyword$_scrollToElement_closure1.call(ScrollToElementKeyword.groovy)
	at com.kms.katalon.core.webui.keyword.internal.WebUIKeywordMain.runKeyword(WebUIKeywordMain.groovy:20)
	at com.kms.katalon.core.webui.keyword.builtin.ScrollToElementKeyword.scrollToElement(ScrollToElementKeyword.groovy:88)
	at com.kms.katalon.core.webui.keyword.builtin.ScrollToElementKeyword.execute(ScrollToElementKeyword.groovy:68)
	at com.kms.katalon.core.keyword.internal.KeywordExecutor.executeKeywordForPlatform(KeywordExecutor.groovy:73)
	at com.kms.katalon.core.webui.keyword.WebUiBuiltInKeywords.scrollToElement(WebUiBuiltInKeywords.groovy:3418)
	at com.kms.katalon.core.webui.keyword.WebUiBuiltInKeywords$scrollToElement$15.call(Unknown Source)
	at Script1599041941362.run(Script1599041941362.groovy:50)
	... 13 more
)

2020-10-12 04:35:46 - [MESSAGE][INFO] - Unable to find the element located by 'By.xpath: //button//span[text()="Load More"]'. Please recheck the objects properties to make sure the desired element is located. 

2020-10-12 04:35:46 - [MESSAGE][WARNING] - Unable to scroll to object 'Object Repository/NacacStudentApp/HomePageElements/LoadMoreButton' (Root cause: com.kms.katalon.core.exception.StepFailedException: Unable to scroll to object 'Object Repository/NacacStudentApp/HomePageElements/LoadMoreButton'
	at com.kms.katalon.core.webui.keyword.internal.WebUIKeywordMain.stepFailed(WebUIKeywordMain.groovy:64)
	at com.kms.katalon.core.webui.keyword.internal.WebUIKeywordMain.runKeyword(WebUIKeywordMain.groovy:26)
	at com.kms.katalon.core.webui.keyword.builtin.ScrollToElementKeyword.scrollToElement(ScrollToElementKeyword.groovy:88)
	at com.kms.katalon.core.webui.keyword.builtin.ScrollToElementKeyword.execute(ScrollToElementKeyword.groovy:68)
	at com.kms.katalon.core.keyword.internal.KeywordExecutor.executeKeywordForPlatform(KeywordExecutor.groovy:73)
	at com.kms.katalon.core.webui.keyword.WebUiBuiltInKeywords.scrollToElement(WebUiBuiltInKeywords.groovy:3418)
	at com.kms.katalon.core.webui.keyword.WebUiBuiltInKeywords$scrollToElement$15.call(Unknown Source)
	at VerifyLiveSessionAttendiesInAdminApp.run(VerifyLiveSessionAttendiesInAdminApp:50)
	at com.kms.katalon.core.main.ScriptEngine.run(ScriptEngine.java:194)
	at com.kms.katalon.core.main.ScriptEngine.runScriptAsRawText(ScriptEngine.java:119)
	at com.kms.katalon.core.main.TestCaseExecutor.runScript(TestCaseExecutor.java:339)
	at com.kms.katalon.core.main.TestCaseExecutor.doExecute(TestCaseExecutor.java:330)
	at com.kms.katalon.core.main.TestCaseExecutor.processExecutionPhase(TestCaseExecutor.java:309)
	at com.kms.katalon.core.main.TestCaseExecutor.accessMainPhase(TestCaseExecutor.java:301)
	at com.kms.katalon.core.main.TestCaseExecutor.execute(TestCaseExecutor.java:235)
	at com.kms.katalon.core.main.TestSuiteExecutor.accessTestCaseMainPhase(TestSuiteExecutor.java:191)
	at com.kms.katalon.core.main.TestSuiteExecutor.accessTestSuiteMainPhase(TestSuiteExecutor.java:141)
	at com.kms.katalon.core.main.TestSuiteExecutor.execute(TestSuiteExecutor.java:90)
	at com.kms.katalon.core.main.TestCaseMain.startTestSuite(TestCaseMain.java:157)
	at com.kms.katalon.core.main.TestCaseMain$startTestSuite$0.call(Unknown Source)
	at TempTestSuite1602490771550.run(TempTestSuite1602490771550.groovy:39)
Caused by: com.kms.katalon.core.webui.exception.WebElementNotFoundException: Web element with id: 'Object Repository/NacacStudentApp/HomePageElements/LoadMoreButton' located by '//button//span[text()="Load More"]' not found
	at com.kms.katalon.core.webui.common.WebUiCommonHelper.findWebElement(WebUiCommonHelper.java:1368)
	at com.kms.katalon.core.webui.keyword.internal.WebUIAbstractKeyword.findWebElement(WebUIAbstractKeyword.groovy:27)
	at com.kms.katalon.core.webui.keyword.internal.WebUIAbstractKeyword.findWebElement(WebUIAbstractKeyword.groovy:26)
	at com.kms.katalon.core.webui.keyword.builtin.ScrollToElementKeyword$_scrollToElement_closure1.doCall(ScrollToElementKeyword.groovy:79)
	at com.kms.katalon.core.webui.keyword.builtin.ScrollToElementKeyword$_scrollToElement_closure1.call(ScrollToElementKeyword.groovy)
	at com.kms.katalon.core.webui.keyword.internal.WebUIKeywordMain.runKeyword(WebUIKeywordMain.groovy:20)
	at com.kms.katalon.core.webui.keyword.builtin.ScrollToElementKeyword.scrollToElement(ScrollToElementKeyword.groovy:88)
	at com.kms.katalon.core.webui.keyword.builtin.ScrollToElementKeyword.execute(ScrollToElementKeyword.groovy:68)
	at com.kms.katalon.core.keyword.internal.KeywordExecutor.executeKeywordForPlatform(KeywordExecutor.groovy:73)
	at com.kms.katalon.core.webui.keyword.WebUiBuiltInKeywords.scrollToElement(WebUiBuiltInKeywords.groovy:3418)
	at com.kms.katalon.core.webui.keyword.WebUiBuiltInKeywords$scrollToElement$15.call(Unknown Source)
	at Script1599041941362.run(Script1599041941362.groovy:50)
	... 13 more
)
[[ATTACHMENT|E:\\CopyOfVisitDaysTests\\Reports\\20201012_041931\\NACAC\\20201012_041931\\1602491746442.png]]

2020-10-12 04:35:46 - [TEST_STEP][PASSED] - if (verifyElementPresent(findTestObject("Object Repository/NacacStudentApp/HomePageElements/LoadMoreButton"), 5, OPTIONAL)): com.kms.katalon.core.webui.exception.WebElementNotFoundException: Web element with id: 'Object Repository/NacacStudentApp/HomePageElements/LoadMoreButton' located by '//button//span[text()="Load More"]' not found (Root cause: com.kms.katalon.core.exception.StepFailedException: com.kms.katalon.core.webui.exception.WebElementNotFoundException: Web element with id: 'Object Repository/NacacStudentApp/HomePageElements/LoadMoreButton' located by '//button//span[text()="Load More"]' not found
	at com.kms.katalon.core.webui.keyword.internal.WebUIKeywordMain.stepFailed(WebUIKeywordMain.groovy:64)
	at com.kms.katalon.core.webui.keyword.builtin.VerifyElementPresentKeyword$_verifyElementPresent_closure1.doCall(VerifyElementPresentKeyword.groovy:85)
	at com.kms.katalon.core.webui.keyword.builtin.VerifyElementPresentKeyword$_verifyElementPresent_closure1.call(VerifyElementPresentKeyword.groovy)
	at com.kms.katalon.core.webui.keyword.internal.WebUIKeywordMain.runKeyword(WebUIKeywordMain.groovy:20)
	at com.kms.katalon.core.webui.keyword.builtin.VerifyElementPresentKeyword.verifyElementPresent(VerifyElementPresentKeyword.groovy:92)
	at com.kms.katalon.core.webui.keyword.builtin.VerifyElementPresentKeyword.execute(VerifyElementPresentKeyword.groovy:68)
	at com.kms.katalon.core.keyword.internal.KeywordExecutor.executeKeywordForPlatform(KeywordExecutor.groovy:73)
	at com.kms.katalon.core.webui.keyword.WebUiBuiltInKeywords.verifyElementPresent(WebUiBuiltInKeywords.groovy:1445)
	at com.kms.katalon.core.webui.keyword.WebUiBuiltInKeywords$verifyElementPresent$7.call(Unknown Source)
	at VerifyLiveSessionAttendiesInAdminApp.run(VerifyLiveSessionAttendiesInAdminApp:52)
	at com.kms.katalon.core.main.ScriptEngine.run(ScriptEngine.java:194)
	at com.kms.katalon.core.main.ScriptEngine.runScriptAsRawText(ScriptEngine.java:119)
	at com.kms.katalon.core.main.TestCaseExecutor.runScript(TestCaseExecutor.java:339)
	at com.kms.katalon.core.main.TestCaseExecutor.doExecute(TestCaseExecutor.java:330)
	at com.kms.katalon.core.main.TestCaseExecutor.processExecutionPhase(TestCaseExecutor.java:309)
	at com.kms.katalon.core.main.TestCaseExecutor.accessMainPhase(TestCaseExecutor.java:301)
	at com.kms.katalon.core.main.TestCaseExecutor.execute(TestCaseExecutor.java:235)
	at com.kms.katalon.core.main.TestSuiteExecutor.accessTestCaseMainPhase(TestSuiteExecutor.java:191)
	at com.kms.katalon.core.main.TestSuiteExecutor.accessTestSuiteMainPhase(TestSuiteExecutor.java:141)
	at com.kms.katalon.core.main.TestSuiteExecutor.execute(TestSuiteExecutor.java:90)
	at com.kms.katalon.core.main.TestCaseMain.startTestSuite(TestCaseMain.java:157)
	at com.kms.katalon.core.main.TestCaseMain$startTestSuite$0.call(Unknown Source)
	at TempTestSuite1602490771550.run(TempTestSuite1602490771550.groovy:39)
)

2020-10-12 04:35:52 - [MESSAGE][INFO] - Unable to find the element located by 'By.xpath: //button//span[text()="Load More"]'. Please recheck the objects properties to make sure the desired element is located. 

2020-10-12 04:35:53 - [MESSAGE][WARNING] - com.kms.katalon.core.webui.exception.WebElementNotFoundException: Web element with id: 'Object Repository/NacacStudentApp/HomePageElements/LoadMoreButton' located by '//button//span[text()="Load More"]' not found (Root cause: com.kms.katalon.core.exception.StepFailedException: com.kms.katalon.core.webui.exception.WebElementNotFoundException: Web element with id: 'Object Repository/NacacStudentApp/HomePageElements/LoadMoreButton' located by '//button//span[text()="Load More"]' not found
	at com.kms.katalon.core.webui.keyword.internal.WebUIKeywordMain.stepFailed(WebUIKeywordMain.groovy:64)
	at com.kms.katalon.core.webui.keyword.builtin.VerifyElementPresentKeyword$_verifyElementPresent_closure1.doCall(VerifyElementPresentKeyword.groovy:85)
	at com.kms.katalon.core.webui.keyword.builtin.VerifyElementPresentKeyword$_verifyElementPresent_closure1.call(VerifyElementPresentKeyword.groovy)
	at com.kms.katalon.core.webui.keyword.internal.WebUIKeywordMain.runKeyword(WebUIKeywordMain.groovy:20)
	at com.kms.katalon.core.webui.keyword.builtin.VerifyElementPresentKeyword.verifyElementPresent(VerifyElementPresentKeyword.groovy:92)
	at com.kms.katalon.core.webui.keyword.builtin.VerifyElementPresentKeyword.execute(VerifyElementPresentKeyword.groovy:68)
	at com.kms.katalon.core.keyword.internal.KeywordExecutor.executeKeywordForPlatform(KeywordExecutor.groovy:73)
	at com.kms.katalon.core.webui.keyword.WebUiBuiltInKeywords.verifyElementPresent(WebUiBuiltInKeywords.groovy:1445)
	at com.kms.katalon.core.webui.keyword.WebUiBuiltInKeywords$verifyElementPresent$7.call(Unknown Source)
	at VerifyLiveSessionAttendiesInAdminApp.run(VerifyLiveSessionAttendiesInAdminApp:52)
	at com.kms.katalon.core.main.ScriptEngine.run(ScriptEngine.java:194)
	at com.kms.katalon.core.main.ScriptEngine.runScriptAsRawText(ScriptEngine.java:119)
	at com.kms.katalon.core.main.TestCaseExecutor.runScript(TestCaseExecutor.java:339)
	at com.kms.katalon.core.main.TestCaseExecutor.doExecute(TestCaseExecutor.java:330)
	at com.kms.katalon.core.main.TestCaseExecutor.processExecutionPhase(TestCaseExecutor.java:309)
	at com.kms.katalon.core.main.TestCaseExecutor.accessMainPhase(TestCaseExecutor.java:301)
	at com.kms.katalon.core.main.TestCaseExecutor.execute(TestCaseExecutor.java:235)
	at com.kms.katalon.core.main.TestSuiteExecutor.accessTestCaseMainPhase(TestSuiteExecutor.java:191)
	at com.kms.katalon.core.main.TestSuiteExecutor.accessTestSuiteMainPhase(TestSuiteExecutor.java:141)
	at com.kms.katalon.core.main.TestSuiteExecutor.execute(TestSuiteExecutor.java:90)
	at com.kms.katalon.core.main.TestCaseMain.startTestSuite(TestCaseMain.java:157)
	at com.kms.katalon.core.main.TestCaseMain$startTestSuite$0.call(Unknown Source)
	at TempTestSuite1602490771550.run(TempTestSuite1602490771550.groovy:39)
)
[[ATTACHMENT|E:\\CopyOfVisitDaysTests\\Reports\\20201012_041931\\NACAC\\20201012_041931\\1602491752981.png]]

2020-10-12 04:35:53 - [TEST_STEP][PASSED] - if (!(verifyElementPresent(findTestObject("Object Repository/NacacStudentApp/HomePageElements/LiveSessionInStudentApp", ["createdSession":meetname]), 10, OPTIONAL))): Object 'Object Repository/NacacStudentApp/HomePageElements/LiveSessionInStudentApp' is present

2020-10-12 04:35:53 - [MESSAGE][PASSED] - Object 'Object Repository/NacacStudentApp/HomePageElements/LiveSessionInStudentApp' is present

2020-10-12 04:35:53 - [TEST_STEP][PASSED] - if (!(verifyElementPresent(findTestObject("Object Repository/NacacStudentApp/HomePageElements/JoinSessionButton", ["createdSession":meetname]), 0, OPTIONAL))): Object 'Object Repository/NacacStudentApp/HomePageElements/JoinSessionButton' is present

2020-10-12 04:35:53 - [MESSAGE][WARNING] - Timeout '0' is invalid. Using default page load timeout: '30'

2020-10-12 04:35:54 - [MESSAGE][PASSED] - Object 'Object Repository/NacacStudentApp/HomePageElements/JoinSessionButton' is present

2020-10-12 04:35:54 - [TEST_STEP][PASSED] - click(findTestObject("Object Repository/NacacStudentApp/HomePageElements/JoinSessionButton", ["createdSession":meetname])): Object: 'Object Repository/NacacStudentApp/HomePageElements/JoinSessionButton' is clicked on

2020-10-12 04:35:54 - [MESSAGE][PASSED] - Object: 'Object Repository/NacacStudentApp/HomePageElements/JoinSessionButton' is clicked on

2020-10-12 04:35:54 - [TEST_STEP][PASSED] - delay(5): Delayed 5 second(s)

2020-10-12 04:35:59 - [MESSAGE][PASSED] - Delayed 5 second(s)

2020-10-12 04:35:59 - [TEST_STEP][PASSED] - switchToWindowIndex(1): Switched to window with index: '1'

2020-10-12 04:35:59 - [MESSAGE][PASSED] - Switched to window with index: '1'

2020-10-12 04:35:59 - [TEST_STEP][PASSED] - waitForPageLoad(10): Wait for page load successfully

2020-10-12 04:36:01 - [MESSAGE][PASSED] - Wait for page load successfully

2020-10-12 04:36:01 - [TEST_STEP][PASSED] - ZoomIdfromurl = getUrl(): Current window's url is: 'https://zoom.us/j/12345678'

2020-10-12 04:36:01 - [MESSAGE][PASSED] - Current window's url is: 'https://zoom.us/j/12345678'

2020-10-12 04:36:01 - [TEST_STEP][PASSED] - if (!(verifyMatch(ZoomId, ZoomIdfromurl, false, STOP_ON_FAILURE))): Actual text 'https://zoom.us/j/12345678' and expected text 'https://zoom.us/j/12345678' are matched 

2020-10-12 04:36:01 - [MESSAGE][PASSED] - Actual text 'https://zoom.us/j/12345678' and expected text 'https://zoom.us/j/12345678' are matched 

2020-10-12 04:36:01 - [TEST_STEP][PASSED] - switchToWindowIndex(0): Switched to window with index: '0'

2020-10-12 04:36:01 - [MESSAGE][PASSED] - Switched to window with index: '0'

2020-10-12 04:36:01 - [TEST_STEP][PASSED] - navigateToUrl(StagingUrl): Navigate to 'https://charizard-admin.visitdays.com/' successfully

2020-10-12 04:36:03 - [MESSAGE][PASSED] - Navigate to 'https://charizard-admin.visitdays.com/' successfully

2020-10-12 04:36:03 - [TEST_STEP][PASSED] - waitForElementPresent(findTestObject("HomePageElements/ProfileAvatar"), 0): Object 'Object Repository/HomePageElements/ProfileAvatar' is present

2020-10-12 04:36:03 - [MESSAGE][WARNING] - Timeout '0' is invalid. Using default page load timeout: '30'

2020-10-12 04:36:06 - [MESSAGE][PASSED] - Object 'Object Repository/HomePageElements/ProfileAvatar' is present

2020-10-12 04:36:06 - [TEST_STEP][PASSED] - click(findTestObject("Object Repository/HomePageElements/PersonIcon")): Object: 'Object Repository/HomePageElements/PersonIcon' is clicked on

2020-10-12 04:36:07 - [MESSAGE][PASSED] - Object: 'Object Repository/HomePageElements/PersonIcon' is clicked on

2020-10-12 04:36:07 - [TEST_STEP][PASSED] - click(findTestObject("Object Repository/HomePageElements/NacacConventionslink")): Object: 'Object Repository/HomePageElements/NacacConventionslink' is clicked on

2020-10-12 04:36:07 - [MESSAGE][PASSED] - Object: 'Object Repository/HomePageElements/NacacConventionslink' is clicked on

2020-10-12 04:36:07 - [TEST_STEP][PASSED] - click(findTestObject("Object Repository/ConventionsPageAdmin/Conventionsleftnav")): Object: 'Object Repository/ConventionsPageAdmin/Conventionsleftnav' is clicked on

2020-10-12 04:36:16 - [MESSAGE][PASSED] - Object: 'Object Repository/ConventionsPageAdmin/Conventionsleftnav' is clicked on

2020-10-12 04:36:16 - [TEST_STEP][PASSED] - if (!(verifyElementPresent(findTestObject("Object Repository/ConventionsPageAdmin/VerifyLiveSession", ["SessionName":meetname]), 10, OPTIONAL))): Object 'Object Repository/ConventionsPageAdmin/VerifyLiveSession' is present

2020-10-12 04:36:16 - [MESSAGE][PASSED] - Object 'Object Repository/ConventionsPageAdmin/VerifyLiveSession' is present

2020-10-12 04:36:16 - [TEST_STEP][PASSED] - click(findTestObject("Object Repository/ConventionsPageAdmin/ViewAttendiesButtonInLiveSessionsPage", ["SessionName":meetname])): Object: 'Object Repository/ConventionsPageAdmin/ViewAttendiesButtonInLiveSessionsPage' is clicked on

2020-10-12 04:36:17 - [MESSAGE][PASSED] - Object: 'Object Repository/ConventionsPageAdmin/ViewAttendiesButtonInLiveSessionsPage' is clicked on

2020-10-12 04:36:17 - [TEST_STEP][PASSED] - if (!(verifyElementPresent(findTestObject("Object Repository/ConventionsPageAdmin/VerifyAttendeesListOfLiveSession", ["EMAIL":emailOfStudent]), 10, OPTIONAL))): Object 'Object Repository/ConventionsPageAdmin/VerifyAttendeesListOfLiveSession' is present

2020-10-12 04:36:20 - [MESSAGE][PASSED] - Object 'Object Repository/ConventionsPageAdmin/VerifyAttendeesListOfLiveSession' is present]]></system-out>
         <system-err><![CDATA[]]></system-err>
      </testcase>
      <testcase name="Test Cases/Conventions/VerifyLivesessionInStudentApp" time="112.849" classname="Test Cases/Conventions/VerifyLivesessionInStudentApp" status="PASSED">
         <system-out><![CDATA[2020-10-12 04:36:22 - [TEST_CASE][PASSED] - Test Cases/Conventions/VerifyLivesessionInStudentApp: Test Cases/Conventions/VerifyLivesessionInStudentApp

2020-10-12 04:36:23 - [TEST_STEP][PASSED] - com.CommonUtilities.LoginAsDifferentUserPermissions.NavigateToHomePage(): com.CommonUtilities.LoginAsDifferentUserPermissions.NavigateToHomePage is PASSED

2020-10-12 04:36:24 - [MESSAGE][PASSED] - Navigate to 'https://charizard-admin.visitdays.com/' successfully

2020-10-12 04:36:24 - [MESSAGE][WARNING] - Timeout '0' is invalid. Using default page load timeout: '30'

2020-10-12 04:36:27 - [MESSAGE][PASSED] - Object 'Object Repository/HomePageElements/ProfileAvatar' is present

2020-10-12 04:36:27 - [MESSAGE][WARNING] - Timeout '0' is invalid. Using default page load timeout: '30'

2020-10-12 04:36:28 - [MESSAGE][PASSED] - Object 'Object Repository/HomePageElements/SchoolProdoutNav' is present

2020-10-12 04:36:28 - [MESSAGE][PASSED] - Object: 'Object Repository/HomePageElements/SchoolProdoutNav' is clicked on

2020-10-12 04:36:28 - [MESSAGE][PASSED] - com.CommonUtilities.LoginAsDifferentUserPermissions.NavigateToHomePage is PASSED

2020-10-12 04:36:28 - [TEST_STEP][PASSED] - conventionName = com.CommonUtilities.CreateLiveSession.selectConvention(): com.CommonUtilities.CreateLiveSession.selectConvention is PASSED

2020-10-12 04:36:29 - [MESSAGE][PASSED] - Object: 'Object Repository/HomePageElements/PersonIcon' is clicked on

2020-10-12 04:36:30 - [MESSAGE][PASSED] - Object: 'Object Repository/HomePageElements/NacacConventionslink' is clicked on

2020-10-12 04:36:39 - [MESSAGE][PASSED] - Object: 'Object Repository/ConventionsPageAdmin/Conventionsleftnav' is clicked on

2020-10-12 04:36:39 - [MESSAGE][PASSED] - Object: 'Object Repository/ConventionsPageAdmin/CreateButtonInLiveSessions' is clicked on

2020-10-12 04:36:39 - [MESSAGE][PASSED] - Wait for page load successfully

2020-10-12 04:36:41 - [MESSAGE][PASSED] - Text of object 'Object Repository/ConventionsPageAdmin/getNameOfFirstConvention' is: 'June In Progress Demo'

2020-10-12 04:36:41 - [MESSAGE][PASSED] - Object: 'Object Repository/ConventionsPageAdmin/ClickFirstConventionInCreatingLiveSessions' is clicked on

2020-10-12 04:36:41 - [MESSAGE][PASSED] - com.CommonUtilities.CreateLiveSession.selectConvention is PASSED

2020-10-12 04:36:41 - [TEST_STEP][PASSED] - meetName = com.CommonUtilities.CreateLiveSession.enterLiveSessionDetailsAndTime(): com.CommonUtilities.CreateLiveSession.enterLiveSessionDetailsAndTime is PASSED

2020-10-12 04:36:42 - [MESSAGE][PASSED] - Text 'TestSession15165' is set on object 'Object Repository/ConventionsPageAdmin/Name field'

2020-10-12 04:36:43 - [MESSAGE][PASSED] - Keys 'this is test description' sent to object: 'Object Repository/ConventionsPageAdmin/Descriptionfield'

2020-10-12 04:36:43 - [MESSAGE][PASSED] - Keys '10/12/2020' sent to object: 'Object Repository/ConventionsPageAdmin/dateFieldAtStartTime'

2020-10-12 04:36:44 - [MESSAGE][PASSED] - Object: 'Object Repository/ConventionsPageAdmin/TimeFieldAtStartTime' is clicked on

2020-10-12 04:36:44 - [MESSAGE][PASSED] - Keys '12' sent to object: 'Object Repository/ConventionsPageAdmin/TimeFieldAtStartTime'

2020-10-12 04:36:44 - [MESSAGE][PASSED] - Keys '00' sent to object: 'Object Repository/ConventionsPageAdmin/TimeFieldAtStartTime'

2020-10-12 04:36:45 - [MESSAGE][PASSED] - Keys 'a' sent to object: 'Object Repository/ConventionsPageAdmin/TimeFieldAtStartTime'

2020-10-12 04:36:45 - [MESSAGE][PASSED] - Keys '10/12/2020' sent to object: 'Object Repository/ConventionsPageAdmin/DateFieldAtEndTime'

2020-10-12 04:36:46 - [MESSAGE][PASSED] - Object: 'Object Repository/ConventionsPageAdmin/TimeFieldAtEndTime' is clicked on

2020-10-12 04:36:46 - [MESSAGE][PASSED] - Keys '11' sent to object: 'Object Repository/ConventionsPageAdmin/TimeFieldAtEndTime'

2020-10-12 04:36:46 - [MESSAGE][PASSED] - Keys '45' sent to object: 'Object Repository/ConventionsPageAdmin/TimeFieldAtEndTime'

2020-10-12 04:36:47 - [MESSAGE][PASSED] - Keys 'p' sent to object: 'Object Repository/ConventionsPageAdmin/TimeFieldAtEndTime'

2020-10-12 04:36:47 - [MESSAGE][PASSED] - com.CommonUtilities.CreateLiveSession.enterLiveSessionDetailsAndTime is PASSED

2020-10-12 04:36:47 - [TEST_STEP][PASSED] - zoomId = com.CommonUtilities.CreateLiveSession.enterZoomIdAndAddAssigne(): com.CommonUtilities.CreateLiveSession.enterZoomIdAndAddAssigne is PASSED

2020-10-12 04:36:47 - [MESSAGE][PASSED] - Text 'https://zoom.us/j/12345678' is set on object 'Object Repository/ConventionsPageAdmin/ZoomMeetingField'

2020-10-12 04:36:48 - [MESSAGE][PASSED] - Keys '5' sent to object: 'Object Repository/ConventionsPageAdmin/CapacityField'

2020-10-12 04:36:49 - [MESSAGE][PASSED] - Object: 'Object Repository/ConventionsPageAdmin/AssigneesDropDown' is clicked on

2020-10-12 04:36:54 - [MESSAGE][PASSED] - Delayed 5 second(s)

2020-10-12 04:36:54 - [MESSAGE][WARNING] - Timeout '0' is invalid. Using default page load timeout: '30'

2020-10-12 04:36:54 - [MESSAGE][PASSED] - Text of object 'Object Repository/ConventionsPageAdmin/selectDropSessions' is: 'T3
Test 34'

2020-10-12 04:36:55 - [MESSAGE][PASSED] - Object: 'Object Repository/ConventionsPageAdmin/selectDropSessions' is clicked on

2020-10-12 04:36:55 - [MESSAGE][PASSED] - Object: 'Object Repository/ConventionsPageAdmin/Add button of add assigne' is clicked on

2020-10-12 04:36:56 - [MESSAGE][PASSED] - Object: 'Object Repository/ConventionsPageAdmin/upload photo' is clicked on

2020-10-12 04:36:56 - [MESSAGE][PASSED] - File 'E:\CopyOfVisitDaysTests\studentimg.jpg' sent to object: 'Object Repository/ConventionsPageAdmin/BrowsePhotoAddress'

2020-10-12 04:36:57 - [MESSAGE][PASSED] - Object: 'Object Repository/ConventionsPageAdmin/ApplybuttoninPhotoUpload' is clicked on

2020-10-12 04:36:58 - [MESSAGE][PASSED] - Object: 'Object Repository/ConventionsPageAdmin/SaveButton' is clicked on

2020-10-12 04:37:03 - [MESSAGE][PASSED] - Delayed 5 second(s)

2020-10-12 04:37:03 - [MESSAGE][PASSED] - com.CommonUtilities.CreateLiveSession.enterZoomIdAndAddAssigne is PASSED

2020-10-12 04:37:03 - [TEST_STEP][PASSED] - com.CommonUtilities.LoginAsDifferentUserPermissions.NavigateToNacacHomePage(): com.CommonUtilities.LoginAsDifferentUserPermissions.NavigateToNacacHomePage is PASSED

2020-10-12 04:37:06 - [MESSAGE][PASSED] - Navigate to 'https://nacac-charizard.visitdays.vercel.app/events' successfully

2020-10-12 04:37:06 - [MESSAGE][WARNING] - Timeout '0' is invalid. Using default page load timeout: '30'

2020-10-12 04:37:07 - [MESSAGE][PASSED] - Object 'Object Repository/NacacStudentApp/HomePageElements/UpcomingOptionInHomePage' is present

2020-10-12 04:37:07 - [MESSAGE][PASSED] - com.CommonUtilities.LoginAsDifferentUserPermissions.NavigateToNacacHomePage is PASSED

2020-10-12 04:37:07 - [TEST_STEP][PASSED] - click(findTestObject("NacacStudentApp/HomePageElements/SelectConventionInHomePage", ["Name":conventionName])): Object: 'Object Repository/NacacStudentApp/HomePageElements/SelectConventionInHomePage' is clicked on

2020-10-12 04:37:08 - [MESSAGE][PASSED] - Object: 'Object Repository/NacacStudentApp/HomePageElements/SelectConventionInHomePage' is clicked on

2020-10-12 04:37:08 - [TEST_STEP][PASSED] - element = findWebElement(findTestObject("Object Repository/NacacStudentApp/HomePageElements/LiveSessionsTab"), 0): Timeout '0' is invalid. Using default page load timeout: '30'

2020-10-12 04:37:08 - [MESSAGE][WARNING] - Timeout '0' is invalid. Using default page load timeout: '30'

2020-10-12 04:37:09 - [TEST_STEP][PASSED] - executeJavaScript("arguments[0].click()", Arrays.asList(element)): Execute JavaScript 'arguments[0].click()' successfully

2020-10-12 04:37:09 - [MESSAGE][PASSED] - Execute JavaScript 'arguments[0].click()' successfully

2020-10-12 04:37:09 - [TEST_STEP][PASSED] - scrollToElement(findTestObject("Object Repository/NacacStudentApp/HomePageElements/LoadMoreButton"), 5, OPTIONAL): Unable to scroll to object 'Object Repository/NacacStudentApp/HomePageElements/LoadMoreButton' (Root cause: com.kms.katalon.core.exception.StepFailedException: Unable to scroll to object 'Object Repository/NacacStudentApp/HomePageElements/LoadMoreButton'
	at com.kms.katalon.core.webui.keyword.internal.WebUIKeywordMain.stepFailed(WebUIKeywordMain.groovy:64)
	at com.kms.katalon.core.webui.keyword.internal.WebUIKeywordMain.runKeyword(WebUIKeywordMain.groovy:26)
	at com.kms.katalon.core.webui.keyword.builtin.ScrollToElementKeyword.scrollToElement(ScrollToElementKeyword.groovy:88)
	at com.kms.katalon.core.webui.keyword.builtin.ScrollToElementKeyword.execute(ScrollToElementKeyword.groovy:68)
	at com.kms.katalon.core.keyword.internal.KeywordExecutor.executeKeywordForPlatform(KeywordExecutor.groovy:73)
	at com.kms.katalon.core.webui.keyword.WebUiBuiltInKeywords.scrollToElement(WebUiBuiltInKeywords.groovy:3418)
	at com.kms.katalon.core.webui.keyword.WebUiBuiltInKeywords$scrollToElement$15.call(Unknown Source)
	at VerifyLivesessionInStudentApp.run(VerifyLivesessionInStudentApp:46)
	at com.kms.katalon.core.main.ScriptEngine.run(ScriptEngine.java:194)
	at com.kms.katalon.core.main.ScriptEngine.runScriptAsRawText(ScriptEngine.java:119)
	at com.kms.katalon.core.main.TestCaseExecutor.runScript(TestCaseExecutor.java:339)
	at com.kms.katalon.core.main.TestCaseExecutor.doExecute(TestCaseExecutor.java:330)
	at com.kms.katalon.core.main.TestCaseExecutor.processExecutionPhase(TestCaseExecutor.java:309)
	at com.kms.katalon.core.main.TestCaseExecutor.accessMainPhase(TestCaseExecutor.java:301)
	at com.kms.katalon.core.main.TestCaseExecutor.execute(TestCaseExecutor.java:235)
	at com.kms.katalon.core.main.TestSuiteExecutor.accessTestCaseMainPhase(TestSuiteExecutor.java:191)
	at com.kms.katalon.core.main.TestSuiteExecutor.accessTestSuiteMainPhase(TestSuiteExecutor.java:141)
	at com.kms.katalon.core.main.TestSuiteExecutor.execute(TestSuiteExecutor.java:90)
	at com.kms.katalon.core.main.TestCaseMain.startTestSuite(TestCaseMain.java:157)
	at com.kms.katalon.core.main.TestCaseMain$startTestSuite$0.call(Unknown Source)
	at TempTestSuite1602490771550.run(TempTestSuite1602490771550.groovy:39)
Caused by: com.kms.katalon.core.webui.exception.WebElementNotFoundException: Web element with id: 'Object Repository/NacacStudentApp/HomePageElements/LoadMoreButton' located by '//button//span[text()="Load More"]' not found
	at com.kms.katalon.core.webui.common.WebUiCommonHelper.findWebElement(WebUiCommonHelper.java:1368)
	at com.kms.katalon.core.webui.keyword.internal.WebUIAbstractKeyword.findWebElement(WebUIAbstractKeyword.groovy:27)
	at com.kms.katalon.core.webui.keyword.internal.WebUIAbstractKeyword.findWebElement(WebUIAbstractKeyword.groovy:26)
	at com.kms.katalon.core.webui.keyword.builtin.ScrollToElementKeyword$_scrollToElement_closure1.doCall(ScrollToElementKeyword.groovy:79)
	at com.kms.katalon.core.webui.keyword.builtin.ScrollToElementKeyword$_scrollToElement_closure1.call(ScrollToElementKeyword.groovy)
	at com.kms.katalon.core.webui.keyword.internal.WebUIKeywordMain.runKeyword(WebUIKeywordMain.groovy:20)
	at com.kms.katalon.core.webui.keyword.builtin.ScrollToElementKeyword.scrollToElement(ScrollToElementKeyword.groovy:88)
	at com.kms.katalon.core.webui.keyword.builtin.ScrollToElementKeyword.execute(ScrollToElementKeyword.groovy:68)
	at com.kms.katalon.core.keyword.internal.KeywordExecutor.executeKeywordForPlatform(KeywordExecutor.groovy:73)
	at com.kms.katalon.core.webui.keyword.WebUiBuiltInKeywords.scrollToElement(WebUiBuiltInKeywords.groovy:3418)
	at com.kms.katalon.core.webui.keyword.WebUiBuiltInKeywords$scrollToElement$15.call(Unknown Source)
	at Script1598620168286.run(Script1598620168286.groovy:46)
	... 13 more
)

2020-10-12 04:37:40 - [MESSAGE][INFO] - Unable to find the element located by 'By.xpath: //button//span[text()="Load More"]'. Please recheck the objects properties to make sure the desired element is located. 

2020-10-12 04:37:40 - [MESSAGE][WARNING] - Unable to scroll to object 'Object Repository/NacacStudentApp/HomePageElements/LoadMoreButton' (Root cause: com.kms.katalon.core.exception.StepFailedException: Unable to scroll to object 'Object Repository/NacacStudentApp/HomePageElements/LoadMoreButton'
	at com.kms.katalon.core.webui.keyword.internal.WebUIKeywordMain.stepFailed(WebUIKeywordMain.groovy:64)
	at com.kms.katalon.core.webui.keyword.internal.WebUIKeywordMain.runKeyword(WebUIKeywordMain.groovy:26)
	at com.kms.katalon.core.webui.keyword.builtin.ScrollToElementKeyword.scrollToElement(ScrollToElementKeyword.groovy:88)
	at com.kms.katalon.core.webui.keyword.builtin.ScrollToElementKeyword.execute(ScrollToElementKeyword.groovy:68)
	at com.kms.katalon.core.keyword.internal.KeywordExecutor.executeKeywordForPlatform(KeywordExecutor.groovy:73)
	at com.kms.katalon.core.webui.keyword.WebUiBuiltInKeywords.scrollToElement(WebUiBuiltInKeywords.groovy:3418)
	at com.kms.katalon.core.webui.keyword.WebUiBuiltInKeywords$scrollToElement$15.call(Unknown Source)
	at VerifyLivesessionInStudentApp.run(VerifyLivesessionInStudentApp:46)
	at com.kms.katalon.core.main.ScriptEngine.run(ScriptEngine.java:194)
	at com.kms.katalon.core.main.ScriptEngine.runScriptAsRawText(ScriptEngine.java:119)
	at com.kms.katalon.core.main.TestCaseExecutor.runScript(TestCaseExecutor.java:339)
	at com.kms.katalon.core.main.TestCaseExecutor.doExecute(TestCaseExecutor.java:330)
	at com.kms.katalon.core.main.TestCaseExecutor.processExecutionPhase(TestCaseExecutor.java:309)
	at com.kms.katalon.core.main.TestCaseExecutor.accessMainPhase(TestCaseExecutor.java:301)
	at com.kms.katalon.core.main.TestCaseExecutor.execute(TestCaseExecutor.java:235)
	at com.kms.katalon.core.main.TestSuiteExecutor.accessTestCaseMainPhase(TestSuiteExecutor.java:191)
	at com.kms.katalon.core.main.TestSuiteExecutor.accessTestSuiteMainPhase(TestSuiteExecutor.java:141)
	at com.kms.katalon.core.main.TestSuiteExecutor.execute(TestSuiteExecutor.java:90)
	at com.kms.katalon.core.main.TestCaseMain.startTestSuite(TestCaseMain.java:157)
	at com.kms.katalon.core.main.TestCaseMain$startTestSuite$0.call(Unknown Source)
	at TempTestSuite1602490771550.run(TempTestSuite1602490771550.groovy:39)
Caused by: com.kms.katalon.core.webui.exception.WebElementNotFoundException: Web element with id: 'Object Repository/NacacStudentApp/HomePageElements/LoadMoreButton' located by '//button//span[text()="Load More"]' not found
	at com.kms.katalon.core.webui.common.WebUiCommonHelper.findWebElement(WebUiCommonHelper.java:1368)
	at com.kms.katalon.core.webui.keyword.internal.WebUIAbstractKeyword.findWebElement(WebUIAbstractKeyword.groovy:27)
	at com.kms.katalon.core.webui.keyword.internal.WebUIAbstractKeyword.findWebElement(WebUIAbstractKeyword.groovy:26)
	at com.kms.katalon.core.webui.keyword.builtin.ScrollToElementKeyword$_scrollToElement_closure1.doCall(ScrollToElementKeyword.groovy:79)
	at com.kms.katalon.core.webui.keyword.builtin.ScrollToElementKeyword$_scrollToElement_closure1.call(ScrollToElementKeyword.groovy)
	at com.kms.katalon.core.webui.keyword.internal.WebUIKeywordMain.runKeyword(WebUIKeywordMain.groovy:20)
	at com.kms.katalon.core.webui.keyword.builtin.ScrollToElementKeyword.scrollToElement(ScrollToElementKeyword.groovy:88)
	at com.kms.katalon.core.webui.keyword.builtin.ScrollToElementKeyword.execute(ScrollToElementKeyword.groovy:68)
	at com.kms.katalon.core.keyword.internal.KeywordExecutor.executeKeywordForPlatform(KeywordExecutor.groovy:73)
	at com.kms.katalon.core.webui.keyword.WebUiBuiltInKeywords.scrollToElement(WebUiBuiltInKeywords.groovy:3418)
	at com.kms.katalon.core.webui.keyword.WebUiBuiltInKeywords$scrollToElement$15.call(Unknown Source)
	at Script1598620168286.run(Script1598620168286.groovy:46)
	... 13 more
)
[[ATTACHMENT|E:\\CopyOfVisitDaysTests\\Reports\\20201012_041931\\NACAC\\20201012_041931\\1602491860343.png]]

2020-10-12 04:37:40 - [TEST_STEP][PASSED] - if (verifyElementPresent(findTestObject("Object Repository/NacacStudentApp/HomePageElements/LoadMoreButton"), 5, OPTIONAL)): com.kms.katalon.core.webui.exception.WebElementNotFoundException: Web element with id: 'Object Repository/NacacStudentApp/HomePageElements/LoadMoreButton' located by '//button//span[text()="Load More"]' not found (Root cause: com.kms.katalon.core.exception.StepFailedException: com.kms.katalon.core.webui.exception.WebElementNotFoundException: Web element with id: 'Object Repository/NacacStudentApp/HomePageElements/LoadMoreButton' located by '//button//span[text()="Load More"]' not found
	at com.kms.katalon.core.webui.keyword.internal.WebUIKeywordMain.stepFailed(WebUIKeywordMain.groovy:64)
	at com.kms.katalon.core.webui.keyword.builtin.VerifyElementPresentKeyword$_verifyElementPresent_closure1.doCall(VerifyElementPresentKeyword.groovy:85)
	at com.kms.katalon.core.webui.keyword.builtin.VerifyElementPresentKeyword$_verifyElementPresent_closure1.call(VerifyElementPresentKeyword.groovy)
	at com.kms.katalon.core.webui.keyword.internal.WebUIKeywordMain.runKeyword(WebUIKeywordMain.groovy:20)
	at com.kms.katalon.core.webui.keyword.builtin.VerifyElementPresentKeyword.verifyElementPresent(VerifyElementPresentKeyword.groovy:92)
	at com.kms.katalon.core.webui.keyword.builtin.VerifyElementPresentKeyword.execute(VerifyElementPresentKeyword.groovy:68)
	at com.kms.katalon.core.keyword.internal.KeywordExecutor.executeKeywordForPlatform(KeywordExecutor.groovy:73)
	at com.kms.katalon.core.webui.keyword.WebUiBuiltInKeywords.verifyElementPresent(WebUiBuiltInKeywords.groovy:1445)
	at com.kms.katalon.core.webui.keyword.WebUiBuiltInKeywords$verifyElementPresent$7.call(Unknown Source)
	at VerifyLivesessionInStudentApp.run(VerifyLivesessionInStudentApp:48)
	at com.kms.katalon.core.main.ScriptEngine.run(ScriptEngine.java:194)
	at com.kms.katalon.core.main.ScriptEngine.runScriptAsRawText(ScriptEngine.java:119)
	at com.kms.katalon.core.main.TestCaseExecutor.runScript(TestCaseExecutor.java:339)
	at com.kms.katalon.core.main.TestCaseExecutor.doExecute(TestCaseExecutor.java:330)
	at com.kms.katalon.core.main.TestCaseExecutor.processExecutionPhase(TestCaseExecutor.java:309)
	at com.kms.katalon.core.main.TestCaseExecutor.accessMainPhase(TestCaseExecutor.java:301)
	at com.kms.katalon.core.main.TestCaseExecutor.execute(TestCaseExecutor.java:235)
	at com.kms.katalon.core.main.TestSuiteExecutor.accessTestCaseMainPhase(TestSuiteExecutor.java:191)
	at com.kms.katalon.core.main.TestSuiteExecutor.accessTestSuiteMainPhase(TestSuiteExecutor.java:141)
	at com.kms.katalon.core.main.TestSuiteExecutor.execute(TestSuiteExecutor.java:90)
	at com.kms.katalon.core.main.TestCaseMain.startTestSuite(TestCaseMain.java:157)
	at com.kms.katalon.core.main.TestCaseMain$startTestSuite$0.call(Unknown Source)
	at TempTestSuite1602490771550.run(TempTestSuite1602490771550.groovy:39)
)

2020-10-12 04:37:47 - [MESSAGE][INFO] - Unable to find the element located by 'By.xpath: //button//span[text()="Load More"]'. Please recheck the objects properties to make sure the desired element is located. 

2020-10-12 04:37:47 - [MESSAGE][WARNING] - com.kms.katalon.core.webui.exception.WebElementNotFoundException: Web element with id: 'Object Repository/NacacStudentApp/HomePageElements/LoadMoreButton' located by '//button//span[text()="Load More"]' not found (Root cause: com.kms.katalon.core.exception.StepFailedException: com.kms.katalon.core.webui.exception.WebElementNotFoundException: Web element with id: 'Object Repository/NacacStudentApp/HomePageElements/LoadMoreButton' located by '//button//span[text()="Load More"]' not found
	at com.kms.katalon.core.webui.keyword.internal.WebUIKeywordMain.stepFailed(WebUIKeywordMain.groovy:64)
	at com.kms.katalon.core.webui.keyword.builtin.VerifyElementPresentKeyword$_verifyElementPresent_closure1.doCall(VerifyElementPresentKeyword.groovy:85)
	at com.kms.katalon.core.webui.keyword.builtin.VerifyElementPresentKeyword$_verifyElementPresent_closure1.call(VerifyElementPresentKeyword.groovy)
	at com.kms.katalon.core.webui.keyword.internal.WebUIKeywordMain.runKeyword(WebUIKeywordMain.groovy:20)
	at com.kms.katalon.core.webui.keyword.builtin.VerifyElementPresentKeyword.verifyElementPresent(VerifyElementPresentKeyword.groovy:92)
	at com.kms.katalon.core.webui.keyword.builtin.VerifyElementPresentKeyword.execute(VerifyElementPresentKeyword.groovy:68)
	at com.kms.katalon.core.keyword.internal.KeywordExecutor.executeKeywordForPlatform(KeywordExecutor.groovy:73)
	at com.kms.katalon.core.webui.keyword.WebUiBuiltInKeywords.verifyElementPresent(WebUiBuiltInKeywords.groovy:1445)
	at com.kms.katalon.core.webui.keyword.WebUiBuiltInKeywords$verifyElementPresent$7.call(Unknown Source)
	at VerifyLivesessionInStudentApp.run(VerifyLivesessionInStudentApp:48)
	at com.kms.katalon.core.main.ScriptEngine.run(ScriptEngine.java:194)
	at com.kms.katalon.core.main.ScriptEngine.runScriptAsRawText(ScriptEngine.java:119)
	at com.kms.katalon.core.main.TestCaseExecutor.runScript(TestCaseExecutor.java:339)
	at com.kms.katalon.core.main.TestCaseExecutor.doExecute(TestCaseExecutor.java:330)
	at com.kms.katalon.core.main.TestCaseExecutor.processExecutionPhase(TestCaseExecutor.java:309)
	at com.kms.katalon.core.main.TestCaseExecutor.accessMainPhase(TestCaseExecutor.java:301)
	at com.kms.katalon.core.main.TestCaseExecutor.execute(TestCaseExecutor.java:235)
	at com.kms.katalon.core.main.TestSuiteExecutor.accessTestCaseMainPhase(TestSuiteExecutor.java:191)
	at com.kms.katalon.core.main.TestSuiteExecutor.accessTestSuiteMainPhase(TestSuiteExecutor.java:141)
	at com.kms.katalon.core.main.TestSuiteExecutor.execute(TestSuiteExecutor.java:90)
	at com.kms.katalon.core.main.TestCaseMain.startTestSuite(TestCaseMain.java:157)
	at com.kms.katalon.core.main.TestCaseMain$startTestSuite$0.call(Unknown Source)
	at TempTestSuite1602490771550.run(TempTestSuite1602490771550.groovy:39)
)
[[ATTACHMENT|E:\\CopyOfVisitDaysTests\\Reports\\20201012_041931\\NACAC\\20201012_041931\\1602491867101.png]]

2020-10-12 04:37:47 - [TEST_STEP][PASSED] - if (!(verifyElementPresent(findTestObject("Object Repository/NacacStudentApp/HomePageElements/LiveSessionInStudentApp", ["createdSession":meetName]), 10, OPTIONAL))): Object 'Object Repository/NacacStudentApp/HomePageElements/LiveSessionInStudentApp' is present

2020-10-12 04:37:47 - [MESSAGE][PASSED] - Object 'Object Repository/NacacStudentApp/HomePageElements/LiveSessionInStudentApp' is present

2020-10-12 04:37:47 - [TEST_STEP][PASSED] - delay(5): Delayed 5 second(s)

2020-10-12 04:37:52 - [MESSAGE][PASSED] - Delayed 5 second(s)

2020-10-12 04:37:52 - [TEST_STEP][PASSED] - if (!(verifyElementPresent(findTestObject("Object Repository/NacacStudentApp/HomePageElements/JoinSessionButton", ["createdSession":meetName]), 0, OPTIONAL))): Object 'Object Repository/NacacStudentApp/HomePageElements/JoinSessionButton' is present

2020-10-12 04:37:53 - [MESSAGE][WARNING] - Timeout '0' is invalid. Using default page load timeout: '30'

2020-10-12 04:37:53 - [MESSAGE][PASSED] - Object 'Object Repository/NacacStudentApp/HomePageElements/JoinSessionButton' is present

2020-10-12 04:37:53 - [TEST_STEP][PASSED] - click(findTestObject("Object Repository/NacacStudentApp/HomePageElements/JoinSessionButton", ["createdSession":meetName])): Object: 'Object Repository/NacacStudentApp/HomePageElements/JoinSessionButton' is clicked on

2020-10-12 04:37:53 - [MESSAGE][PASSED] - Object: 'Object Repository/NacacStudentApp/HomePageElements/JoinSessionButton' is clicked on

2020-10-12 04:37:53 - [TEST_STEP][PASSED] - delay(5): Delayed 5 second(s)

2020-10-12 04:37:58 - [MESSAGE][PASSED] - Delayed 5 second(s)

2020-10-12 04:37:58 - [TEST_STEP][PASSED] - switchToWindowIndex(1): Switched to window with index: '1'

2020-10-12 04:37:58 - [MESSAGE][PASSED] - Switched to window with index: '1'

2020-10-12 04:37:58 - [TEST_STEP][PASSED] - waitForPageLoad(10): Wait for page load successfully

2020-10-12 04:37:58 - [MESSAGE][PASSED] - Wait for page load successfully

2020-10-12 04:37:58 - [TEST_STEP][PASSED] - ZoomIdfromurl = getUrl(): Current window's url is: 'https://zoom.us/j/12345678'

2020-10-12 04:37:58 - [MESSAGE][PASSED] - Current window's url is: 'https://zoom.us/j/12345678'

2020-10-12 04:37:58 - [TEST_STEP][PASSED] - if (!(verifyMatch(zoomId, ZoomIdfromurl, false, STOP_ON_FAILURE))): Actual text 'https://zoom.us/j/12345678' and expected text 'https://zoom.us/j/12345678' are matched 

2020-10-12 04:37:58 - [MESSAGE][PASSED] - Actual text 'https://zoom.us/j/12345678' and expected text 'https://zoom.us/j/12345678' are matched 

2020-10-12 04:37:58 - [TEST_STEP][PASSED] - switchToWindowIndex(0): Switched to window with index: '0'

2020-10-12 04:37:58 - [MESSAGE][PASSED] - Switched to window with index: '0'

2020-10-12 04:37:58 - [TEST_STEP][PASSED] - delay(5): Delayed 5 second(s)

2020-10-12 04:38:03 - [MESSAGE][PASSED] - Delayed 5 second(s)

2020-10-12 04:38:03 - [TEST_STEP][PASSED] - scrollToElement(findTestObject("Object Repository/NacacStudentApp/HomePageElements/ItinenariesOption"), 0, OPTIONAL): Scroll to object 'Object Repository/NacacStudentApp/HomePageElements/ItinenariesOption' successfully

2020-10-12 04:38:04 - [MESSAGE][WARNING] - Timeout '0' is invalid. Using default page load timeout: '30'

2020-10-12 04:38:04 - [MESSAGE][PASSED] - Scroll to object 'Object Repository/NacacStudentApp/HomePageElements/ItinenariesOption' successfully

2020-10-12 04:38:04 - [TEST_STEP][PASSED] - click(findTestObject("Object Repository/NacacStudentApp/HomePageElements/ItinenariesOption")): Object: 'Object Repository/NacacStudentApp/HomePageElements/ItinenariesOption' is clicked on

2020-10-12 04:38:04 - [MESSAGE][PASSED] - Object: 'Object Repository/NacacStudentApp/HomePageElements/ItinenariesOption' is clicked on

2020-10-12 04:38:04 - [TEST_STEP][PASSED] - delay(4): Delayed 4 second(s)

2020-10-12 04:38:08 - [MESSAGE][PASSED] - Delayed 4 second(s)

2020-10-12 04:38:08 - [TEST_STEP][PASSED] - refresh(): Refresh successfully

2020-10-12 04:38:08 - [MESSAGE][PASSED] - Refresh successfully

2020-10-12 04:38:08 - [TEST_STEP][PASSED] - if (!(verifyElementPresent(findTestObject("Object Repository/NacacStudentApp/HomePageElements/VersifySessionInMyEventsPage", ["SName":meetName]), 0, OPTIONAL))): Object 'Object Repository/NacacStudentApp/HomePageElements/VersifySessionInMyEventsPage' is present

2020-10-12 04:38:08 - [MESSAGE][WARNING] - Timeout '0' is invalid. Using default page load timeout: '30'

2020-10-12 04:38:13 - [MESSAGE][PASSED] - Object 'Object Repository/NacacStudentApp/HomePageElements/VersifySessionInMyEventsPage' is present]]></system-out>
         <system-err><![CDATA[]]></system-err>
      </testcase>
      <testcase name="Test Cases/Conventions/VerifyStudentIsPresentInProspectsListAfterJoinLiveSession" time="113.072" classname="Test Cases/Conventions/VerifyStudentIsPresentInProspectsListAfterJoinLiveSession" status="PASSED">
         <system-out><![CDATA[2020-10-12 04:38:15 - [TEST_CASE][PASSED] - Test Cases/Conventions/VerifyStudentIsPresentInProspectsListAfterJoinLiveSession: Test Cases/Conventions/VerifyStudentIsPresentInProspectsListAfterJoinLiveSession

2020-10-12 04:38:15 - [TEST_STEP][PASSED] - com.CommonUtilities.LoginAsDifferentUserPermissions.NavigateToHomePage(): com.CommonUtilities.LoginAsDifferentUserPermissions.NavigateToHomePage is PASSED

2020-10-12 04:38:16 - [MESSAGE][PASSED] - Navigate to 'https://charizard-admin.visitdays.com/' successfully

2020-10-12 04:38:16 - [MESSAGE][WARNING] - Timeout '0' is invalid. Using default page load timeout: '30'

2020-10-12 04:38:22 - [MESSAGE][PASSED] - Object 'Object Repository/HomePageElements/ProfileAvatar' is present

2020-10-12 04:38:22 - [MESSAGE][WARNING] - Timeout '0' is invalid. Using default page load timeout: '30'

2020-10-12 04:38:23 - [MESSAGE][PASSED] - Object 'Object Repository/HomePageElements/SchoolProdoutNav' is present

2020-10-12 04:38:23 - [MESSAGE][PASSED] - Object: 'Object Repository/HomePageElements/SchoolProdoutNav' is clicked on

2020-10-12 04:38:23 - [MESSAGE][PASSED] - com.CommonUtilities.LoginAsDifferentUserPermissions.NavigateToHomePage is PASSED

2020-10-12 04:38:23 - [TEST_STEP][PASSED] - ConventionName = com.CommonUtilities.CreateLiveSession.selectConvention(): com.CommonUtilities.CreateLiveSession.selectConvention is PASSED

2020-10-12 04:38:24 - [MESSAGE][PASSED] - Object: 'Object Repository/HomePageElements/PersonIcon' is clicked on

2020-10-12 04:38:25 - [MESSAGE][PASSED] - Object: 'Object Repository/HomePageElements/NacacConventionslink' is clicked on

2020-10-12 04:38:32 - [MESSAGE][PASSED] - Object: 'Object Repository/ConventionsPageAdmin/Conventionsleftnav' is clicked on

2020-10-12 04:38:33 - [MESSAGE][PASSED] - Object: 'Object Repository/ConventionsPageAdmin/CreateButtonInLiveSessions' is clicked on

2020-10-12 04:38:33 - [MESSAGE][PASSED] - Wait for page load successfully

2020-10-12 04:38:36 - [MESSAGE][PASSED] - Text of object 'Object Repository/ConventionsPageAdmin/getNameOfFirstConvention' is: 'June In Progress Demo'

2020-10-12 04:38:36 - [MESSAGE][PASSED] - Object: 'Object Repository/ConventionsPageAdmin/ClickFirstConventionInCreatingLiveSessions' is clicked on

2020-10-12 04:38:36 - [MESSAGE][PASSED] - com.CommonUtilities.CreateLiveSession.selectConvention is PASSED

2020-10-12 04:38:36 - [TEST_STEP][PASSED] - meetname = com.CommonUtilities.CreateLiveSession.enterLiveSessionDetailsAndTime(): com.CommonUtilities.CreateLiveSession.enterLiveSessionDetailsAndTime is PASSED

2020-10-12 04:38:37 - [MESSAGE][PASSED] - Text 'TestSession252' is set on object 'Object Repository/ConventionsPageAdmin/Name field'

2020-10-12 04:38:38 - [MESSAGE][PASSED] - Keys 'this is test description' sent to object: 'Object Repository/ConventionsPageAdmin/Descriptionfield'

2020-10-12 04:38:38 - [MESSAGE][PASSED] - Keys '10/12/2020' sent to object: 'Object Repository/ConventionsPageAdmin/dateFieldAtStartTime'

2020-10-12 04:38:39 - [MESSAGE][PASSED] - Object: 'Object Repository/ConventionsPageAdmin/TimeFieldAtStartTime' is clicked on

2020-10-12 04:38:39 - [MESSAGE][PASSED] - Keys '12' sent to object: 'Object Repository/ConventionsPageAdmin/TimeFieldAtStartTime'

2020-10-12 04:38:39 - [MESSAGE][PASSED] - Keys '00' sent to object: 'Object Repository/ConventionsPageAdmin/TimeFieldAtStartTime'

2020-10-12 04:38:40 - [MESSAGE][PASSED] - Keys 'a' sent to object: 'Object Repository/ConventionsPageAdmin/TimeFieldAtStartTime'

2020-10-12 04:38:40 - [MESSAGE][PASSED] - Keys '10/12/2020' sent to object: 'Object Repository/ConventionsPageAdmin/DateFieldAtEndTime'

2020-10-12 04:38:40 - [MESSAGE][PASSED] - Object: 'Object Repository/ConventionsPageAdmin/TimeFieldAtEndTime' is clicked on

2020-10-12 04:38:41 - [MESSAGE][PASSED] - Keys '11' sent to object: 'Object Repository/ConventionsPageAdmin/TimeFieldAtEndTime'

2020-10-12 04:38:41 - [MESSAGE][PASSED] - Keys '45' sent to object: 'Object Repository/ConventionsPageAdmin/TimeFieldAtEndTime'

2020-10-12 04:38:42 - [MESSAGE][PASSED] - Keys 'p' sent to object: 'Object Repository/ConventionsPageAdmin/TimeFieldAtEndTime'

2020-10-12 04:38:42 - [MESSAGE][PASSED] - com.CommonUtilities.CreateLiveSession.enterLiveSessionDetailsAndTime is PASSED

2020-10-12 04:38:42 - [TEST_STEP][PASSED] - ZoomId = com.CommonUtilities.CreateLiveSession.enterZoomIdAndAddAssigne(): com.CommonUtilities.CreateLiveSession.enterZoomIdAndAddAssigne is PASSED

2020-10-12 04:38:42 - [MESSAGE][PASSED] - Text 'https://zoom.us/j/12345678' is set on object 'Object Repository/ConventionsPageAdmin/ZoomMeetingField'

2020-10-12 04:38:43 - [MESSAGE][PASSED] - Keys '5' sent to object: 'Object Repository/ConventionsPageAdmin/CapacityField'

2020-10-12 04:38:44 - [MESSAGE][PASSED] - Object: 'Object Repository/ConventionsPageAdmin/AssigneesDropDown' is clicked on

2020-10-12 04:38:49 - [MESSAGE][PASSED] - Delayed 5 second(s)

2020-10-12 04:38:49 - [MESSAGE][WARNING] - Timeout '0' is invalid. Using default page load timeout: '30'

2020-10-12 04:38:49 - [MESSAGE][PASSED] - Text of object 'Object Repository/ConventionsPageAdmin/selectDropSessions' is: 'T3
Test 37'

2020-10-12 04:38:50 - [MESSAGE][PASSED] - Object: 'Object Repository/ConventionsPageAdmin/selectDropSessions' is clicked on

2020-10-12 04:38:50 - [MESSAGE][PASSED] - Object: 'Object Repository/ConventionsPageAdmin/Add button of add assigne' is clicked on

2020-10-12 04:38:51 - [MESSAGE][PASSED] - Object: 'Object Repository/ConventionsPageAdmin/upload photo' is clicked on

2020-10-12 04:38:51 - [MESSAGE][PASSED] - File 'E:\CopyOfVisitDaysTests\studentimg.jpg' sent to object: 'Object Repository/ConventionsPageAdmin/BrowsePhotoAddress'

2020-10-12 04:38:52 - [MESSAGE][PASSED] - Object: 'Object Repository/ConventionsPageAdmin/ApplybuttoninPhotoUpload' is clicked on

2020-10-12 04:38:53 - [MESSAGE][PASSED] - Object: 'Object Repository/ConventionsPageAdmin/SaveButton' is clicked on

2020-10-12 04:38:58 - [MESSAGE][PASSED] - Delayed 5 second(s)

2020-10-12 04:38:58 - [MESSAGE][PASSED] - com.CommonUtilities.CreateLiveSession.enterZoomIdAndAddAssigne is PASSED

2020-10-12 04:38:58 - [TEST_STEP][PASSED] - com.CommonUtilities.LoginAsDifferentUserPermissions.NavigateToNacacHomePage(): com.CommonUtilities.LoginAsDifferentUserPermissions.NavigateToNacacHomePage is PASSED

2020-10-12 04:39:00 - [MESSAGE][PASSED] - Navigate to 'https://nacac-charizard.visitdays.vercel.app/events' successfully

2020-10-12 04:39:00 - [MESSAGE][WARNING] - Timeout '0' is invalid. Using default page load timeout: '30'

2020-10-12 04:39:02 - [MESSAGE][PASSED] - Object 'Object Repository/NacacStudentApp/HomePageElements/UpcomingOptionInHomePage' is present

2020-10-12 04:39:02 - [MESSAGE][PASSED] - com.CommonUtilities.LoginAsDifferentUserPermissions.NavigateToNacacHomePage is PASSED

2020-10-12 04:39:02 - [TEST_STEP][PASSED] - click(findTestObject("Object Repository/NacacStudentApp/HomePageElements/PersonIconAccountBasics")): Object: 'Object Repository/NacacStudentApp/HomePageElements/PersonIconAccountBasics' is clicked on

2020-10-12 04:39:03 - [MESSAGE][PASSED] - Object: 'Object Repository/NacacStudentApp/HomePageElements/PersonIconAccountBasics' is clicked on

2020-10-12 04:39:03 - [TEST_STEP][PASSED] - emailOfStudent = getText(findTestObject("Object Repository/NacacStudentApp/HomePageElements/GetEmaildetailsFromAccountBasicsPage")): Text of object 'Object Repository/NacacStudentApp/HomePageElements/GetEmaildetailsFromAccountBasicsPage' is: 'gowtham.test1@qualitlabs.com'

2020-10-12 04:39:03 - [MESSAGE][PASSED] - Text of object 'Object Repository/NacacStudentApp/HomePageElements/GetEmaildetailsFromAccountBasicsPage' is: 'gowtham.test1@qualitlabs.com'

2020-10-12 04:39:03 - [TEST_STEP][PASSED] - println(emailOfStudent): null

2020-10-12 04:39:03 - [TEST_STEP][PASSED] - click(findTestObject("Object Repository/NacacStudentApp/HomePageElements/EventsHomePage")): Object: 'Object Repository/NacacStudentApp/HomePageElements/EventsHomePage' is clicked on

2020-10-12 04:39:04 - [MESSAGE][PASSED] - Object: 'Object Repository/NacacStudentApp/HomePageElements/EventsHomePage' is clicked on

2020-10-12 04:39:04 - [TEST_STEP][PASSED] - click(findTestObject("NacacStudentApp/HomePageElements/SelectConventionInHomePage", ["Name":ConventionName])): Object: 'Object Repository/NacacStudentApp/HomePageElements/SelectConventionInHomePage' is clicked on

2020-10-12 04:39:05 - [MESSAGE][PASSED] - Object: 'Object Repository/NacacStudentApp/HomePageElements/SelectConventionInHomePage' is clicked on

2020-10-12 04:39:05 - [TEST_STEP][PASSED] - waitForPageLoad(0): Wait for page load successfully

2020-10-12 04:39:05 - [MESSAGE][WARNING] - Timeout '0' is invalid. Using default page load timeout: '30'

2020-10-12 04:39:06 - [MESSAGE][PASSED] - Wait for page load successfully

2020-10-12 04:39:06 - [TEST_STEP][PASSED] - element = findWebElement(findTestObject("Object Repository/NacacStudentApp/HomePageElements/LiveSessionsTab"), 0): Timeout '0' is invalid. Using default page load timeout: '30'

2020-10-12 04:39:06 - [MESSAGE][WARNING] - Timeout '0' is invalid. Using default page load timeout: '30'

2020-10-12 04:39:07 - [TEST_STEP][PASSED] - executeJavaScript("arguments[0].click()", Arrays.asList(element)): Execute JavaScript 'arguments[0].click()' successfully

2020-10-12 04:39:07 - [MESSAGE][PASSED] - Execute JavaScript 'arguments[0].click()' successfully

2020-10-12 04:39:07 - [TEST_STEP][PASSED] - scrollToElement(findTestObject("Object Repository/NacacStudentApp/HomePageElements/LoadMoreButton"), 5, OPTIONAL): Unable to scroll to object 'Object Repository/NacacStudentApp/HomePageElements/LoadMoreButton' (Root cause: com.kms.katalon.core.exception.StepFailedException: Unable to scroll to object 'Object Repository/NacacStudentApp/HomePageElements/LoadMoreButton'
	at com.kms.katalon.core.webui.keyword.internal.WebUIKeywordMain.stepFailed(WebUIKeywordMain.groovy:64)
	at com.kms.katalon.core.webui.keyword.internal.WebUIKeywordMain.runKeyword(WebUIKeywordMain.groovy:26)
	at com.kms.katalon.core.webui.keyword.builtin.ScrollToElementKeyword.scrollToElement(ScrollToElementKeyword.groovy:88)
	at com.kms.katalon.core.webui.keyword.builtin.ScrollToElementKeyword.execute(ScrollToElementKeyword.groovy:68)
	at com.kms.katalon.core.keyword.internal.KeywordExecutor.executeKeywordForPlatform(KeywordExecutor.groovy:73)
	at com.kms.katalon.core.webui.keyword.WebUiBuiltInKeywords.scrollToElement(WebUiBuiltInKeywords.groovy:3418)
	at com.kms.katalon.core.webui.keyword.WebUiBuiltInKeywords$scrollToElement$15.call(Unknown Source)
	at VerifyStudentIsPresentInProspectsListAfterJoinLiveSession.run(VerifyStudentIsPresentInProspectsListAfterJoinLiveSession:49)
	at com.kms.katalon.core.main.ScriptEngine.run(ScriptEngine.java:194)
	at com.kms.katalon.core.main.ScriptEngine.runScriptAsRawText(ScriptEngine.java:119)
	at com.kms.katalon.core.main.TestCaseExecutor.runScript(TestCaseExecutor.java:339)
	at com.kms.katalon.core.main.TestCaseExecutor.doExecute(TestCaseExecutor.java:330)
	at com.kms.katalon.core.main.TestCaseExecutor.processExecutionPhase(TestCaseExecutor.java:309)
	at com.kms.katalon.core.main.TestCaseExecutor.accessMainPhase(TestCaseExecutor.java:301)
	at com.kms.katalon.core.main.TestCaseExecutor.execute(TestCaseExecutor.java:235)
	at com.kms.katalon.core.main.TestSuiteExecutor.accessTestCaseMainPhase(TestSuiteExecutor.java:191)
	at com.kms.katalon.core.main.TestSuiteExecutor.accessTestSuiteMainPhase(TestSuiteExecutor.java:141)
	at com.kms.katalon.core.main.TestSuiteExecutor.execute(TestSuiteExecutor.java:90)
	at com.kms.katalon.core.main.TestCaseMain.startTestSuite(TestCaseMain.java:157)
	at com.kms.katalon.core.main.TestCaseMain$startTestSuite$0.call(Unknown Source)
	at TempTestSuite1602490771550.run(TempTestSuite1602490771550.groovy:39)
Caused by: com.kms.katalon.core.webui.exception.WebElementNotFoundException: Web element with id: 'Object Repository/NacacStudentApp/HomePageElements/LoadMoreButton' located by '//button//span[text()="Load More"]' not found
	at com.kms.katalon.core.webui.common.WebUiCommonHelper.findWebElement(WebUiCommonHelper.java:1368)
	at com.kms.katalon.core.webui.keyword.internal.WebUIAbstractKeyword.findWebElement(WebUIAbstractKeyword.groovy:27)
	at com.kms.katalon.core.webui.keyword.internal.WebUIAbstractKeyword.findWebElement(WebUIAbstractKeyword.groovy:26)
	at com.kms.katalon.core.webui.keyword.builtin.ScrollToElementKeyword$_scrollToElement_closure1.doCall(ScrollToElementKeyword.groovy:79)
	at com.kms.katalon.core.webui.keyword.builtin.ScrollToElementKeyword$_scrollToElement_closure1.call(ScrollToElementKeyword.groovy)
	at com.kms.katalon.core.webui.keyword.internal.WebUIKeywordMain.runKeyword(WebUIKeywordMain.groovy:20)
	at com.kms.katalon.core.webui.keyword.builtin.ScrollToElementKeyword.scrollToElement(ScrollToElementKeyword.groovy:88)
	at com.kms.katalon.core.webui.keyword.builtin.ScrollToElementKeyword.execute(ScrollToElementKeyword.groovy:68)
	at com.kms.katalon.core.keyword.internal.KeywordExecutor.executeKeywordForPlatform(KeywordExecutor.groovy:73)
	at com.kms.katalon.core.webui.keyword.WebUiBuiltInKeywords.scrollToElement(WebUiBuiltInKeywords.groovy:3418)
	at com.kms.katalon.core.webui.keyword.WebUiBuiltInKeywords$scrollToElement$15.call(Unknown Source)
	at Script1600686146523.run(Script1600686146523.groovy:49)
	... 13 more
)

2020-10-12 04:39:38 - [MESSAGE][INFO] - Unable to find the element located by 'By.xpath: //button//span[text()="Load More"]'. Please recheck the objects properties to make sure the desired element is located. 

2020-10-12 04:39:39 - [MESSAGE][WARNING] - Unable to scroll to object 'Object Repository/NacacStudentApp/HomePageElements/LoadMoreButton' (Root cause: com.kms.katalon.core.exception.StepFailedException: Unable to scroll to object 'Object Repository/NacacStudentApp/HomePageElements/LoadMoreButton'
	at com.kms.katalon.core.webui.keyword.internal.WebUIKeywordMain.stepFailed(WebUIKeywordMain.groovy:64)
	at com.kms.katalon.core.webui.keyword.internal.WebUIKeywordMain.runKeyword(WebUIKeywordMain.groovy:26)
	at com.kms.katalon.core.webui.keyword.builtin.ScrollToElementKeyword.scrollToElement(ScrollToElementKeyword.groovy:88)
	at com.kms.katalon.core.webui.keyword.builtin.ScrollToElementKeyword.execute(ScrollToElementKeyword.groovy:68)
	at com.kms.katalon.core.keyword.internal.KeywordExecutor.executeKeywordForPlatform(KeywordExecutor.groovy:73)
	at com.kms.katalon.core.webui.keyword.WebUiBuiltInKeywords.scrollToElement(WebUiBuiltInKeywords.groovy:3418)
	at com.kms.katalon.core.webui.keyword.WebUiBuiltInKeywords$scrollToElement$15.call(Unknown Source)
	at VerifyStudentIsPresentInProspectsListAfterJoinLiveSession.run(VerifyStudentIsPresentInProspectsListAfterJoinLiveSession:49)
	at com.kms.katalon.core.main.ScriptEngine.run(ScriptEngine.java:194)
	at com.kms.katalon.core.main.ScriptEngine.runScriptAsRawText(ScriptEngine.java:119)
	at com.kms.katalon.core.main.TestCaseExecutor.runScript(TestCaseExecutor.java:339)
	at com.kms.katalon.core.main.TestCaseExecutor.doExecute(TestCaseExecutor.java:330)
	at com.kms.katalon.core.main.TestCaseExecutor.processExecutionPhase(TestCaseExecutor.java:309)
	at com.kms.katalon.core.main.TestCaseExecutor.accessMainPhase(TestCaseExecutor.java:301)
	at com.kms.katalon.core.main.TestCaseExecutor.execute(TestCaseExecutor.java:235)
	at com.kms.katalon.core.main.TestSuiteExecutor.accessTestCaseMainPhase(TestSuiteExecutor.java:191)
	at com.kms.katalon.core.main.TestSuiteExecutor.accessTestSuiteMainPhase(TestSuiteExecutor.java:141)
	at com.kms.katalon.core.main.TestSuiteExecutor.execute(TestSuiteExecutor.java:90)
	at com.kms.katalon.core.main.TestCaseMain.startTestSuite(TestCaseMain.java:157)
	at com.kms.katalon.core.main.TestCaseMain$startTestSuite$0.call(Unknown Source)
	at TempTestSuite1602490771550.run(TempTestSuite1602490771550.groovy:39)
Caused by: com.kms.katalon.core.webui.exception.WebElementNotFoundException: Web element with id: 'Object Repository/NacacStudentApp/HomePageElements/LoadMoreButton' located by '//button//span[text()="Load More"]' not found
	at com.kms.katalon.core.webui.common.WebUiCommonHelper.findWebElement(WebUiCommonHelper.java:1368)
	at com.kms.katalon.core.webui.keyword.internal.WebUIAbstractKeyword.findWebElement(WebUIAbstractKeyword.groovy:27)
	at com.kms.katalon.core.webui.keyword.internal.WebUIAbstractKeyword.findWebElement(WebUIAbstractKeyword.groovy:26)
	at com.kms.katalon.core.webui.keyword.builtin.ScrollToElementKeyword$_scrollToElement_closure1.doCall(ScrollToElementKeyword.groovy:79)
	at com.kms.katalon.core.webui.keyword.builtin.ScrollToElementKeyword$_scrollToElement_closure1.call(ScrollToElementKeyword.groovy)
	at com.kms.katalon.core.webui.keyword.internal.WebUIKeywordMain.runKeyword(WebUIKeywordMain.groovy:20)
	at com.kms.katalon.core.webui.keyword.builtin.ScrollToElementKeyword.scrollToElement(ScrollToElementKeyword.groovy:88)
	at com.kms.katalon.core.webui.keyword.builtin.ScrollToElementKeyword.execute(ScrollToElementKeyword.groovy:68)
	at com.kms.katalon.core.keyword.internal.KeywordExecutor.executeKeywordForPlatform(KeywordExecutor.groovy:73)
	at com.kms.katalon.core.webui.keyword.WebUiBuiltInKeywords.scrollToElement(WebUiBuiltInKeywords.groovy:3418)
	at com.kms.katalon.core.webui.keyword.WebUiBuiltInKeywords$scrollToElement$15.call(Unknown Source)
	at Script1600686146523.run(Script1600686146523.groovy:49)
	... 13 more
)
[[ATTACHMENT|E:\\CopyOfVisitDaysTests\\Reports\\20201012_041931\\NACAC\\20201012_041931\\1602491978590.png]]

2020-10-12 04:39:39 - [TEST_STEP][PASSED] - if (verifyElementPresent(findTestObject("Object Repository/NacacStudentApp/HomePageElements/LoadMoreButton"), 5, OPTIONAL)): com.kms.katalon.core.webui.exception.WebElementNotFoundException: Web element with id: 'Object Repository/NacacStudentApp/HomePageElements/LoadMoreButton' located by '//button//span[text()="Load More"]' not found (Root cause: com.kms.katalon.core.exception.StepFailedException: com.kms.katalon.core.webui.exception.WebElementNotFoundException: Web element with id: 'Object Repository/NacacStudentApp/HomePageElements/LoadMoreButton' located by '//button//span[text()="Load More"]' not found
	at com.kms.katalon.core.webui.keyword.internal.WebUIKeywordMain.stepFailed(WebUIKeywordMain.groovy:64)
	at com.kms.katalon.core.webui.keyword.builtin.VerifyElementPresentKeyword$_verifyElementPresent_closure1.doCall(VerifyElementPresentKeyword.groovy:85)
	at com.kms.katalon.core.webui.keyword.builtin.VerifyElementPresentKeyword$_verifyElementPresent_closure1.call(VerifyElementPresentKeyword.groovy)
	at com.kms.katalon.core.webui.keyword.internal.WebUIKeywordMain.runKeyword(WebUIKeywordMain.groovy:20)
	at com.kms.katalon.core.webui.keyword.builtin.VerifyElementPresentKeyword.verifyElementPresent(VerifyElementPresentKeyword.groovy:92)
	at com.kms.katalon.core.webui.keyword.builtin.VerifyElementPresentKeyword.execute(VerifyElementPresentKeyword.groovy:68)
	at com.kms.katalon.core.keyword.internal.KeywordExecutor.executeKeywordForPlatform(KeywordExecutor.groovy:73)
	at com.kms.katalon.core.webui.keyword.WebUiBuiltInKeywords.verifyElementPresent(WebUiBuiltInKeywords.groovy:1445)
	at com.kms.katalon.core.webui.keyword.WebUiBuiltInKeywords$verifyElementPresent$7.call(Unknown Source)
	at VerifyStudentIsPresentInProspectsListAfterJoinLiveSession.run(VerifyStudentIsPresentInProspectsListAfterJoinLiveSession:51)
	at com.kms.katalon.core.main.ScriptEngine.run(ScriptEngine.java:194)
	at com.kms.katalon.core.main.ScriptEngine.runScriptAsRawText(ScriptEngine.java:119)
	at com.kms.katalon.core.main.TestCaseExecutor.runScript(TestCaseExecutor.java:339)
	at com.kms.katalon.core.main.TestCaseExecutor.doExecute(TestCaseExecutor.java:330)
	at com.kms.katalon.core.main.TestCaseExecutor.processExecutionPhase(TestCaseExecutor.java:309)
	at com.kms.katalon.core.main.TestCaseExecutor.accessMainPhase(TestCaseExecutor.java:301)
	at com.kms.katalon.core.main.TestCaseExecutor.execute(TestCaseExecutor.java:235)
	at com.kms.katalon.core.main.TestSuiteExecutor.accessTestCaseMainPhase(TestSuiteExecutor.java:191)
	at com.kms.katalon.core.main.TestSuiteExecutor.accessTestSuiteMainPhase(TestSuiteExecutor.java:141)
	at com.kms.katalon.core.main.TestSuiteExecutor.execute(TestSuiteExecutor.java:90)
	at com.kms.katalon.core.main.TestCaseMain.startTestSuite(TestCaseMain.java:157)
	at com.kms.katalon.core.main.TestCaseMain$startTestSuite$0.call(Unknown Source)
	at TempTestSuite1602490771550.run(TempTestSuite1602490771550.groovy:39)
)

2020-10-12 04:39:45 - [MESSAGE][INFO] - Unable to find the element located by 'By.xpath: //button//span[text()="Load More"]'. Please recheck the objects properties to make sure the desired element is located. 

2020-10-12 04:39:45 - [MESSAGE][WARNING] - com.kms.katalon.core.webui.exception.WebElementNotFoundException: Web element with id: 'Object Repository/NacacStudentApp/HomePageElements/LoadMoreButton' located by '//button//span[text()="Load More"]' not found (Root cause: com.kms.katalon.core.exception.StepFailedException: com.kms.katalon.core.webui.exception.WebElementNotFoundException: Web element with id: 'Object Repository/NacacStudentApp/HomePageElements/LoadMoreButton' located by '//button//span[text()="Load More"]' not found
	at com.kms.katalon.core.webui.keyword.internal.WebUIKeywordMain.stepFailed(WebUIKeywordMain.groovy:64)
	at com.kms.katalon.core.webui.keyword.builtin.VerifyElementPresentKeyword$_verifyElementPresent_closure1.doCall(VerifyElementPresentKeyword.groovy:85)
	at com.kms.katalon.core.webui.keyword.builtin.VerifyElementPresentKeyword$_verifyElementPresent_closure1.call(VerifyElementPresentKeyword.groovy)
	at com.kms.katalon.core.webui.keyword.internal.WebUIKeywordMain.runKeyword(WebUIKeywordMain.groovy:20)
	at com.kms.katalon.core.webui.keyword.builtin.VerifyElementPresentKeyword.verifyElementPresent(VerifyElementPresentKeyword.groovy:92)
	at com.kms.katalon.core.webui.keyword.builtin.VerifyElementPresentKeyword.execute(VerifyElementPresentKeyword.groovy:68)
	at com.kms.katalon.core.keyword.internal.KeywordExecutor.executeKeywordForPlatform(KeywordExecutor.groovy:73)
	at com.kms.katalon.core.webui.keyword.WebUiBuiltInKeywords.verifyElementPresent(WebUiBuiltInKeywords.groovy:1445)
	at com.kms.katalon.core.webui.keyword.WebUiBuiltInKeywords$verifyElementPresent$7.call(Unknown Source)
	at VerifyStudentIsPresentInProspectsListAfterJoinLiveSession.run(VerifyStudentIsPresentInProspectsListAfterJoinLiveSession:51)
	at com.kms.katalon.core.main.ScriptEngine.run(ScriptEngine.java:194)
	at com.kms.katalon.core.main.ScriptEngine.runScriptAsRawText(ScriptEngine.java:119)
	at com.kms.katalon.core.main.TestCaseExecutor.runScript(TestCaseExecutor.java:339)
	at com.kms.katalon.core.main.TestCaseExecutor.doExecute(TestCaseExecutor.java:330)
	at com.kms.katalon.core.main.TestCaseExecutor.processExecutionPhase(TestCaseExecutor.java:309)
	at com.kms.katalon.core.main.TestCaseExecutor.accessMainPhase(TestCaseExecutor.java:301)
	at com.kms.katalon.core.main.TestCaseExecutor.execute(TestCaseExecutor.java:235)
	at com.kms.katalon.core.main.TestSuiteExecutor.accessTestCaseMainPhase(TestSuiteExecutor.java:191)
	at com.kms.katalon.core.main.TestSuiteExecutor.accessTestSuiteMainPhase(TestSuiteExecutor.java:141)
	at com.kms.katalon.core.main.TestSuiteExecutor.execute(TestSuiteExecutor.java:90)
	at com.kms.katalon.core.main.TestCaseMain.startTestSuite(TestCaseMain.java:157)
	at com.kms.katalon.core.main.TestCaseMain$startTestSuite$0.call(Unknown Source)
	at TempTestSuite1602490771550.run(TempTestSuite1602490771550.groovy:39)
)
[[ATTACHMENT|E:\\CopyOfVisitDaysTests\\Reports\\20201012_041931\\NACAC\\20201012_041931\\1602491985173.png]]

2020-10-12 04:39:45 - [TEST_STEP][PASSED] - if (!(verifyElementPresent(findTestObject("Object Repository/NacacStudentApp/HomePageElements/LiveSessionInStudentApp", ["createdSession":meetname]), 10, OPTIONAL))): Object 'Object Repository/NacacStudentApp/HomePageElements/LiveSessionInStudentApp' is present

2020-10-12 04:39:46 - [MESSAGE][PASSED] - Object 'Object Repository/NacacStudentApp/HomePageElements/LiveSessionInStudentApp' is present

2020-10-12 04:39:46 - [TEST_STEP][PASSED] - if (!(verifyElementPresent(findTestObject("Object Repository/NacacStudentApp/HomePageElements/JoinSessionButton", ["createdSession":meetname]), 0, OPTIONAL))): Object 'Object Repository/NacacStudentApp/HomePageElements/JoinSessionButton' is present

2020-10-12 04:39:46 - [MESSAGE][WARNING] - Timeout '0' is invalid. Using default page load timeout: '30'

2020-10-12 04:39:46 - [MESSAGE][PASSED] - Object 'Object Repository/NacacStudentApp/HomePageElements/JoinSessionButton' is present

2020-10-12 04:39:46 - [TEST_STEP][PASSED] - click(findTestObject("Object Repository/NacacStudentApp/HomePageElements/JoinSessionButton", ["createdSession":meetname])): Object: 'Object Repository/NacacStudentApp/HomePageElements/JoinSessionButton' is clicked on

2020-10-12 04:39:46 - [MESSAGE][PASSED] - Object: 'Object Repository/NacacStudentApp/HomePageElements/JoinSessionButton' is clicked on

2020-10-12 04:39:46 - [TEST_STEP][PASSED] - delay(5): Delayed 5 second(s)

2020-10-12 04:39:51 - [MESSAGE][PASSED] - Delayed 5 second(s)

2020-10-12 04:39:51 - [TEST_STEP][PASSED] - switchToWindowIndex(1): Switched to window with index: '1'

2020-10-12 04:39:51 - [MESSAGE][PASSED] - Switched to window with index: '1'

2020-10-12 04:39:51 - [TEST_STEP][PASSED] - waitForPageLoad(10): Wait for page load successfully

2020-10-12 04:39:51 - [MESSAGE][PASSED] - Wait for page load successfully

2020-10-12 04:39:51 - [TEST_STEP][PASSED] - ZoomIdfromurl = getUrl(): Current window's url is: 'https://zoom.us/j/12345678'

2020-10-12 04:39:51 - [MESSAGE][PASSED] - Current window's url is: 'https://zoom.us/j/12345678'

2020-10-12 04:39:51 - [TEST_STEP][PASSED] - if (!(verifyMatch(ZoomId, ZoomIdfromurl, false, STOP_ON_FAILURE))): Actual text 'https://zoom.us/j/12345678' and expected text 'https://zoom.us/j/12345678' are matched 

2020-10-12 04:39:51 - [MESSAGE][PASSED] - Actual text 'https://zoom.us/j/12345678' and expected text 'https://zoom.us/j/12345678' are matched 

2020-10-12 04:39:51 - [TEST_STEP][PASSED] - switchToWindowIndex(0): Switched to window with index: '0'

2020-10-12 04:39:52 - [MESSAGE][PASSED] - Switched to window with index: '0'

2020-10-12 04:39:52 - [TEST_STEP][PASSED] - navigateToUrl(StagingUrl): Navigate to 'https://charizard-admin.visitdays.com/' successfully

2020-10-12 04:39:53 - [MESSAGE][PASSED] - Navigate to 'https://charizard-admin.visitdays.com/' successfully

2020-10-12 04:39:53 - [TEST_STEP][PASSED] - waitForElementPresent(findTestObject("HomePageElements/ProfileAvatar"), 0): Object 'Object Repository/HomePageElements/ProfileAvatar' is present

2020-10-12 04:39:53 - [MESSAGE][WARNING] - Timeout '0' is invalid. Using default page load timeout: '30'

2020-10-12 04:39:56 - [MESSAGE][PASSED] - Object 'Object Repository/HomePageElements/ProfileAvatar' is present

2020-10-12 04:39:56 - [TEST_STEP][PASSED] - click(findTestObject("Object Repository/HomePageElements/PersonIcon")): Object: 'Object Repository/HomePageElements/PersonIcon' is clicked on

2020-10-12 04:39:57 - [MESSAGE][PASSED] - Object: 'Object Repository/HomePageElements/PersonIcon' is clicked on

2020-10-12 04:39:57 - [TEST_STEP][PASSED] - click(findTestObject("Object Repository/HomePageElements/NacacConventionslink")): Object: 'Object Repository/HomePageElements/NacacConventionslink' is clicked on

2020-10-12 04:39:58 - [MESSAGE][PASSED] - Object: 'Object Repository/HomePageElements/NacacConventionslink' is clicked on

2020-10-12 04:39:58 - [TEST_STEP][PASSED] - click(findTestObject("Object Repository/ConventionsPageAdmin/ProspectsLeftnav")): Object: 'Object Repository/ConventionsPageAdmin/ProspectsLeftnav' is clicked on

2020-10-12 04:40:05 - [MESSAGE][PASSED] - Object: 'Object Repository/ConventionsPageAdmin/ProspectsLeftnav' is clicked on

2020-10-12 04:40:05 - [TEST_STEP][PASSED] - if (!(verifyElementPresent(findTestObject("Object Repository/ConventionsPageAdmin/VerifyAttendeesListOfLiveSession", ["EMAIL":emailOfStudent]), 10, OPTIONAL))): Object 'Object Repository/ConventionsPageAdmin/VerifyAttendeesListOfLiveSession' is present

2020-10-12 04:40:06 - [MESSAGE][PASSED] - Object 'Object Repository/ConventionsPageAdmin/VerifyAttendeesListOfLiveSession' is present]]></system-out>
         <system-err><![CDATA[]]></system-err>
      </testcase>
      <testcase name="Test Cases/Conventions/RemoveSessionRemindersInMyFairsPage" time="131.229" classname="Test Cases/Conventions/RemoveSessionRemindersInMyFairsPage" status="PASSED">
         <system-out><![CDATA[2020-10-12 04:40:08 - [TEST_CASE][PASSED] - Test Cases/Conventions/RemoveSessionRemindersInMyFairsPage: Test Cases/Conventions/RemoveSessionRemindersInMyFairsPage

2020-10-12 04:40:09 - [TEST_STEP][PASSED] - com.CommonUtilities.LoginAsDifferentUserPermissions.NavigateToHomePage(): com.CommonUtilities.LoginAsDifferentUserPermissions.NavigateToHomePage is PASSED

2020-10-12 04:40:09 - [MESSAGE][PASSED] - Navigate to 'https://charizard-admin.visitdays.com/' successfully

2020-10-12 04:40:09 - [MESSAGE][WARNING] - Timeout '0' is invalid. Using default page load timeout: '30'

2020-10-12 04:40:12 - [MESSAGE][PASSED] - Object 'Object Repository/HomePageElements/ProfileAvatar' is present

2020-10-12 04:40:13 - [MESSAGE][WARNING] - Timeout '0' is invalid. Using default page load timeout: '30'

2020-10-12 04:40:13 - [MESSAGE][PASSED] - Object 'Object Repository/HomePageElements/SchoolProdoutNav' is present

2020-10-12 04:40:13 - [MESSAGE][PASSED] - Object: 'Object Repository/HomePageElements/SchoolProdoutNav' is clicked on

2020-10-12 04:40:13 - [MESSAGE][PASSED] - com.CommonUtilities.LoginAsDifferentUserPermissions.NavigateToHomePage is PASSED

2020-10-12 04:40:13 - [TEST_STEP][PASSED] - ConventionName = com.CommonUtilities.CreateLiveSession.selectConvention(): com.CommonUtilities.CreateLiveSession.selectConvention is PASSED

2020-10-12 04:40:15 - [MESSAGE][PASSED] - Object: 'Object Repository/HomePageElements/PersonIcon' is clicked on

2020-10-12 04:40:15 - [MESSAGE][PASSED] - Object: 'Object Repository/HomePageElements/NacacConventionslink' is clicked on

2020-10-12 04:40:23 - [MESSAGE][PASSED] - Object: 'Object Repository/ConventionsPageAdmin/Conventionsleftnav' is clicked on

2020-10-12 04:40:24 - [MESSAGE][PASSED] - Object: 'Object Repository/ConventionsPageAdmin/CreateButtonInLiveSessions' is clicked on

2020-10-12 04:40:24 - [MESSAGE][PASSED] - Wait for page load successfully

2020-10-12 04:40:26 - [MESSAGE][PASSED] - Text of object 'Object Repository/ConventionsPageAdmin/getNameOfFirstConvention' is: 'June In Progress Demo'

2020-10-12 04:40:26 - [MESSAGE][PASSED] - Object: 'Object Repository/ConventionsPageAdmin/ClickFirstConventionInCreatingLiveSessions' is clicked on

2020-10-12 04:40:26 - [MESSAGE][PASSED] - com.CommonUtilities.CreateLiveSession.selectConvention is PASSED

2020-10-12 04:40:26 - [TEST_STEP][PASSED] - meetName = com.CommonUtilities.CreateLiveSession.enterLiveSessionDetailsAndTime(): com.CommonUtilities.CreateLiveSession.enterLiveSessionDetailsAndTime is PASSED

2020-10-12 04:40:27 - [MESSAGE][PASSED] - Text 'TestSession52994' is set on object 'Object Repository/ConventionsPageAdmin/Name field'

2020-10-12 04:40:28 - [MESSAGE][PASSED] - Keys 'this is test description' sent to object: 'Object Repository/ConventionsPageAdmin/Descriptionfield'

2020-10-12 04:40:28 - [MESSAGE][PASSED] - Keys '10/12/2020' sent to object: 'Object Repository/ConventionsPageAdmin/dateFieldAtStartTime'

2020-10-12 04:40:29 - [MESSAGE][PASSED] - Object: 'Object Repository/ConventionsPageAdmin/TimeFieldAtStartTime' is clicked on

2020-10-12 04:40:29 - [MESSAGE][PASSED] - Keys '12' sent to object: 'Object Repository/ConventionsPageAdmin/TimeFieldAtStartTime'

2020-10-12 04:40:30 - [MESSAGE][PASSED] - Keys '00' sent to object: 'Object Repository/ConventionsPageAdmin/TimeFieldAtStartTime'

2020-10-12 04:40:30 - [MESSAGE][PASSED] - Keys 'a' sent to object: 'Object Repository/ConventionsPageAdmin/TimeFieldAtStartTime'

2020-10-12 04:40:30 - [MESSAGE][PASSED] - Keys '10/12/2020' sent to object: 'Object Repository/ConventionsPageAdmin/DateFieldAtEndTime'

2020-10-12 04:40:31 - [MESSAGE][PASSED] - Object: 'Object Repository/ConventionsPageAdmin/TimeFieldAtEndTime' is clicked on

2020-10-12 04:40:31 - [MESSAGE][PASSED] - Keys '11' sent to object: 'Object Repository/ConventionsPageAdmin/TimeFieldAtEndTime'

2020-10-12 04:40:31 - [MESSAGE][PASSED] - Keys '45' sent to object: 'Object Repository/ConventionsPageAdmin/TimeFieldAtEndTime'

2020-10-12 04:40:32 - [MESSAGE][PASSED] - Keys 'p' sent to object: 'Object Repository/ConventionsPageAdmin/TimeFieldAtEndTime'

2020-10-12 04:40:32 - [MESSAGE][PASSED] - com.CommonUtilities.CreateLiveSession.enterLiveSessionDetailsAndTime is PASSED

2020-10-12 04:40:32 - [TEST_STEP][PASSED] - ZoomId = com.CommonUtilities.CreateLiveSession.enterZoomIdAndAddAssigne(): com.CommonUtilities.CreateLiveSession.enterZoomIdAndAddAssigne is PASSED

2020-10-12 04:40:33 - [MESSAGE][PASSED] - Text 'https://zoom.us/j/12345678' is set on object 'Object Repository/ConventionsPageAdmin/ZoomMeetingField'

2020-10-12 04:40:33 - [MESSAGE][PASSED] - Keys '5' sent to object: 'Object Repository/ConventionsPageAdmin/CapacityField'

2020-10-12 04:40:34 - [MESSAGE][PASSED] - Object: 'Object Repository/ConventionsPageAdmin/AssigneesDropDown' is clicked on

2020-10-12 04:40:39 - [MESSAGE][PASSED] - Delayed 5 second(s)

2020-10-12 04:40:39 - [MESSAGE][WARNING] - Timeout '0' is invalid. Using default page load timeout: '30'

2020-10-12 04:40:40 - [MESSAGE][PASSED] - Text of object 'Object Repository/ConventionsPageAdmin/selectDropSessions' is: 'T2
Test 24'

2020-10-12 04:40:40 - [MESSAGE][PASSED] - Object: 'Object Repository/ConventionsPageAdmin/selectDropSessions' is clicked on

2020-10-12 04:40:41 - [MESSAGE][PASSED] - Object: 'Object Repository/ConventionsPageAdmin/Add button of add assigne' is clicked on

2020-10-12 04:40:41 - [MESSAGE][PASSED] - Object: 'Object Repository/ConventionsPageAdmin/upload photo' is clicked on

2020-10-12 04:40:42 - [MESSAGE][PASSED] - File 'E:\CopyOfVisitDaysTests\studentimg.jpg' sent to object: 'Object Repository/ConventionsPageAdmin/BrowsePhotoAddress'

2020-10-12 04:40:43 - [MESSAGE][PASSED] - Object: 'Object Repository/ConventionsPageAdmin/ApplybuttoninPhotoUpload' is clicked on

2020-10-12 04:40:43 - [MESSAGE][PASSED] - Object: 'Object Repository/ConventionsPageAdmin/SaveButton' is clicked on

2020-10-12 04:40:48 - [MESSAGE][PASSED] - Delayed 5 second(s)

2020-10-12 04:40:48 - [MESSAGE][PASSED] - com.CommonUtilities.CreateLiveSession.enterZoomIdAndAddAssigne is PASSED

2020-10-12 04:40:48 - [TEST_STEP][PASSED] - com.CommonUtilities.LoginAsDifferentUserPermissions.NavigateToNacacHomePage(): com.CommonUtilities.LoginAsDifferentUserPermissions.NavigateToNacacHomePage is PASSED

2020-10-12 04:40:51 - [MESSAGE][PASSED] - Navigate to 'https://nacac-charizard.visitdays.vercel.app/events' successfully

2020-10-12 04:40:51 - [MESSAGE][WARNING] - Timeout '0' is invalid. Using default page load timeout: '30'

2020-10-12 04:40:54 - [MESSAGE][PASSED] - Object 'Object Repository/NacacStudentApp/HomePageElements/UpcomingOptionInHomePage' is present

2020-10-12 04:40:54 - [MESSAGE][PASSED] - com.CommonUtilities.LoginAsDifferentUserPermissions.NavigateToNacacHomePage is PASSED

2020-10-12 04:40:54 - [TEST_STEP][PASSED] - click(findTestObject("Object Repository/NacacStudentApp/HomePageElements/PersonIconAccountBasics")): Object: 'Object Repository/NacacStudentApp/HomePageElements/PersonIconAccountBasics' is clicked on

2020-10-12 04:40:55 - [MESSAGE][PASSED] - Object: 'Object Repository/NacacStudentApp/HomePageElements/PersonIconAccountBasics' is clicked on

2020-10-12 04:40:55 - [TEST_STEP][PASSED] - emailOfStudent = getText(findTestObject("Object Repository/NacacStudentApp/HomePageElements/GetEmaildetailsFromAccountBasicsPage")): Text of object 'Object Repository/NacacStudentApp/HomePageElements/GetEmaildetailsFromAccountBasicsPage' is: 'gowtham.test1@qualitlabs.com'

2020-10-12 04:40:56 - [MESSAGE][PASSED] - Text of object 'Object Repository/NacacStudentApp/HomePageElements/GetEmaildetailsFromAccountBasicsPage' is: 'gowtham.test1@qualitlabs.com'

2020-10-12 04:40:56 - [TEST_STEP][PASSED] - println(emailOfStudent): null

2020-10-12 04:40:56 - [TEST_STEP][PASSED] - click(findTestObject("Object Repository/NacacStudentApp/HomePageElements/EventsHomePage")): Object: 'Object Repository/NacacStudentApp/HomePageElements/EventsHomePage' is clicked on

2020-10-12 04:40:56 - [MESSAGE][PASSED] - Object: 'Object Repository/NacacStudentApp/HomePageElements/EventsHomePage' is clicked on

2020-10-12 04:40:56 - [TEST_STEP][PASSED] - click(findTestObject("NacacStudentApp/HomePageElements/SelectConventionInHomePage", ["Name":ConventionName])): Object: 'Object Repository/NacacStudentApp/HomePageElements/SelectConventionInHomePage' is clicked on

2020-10-12 04:40:58 - [MESSAGE][PASSED] - Object: 'Object Repository/NacacStudentApp/HomePageElements/SelectConventionInHomePage' is clicked on

2020-10-12 04:40:58 - [TEST_STEP][PASSED] - waitForPageLoad(0): Wait for page load successfully

2020-10-12 04:40:58 - [MESSAGE][WARNING] - Timeout '0' is invalid. Using default page load timeout: '30'

2020-10-12 04:40:58 - [MESSAGE][PASSED] - Wait for page load successfully

2020-10-12 04:40:58 - [TEST_STEP][PASSED] - element = findWebElement(findTestObject("Object Repository/NacacStudentApp/HomePageElements/LiveSessionsTab"), 0): Timeout '0' is invalid. Using default page load timeout: '30'

2020-10-12 04:40:58 - [MESSAGE][WARNING] - Timeout '0' is invalid. Using default page load timeout: '30'

2020-10-12 04:40:59 - [TEST_STEP][PASSED] - executeJavaScript("arguments[0].click()", Arrays.asList(element)): Execute JavaScript 'arguments[0].click()' successfully

2020-10-12 04:40:59 - [MESSAGE][PASSED] - Execute JavaScript 'arguments[0].click()' successfully

2020-10-12 04:40:59 - [TEST_STEP][PASSED] - scrollToElement(findTestObject("Object Repository/NacacStudentApp/HomePageElements/LoadMoreButton"), 5, OPTIONAL): Unable to scroll to object 'Object Repository/NacacStudentApp/HomePageElements/LoadMoreButton' (Root cause: com.kms.katalon.core.exception.StepFailedException: Unable to scroll to object 'Object Repository/NacacStudentApp/HomePageElements/LoadMoreButton'
	at com.kms.katalon.core.webui.keyword.internal.WebUIKeywordMain.stepFailed(WebUIKeywordMain.groovy:64)
	at com.kms.katalon.core.webui.keyword.internal.WebUIKeywordMain.runKeyword(WebUIKeywordMain.groovy:26)
	at com.kms.katalon.core.webui.keyword.builtin.ScrollToElementKeyword.scrollToElement(ScrollToElementKeyword.groovy:88)
	at com.kms.katalon.core.webui.keyword.builtin.ScrollToElementKeyword.execute(ScrollToElementKeyword.groovy:68)
	at com.kms.katalon.core.keyword.internal.KeywordExecutor.executeKeywordForPlatform(KeywordExecutor.groovy:73)
	at com.kms.katalon.core.webui.keyword.WebUiBuiltInKeywords.scrollToElement(WebUiBuiltInKeywords.groovy:3418)
	at com.kms.katalon.core.webui.keyword.WebUiBuiltInKeywords$scrollToElement$15.call(Unknown Source)
	at RemoveSessionRemindersInMyFairsPage.run(RemoveSessionRemindersInMyFairsPage:50)
	at com.kms.katalon.core.main.ScriptEngine.run(ScriptEngine.java:194)
	at com.kms.katalon.core.main.ScriptEngine.runScriptAsRawText(ScriptEngine.java:119)
	at com.kms.katalon.core.main.TestCaseExecutor.runScript(TestCaseExecutor.java:339)
	at com.kms.katalon.core.main.TestCaseExecutor.doExecute(TestCaseExecutor.java:330)
	at com.kms.katalon.core.main.TestCaseExecutor.processExecutionPhase(TestCaseExecutor.java:309)
	at com.kms.katalon.core.main.TestCaseExecutor.accessMainPhase(TestCaseExecutor.java:301)
	at com.kms.katalon.core.main.TestCaseExecutor.execute(TestCaseExecutor.java:235)
	at com.kms.katalon.core.main.TestSuiteExecutor.accessTestCaseMainPhase(TestSuiteExecutor.java:191)
	at com.kms.katalon.core.main.TestSuiteExecutor.accessTestSuiteMainPhase(TestSuiteExecutor.java:141)
	at com.kms.katalon.core.main.TestSuiteExecutor.execute(TestSuiteExecutor.java:90)
	at com.kms.katalon.core.main.TestCaseMain.startTestSuite(TestCaseMain.java:157)
	at com.kms.katalon.core.main.TestCaseMain$startTestSuite$0.call(Unknown Source)
	at TempTestSuite1602490771550.run(TempTestSuite1602490771550.groovy:39)
Caused by: com.kms.katalon.core.webui.exception.WebElementNotFoundException: Web element with id: 'Object Repository/NacacStudentApp/HomePageElements/LoadMoreButton' located by '//button//span[text()="Load More"]' not found
	at com.kms.katalon.core.webui.common.WebUiCommonHelper.findWebElement(WebUiCommonHelper.java:1368)
	at com.kms.katalon.core.webui.keyword.internal.WebUIAbstractKeyword.findWebElement(WebUIAbstractKeyword.groovy:27)
	at com.kms.katalon.core.webui.keyword.internal.WebUIAbstractKeyword.findWebElement(WebUIAbstractKeyword.groovy:26)
	at com.kms.katalon.core.webui.keyword.builtin.ScrollToElementKeyword$_scrollToElement_closure1.doCall(ScrollToElementKeyword.groovy:79)
	at com.kms.katalon.core.webui.keyword.builtin.ScrollToElementKeyword$_scrollToElement_closure1.call(ScrollToElementKeyword.groovy)
	at com.kms.katalon.core.webui.keyword.internal.WebUIKeywordMain.runKeyword(WebUIKeywordMain.groovy:20)
	at com.kms.katalon.core.webui.keyword.builtin.ScrollToElementKeyword.scrollToElement(ScrollToElementKeyword.groovy:88)
	at com.kms.katalon.core.webui.keyword.builtin.ScrollToElementKeyword.execute(ScrollToElementKeyword.groovy:68)
	at com.kms.katalon.core.keyword.internal.KeywordExecutor.executeKeywordForPlatform(KeywordExecutor.groovy:73)
	at com.kms.katalon.core.webui.keyword.WebUiBuiltInKeywords.scrollToElement(WebUiBuiltInKeywords.groovy:3418)
	at com.kms.katalon.core.webui.keyword.WebUiBuiltInKeywords$scrollToElement$15.call(Unknown Source)
	at Script1600075979509.run(Script1600075979509.groovy:50)
	... 13 more
)

2020-10-12 04:41:30 - [MESSAGE][INFO] - Unable to find the element located by 'By.xpath: //button//span[text()="Load More"]'. Please recheck the objects properties to make sure the desired element is located. 

2020-10-12 04:41:31 - [MESSAGE][WARNING] - Unable to scroll to object 'Object Repository/NacacStudentApp/HomePageElements/LoadMoreButton' (Root cause: com.kms.katalon.core.exception.StepFailedException: Unable to scroll to object 'Object Repository/NacacStudentApp/HomePageElements/LoadMoreButton'
	at com.kms.katalon.core.webui.keyword.internal.WebUIKeywordMain.stepFailed(WebUIKeywordMain.groovy:64)
	at com.kms.katalon.core.webui.keyword.internal.WebUIKeywordMain.runKeyword(WebUIKeywordMain.groovy:26)
	at com.kms.katalon.core.webui.keyword.builtin.ScrollToElementKeyword.scrollToElement(ScrollToElementKeyword.groovy:88)
	at com.kms.katalon.core.webui.keyword.builtin.ScrollToElementKeyword.execute(ScrollToElementKeyword.groovy:68)
	at com.kms.katalon.core.keyword.internal.KeywordExecutor.executeKeywordForPlatform(KeywordExecutor.groovy:73)
	at com.kms.katalon.core.webui.keyword.WebUiBuiltInKeywords.scrollToElement(WebUiBuiltInKeywords.groovy:3418)
	at com.kms.katalon.core.webui.keyword.WebUiBuiltInKeywords$scrollToElement$15.call(Unknown Source)
	at RemoveSessionRemindersInMyFairsPage.run(RemoveSessionRemindersInMyFairsPage:50)
	at com.kms.katalon.core.main.ScriptEngine.run(ScriptEngine.java:194)
	at com.kms.katalon.core.main.ScriptEngine.runScriptAsRawText(ScriptEngine.java:119)
	at com.kms.katalon.core.main.TestCaseExecutor.runScript(TestCaseExecutor.java:339)
	at com.kms.katalon.core.main.TestCaseExecutor.doExecute(TestCaseExecutor.java:330)
	at com.kms.katalon.core.main.TestCaseExecutor.processExecutionPhase(TestCaseExecutor.java:309)
	at com.kms.katalon.core.main.TestCaseExecutor.accessMainPhase(TestCaseExecutor.java:301)
	at com.kms.katalon.core.main.TestCaseExecutor.execute(TestCaseExecutor.java:235)
	at com.kms.katalon.core.main.TestSuiteExecutor.accessTestCaseMainPhase(TestSuiteExecutor.java:191)
	at com.kms.katalon.core.main.TestSuiteExecutor.accessTestSuiteMainPhase(TestSuiteExecutor.java:141)
	at com.kms.katalon.core.main.TestSuiteExecutor.execute(TestSuiteExecutor.java:90)
	at com.kms.katalon.core.main.TestCaseMain.startTestSuite(TestCaseMain.java:157)
	at com.kms.katalon.core.main.TestCaseMain$startTestSuite$0.call(Unknown Source)
	at TempTestSuite1602490771550.run(TempTestSuite1602490771550.groovy:39)
Caused by: com.kms.katalon.core.webui.exception.WebElementNotFoundException: Web element with id: 'Object Repository/NacacStudentApp/HomePageElements/LoadMoreButton' located by '//button//span[text()="Load More"]' not found
	at com.kms.katalon.core.webui.common.WebUiCommonHelper.findWebElement(WebUiCommonHelper.java:1368)
	at com.kms.katalon.core.webui.keyword.internal.WebUIAbstractKeyword.findWebElement(WebUIAbstractKeyword.groovy:27)
	at com.kms.katalon.core.webui.keyword.internal.WebUIAbstractKeyword.findWebElement(WebUIAbstractKeyword.groovy:26)
	at com.kms.katalon.core.webui.keyword.builtin.ScrollToElementKeyword$_scrollToElement_closure1.doCall(ScrollToElementKeyword.groovy:79)
	at com.kms.katalon.core.webui.keyword.builtin.ScrollToElementKeyword$_scrollToElement_closure1.call(ScrollToElementKeyword.groovy)
	at com.kms.katalon.core.webui.keyword.internal.WebUIKeywordMain.runKeyword(WebUIKeywordMain.groovy:20)
	at com.kms.katalon.core.webui.keyword.builtin.ScrollToElementKeyword.scrollToElement(ScrollToElementKeyword.groovy:88)
	at com.kms.katalon.core.webui.keyword.builtin.ScrollToElementKeyword.execute(ScrollToElementKeyword.groovy:68)
	at com.kms.katalon.core.keyword.internal.KeywordExecutor.executeKeywordForPlatform(KeywordExecutor.groovy:73)
	at com.kms.katalon.core.webui.keyword.WebUiBuiltInKeywords.scrollToElement(WebUiBuiltInKeywords.groovy:3418)
	at com.kms.katalon.core.webui.keyword.WebUiBuiltInKeywords$scrollToElement$15.call(Unknown Source)
	at Script1600075979509.run(Script1600075979509.groovy:50)
	... 13 more
)
[[ATTACHMENT|E:\\CopyOfVisitDaysTests\\Reports\\20201012_041931\\NACAC\\20201012_041931\\1602492090894.png]]

2020-10-12 04:41:31 - [TEST_STEP][PASSED] - if (verifyElementPresent(findTestObject("Object Repository/NacacStudentApp/HomePageElements/LoadMoreButton"), 5, OPTIONAL)): com.kms.katalon.core.webui.exception.WebElementNotFoundException: Web element with id: 'Object Repository/NacacStudentApp/HomePageElements/LoadMoreButton' located by '//button//span[text()="Load More"]' not found (Root cause: com.kms.katalon.core.exception.StepFailedException: com.kms.katalon.core.webui.exception.WebElementNotFoundException: Web element with id: 'Object Repository/NacacStudentApp/HomePageElements/LoadMoreButton' located by '//button//span[text()="Load More"]' not found
	at com.kms.katalon.core.webui.keyword.internal.WebUIKeywordMain.stepFailed(WebUIKeywordMain.groovy:64)
	at com.kms.katalon.core.webui.keyword.builtin.VerifyElementPresentKeyword$_verifyElementPresent_closure1.doCall(VerifyElementPresentKeyword.groovy:85)
	at com.kms.katalon.core.webui.keyword.builtin.VerifyElementPresentKeyword$_verifyElementPresent_closure1.call(VerifyElementPresentKeyword.groovy)
	at com.kms.katalon.core.webui.keyword.internal.WebUIKeywordMain.runKeyword(WebUIKeywordMain.groovy:20)
	at com.kms.katalon.core.webui.keyword.builtin.VerifyElementPresentKeyword.verifyElementPresent(VerifyElementPresentKeyword.groovy:92)
	at com.kms.katalon.core.webui.keyword.builtin.VerifyElementPresentKeyword.execute(VerifyElementPresentKeyword.groovy:68)
	at com.kms.katalon.core.keyword.internal.KeywordExecutor.executeKeywordForPlatform(KeywordExecutor.groovy:73)
	at com.kms.katalon.core.webui.keyword.WebUiBuiltInKeywords.verifyElementPresent(WebUiBuiltInKeywords.groovy:1445)
	at com.kms.katalon.core.webui.keyword.WebUiBuiltInKeywords$verifyElementPresent$7.call(Unknown Source)
	at RemoveSessionRemindersInMyFairsPage.run(RemoveSessionRemindersInMyFairsPage:52)
	at com.kms.katalon.core.main.ScriptEngine.run(ScriptEngine.java:194)
	at com.kms.katalon.core.main.ScriptEngine.runScriptAsRawText(ScriptEngine.java:119)
	at com.kms.katalon.core.main.TestCaseExecutor.runScript(TestCaseExecutor.java:339)
	at com.kms.katalon.core.main.TestCaseExecutor.doExecute(TestCaseExecutor.java:330)
	at com.kms.katalon.core.main.TestCaseExecutor.processExecutionPhase(TestCaseExecutor.java:309)
	at com.kms.katalon.core.main.TestCaseExecutor.accessMainPhase(TestCaseExecutor.java:301)
	at com.kms.katalon.core.main.TestCaseExecutor.execute(TestCaseExecutor.java:235)
	at com.kms.katalon.core.main.TestSuiteExecutor.accessTestCaseMainPhase(TestSuiteExecutor.java:191)
	at com.kms.katalon.core.main.TestSuiteExecutor.accessTestSuiteMainPhase(TestSuiteExecutor.java:141)
	at com.kms.katalon.core.main.TestSuiteExecutor.execute(TestSuiteExecutor.java:90)
	at com.kms.katalon.core.main.TestCaseMain.startTestSuite(TestCaseMain.java:157)
	at com.kms.katalon.core.main.TestCaseMain$startTestSuite$0.call(Unknown Source)
	at TempTestSuite1602490771550.run(TempTestSuite1602490771550.groovy:39)
)

2020-10-12 04:41:37 - [MESSAGE][INFO] - Unable to find the element located by 'By.xpath: //button//span[text()="Load More"]'. Please recheck the objects properties to make sure the desired element is located. 

2020-10-12 04:41:38 - [MESSAGE][WARNING] - com.kms.katalon.core.webui.exception.WebElementNotFoundException: Web element with id: 'Object Repository/NacacStudentApp/HomePageElements/LoadMoreButton' located by '//button//span[text()="Load More"]' not found (Root cause: com.kms.katalon.core.exception.StepFailedException: com.kms.katalon.core.webui.exception.WebElementNotFoundException: Web element with id: 'Object Repository/NacacStudentApp/HomePageElements/LoadMoreButton' located by '//button//span[text()="Load More"]' not found
	at com.kms.katalon.core.webui.keyword.internal.WebUIKeywordMain.stepFailed(WebUIKeywordMain.groovy:64)
	at com.kms.katalon.core.webui.keyword.builtin.VerifyElementPresentKeyword$_verifyElementPresent_closure1.doCall(VerifyElementPresentKeyword.groovy:85)
	at com.kms.katalon.core.webui.keyword.builtin.VerifyElementPresentKeyword$_verifyElementPresent_closure1.call(VerifyElementPresentKeyword.groovy)
	at com.kms.katalon.core.webui.keyword.internal.WebUIKeywordMain.runKeyword(WebUIKeywordMain.groovy:20)
	at com.kms.katalon.core.webui.keyword.builtin.VerifyElementPresentKeyword.verifyElementPresent(VerifyElementPresentKeyword.groovy:92)
	at com.kms.katalon.core.webui.keyword.builtin.VerifyElementPresentKeyword.execute(VerifyElementPresentKeyword.groovy:68)
	at com.kms.katalon.core.keyword.internal.KeywordExecutor.executeKeywordForPlatform(KeywordExecutor.groovy:73)
	at com.kms.katalon.core.webui.keyword.WebUiBuiltInKeywords.verifyElementPresent(WebUiBuiltInKeywords.groovy:1445)
	at com.kms.katalon.core.webui.keyword.WebUiBuiltInKeywords$verifyElementPresent$7.call(Unknown Source)
	at RemoveSessionRemindersInMyFairsPage.run(RemoveSessionRemindersInMyFairsPage:52)
	at com.kms.katalon.core.main.ScriptEngine.run(ScriptEngine.java:194)
	at com.kms.katalon.core.main.ScriptEngine.runScriptAsRawText(ScriptEngine.java:119)
	at com.kms.katalon.core.main.TestCaseExecutor.runScript(TestCaseExecutor.java:339)
	at com.kms.katalon.core.main.TestCaseExecutor.doExecute(TestCaseExecutor.java:330)
	at com.kms.katalon.core.main.TestCaseExecutor.processExecutionPhase(TestCaseExecutor.java:309)
	at com.kms.katalon.core.main.TestCaseExecutor.accessMainPhase(TestCaseExecutor.java:301)
	at com.kms.katalon.core.main.TestCaseExecutor.execute(TestCaseExecutor.java:235)
	at com.kms.katalon.core.main.TestSuiteExecutor.accessTestCaseMainPhase(TestSuiteExecutor.java:191)
	at com.kms.katalon.core.main.TestSuiteExecutor.accessTestSuiteMainPhase(TestSuiteExecutor.java:141)
	at com.kms.katalon.core.main.TestSuiteExecutor.execute(TestSuiteExecutor.java:90)
	at com.kms.katalon.core.main.TestCaseMain.startTestSuite(TestCaseMain.java:157)
	at com.kms.katalon.core.main.TestCaseMain$startTestSuite$0.call(Unknown Source)
	at TempTestSuite1602490771550.run(TempTestSuite1602490771550.groovy:39)
)
[[ATTACHMENT|E:\\CopyOfVisitDaysTests\\Reports\\20201012_041931\\NACAC\\20201012_041931\\1602492097678.png]]

2020-10-12 04:41:38 - [TEST_STEP][PASSED] - if (!(verifyElementPresent(findTestObject("Object Repository/NacacStudentApp/HomePageElements/LiveSessionInStudentApp", ["createdSession":meetName]), 10, OPTIONAL))): Object 'Object Repository/NacacStudentApp/HomePageElements/LiveSessionInStudentApp' is present

2020-10-12 04:41:38 - [MESSAGE][PASSED] - Object 'Object Repository/NacacStudentApp/HomePageElements/LiveSessionInStudentApp' is present

2020-10-12 04:41:38 - [TEST_STEP][PASSED] - if (!(verifyElementPresent(findTestObject("Object Repository/NacacStudentApp/HomePageElements/JoinSessionButton", ["createdSession":meetName]), 0, OPTIONAL))): Object 'Object Repository/NacacStudentApp/HomePageElements/JoinSessionButton' is present

2020-10-12 04:41:38 - [MESSAGE][WARNING] - Timeout '0' is invalid. Using default page load timeout: '30'

2020-10-12 04:41:38 - [MESSAGE][PASSED] - Object 'Object Repository/NacacStudentApp/HomePageElements/JoinSessionButton' is present

2020-10-12 04:41:38 - [TEST_STEP][PASSED] - click(findTestObject("Object Repository/NacacStudentApp/HomePageElements/JoinSessionButton", ["createdSession":meetName])): Object: 'Object Repository/NacacStudentApp/HomePageElements/JoinSessionButton' is clicked on

2020-10-12 04:41:39 - [MESSAGE][PASSED] - Object: 'Object Repository/NacacStudentApp/HomePageElements/JoinSessionButton' is clicked on

2020-10-12 04:41:39 - [TEST_STEP][PASSED] - delay(5): Delayed 5 second(s)

2020-10-12 04:41:44 - [MESSAGE][PASSED] - Delayed 5 second(s)

2020-10-12 04:41:44 - [TEST_STEP][PASSED] - delay(5): Delayed 5 second(s)

2020-10-12 04:41:49 - [MESSAGE][PASSED] - Delayed 5 second(s)

2020-10-12 04:41:49 - [TEST_STEP][PASSED] - switchToWindowIndex(1): Switched to window with index: '1'

2020-10-12 04:41:49 - [MESSAGE][PASSED] - Switched to window with index: '1'

2020-10-12 04:41:49 - [TEST_STEP][PASSED] - ZoomIdfromurl = getUrl(): Current window's url is: 'https://zoom.us/j/12345678'

2020-10-12 04:41:49 - [MESSAGE][PASSED] - Current window's url is: 'https://zoom.us/j/12345678'

2020-10-12 04:41:49 - [TEST_STEP][PASSED] - if (!(verifyMatch(ZoomId, ZoomIdfromurl, false, STOP_ON_FAILURE))): Actual text 'https://zoom.us/j/12345678' and expected text 'https://zoom.us/j/12345678' are matched 

2020-10-12 04:41:49 - [MESSAGE][PASSED] - Actual text 'https://zoom.us/j/12345678' and expected text 'https://zoom.us/j/12345678' are matched 

2020-10-12 04:41:49 - [TEST_STEP][PASSED] - switchToWindowIndex(0): Switched to window with index: '0'

2020-10-12 04:41:49 - [MESSAGE][PASSED] - Switched to window with index: '0'

2020-10-12 04:41:49 - [TEST_STEP][PASSED] - scrollToElement(findTestObject("Object Repository/NacacStudentApp/HomePageElements/ItinenariesOption"), 0, OPTIONAL): Scroll to object 'Object Repository/NacacStudentApp/HomePageElements/ItinenariesOption' successfully

2020-10-12 04:41:49 - [MESSAGE][WARNING] - Timeout '0' is invalid. Using default page load timeout: '30'

2020-10-12 04:41:50 - [MESSAGE][PASSED] - Scroll to object 'Object Repository/NacacStudentApp/HomePageElements/ItinenariesOption' successfully

2020-10-12 04:41:50 - [TEST_STEP][PASSED] - click(findTestObject("Object Repository/NacacStudentApp/HomePageElements/ItinenariesOption")): Object: 'Object Repository/NacacStudentApp/HomePageElements/ItinenariesOption' is clicked on

2020-10-12 04:41:50 - [MESSAGE][PASSED] - Object: 'Object Repository/NacacStudentApp/HomePageElements/ItinenariesOption' is clicked on

2020-10-12 04:41:50 - [TEST_STEP][PASSED] - delay(4): Delayed 4 second(s)

2020-10-12 04:41:54 - [MESSAGE][PASSED] - Delayed 4 second(s)

2020-10-12 04:41:54 - [TEST_STEP][PASSED] - refresh(): Refresh successfully

2020-10-12 04:41:54 - [MESSAGE][PASSED] - Refresh successfully

2020-10-12 04:41:54 - [TEST_STEP][PASSED] - if (!(verifyElementPresent(findTestObject("Object Repository/NacacStudentApp/HomePageElements/VersifySessionInMyEventsPage", ["SName":meetName]), 0, OPTIONAL))): Object 'Object Repository/NacacStudentApp/HomePageElements/VersifySessionInMyEventsPage' is present

2020-10-12 04:41:54 - [MESSAGE][WARNING] - Timeout '0' is invalid. Using default page load timeout: '30'

2020-10-12 04:42:00 - [MESSAGE][PASSED] - Object 'Object Repository/NacacStudentApp/HomePageElements/VersifySessionInMyEventsPage' is present

2020-10-12 04:42:00 - [TEST_STEP][PASSED] - click(findTestObject("Object Repository/NacacStudentApp/HomePageElements/RemoveButtonInMyFairs", ["SessionName":meetName])): Object: 'Object Repository/NacacStudentApp/HomePageElements/RemoveButtonInMyFairs' is clicked on

2020-10-12 04:42:01 - [MESSAGE][PASSED] - Object: 'Object Repository/NacacStudentApp/HomePageElements/RemoveButtonInMyFairs' is clicked on

2020-10-12 04:42:01 - [TEST_STEP][PASSED] - delay(10): Delayed 10 second(s)

2020-10-12 04:42:11 - [MESSAGE][PASSED] - Delayed 10 second(s)

2020-10-12 04:42:11 - [TEST_STEP][PASSED] - if (verifyElementPresent(findTestObject("Object Repository/NacacStudentApp/HomePageElements/VersifySessionInMyEventsPage", ["SName":meetName]), 5, OPTIONAL)): com.kms.katalon.core.webui.exception.WebElementNotFoundException: Web element with id: 'Object Repository/NacacStudentApp/HomePageElements/VersifySessionInMyEventsPage' located by '//div[text()="TestSession52994"]' not found (Root cause: com.kms.katalon.core.exception.StepFailedException: com.kms.katalon.core.webui.exception.WebElementNotFoundException: Web element with id: 'Object Repository/NacacStudentApp/HomePageElements/VersifySessionInMyEventsPage' located by '//div[text()="TestSession52994"]' not found
	at com.kms.katalon.core.webui.keyword.internal.WebUIKeywordMain.stepFailed(WebUIKeywordMain.groovy:64)
	at com.kms.katalon.core.webui.keyword.builtin.VerifyElementPresentKeyword$_verifyElementPresent_closure1.doCall(VerifyElementPresentKeyword.groovy:85)
	at com.kms.katalon.core.webui.keyword.builtin.VerifyElementPresentKeyword$_verifyElementPresent_closure1.call(VerifyElementPresentKeyword.groovy)
	at com.kms.katalon.core.webui.keyword.internal.WebUIKeywordMain.runKeyword(WebUIKeywordMain.groovy:20)
	at com.kms.katalon.core.webui.keyword.builtin.VerifyElementPresentKeyword.verifyElementPresent(VerifyElementPresentKeyword.groovy:92)
	at com.kms.katalon.core.webui.keyword.builtin.VerifyElementPresentKeyword.execute(VerifyElementPresentKeyword.groovy:68)
	at com.kms.katalon.core.keyword.internal.KeywordExecutor.executeKeywordForPlatform(KeywordExecutor.groovy:73)
	at com.kms.katalon.core.webui.keyword.WebUiBuiltInKeywords.verifyElementPresent(WebUiBuiltInKeywords.groovy:1445)
	at com.kms.katalon.core.webui.keyword.WebUiBuiltInKeywords$verifyElementPresent$7.call(Unknown Source)
	at RemoveSessionRemindersInMyFairsPage.run(RemoveSessionRemindersInMyFairsPage:102)
	at com.kms.katalon.core.main.ScriptEngine.run(ScriptEngine.java:194)
	at com.kms.katalon.core.main.ScriptEngine.runScriptAsRawText(ScriptEngine.java:119)
	at com.kms.katalon.core.main.TestCaseExecutor.runScript(TestCaseExecutor.java:339)
	at com.kms.katalon.core.main.TestCaseExecutor.doExecute(TestCaseExecutor.java:330)
	at com.kms.katalon.core.main.TestCaseExecutor.processExecutionPhase(TestCaseExecutor.java:309)
	at com.kms.katalon.core.main.TestCaseExecutor.accessMainPhase(TestCaseExecutor.java:301)
	at com.kms.katalon.core.main.TestCaseExecutor.execute(TestCaseExecutor.java:235)
	at com.kms.katalon.core.main.TestSuiteExecutor.accessTestCaseMainPhase(TestSuiteExecutor.java:191)
	at com.kms.katalon.core.main.TestSuiteExecutor.accessTestSuiteMainPhase(TestSuiteExecutor.java:141)
	at com.kms.katalon.core.main.TestSuiteExecutor.execute(TestSuiteExecutor.java:90)
	at com.kms.katalon.core.main.TestCaseMain.startTestSuite(TestCaseMain.java:157)
	at com.kms.katalon.core.main.TestCaseMain$startTestSuite$0.call(Unknown Source)
	at TempTestSuite1602490771550.run(TempTestSuite1602490771550.groovy:39)
)

2020-10-12 04:42:17 - [MESSAGE][INFO] - Unable to find the element located by 'By.xpath: //div[text()="TestSession52994"]'. Please recheck the objects properties to make sure the desired element is located. 

2020-10-12 04:42:17 - [MESSAGE][WARNING] - com.kms.katalon.core.webui.exception.WebElementNotFoundException: Web element with id: 'Object Repository/NacacStudentApp/HomePageElements/VersifySessionInMyEventsPage' located by '//div[text()="TestSession52994"]' not found (Root cause: com.kms.katalon.core.exception.StepFailedException: com.kms.katalon.core.webui.exception.WebElementNotFoundException: Web element with id: 'Object Repository/NacacStudentApp/HomePageElements/VersifySessionInMyEventsPage' located by '//div[text()="TestSession52994"]' not found
	at com.kms.katalon.core.webui.keyword.internal.WebUIKeywordMain.stepFailed(WebUIKeywordMain.groovy:64)
	at com.kms.katalon.core.webui.keyword.builtin.VerifyElementPresentKeyword$_verifyElementPresent_closure1.doCall(VerifyElementPresentKeyword.groovy:85)
	at com.kms.katalon.core.webui.keyword.builtin.VerifyElementPresentKeyword$_verifyElementPresent_closure1.call(VerifyElementPresentKeyword.groovy)
	at com.kms.katalon.core.webui.keyword.internal.WebUIKeywordMain.runKeyword(WebUIKeywordMain.groovy:20)
	at com.kms.katalon.core.webui.keyword.builtin.VerifyElementPresentKeyword.verifyElementPresent(VerifyElementPresentKeyword.groovy:92)
	at com.kms.katalon.core.webui.keyword.builtin.VerifyElementPresentKeyword.execute(VerifyElementPresentKeyword.groovy:68)
	at com.kms.katalon.core.keyword.internal.KeywordExecutor.executeKeywordForPlatform(KeywordExecutor.groovy:73)
	at com.kms.katalon.core.webui.keyword.WebUiBuiltInKeywords.verifyElementPresent(WebUiBuiltInKeywords.groovy:1445)
	at com.kms.katalon.core.webui.keyword.WebUiBuiltInKeywords$verifyElementPresent$7.call(Unknown Source)
	at RemoveSessionRemindersInMyFairsPage.run(RemoveSessionRemindersInMyFairsPage:102)
	at com.kms.katalon.core.main.ScriptEngine.run(ScriptEngine.java:194)
	at com.kms.katalon.core.main.ScriptEngine.runScriptAsRawText(ScriptEngine.java:119)
	at com.kms.katalon.core.main.TestCaseExecutor.runScript(TestCaseExecutor.java:339)
	at com.kms.katalon.core.main.TestCaseExecutor.doExecute(TestCaseExecutor.java:330)
	at com.kms.katalon.core.main.TestCaseExecutor.processExecutionPhase(TestCaseExecutor.java:309)
	at com.kms.katalon.core.main.TestCaseExecutor.accessMainPhase(TestCaseExecutor.java:301)
	at com.kms.katalon.core.main.TestCaseExecutor.execute(TestCaseExecutor.java:235)
	at com.kms.katalon.core.main.TestSuiteExecutor.accessTestCaseMainPhase(TestSuiteExecutor.java:191)
	at com.kms.katalon.core.main.TestSuiteExecutor.accessTestSuiteMainPhase(TestSuiteExecutor.java:141)
	at com.kms.katalon.core.main.TestSuiteExecutor.execute(TestSuiteExecutor.java:90)
	at com.kms.katalon.core.main.TestCaseMain.startTestSuite(TestCaseMain.java:157)
	at com.kms.katalon.core.main.TestCaseMain$startTestSuite$0.call(Unknown Source)
	at TempTestSuite1602490771550.run(TempTestSuite1602490771550.groovy:39)
)
[[ATTACHMENT|E:\\CopyOfVisitDaysTests\\Reports\\20201012_041931\\NACAC\\20201012_041931\\1602492137477.png]]]]></system-out>
         <system-err><![CDATA[]]></system-err>
      </testcase>
      <testcase name="Test Cases/Conventions/EditPersonalDetailsTest" time="25.458" classname="Test Cases/Conventions/EditPersonalDetailsTest" status="PASSED">
         <system-out><![CDATA[2020-10-12 04:42:19 - [TEST_CASE][PASSED] - Test Cases/Conventions/EditPersonalDetailsTest: Test Cases/Conventions/EditPersonalDetailsTest

2020-10-12 04:42:20 - [TEST_STEP][PASSED] - com.CommonUtilities.LoginAsDifferentUserPermissions.NavigateToNacacHomePage(): com.CommonUtilities.LoginAsDifferentUserPermissions.NavigateToNacacHomePage is PASSED

2020-10-12 04:42:23 - [MESSAGE][PASSED] - Navigate to 'https://nacac-charizard.visitdays.vercel.app/events' successfully

2020-10-12 04:42:23 - [MESSAGE][WARNING] - Timeout '0' is invalid. Using default page load timeout: '30'

2020-10-12 04:42:26 - [MESSAGE][PASSED] - Object 'Object Repository/NacacStudentApp/HomePageElements/UpcomingOptionInHomePage' is present

2020-10-12 04:42:26 - [MESSAGE][PASSED] - com.CommonUtilities.LoginAsDifferentUserPermissions.NavigateToNacacHomePage is PASSED

2020-10-12 04:42:26 - [TEST_STEP][PASSED] - waitForElementPresent(findTestObject("Object Repository/NacacStudentApp/HomePageElements/PersonIconAccountBasics"), 0): Object 'Object Repository/NacacStudentApp/HomePageElements/PersonIconAccountBasics' is present

2020-10-12 04:42:26 - [MESSAGE][WARNING] - Timeout '0' is invalid. Using default page load timeout: '30'

2020-10-12 04:42:27 - [MESSAGE][PASSED] - Object 'Object Repository/NacacStudentApp/HomePageElements/PersonIconAccountBasics' is present

2020-10-12 04:42:27 - [TEST_STEP][PASSED] - click(findTestObject("Object Repository/NacacStudentApp/HomePageElements/PersonIconAccountBasics")): Object: 'Object Repository/NacacStudentApp/HomePageElements/PersonIconAccountBasics' is clicked on

2020-10-12 04:42:27 - [MESSAGE][PASSED] - Object: 'Object Repository/NacacStudentApp/HomePageElements/PersonIconAccountBasics' is clicked on

2020-10-12 04:42:27 - [TEST_STEP][PASSED] - delay(4): Delayed 4 second(s)

2020-10-12 04:42:31 - [MESSAGE][PASSED] - Delayed 4 second(s)

2020-10-12 04:42:31 - [TEST_STEP][PASSED] - click(findTestObject("Object Repository/NacacStudentApp/HomePageElements/personaldetails page/PersonalInfoTab")): Object: 'Object Repository/NacacStudentApp/HomePageElements/personaldetails page/PersonalInfoTab' is clicked on

2020-10-12 04:42:32 - [MESSAGE][PASSED] - Object: 'Object Repository/NacacStudentApp/HomePageElements/personaldetails page/PersonalInfoTab' is clicked on

2020-10-12 04:42:32 - [TEST_STEP][PASSED] - firstName = getText(findTestObject("Object Repository/NacacStudentApp/HomePageElements/personaldetails page/FirstnameDetails")): Text of object 'Object Repository/NacacStudentApp/HomePageElements/personaldetails page/FirstnameDetails' is: ''

2020-10-12 04:42:34 - [MESSAGE][PASSED] - Text of object 'Object Repository/NacacStudentApp/HomePageElements/personaldetails page/FirstnameDetails' is: ''

2020-10-12 04:42:34 - [TEST_STEP][PASSED] - lastName = getText(findTestObject("Object Repository/NacacStudentApp/HomePageElements/personaldetails page/lastName")): Text of object 'Object Repository/NacacStudentApp/HomePageElements/personaldetails page/lastName' is: ''

2020-10-12 04:42:34 - [MESSAGE][PASSED] - Text of object 'Object Repository/NacacStudentApp/HomePageElements/personaldetails page/lastName' is: ''

2020-10-12 04:42:34 - [TEST_STEP][PASSED] - addressLine1 = getText(findTestObject("Object Repository/NacacStudentApp/HomePageElements/personaldetails page/AddressLineOne")): Text of object 'Object Repository/NacacStudentApp/HomePageElements/personaldetails page/AddressLineOne' is: ''

2020-10-12 04:42:35 - [MESSAGE][PASSED] - Text of object 'Object Repository/NacacStudentApp/HomePageElements/personaldetails page/AddressLineOne' is: ''

2020-10-12 04:42:35 - [TEST_STEP][PASSED] - addressLine2 = getText(findTestObject("Object Repository/NacacStudentApp/HomePageElements/personaldetails page/AddressLine2")): Text of object 'Object Repository/NacacStudentApp/HomePageElements/personaldetails page/AddressLine2' is: ''

2020-10-12 04:42:35 - [MESSAGE][PASSED] - Text of object 'Object Repository/NacacStudentApp/HomePageElements/personaldetails page/AddressLine2' is: ''

2020-10-12 04:42:35 - [TEST_STEP][PASSED] - city = getText(findTestObject("Object Repository/NacacStudentApp/HomePageElements/personaldetails page/CityField")): Text of object 'Object Repository/NacacStudentApp/HomePageElements/personaldetails page/CityField' is: ''

2020-10-12 04:42:36 - [MESSAGE][PASSED] - Text of object 'Object Repository/NacacStudentApp/HomePageElements/personaldetails page/CityField' is: ''

2020-10-12 04:42:36 - [TEST_STEP][PASSED] - state = getText(findTestObject("Object Repository/NacacStudentApp/HomePageElements/personaldetails page/StateField")): Text of object 'Object Repository/NacacStudentApp/HomePageElements/personaldetails page/StateField' is: ''

2020-10-12 04:42:36 - [MESSAGE][PASSED] - Text of object 'Object Repository/NacacStudentApp/HomePageElements/personaldetails page/StateField' is: ''

2020-10-12 04:42:36 - [TEST_STEP][PASSED] - rd = new java.util.Random(): null

2020-10-12 04:42:36 - [TEST_STEP][PASSED] - edit = rd.nextInt(1000): null

2020-10-12 04:42:36 - [TEST_STEP][PASSED] - firstNameEdit = firstName + edit: null

2020-10-12 04:42:36 - [TEST_STEP][PASSED] - lastNameEdit = lastName + edit: null

2020-10-12 04:42:36 - [TEST_STEP][PASSED] - addressLine1Edit = addressLine1 + edit: null

2020-10-12 04:42:36 - [TEST_STEP][PASSED] - addressLine2Edit = addressLine2 + edit: null

2020-10-12 04:42:36 - [TEST_STEP][PASSED] - cityEdit = city + edit: null

2020-10-12 04:42:36 - [TEST_STEP][PASSED] - stateEdit = state + edit: null

2020-10-12 04:42:36 - [TEST_STEP][PASSED] - clearText(findTestObject("Object Repository/NacacStudentApp/HomePageElements/personaldetails page/FirstnameDetails")): Text of object 'Object Repository/NacacStudentApp/HomePageElements/personaldetails page/FirstnameDetails' is cleared

2020-10-12 04:42:36 - [MESSAGE][PASSED] - Text of object 'Object Repository/NacacStudentApp/HomePageElements/personaldetails page/FirstnameDetails' is cleared

2020-10-12 04:42:36 - [TEST_STEP][PASSED] - sendKeys(findTestObject("Object Repository/NacacStudentApp/HomePageElements/personaldetails page/FirstnameDetails"), firstNameEdit): Keys '705' sent to object: 'Object Repository/NacacStudentApp/HomePageElements/personaldetails page/FirstnameDetails'

2020-10-12 04:42:37 - [MESSAGE][PASSED] - Keys '705' sent to object: 'Object Repository/NacacStudentApp/HomePageElements/personaldetails page/FirstnameDetails'

2020-10-12 04:42:37 - [TEST_STEP][PASSED] - clearText(findTestObject("Object Repository/NacacStudentApp/HomePageElements/personaldetails page/lastName")): Text of object 'Object Repository/NacacStudentApp/HomePageElements/personaldetails page/lastName' is cleared

2020-10-12 04:42:37 - [MESSAGE][PASSED] - Text of object 'Object Repository/NacacStudentApp/HomePageElements/personaldetails page/lastName' is cleared

2020-10-12 04:42:37 - [TEST_STEP][PASSED] - sendKeys(findTestObject("Object Repository/NacacStudentApp/HomePageElements/personaldetails page/lastName"), lastNameEdit): Keys '705' sent to object: 'Object Repository/NacacStudentApp/HomePageElements/personaldetails page/lastName'

2020-10-12 04:42:38 - [MESSAGE][PASSED] - Keys '705' sent to object: 'Object Repository/NacacStudentApp/HomePageElements/personaldetails page/lastName'

2020-10-12 04:42:38 - [TEST_STEP][PASSED] - clearText(findTestObject("Object Repository/NacacStudentApp/HomePageElements/personaldetails page/AddressLineOne")): Text of object 'Object Repository/NacacStudentApp/HomePageElements/personaldetails page/AddressLineOne' is cleared

2020-10-12 04:42:38 - [MESSAGE][PASSED] - Text of object 'Object Repository/NacacStudentApp/HomePageElements/personaldetails page/AddressLineOne' is cleared

2020-10-12 04:42:38 - [TEST_STEP][PASSED] - sendKeys(findTestObject("Object Repository/NacacStudentApp/HomePageElements/personaldetails page/AddressLineOne"), addressLine1Edit): Keys '705' sent to object: 'Object Repository/NacacStudentApp/HomePageElements/personaldetails page/AddressLineOne'

2020-10-12 04:42:39 - [MESSAGE][PASSED] - Keys '705' sent to object: 'Object Repository/NacacStudentApp/HomePageElements/personaldetails page/AddressLineOne'

2020-10-12 04:42:39 - [TEST_STEP][PASSED] - clearText(findTestObject("Object Repository/NacacStudentApp/HomePageElements/personaldetails page/AddressLine2")): Text of object 'Object Repository/NacacStudentApp/HomePageElements/personaldetails page/AddressLine2' is cleared

2020-10-12 04:42:39 - [MESSAGE][PASSED] - Text of object 'Object Repository/NacacStudentApp/HomePageElements/personaldetails page/AddressLine2' is cleared

2020-10-12 04:42:39 - [TEST_STEP][PASSED] - sendKeys(findTestObject("Object Repository/NacacStudentApp/HomePageElements/personaldetails page/AddressLine2"), addressLine2Edit): Keys '705' sent to object: 'Object Repository/NacacStudentApp/HomePageElements/personaldetails page/AddressLine2'

2020-10-12 04:42:40 - [MESSAGE][PASSED] - Keys '705' sent to object: 'Object Repository/NacacStudentApp/HomePageElements/personaldetails page/AddressLine2'

2020-10-12 04:42:40 - [TEST_STEP][PASSED] - clearText(findTestObject("Object Repository/NacacStudentApp/HomePageElements/personaldetails page/CityField")): Text of object 'Object Repository/NacacStudentApp/HomePageElements/personaldetails page/CityField' is cleared

2020-10-12 04:42:40 - [MESSAGE][PASSED] - Text of object 'Object Repository/NacacStudentApp/HomePageElements/personaldetails page/CityField' is cleared

2020-10-12 04:42:40 - [TEST_STEP][PASSED] - sendKeys(findTestObject("Object Repository/NacacStudentApp/HomePageElements/personaldetails page/CityField"), cityEdit): Keys '705' sent to object: 'Object Repository/NacacStudentApp/HomePageElements/personaldetails page/CityField'

2020-10-12 04:42:41 - [MESSAGE][PASSED] - Keys '705' sent to object: 'Object Repository/NacacStudentApp/HomePageElements/personaldetails page/CityField'

2020-10-12 04:42:41 - [TEST_STEP][PASSED] - clearText(findTestObject("Object Repository/NacacStudentApp/HomePageElements/personaldetails page/StateField")): Text of object 'Object Repository/NacacStudentApp/HomePageElements/personaldetails page/StateField' is cleared

2020-10-12 04:42:41 - [MESSAGE][PASSED] - Text of object 'Object Repository/NacacStudentApp/HomePageElements/personaldetails page/StateField' is cleared

2020-10-12 04:42:41 - [TEST_STEP][PASSED] - sendKeys(findTestObject("Object Repository/NacacStudentApp/HomePageElements/personaldetails page/StateField"), stateEdit): Keys '705' sent to object: 'Object Repository/NacacStudentApp/HomePageElements/personaldetails page/StateField'

2020-10-12 04:42:42 - [MESSAGE][PASSED] - Keys '705' sent to object: 'Object Repository/NacacStudentApp/HomePageElements/personaldetails page/StateField'

2020-10-12 04:42:42 - [TEST_STEP][PASSED] - scrollToElement(findTestObject("Object Repository/NacacStudentApp/SignUpPage/StudentdetailsPage/SaveDetailsButton"), 10): Scroll to object 'Object Repository/NacacStudentApp/SignUpPage/StudentdetailsPage/SaveDetailsButton' successfully

2020-10-12 04:42:42 - [MESSAGE][PASSED] - Scroll to object 'Object Repository/NacacStudentApp/SignUpPage/StudentdetailsPage/SaveDetailsButton' successfully

2020-10-12 04:42:42 - [TEST_STEP][PASSED] - click(findTestObject("Object Repository/NacacStudentApp/SignUpPage/StudentdetailsPage/SaveDetailsButton")): Object: 'Object Repository/NacacStudentApp/SignUpPage/StudentdetailsPage/SaveDetailsButton' is clicked on

2020-10-12 04:42:43 - [MESSAGE][PASSED] - Object: 'Object Repository/NacacStudentApp/SignUpPage/StudentdetailsPage/SaveDetailsButton' is clicked on]]></system-out>
         <system-err><![CDATA[]]></system-err>
      </testcase>
      <testcase name="Test Cases/Conventions/FavouriteExhibitorInCollegesListAndVerifyInFavoritesPage" time="108.244" classname="Test Cases/Conventions/FavouriteExhibitorInCollegesListAndVerifyInFavoritesPage" status="FAILED">
         <failure type="FAILED" message="Test Cases/Conventions/FavouriteExhibitorInCollegesListAndVerifyInFavoritesPage FAILED.
Reason:
com.kms.katalon.core.exception.StepFailedException: favorited college is not shown in the favorites page
	at com.kms.katalon.core.util.KeywordUtil.markFailed(KeywordUtil.java:19)
	at com.kms.katalon.core.util.KeywordUtil$markFailed.call(Unknown Source)
	at FavouriteExhibitorInCollegesListAndVerifyInFavoritesPage.run(FavouriteExhibitorInCollegesListAndVerifyInFavoritesPage:54)
	at com.kms.katalon.core.main.ScriptEngine.run(ScriptEngine.java:194)
	at com.kms.katalon.core.main.ScriptEngine.runScriptAsRawText(ScriptEngine.java:119)
	at com.kms.katalon.core.main.TestCaseExecutor.runScript(TestCaseExecutor.java:339)
	at com.kms.katalon.core.main.TestCaseExecutor.doExecute(TestCaseExecutor.java:330)
	at com.kms.katalon.core.main.TestCaseExecutor.processExecutionPhase(TestCaseExecutor.java:309)
	at com.kms.katalon.core.main.TestCaseExecutor.accessMainPhase(TestCaseExecutor.java:301)
	at com.kms.katalon.core.main.TestCaseExecutor.execute(TestCaseExecutor.java:235)
	at com.kms.katalon.core.main.TestSuiteExecutor.accessTestCaseMainPhase(TestSuiteExecutor.java:191)
	at com.kms.katalon.core.main.TestSuiteExecutor.accessTestSuiteMainPhase(TestSuiteExecutor.java:141)
	at com.kms.katalon.core.main.TestSuiteExecutor.execute(TestSuiteExecutor.java:90)
	at com.kms.katalon.core.main.TestCaseMain.startTestSuite(TestCaseMain.java:157)
	at com.kms.katalon.core.main.TestCaseMain$startTestSuite$0.call(Unknown Source)
	at TempTestSuite1602490771550.run(TempTestSuite1602490771550.groovy:39)
"/>
         <system-out><![CDATA[2020-10-12 04:42:45 - [TEST_CASE][FAILED] - Test Cases/Conventions/FavouriteExhibitorInCollegesListAndVerifyInFavoritesPage: Test Cases/Conventions/FavouriteExhibitorInCollegesListAndVerifyInFavoritesPage FAILED.
Reason:
com.kms.katalon.core.exception.StepFailedException: favorited college is not shown in the favorites page
	at com.kms.katalon.core.util.KeywordUtil.markFailed(KeywordUtil.java:19)
	at com.kms.katalon.core.util.KeywordUtil$markFailed.call(Unknown Source)
	at FavouriteExhibitorInCollegesListAndVerifyInFavoritesPage.run(FavouriteExhibitorInCollegesListAndVerifyInFavoritesPage:54)
	at com.kms.katalon.core.main.ScriptEngine.run(ScriptEngine.java:194)
	at com.kms.katalon.core.main.ScriptEngine.runScriptAsRawText(ScriptEngine.java:119)
	at com.kms.katalon.core.main.TestCaseExecutor.runScript(TestCaseExecutor.java:339)
	at com.kms.katalon.core.main.TestCaseExecutor.doExecute(TestCaseExecutor.java:330)
	at com.kms.katalon.core.main.TestCaseExecutor.processExecutionPhase(TestCaseExecutor.java:309)
	at com.kms.katalon.core.main.TestCaseExecutor.accessMainPhase(TestCaseExecutor.java:301)
	at com.kms.katalon.core.main.TestCaseExecutor.execute(TestCaseExecutor.java:235)
	at com.kms.katalon.core.main.TestSuiteExecutor.accessTestCaseMainPhase(TestSuiteExecutor.java:191)
	at com.kms.katalon.core.main.TestSuiteExecutor.accessTestSuiteMainPhase(TestSuiteExecutor.java:141)
	at com.kms.katalon.core.main.TestSuiteExecutor.execute(TestSuiteExecutor.java:90)
	at com.kms.katalon.core.main.TestCaseMain.startTestSuite(TestCaseMain.java:157)
	at com.kms.katalon.core.main.TestCaseMain$startTestSuite$0.call(Unknown Source)
	at TempTestSuite1602490771550.run(TempTestSuite1602490771550.groovy:39)


2020-10-12 04:42:45 - [TEST_STEP][PASSED] - com.CommonUtilities.LoginAsDifferentUserPermissions.NavigateToHomePage(): com.CommonUtilities.LoginAsDifferentUserPermissions.NavigateToHomePage is PASSED

2020-10-12 04:42:46 - [MESSAGE][PASSED] - Navigate to 'https://charizard-admin.visitdays.com/' successfully

2020-10-12 04:42:46 - [MESSAGE][WARNING] - Timeout '0' is invalid. Using default page load timeout: '30'

2020-10-12 04:42:50 - [MESSAGE][PASSED] - Object 'Object Repository/HomePageElements/ProfileAvatar' is present

2020-10-12 04:42:50 - [MESSAGE][WARNING] - Timeout '0' is invalid. Using default page load timeout: '30'

2020-10-12 04:42:50 - [MESSAGE][PASSED] - Object 'Object Repository/HomePageElements/SchoolProdoutNav' is present

2020-10-12 04:42:51 - [MESSAGE][PASSED] - Object: 'Object Repository/HomePageElements/SchoolProdoutNav' is clicked on

2020-10-12 04:42:51 - [MESSAGE][PASSED] - com.CommonUtilities.LoginAsDifferentUserPermissions.NavigateToHomePage is PASSED

2020-10-12 04:42:51 - [TEST_STEP][PASSED] - conventionName = com.CommonUtilities.CreateMeeting.getConvention(): com.CommonUtilities.CreateMeeting.getConvention is PASSED

2020-10-12 04:42:52 - [MESSAGE][PASSED] - Object: 'Object Repository/HomePageElements/PersonIcon' is clicked on

2020-10-12 04:42:53 - [MESSAGE][PASSED] - Object: 'Object Repository/HomePageElements/NacacConventionslink' is clicked on

2020-10-12 04:43:04 - [MESSAGE][PASSED] - Object: 'Object Repository/ConventionsPageAdmin/Conventionsleftnav' is clicked on

2020-10-12 04:43:05 - [MESSAGE][PASSED] - Object: 'Object Repository/ConventionsPageAdmin/LiveSessionleftNavInSubMenu' is clicked on

2020-10-12 04:43:06 - [MESSAGE][PASSED] - Object: 'Object Repository/ConventionsPageAdmin/CreateButtonInLiveSessions' is clicked on

2020-10-12 04:43:06 - [MESSAGE][PASSED] - Wait for page load successfully

2020-10-12 04:43:09 - [MESSAGE][PASSED] - Text of object 'Object Repository/ConventionsPageAdmin/getNameOfFirstConvention' is: 'June In Progress Demo'

2020-10-12 04:43:09 - [MESSAGE][PASSED] - com.CommonUtilities.CreateMeeting.getConvention is PASSED

2020-10-12 04:43:09 - [TEST_STEP][PASSED] - institutionName = com.CommonUtilities.VideoLibrary.getInstitutionName(): com.CommonUtilities.VideoLibrary.getInstitutionName is PASSED

2020-10-12 04:43:10 - [MESSAGE][PASSED] - Text of object 'Object Repository/ConventionsPageAdmin/SelectInstitutionName' is: 'BB Testing
swap_horiz'

2020-10-12 04:43:10 - [MESSAGE][PASSED] - com.CommonUtilities.VideoLibrary.getInstitutionName is PASSED

2020-10-12 04:43:10 - [TEST_STEP][PASSED] - com.CommonUtilities.LoginAsDifferentUserPermissions.NavigateToNacacHomePage(): com.CommonUtilities.LoginAsDifferentUserPermissions.NavigateToNacacHomePage is PASSED

2020-10-12 04:43:12 - [MESSAGE][PASSED] - Navigate to 'https://nacac-charizard.visitdays.vercel.app/events' successfully

2020-10-12 04:43:12 - [MESSAGE][WARNING] - Timeout '0' is invalid. Using default page load timeout: '30'

2020-10-12 04:43:14 - [MESSAGE][PASSED] - Object 'Object Repository/NacacStudentApp/HomePageElements/UpcomingOptionInHomePage' is present

2020-10-12 04:43:14 - [MESSAGE][PASSED] - com.CommonUtilities.LoginAsDifferentUserPermissions.NavigateToNacacHomePage is PASSED

2020-10-12 04:43:14 - [TEST_STEP][PASSED] - click(findTestObject("NacacStudentApp/HomePageElements/SelectConventionInHomePage", ["Name":conventionName])): Object: 'Object Repository/NacacStudentApp/HomePageElements/SelectConventionInHomePage' is clicked on

2020-10-12 04:43:15 - [MESSAGE][PASSED] - Object: 'Object Repository/NacacStudentApp/HomePageElements/SelectConventionInHomePage' is clicked on

2020-10-12 04:43:15 - [TEST_STEP][PASSED] - delay(5): Delayed 5 second(s)

2020-10-12 04:43:20 - [MESSAGE][PASSED] - Delayed 5 second(s)

2020-10-12 04:43:20 - [TEST_STEP][PASSED] - element = findWebElement(findTestObject("NacacStudentApp/HomePageElements/CollegesTabInExhibitorsPage"), 0): Timeout '0' is invalid. Using default page load timeout: '30'

2020-10-12 04:43:20 - [MESSAGE][WARNING] - Timeout '0' is invalid. Using default page load timeout: '30'

2020-10-12 04:43:20 - [TEST_STEP][PASSED] - executeJavaScript("arguments[0].click()", Arrays.asList(element)): Execute JavaScript 'arguments[0].click()' successfully

2020-10-12 04:43:20 - [MESSAGE][PASSED] - Execute JavaScript 'arguments[0].click()' successfully

2020-10-12 04:43:20 - [TEST_STEP][PASSED] - waitForPageLoad(0): Wait for page load successfully

2020-10-12 04:43:20 - [MESSAGE][WARNING] - Timeout '0' is invalid. Using default page load timeout: '30'

2020-10-12 04:43:20 - [MESSAGE][PASSED] - Wait for page load successfully

2020-10-12 04:43:20 - [TEST_STEP][PASSED] - if (verifyElementPresent(findTestObject("Object Repository/NacacStudentApp/HomePageElements/LoadMoreButton"), 5, OPTIONAL)): com.kms.katalon.core.webui.exception.WebElementNotFoundException: Web element with id: 'Object Repository/NacacStudentApp/HomePageElements/LoadMoreButton' located by '//button//span[text()="Load More"]' not found (Root cause: com.kms.katalon.core.exception.StepFailedException: com.kms.katalon.core.webui.exception.WebElementNotFoundException: Web element with id: 'Object Repository/NacacStudentApp/HomePageElements/LoadMoreButton' located by '//button//span[text()="Load More"]' not found
	at com.kms.katalon.core.webui.keyword.internal.WebUIKeywordMain.stepFailed(WebUIKeywordMain.groovy:64)
	at com.kms.katalon.core.webui.keyword.builtin.VerifyElementPresentKeyword$_verifyElementPresent_closure1.doCall(VerifyElementPresentKeyword.groovy:85)
	at com.kms.katalon.core.webui.keyword.builtin.VerifyElementPresentKeyword$_verifyElementPresent_closure1.call(VerifyElementPresentKeyword.groovy)
	at com.kms.katalon.core.webui.keyword.internal.WebUIKeywordMain.runKeyword(WebUIKeywordMain.groovy:20)
	at com.kms.katalon.core.webui.keyword.builtin.VerifyElementPresentKeyword.verifyElementPresent(VerifyElementPresentKeyword.groovy:92)
	at com.kms.katalon.core.webui.keyword.builtin.VerifyElementPresentKeyword.execute(VerifyElementPresentKeyword.groovy:68)
	at com.kms.katalon.core.keyword.internal.KeywordExecutor.executeKeywordForPlatform(KeywordExecutor.groovy:73)
	at com.kms.katalon.core.webui.keyword.WebUiBuiltInKeywords.verifyElementPresent(WebUiBuiltInKeywords.groovy:1445)
	at com.kms.katalon.core.webui.keyword.WebUiBuiltInKeywords$verifyElementPresent$7.call(Unknown Source)
	at FavouriteExhibitorInCollegesListAndVerifyInFavoritesPage.run(FavouriteExhibitorInCollegesListAndVerifyInFavoritesPage:41)
	at com.kms.katalon.core.main.ScriptEngine.run(ScriptEngine.java:194)
	at com.kms.katalon.core.main.ScriptEngine.runScriptAsRawText(ScriptEngine.java:119)
	at com.kms.katalon.core.main.TestCaseExecutor.runScript(TestCaseExecutor.java:339)
	at com.kms.katalon.core.main.TestCaseExecutor.doExecute(TestCaseExecutor.java:330)
	at com.kms.katalon.core.main.TestCaseExecutor.processExecutionPhase(TestCaseExecutor.java:309)
	at com.kms.katalon.core.main.TestCaseExecutor.accessMainPhase(TestCaseExecutor.java:301)
	at com.kms.katalon.core.main.TestCaseExecutor.execute(TestCaseExecutor.java:235)
	at com.kms.katalon.core.main.TestSuiteExecutor.accessTestCaseMainPhase(TestSuiteExecutor.java:191)
	at com.kms.katalon.core.main.TestSuiteExecutor.accessTestSuiteMainPhase(TestSuiteExecutor.java:141)
	at com.kms.katalon.core.main.TestSuiteExecutor.execute(TestSuiteExecutor.java:90)
	at com.kms.katalon.core.main.TestCaseMain.startTestSuite(TestCaseMain.java:157)
	at com.kms.katalon.core.main.TestCaseMain$startTestSuite$0.call(Unknown Source)
	at TempTestSuite1602490771550.run(TempTestSuite1602490771550.groovy:39)
)

2020-10-12 04:43:26 - [MESSAGE][INFO] - Unable to find the element located by 'By.xpath: //button//span[text()="Load More"]'. Please recheck the objects properties to make sure the desired element is located. 

2020-10-12 04:43:27 - [MESSAGE][WARNING] - com.kms.katalon.core.webui.exception.WebElementNotFoundException: Web element with id: 'Object Repository/NacacStudentApp/HomePageElements/LoadMoreButton' located by '//button//span[text()="Load More"]' not found (Root cause: com.kms.katalon.core.exception.StepFailedException: com.kms.katalon.core.webui.exception.WebElementNotFoundException: Web element with id: 'Object Repository/NacacStudentApp/HomePageElements/LoadMoreButton' located by '//button//span[text()="Load More"]' not found
	at com.kms.katalon.core.webui.keyword.internal.WebUIKeywordMain.stepFailed(WebUIKeywordMain.groovy:64)
	at com.kms.katalon.core.webui.keyword.builtin.VerifyElementPresentKeyword$_verifyElementPresent_closure1.doCall(VerifyElementPresentKeyword.groovy:85)
	at com.kms.katalon.core.webui.keyword.builtin.VerifyElementPresentKeyword$_verifyElementPresent_closure1.call(VerifyElementPresentKeyword.groovy)
	at com.kms.katalon.core.webui.keyword.internal.WebUIKeywordMain.runKeyword(WebUIKeywordMain.groovy:20)
	at com.kms.katalon.core.webui.keyword.builtin.VerifyElementPresentKeyword.verifyElementPresent(VerifyElementPresentKeyword.groovy:92)
	at com.kms.katalon.core.webui.keyword.builtin.VerifyElementPresentKeyword.execute(VerifyElementPresentKeyword.groovy:68)
	at com.kms.katalon.core.keyword.internal.KeywordExecutor.executeKeywordForPlatform(KeywordExecutor.groovy:73)
	at com.kms.katalon.core.webui.keyword.WebUiBuiltInKeywords.verifyElementPresent(WebUiBuiltInKeywords.groovy:1445)
	at com.kms.katalon.core.webui.keyword.WebUiBuiltInKeywords$verifyElementPresent$7.call(Unknown Source)
	at FavouriteExhibitorInCollegesListAndVerifyInFavoritesPage.run(FavouriteExhibitorInCollegesListAndVerifyInFavoritesPage:41)
	at com.kms.katalon.core.main.ScriptEngine.run(ScriptEngine.java:194)
	at com.kms.katalon.core.main.ScriptEngine.runScriptAsRawText(ScriptEngine.java:119)
	at com.kms.katalon.core.main.TestCaseExecutor.runScript(TestCaseExecutor.java:339)
	at com.kms.katalon.core.main.TestCaseExecutor.doExecute(TestCaseExecutor.java:330)
	at com.kms.katalon.core.main.TestCaseExecutor.processExecutionPhase(TestCaseExecutor.java:309)
	at com.kms.katalon.core.main.TestCaseExecutor.accessMainPhase(TestCaseExecutor.java:301)
	at com.kms.katalon.core.main.TestCaseExecutor.execute(TestCaseExecutor.java:235)
	at com.kms.katalon.core.main.TestSuiteExecutor.accessTestCaseMainPhase(TestSuiteExecutor.java:191)
	at com.kms.katalon.core.main.TestSuiteExecutor.accessTestSuiteMainPhase(TestSuiteExecutor.java:141)
	at com.kms.katalon.core.main.TestSuiteExecutor.execute(TestSuiteExecutor.java:90)
	at com.kms.katalon.core.main.TestCaseMain.startTestSuite(TestCaseMain.java:157)
	at com.kms.katalon.core.main.TestCaseMain$startTestSuite$0.call(Unknown Source)
	at TempTestSuite1602490771550.run(TempTestSuite1602490771550.groovy:39)
)
[[ATTACHMENT|E:\\CopyOfVisitDaysTests\\Reports\\20201012_041931\\NACAC\\20201012_041931\\1602492206745.png]]

2020-10-12 04:43:27 - [TEST_STEP][PASSED] - click(findTestObject("Object Repository/FavouriteFirstCollegeInCollegesList", ["College":institutionName])): Object: 'Object Repository/FavouriteFirstCollegeInCollegesList' is clicked on

2020-10-12 04:43:27 - [MESSAGE][PASSED] - Object: 'Object Repository/FavouriteFirstCollegeInCollegesList' is clicked on

2020-10-12 04:43:27 - [TEST_STEP][PASSED] - click(findTestObject("Object Repository/NacacStudentApp/HomePageElements/FavoritesInTopNav")): Object: 'Object Repository/NacacStudentApp/HomePageElements/FavoritesInTopNav' is clicked on

2020-10-12 04:43:28 - [MESSAGE][PASSED] - Object: 'Object Repository/NacacStudentApp/HomePageElements/FavoritesInTopNav' is clicked on

2020-10-12 04:43:28 - [TEST_STEP][PASSED] - waitForPageLoad(0): Wait for page load successfully

2020-10-12 04:43:28 - [MESSAGE][WARNING] - Timeout '0' is invalid. Using default page load timeout: '30'

2020-10-12 04:43:28 - [MESSAGE][PASSED] - Wait for page load successfully

2020-10-12 04:43:28 - [TEST_STEP][FAILED] - if (!(verifyElementPresent(findTestObject("Object Repository/NacacStudentApp/HomePageElements/favouritesPageColleges", ["College":institutionName]), 0, OPTIONAL))): favorited college is not shown in the favorites page

2020-10-12 04:43:28 - [MESSAGE][WARNING] - Timeout '0' is invalid. Using default page load timeout: '30'

2020-10-12 04:43:59 - [MESSAGE][INFO] - Unable to find the element located by 'By.xpath: //div[text()="BB Testing"]'. Please recheck the objects properties to make sure the desired element is located. 

2020-10-12 04:43:59 - [MESSAGE][WARNING] - com.kms.katalon.core.webui.exception.WebElementNotFoundException: Web element with id: 'Object Repository/NacacStudentApp/HomePageElements/favouritesPageColleges' located by '//div[text()="BB Testing"]' not found (Root cause: com.kms.katalon.core.exception.StepFailedException: com.kms.katalon.core.webui.exception.WebElementNotFoundException: Web element with id: 'Object Repository/NacacStudentApp/HomePageElements/favouritesPageColleges' located by '//div[text()="BB Testing"]' not found
	at com.kms.katalon.core.webui.keyword.internal.WebUIKeywordMain.stepFailed(WebUIKeywordMain.groovy:64)
	at com.kms.katalon.core.webui.keyword.builtin.VerifyElementPresentKeyword$_verifyElementPresent_closure1.doCall(VerifyElementPresentKeyword.groovy:85)
	at com.kms.katalon.core.webui.keyword.builtin.VerifyElementPresentKeyword$_verifyElementPresent_closure1.call(VerifyElementPresentKeyword.groovy)
	at com.kms.katalon.core.webui.keyword.internal.WebUIKeywordMain.runKeyword(WebUIKeywordMain.groovy:20)
	at com.kms.katalon.core.webui.keyword.builtin.VerifyElementPresentKeyword.verifyElementPresent(VerifyElementPresentKeyword.groovy:92)
	at com.kms.katalon.core.webui.keyword.builtin.VerifyElementPresentKeyword.execute(VerifyElementPresentKeyword.groovy:68)
	at com.kms.katalon.core.keyword.internal.KeywordExecutor.executeKeywordForPlatform(KeywordExecutor.groovy:73)
	at com.kms.katalon.core.webui.keyword.WebUiBuiltInKeywords.verifyElementPresent(WebUiBuiltInKeywords.groovy:1445)
	at com.kms.katalon.core.webui.keyword.WebUiBuiltInKeywords$verifyElementPresent$7.call(Unknown Source)
	at FavouriteExhibitorInCollegesListAndVerifyInFavoritesPage.run(FavouriteExhibitorInCollegesListAndVerifyInFavoritesPage:52)
	at com.kms.katalon.core.main.ScriptEngine.run(ScriptEngine.java:194)
	at com.kms.katalon.core.main.ScriptEngine.runScriptAsRawText(ScriptEngine.java:119)
	at com.kms.katalon.core.main.TestCaseExecutor.runScript(TestCaseExecutor.java:339)
	at com.kms.katalon.core.main.TestCaseExecutor.doExecute(TestCaseExecutor.java:330)
	at com.kms.katalon.core.main.TestCaseExecutor.processExecutionPhase(TestCaseExecutor.java:309)
	at com.kms.katalon.core.main.TestCaseExecutor.accessMainPhase(TestCaseExecutor.java:301)
	at com.kms.katalon.core.main.TestCaseExecutor.execute(TestCaseExecutor.java:235)
	at com.kms.katalon.core.main.TestSuiteExecutor.accessTestCaseMainPhase(TestSuiteExecutor.java:191)
	at com.kms.katalon.core.main.TestSuiteExecutor.accessTestSuiteMainPhase(TestSuiteExecutor.java:141)
	at com.kms.katalon.core.main.TestSuiteExecutor.execute(TestSuiteExecutor.java:90)
	at com.kms.katalon.core.main.TestCaseMain.startTestSuite(TestCaseMain.java:157)
	at com.kms.katalon.core.main.TestCaseMain$startTestSuite$0.call(Unknown Source)
	at TempTestSuite1602490771550.run(TempTestSuite1602490771550.groovy:39)
)
[[ATTACHMENT|E:\\CopyOfVisitDaysTests\\Reports\\20201012_041931\\NACAC\\20201012_041931\\1602492239644.png]]

2020-10-12 04:43:59 - [TEST_STEP][FAILED] - markFailed("favorited college is not shown in the favorites page"): favorited college is not shown in the favorites page

2020-10-12 04:43:59 - [MESSAGE][FAILED] - favorited college is not shown in the favorites page

2020-10-12 04:43:59 - [TEST_STEP][FAILED] - click(findTestObject("Object Repository/FavouriteFirstCollegeInCollegesList", ["College":institutionName])): Unable to click on object 'Object Repository/FavouriteFirstCollegeInCollegesList' (Root cause: com.kms.katalon.core.exception.StepFailedException: Unable to click on object 'Object Repository/FavouriteFirstCollegeInCollegesList'
	at com.kms.katalon.core.webui.keyword.internal.WebUIKeywordMain.stepFailed(WebUIKeywordMain.groovy:64)
	at com.kms.katalon.core.webui.keyword.internal.WebUIKeywordMain.runKeyword(WebUIKeywordMain.groovy:26)
	at com.kms.katalon.core.webui.keyword.builtin.ClickKeyword.click(ClickKeyword.groovy:76)
	at com.kms.katalon.core.webui.keyword.builtin.ClickKeyword.execute(ClickKeyword.groovy:43)
	at com.kms.katalon.core.keyword.internal.KeywordExecutor.executeKeywordForPlatform(KeywordExecutor.groovy:73)
	at com.kms.katalon.core.webui.keyword.WebUiBuiltInKeywords.click(WebUiBuiltInKeywords.groovy:617)
	at com.kms.katalon.core.webui.keyword.WebUiBuiltInKeywords$click$3.call(Unknown Source)
	at FavouriteExhibitorInCollegesListAndVerifyInFavoritesPage.run(FavouriteExhibitorInCollegesListAndVerifyInFavoritesPage:57)
	at com.kms.katalon.core.main.ScriptEngine.run(ScriptEngine.java:194)
	at com.kms.katalon.core.main.ScriptEngine.runScriptAsRawText(ScriptEngine.java:119)
	at com.kms.katalon.core.main.TestCaseExecutor.runScript(TestCaseExecutor.java:339)
	at com.kms.katalon.core.main.TestCaseExecutor.doExecute(TestCaseExecutor.java:330)
	at com.kms.katalon.core.main.TestCaseExecutor.processExecutionPhase(TestCaseExecutor.java:309)
	at com.kms.katalon.core.main.TestCaseExecutor.accessMainPhase(TestCaseExecutor.java:301)
	at com.kms.katalon.core.main.TestCaseExecutor.execute(TestCaseExecutor.java:235)
	at com.kms.katalon.core.main.TestSuiteExecutor.accessTestCaseMainPhase(TestSuiteExecutor.java:191)
	at com.kms.katalon.core.main.TestSuiteExecutor.accessTestSuiteMainPhase(TestSuiteExecutor.java:141)
	at com.kms.katalon.core.main.TestSuiteExecutor.execute(TestSuiteExecutor.java:90)
	at com.kms.katalon.core.main.TestCaseMain.startTestSuite(TestCaseMain.java:157)
	at com.kms.katalon.core.main.TestCaseMain$startTestSuite$0.call(Unknown Source)
	at TempTestSuite1602490771550.run(TempTestSuite1602490771550.groovy:39)
Caused by: com.kms.katalon.core.webui.exception.WebElementNotFoundException: Web element with id: 'Object Repository/FavouriteFirstCollegeInCollegesList' located by '//div//div[text()="BB Testing"]/../../..//div[2]//button//span[@class="MuiIconButton-label"]' not found
	at com.kms.katalon.core.webui.common.WebUiCommonHelper.findWebElement(WebUiCommonHelper.java:1368)
	at com.kms.katalon.core.webui.keyword.internal.WebUIAbstractKeyword.findWebElement(WebUIAbstractKeyword.groovy:27)
	at com.kms.katalon.core.webui.keyword.internal.WebUIAbstractKeyword.findWebElement(WebUIAbstractKeyword.groovy:26)
	at com.kms.katalon.core.webui.keyword.builtin.ClickKeyword$_click_closure1.doCall(ClickKeyword.groovy:67)
	at com.kms.katalon.core.webui.keyword.builtin.ClickKeyword$_click_closure1.call(ClickKeyword.groovy)
	at com.kms.katalon.core.webui.keyword.internal.WebUIKeywordMain.runKeyword(WebUIKeywordMain.groovy:20)
	at com.kms.katalon.core.webui.keyword.builtin.ClickKeyword.click(ClickKeyword.groovy:76)
	at com.kms.katalon.core.webui.keyword.builtin.ClickKeyword.execute(ClickKeyword.groovy:43)
	at com.kms.katalon.core.keyword.internal.KeywordExecutor.executeKeywordForPlatform(KeywordExecutor.groovy:73)
	at com.kms.katalon.core.webui.keyword.WebUiBuiltInKeywords.click(WebUiBuiltInKeywords.groovy:617)
	at com.kms.katalon.core.webui.keyword.WebUiBuiltInKeywords$click$3.call(Unknown Source)
	at Script1599641314546.run(Script1599641314546.groovy:57)
	... 13 more
)

2020-10-12 04:44:31 - [MESSAGE][INFO] - Unable to find the element located by 'By.xpath: //div//div[text()="BB Testing"]/../../..//div[2]//button//span[@class="MuiIconButton-label"]'. Please recheck the objects properties to make sure the desired element is located. 

2020-10-12 04:44:31 - [MESSAGE][FAILED] - Unable to click on object 'Object Repository/FavouriteFirstCollegeInCollegesList' (Root cause: com.kms.katalon.core.exception.StepFailedException: Unable to click on object 'Object Repository/FavouriteFirstCollegeInCollegesList'
	at com.kms.katalon.core.webui.keyword.internal.WebUIKeywordMain.stepFailed(WebUIKeywordMain.groovy:64)
	at com.kms.katalon.core.webui.keyword.internal.WebUIKeywordMain.runKeyword(WebUIKeywordMain.groovy:26)
	at com.kms.katalon.core.webui.keyword.builtin.ClickKeyword.click(ClickKeyword.groovy:76)
	at com.kms.katalon.core.webui.keyword.builtin.ClickKeyword.execute(ClickKeyword.groovy:43)
	at com.kms.katalon.core.keyword.internal.KeywordExecutor.executeKeywordForPlatform(KeywordExecutor.groovy:73)
	at com.kms.katalon.core.webui.keyword.WebUiBuiltInKeywords.click(WebUiBuiltInKeywords.groovy:617)
	at com.kms.katalon.core.webui.keyword.WebUiBuiltInKeywords$click$3.call(Unknown Source)
	at FavouriteExhibitorInCollegesListAndVerifyInFavoritesPage.run(FavouriteExhibitorInCollegesListAndVerifyInFavoritesPage:57)
	at com.kms.katalon.core.main.ScriptEngine.run(ScriptEngine.java:194)
	at com.kms.katalon.core.main.ScriptEngine.runScriptAsRawText(ScriptEngine.java:119)
	at com.kms.katalon.core.main.TestCaseExecutor.runScript(TestCaseExecutor.java:339)
	at com.kms.katalon.core.main.TestCaseExecutor.doExecute(TestCaseExecutor.java:330)
	at com.kms.katalon.core.main.TestCaseExecutor.processExecutionPhase(TestCaseExecutor.java:309)
	at com.kms.katalon.core.main.TestCaseExecutor.accessMainPhase(TestCaseExecutor.java:301)
	at com.kms.katalon.core.main.TestCaseExecutor.execute(TestCaseExecutor.java:235)
	at com.kms.katalon.core.main.TestSuiteExecutor.accessTestCaseMainPhase(TestSuiteExecutor.java:191)
	at com.kms.katalon.core.main.TestSuiteExecutor.accessTestSuiteMainPhase(TestSuiteExecutor.java:141)
	at com.kms.katalon.core.main.TestSuiteExecutor.execute(TestSuiteExecutor.java:90)
	at com.kms.katalon.core.main.TestCaseMain.startTestSuite(TestCaseMain.java:157)
	at com.kms.katalon.core.main.TestCaseMain$startTestSuite$0.call(Unknown Source)
	at TempTestSuite1602490771550.run(TempTestSuite1602490771550.groovy:39)
Caused by: com.kms.katalon.core.webui.exception.WebElementNotFoundException: Web element with id: 'Object Repository/FavouriteFirstCollegeInCollegesList' located by '//div//div[text()="BB Testing"]/../../..//div[2]//button//span[@class="MuiIconButton-label"]' not found
	at com.kms.katalon.core.webui.common.WebUiCommonHelper.findWebElement(WebUiCommonHelper.java:1368)
	at com.kms.katalon.core.webui.keyword.internal.WebUIAbstractKeyword.findWebElement(WebUIAbstractKeyword.groovy:27)
	at com.kms.katalon.core.webui.keyword.internal.WebUIAbstractKeyword.findWebElement(WebUIAbstractKeyword.groovy:26)
	at com.kms.katalon.core.webui.keyword.builtin.ClickKeyword$_click_closure1.doCall(ClickKeyword.groovy:67)
	at com.kms.katalon.core.webui.keyword.builtin.ClickKeyword$_click_closure1.call(ClickKeyword.groovy)
	at com.kms.katalon.core.webui.keyword.internal.WebUIKeywordMain.runKeyword(WebUIKeywordMain.groovy:20)
	at com.kms.katalon.core.webui.keyword.builtin.ClickKeyword.click(ClickKeyword.groovy:76)
	at com.kms.katalon.core.webui.keyword.builtin.ClickKeyword.execute(ClickKeyword.groovy:43)
	at com.kms.katalon.core.keyword.internal.KeywordExecutor.executeKeywordForPlatform(KeywordExecutor.groovy:73)
	at com.kms.katalon.core.webui.keyword.WebUiBuiltInKeywords.click(WebUiBuiltInKeywords.groovy:617)
	at com.kms.katalon.core.webui.keyword.WebUiBuiltInKeywords$click$3.call(Unknown Source)
	at Script1599641314546.run(Script1599641314546.groovy:57)
	... 13 more
)
[[ATTACHMENT|E:\\CopyOfVisitDaysTests\\Reports\\20201012_041931\\NACAC\\20201012_041931\\1602492271203.png]]

2020-10-12 04:44:33 - [TEST_STEP][PASSED] - Video: Video recording for test case 'Test Cases/Conventions/FavouriteExhibitorInCollegesListAndVerifyInFavoritesPage' .

2020-10-12 04:44:33 - [MESSAGE][INFO] - Video recording for test case 'Test Cases/Conventions/FavouriteExhibitorInCollegesListAndVerifyInFavoritesPage' .
[[ATTACHMENT|E:\CopyOfVisitDaysTests\Reports\20201012_041931\NACAC\20201012_041931/videos\test_15.mov]]]]></system-out>
         <system-err><![CDATA[2020-10-12 04:42:45 - [TEST_CASE][FAILED] - Test Cases/Conventions/FavouriteExhibitorInCollegesListAndVerifyInFavoritesPage: Test Cases/Conventions/FavouriteExhibitorInCollegesListAndVerifyInFavoritesPage FAILED.
Reason:
com.kms.katalon.core.exception.StepFailedException: favorited college is not shown in the favorites page
	at com.kms.katalon.core.util.KeywordUtil.markFailed(KeywordUtil.java:19)
	at com.kms.katalon.core.util.KeywordUtil$markFailed.call(Unknown Source)
	at FavouriteExhibitorInCollegesListAndVerifyInFavoritesPage.run(FavouriteExhibitorInCollegesListAndVerifyInFavoritesPage:54)
	at com.kms.katalon.core.main.ScriptEngine.run(ScriptEngine.java:194)
	at com.kms.katalon.core.main.ScriptEngine.runScriptAsRawText(ScriptEngine.java:119)
	at com.kms.katalon.core.main.TestCaseExecutor.runScript(TestCaseExecutor.java:339)
	at com.kms.katalon.core.main.TestCaseExecutor.doExecute(TestCaseExecutor.java:330)
	at com.kms.katalon.core.main.TestCaseExecutor.processExecutionPhase(TestCaseExecutor.java:309)
	at com.kms.katalon.core.main.TestCaseExecutor.accessMainPhase(TestCaseExecutor.java:301)
	at com.kms.katalon.core.main.TestCaseExecutor.execute(TestCaseExecutor.java:235)
	at com.kms.katalon.core.main.TestSuiteExecutor.accessTestCaseMainPhase(TestSuiteExecutor.java:191)
	at com.kms.katalon.core.main.TestSuiteExecutor.accessTestSuiteMainPhase(TestSuiteExecutor.java:141)
	at com.kms.katalon.core.main.TestSuiteExecutor.execute(TestSuiteExecutor.java:90)
	at com.kms.katalon.core.main.TestCaseMain.startTestSuite(TestCaseMain.java:157)
	at com.kms.katalon.core.main.TestCaseMain$startTestSuite$0.call(Unknown Source)
	at TempTestSuite1602490771550.run(TempTestSuite1602490771550.groovy:39)]]></system-err>
      </testcase>
      <testcase name="Test Cases/Conventions/VerifySearchCollegeIsShowingResults" time="45.483" classname="Test Cases/Conventions/VerifySearchCollegeIsShowingResults" status="PASSED">
         <system-out><![CDATA[2020-10-12 04:44:33 - [TEST_CASE][PASSED] - Test Cases/Conventions/VerifySearchCollegeIsShowingResults: Test Cases/Conventions/VerifySearchCollegeIsShowingResults

2020-10-12 04:44:33 - [TEST_STEP][PASSED] - com.CommonUtilities.LoginAsDifferentUserPermissions.NavigateToHomePage(): com.CommonUtilities.LoginAsDifferentUserPermissions.NavigateToHomePage is PASSED

2020-10-12 04:44:35 - [MESSAGE][PASSED] - Navigate to 'https://charizard-admin.visitdays.com/' successfully

2020-10-12 04:44:35 - [MESSAGE][WARNING] - Timeout '0' is invalid. Using default page load timeout: '30'

2020-10-12 04:44:41 - [MESSAGE][PASSED] - Object 'Object Repository/HomePageElements/ProfileAvatar' is present

2020-10-12 04:44:41 - [MESSAGE][WARNING] - Timeout '0' is invalid. Using default page load timeout: '30'

2020-10-12 04:44:42 - [MESSAGE][PASSED] - Object 'Object Repository/HomePageElements/SchoolProdoutNav' is present

2020-10-12 04:44:42 - [MESSAGE][PASSED] - Object: 'Object Repository/HomePageElements/SchoolProdoutNav' is clicked on

2020-10-12 04:44:42 - [MESSAGE][PASSED] - com.CommonUtilities.LoginAsDifferentUserPermissions.NavigateToHomePage is PASSED

2020-10-12 04:44:42 - [TEST_STEP][PASSED] - conventionName = com.CommonUtilities.CreateMeeting.getConvention(): com.CommonUtilities.CreateMeeting.getConvention is PASSED

2020-10-12 04:44:44 - [MESSAGE][PASSED] - Object: 'Object Repository/HomePageElements/PersonIcon' is clicked on

2020-10-12 04:44:44 - [MESSAGE][PASSED] - Object: 'Object Repository/HomePageElements/NacacConventionslink' is clicked on

2020-10-12 04:44:52 - [MESSAGE][PASSED] - Object: 'Object Repository/ConventionsPageAdmin/Conventionsleftnav' is clicked on

2020-10-12 04:44:52 - [MESSAGE][PASSED] - Object: 'Object Repository/ConventionsPageAdmin/LiveSessionleftNavInSubMenu' is clicked on

2020-10-12 04:44:53 - [MESSAGE][PASSED] - Object: 'Object Repository/ConventionsPageAdmin/CreateButtonInLiveSessions' is clicked on

2020-10-12 04:44:53 - [MESSAGE][PASSED] - Wait for page load successfully

2020-10-12 04:44:55 - [MESSAGE][PASSED] - Text of object 'Object Repository/ConventionsPageAdmin/getNameOfFirstConvention' is: 'June In Progress Demo'

2020-10-12 04:44:55 - [MESSAGE][PASSED] - com.CommonUtilities.CreateMeeting.getConvention is PASSED

2020-10-12 04:44:55 - [TEST_STEP][PASSED] - institutionName = com.CommonUtilities.VideoLibrary.getInstitutionName(): com.CommonUtilities.VideoLibrary.getInstitutionName is PASSED

2020-10-12 04:44:56 - [MESSAGE][PASSED] - Text of object 'Object Repository/ConventionsPageAdmin/SelectInstitutionName' is: 'BB Testing
swap_horiz'

2020-10-12 04:44:56 - [MESSAGE][PASSED] - com.CommonUtilities.VideoLibrary.getInstitutionName is PASSED

2020-10-12 04:44:56 - [TEST_STEP][PASSED] - com.CommonUtilities.LoginAsDifferentUserPermissions.NavigateToNacacHomePage(): com.CommonUtilities.LoginAsDifferentUserPermissions.NavigateToNacacHomePage is PASSED

2020-10-12 04:45:00 - [MESSAGE][PASSED] - Navigate to 'https://nacac-charizard.visitdays.vercel.app/events' successfully

2020-10-12 04:45:00 - [MESSAGE][WARNING] - Timeout '0' is invalid. Using default page load timeout: '30'

2020-10-12 04:45:01 - [MESSAGE][PASSED] - Object 'Object Repository/NacacStudentApp/HomePageElements/UpcomingOptionInHomePage' is present

2020-10-12 04:45:01 - [MESSAGE][PASSED] - com.CommonUtilities.LoginAsDifferentUserPermissions.NavigateToNacacHomePage is PASSED

2020-10-12 04:45:01 - [TEST_STEP][PASSED] - click(findTestObject("NacacStudentApp/HomePageElements/SelectConventionInHomePage", ["Name":conventionName])): Object: 'Object Repository/NacacStudentApp/HomePageElements/SelectConventionInHomePage' is clicked on

2020-10-12 04:45:01 - [MESSAGE][PASSED] - Object: 'Object Repository/NacacStudentApp/HomePageElements/SelectConventionInHomePage' is clicked on

2020-10-12 04:45:01 - [TEST_STEP][PASSED] - delay(5): Delayed 5 second(s)

2020-10-12 04:45:06 - [MESSAGE][PASSED] - Delayed 5 second(s)

2020-10-12 04:45:06 - [TEST_STEP][PASSED] - element = findWebElement(findTestObject("NacacStudentApp/HomePageElements/CollegesTabInExhibitorsPage"), 0): Timeout '0' is invalid. Using default page load timeout: '30'

2020-10-12 04:45:06 - [MESSAGE][WARNING] - Timeout '0' is invalid. Using default page load timeout: '30'

2020-10-12 04:45:07 - [TEST_STEP][PASSED] - executeJavaScript("arguments[0].click()", Arrays.asList(element)): Execute JavaScript 'arguments[0].click()' successfully

2020-10-12 04:45:07 - [MESSAGE][PASSED] - Execute JavaScript 'arguments[0].click()' successfully

2020-10-12 04:45:07 - [TEST_STEP][PASSED] - delay(4): Delayed 4 second(s)

2020-10-12 04:45:11 - [MESSAGE][PASSED] - Delayed 4 second(s)

2020-10-12 04:45:11 - [TEST_STEP][PASSED] - sendKeys(findTestObject("Object Repository/NacacStudentApp/HomePageElements/SearchByCollege"), institutionName): Keys 'BB Testing' sent to object: 'Object Repository/NacacStudentApp/HomePageElements/SearchByCollege'

2020-10-12 04:45:12 - [MESSAGE][PASSED] - Keys 'BB Testing' sent to object: 'Object Repository/NacacStudentApp/HomePageElements/SearchByCollege'

2020-10-12 04:45:12 - [TEST_STEP][PASSED] - delay(4): Delayed 4 second(s)

2020-10-12 04:45:16 - [MESSAGE][PASSED] - Delayed 4 second(s)

2020-10-12 04:45:16 - [TEST_STEP][PASSED] - if (!(verifyElementPresent(findTestObject("NacacStudentApp/HomePageElements/CollegeName", ["Exhibitor":institutionName]), 0, OPTIONAL))): Object 'Object Repository/NacacStudentApp/HomePageElements/CollegeName' is present

2020-10-12 04:45:16 - [MESSAGE][WARNING] - Timeout '0' is invalid. Using default page load timeout: '30'

2020-10-12 04:45:17 - [MESSAGE][PASSED] - Object 'Object Repository/NacacStudentApp/HomePageElements/CollegeName' is present]]></system-out>
         <system-err><![CDATA[]]></system-err>
      </testcase>
      <system-out><![CDATA[2020-10-12 04:19:35 - [TEST_SUITE][FAILED] - NACAC: Test Cases/Conventions/AddVideoInAdminAndVerifyInStudentApp FAILED.
Reason:
com.kms.katalon.core.exception.StepFailedException: Unable to scroll to object 'Object Repository/NacacStudentApp/HomePageElements/VideosInExhibitorspage'
	at com.kms.katalon.core.webui.keyword.internal.WebUIKeywordMain.stepFailed(WebUIKeywordMain.groovy:64)
	at com.kms.katalon.core.webui.keyword.internal.WebUIKeywordMain.runKeyword(WebUIKeywordMain.groovy:26)
	at com.kms.katalon.core.webui.keyword.builtin.ScrollToElementKeyword.scrollToElement(ScrollToElementKeyword.groovy:88)
	at com.kms.katalon.core.webui.keyword.builtin.ScrollToElementKeyword.execute(ScrollToElementKeyword.groovy:68)
	at com.kms.katalon.core.keyword.internal.KeywordExecutor.executeKeywordForPlatform(KeywordExecutor.groovy:73)
	at com.kms.katalon.core.webui.keyword.WebUiBuiltInKeywords.scrollToElement(WebUiBuiltInKeywords.groovy:3432)
	at com.kms.katalon.core.webui.keyword.WebUiBuiltInKeywords$scrollToElement$12.call(Unknown Source)
	at AddVideoInAdminAndVerifyInStudentApp.run(AddVideoInAdminAndVerifyInStudentApp:52)
	at com.kms.katalon.core.main.ScriptEngine.run(ScriptEngine.java:194)
	at com.kms.katalon.core.main.ScriptEngine.runScriptAsRawText(ScriptEngine.java:119)
	at com.kms.katalon.core.main.TestCaseExecutor.runScript(TestCaseExecutor.java:339)
	at com.kms.katalon.core.main.TestCaseExecutor.doExecute(TestCaseExecutor.java:330)
	at com.kms.katalon.core.main.TestCaseExecutor.processExecutionPhase(TestCaseExecutor.java:309)
	at com.kms.katalon.core.main.TestCaseExecutor.accessMainPhase(TestCaseExecutor.java:301)
	at com.kms.katalon.core.main.TestCaseExecutor.execute(TestCaseExecutor.java:235)
	at com.kms.katalon.core.main.TestSuiteExecutor.accessTestCaseMainPhase(TestSuiteExecutor.java:191)
	at com.kms.katalon.core.main.TestSuiteExecutor.accessTestSuiteMainPhase(TestSuiteExecutor.java:141)
	at com.kms.katalon.core.main.TestSuiteExecutor.execute(TestSuiteExecutor.java:90)
	at com.kms.katalon.core.main.TestCaseMain.startTestSuite(TestCaseMain.java:157)
	at com.kms.katalon.core.main.TestCaseMain$startTestSuite$0.call(Unknown Source)
	at TempTestSuite1602490771550.run(TempTestSuite1602490771550.groovy:39)
Caused by: com.kms.katalon.core.webui.exception.WebElementNotFoundException: Web element with id: 'Object Repository/NacacStudentApp/HomePageElements/VideosInExhibitorspage' located by '//div[text()="video401"]' not found
	at com.kms.katalon.core.webui.common.WebUiCommonHelper.findWebElement(WebUiCommonHelper.java:1368)
	at com.kms.katalon.core.webui.keyword.internal.WebUIAbstractKeyword.findWebElement(WebUIAbstractKeyword.groovy:27)
	at com.kms.katalon.core.webui.keyword.internal.WebUIAbstractKeyword.findWebElement(WebUIAbstractKeyword.groovy:26)
	at com.kms.katalon.core.webui.keyword.builtin.ScrollToElementKeyword$_scrollToElement_closure1.doCall(ScrollToElementKeyword.groovy:79)
	at com.kms.katalon.core.webui.keyword.builtin.ScrollToElementKeyword$_scrollToElement_closure1.call(ScrollToElementKeyword.groovy)
	at com.kms.katalon.core.webui.keyword.internal.WebUIKeywordMain.runKeyword(WebUIKeywordMain.groovy:20)
	... 19 more]]></system-out>
      <system-err><![CDATA[2020-10-12 04:19:35 - [TEST_SUITE][FAILED] - NACAC: Test Cases/Conventions/AddVideoInAdminAndVerifyInStudentApp FAILED.
Reason:
com.kms.katalon.core.exception.StepFailedException: Unable to scroll to object 'Object Repository/NacacStudentApp/HomePageElements/VideosInExhibitorspage'
	at com.kms.katalon.core.webui.keyword.internal.WebUIKeywordMain.stepFailed(WebUIKeywordMain.groovy:64)
	at com.kms.katalon.core.webui.keyword.internal.WebUIKeywordMain.runKeyword(WebUIKeywordMain.groovy:26)
	at com.kms.katalon.core.webui.keyword.builtin.ScrollToElementKeyword.scrollToElement(ScrollToElementKeyword.groovy:88)
	at com.kms.katalon.core.webui.keyword.builtin.ScrollToElementKeyword.execute(ScrollToElementKeyword.groovy:68)
	at com.kms.katalon.core.keyword.internal.KeywordExecutor.executeKeywordForPlatform(KeywordExecutor.groovy:73)
	at com.kms.katalon.core.webui.keyword.WebUiBuiltInKeywords.scrollToElement(WebUiBuiltInKeywords.groovy:3432)
	at com.kms.katalon.core.webui.keyword.WebUiBuiltInKeywords$scrollToElement$12.call(Unknown Source)
	at AddVideoInAdminAndVerifyInStudentApp.run(AddVideoInAdminAndVerifyInStudentApp:52)
	at com.kms.katalon.core.main.ScriptEngine.run(ScriptEngine.java:194)
	at com.kms.katalon.core.main.ScriptEngine.runScriptAsRawText(ScriptEngine.java:119)
	at com.kms.katalon.core.main.TestCaseExecutor.runScript(TestCaseExecutor.java:339)
	at com.kms.katalon.core.main.TestCaseExecutor.doExecute(TestCaseExecutor.java:330)
	at com.kms.katalon.core.main.TestCaseExecutor.processExecutionPhase(TestCaseExecutor.java:309)
	at com.kms.katalon.core.main.TestCaseExecutor.accessMainPhase(TestCaseExecutor.java:301)
	at com.kms.katalon.core.main.TestCaseExecutor.execute(TestCaseExecutor.java:235)
	at com.kms.katalon.core.main.TestSuiteExecutor.accessTestCaseMainPhase(TestSuiteExecutor.java:191)
	at com.kms.katalon.core.main.TestSuiteExecutor.accessTestSuiteMainPhase(TestSuiteExecutor.java:141)
	at com.kms.katalon.core.main.TestSuiteExecutor.execute(TestSuiteExecutor.java:90)
	at com.kms.katalon.core.main.TestCaseMain.startTestSuite(TestCaseMain.java:157)
	at com.kms.katalon.core.main.TestCaseMain$startTestSuite$0.call(Unknown Source)
	at TempTestSuite1602490771550.run(TempTestSuite1602490771550.groovy:39)
Caused by: com.kms.katalon.core.webui.exception.WebElementNotFoundException: Web element with id: 'Object Repository/NacacStudentApp/HomePageElements/VideosInExhibitorspage' located by '//div[text()="video401"]' not found
	at com.kms.katalon.core.webui.common.WebUiCommonHelper.findWebElement(WebUiCommonHelper.java:1368)
	at com.kms.katalon.core.webui.keyword.internal.WebUIAbstractKeyword.findWebElement(WebUIAbstractKeyword.groovy:27)
	at com.kms.katalon.core.webui.keyword.internal.WebUIAbstractKeyword.findWebElement(WebUIAbstractKeyword.groovy:26)
	at com.kms.katalon.core.webui.keyword.builtin.ScrollToElementKeyword$_scrollToElement_closure1.doCall(ScrollToElementKeyword.groovy:79)
	at com.kms.katalon.core.webui.keyword.builtin.ScrollToElementKeyword$_scrollToElement_closure1.call(ScrollToElementKeyword.groovy)
	at com.kms.katalon.core.webui.keyword.internal.WebUIKeywordMain.runKeyword(WebUIKeywordMain.groovy:20)
	... 19 more]]></system-err>
   </testsuite>
</testsuites>
